time_s	time_us	ax	ay	az	gx	gy	gz	mx	my	mz	pressure	temp	runtime_average_ms	
1429805943	447035	-1	19	-2158	-17	-33	-85	212	437	400	1012.7	30.8	0	
1429805943	547008	3	31	-2173	-27	-29	-75	211	437	401	1012.69	30.8	0	
1429805943	647011	3	14	-2176	-27	-32	-84	208	437	401	1012.66	30.81	0	
1429805943	747025	7	30	-2165	-31	-29	-68	207	437	400	1012.66	30.81	0	
1429805943	847031	7	31	-2170	-30	-32	-73	206	439	401	1012.7	30.82	0	
1429805943	947006	8	7	-2164	-28	-29	-69	204	437	401	1012.69	30.82	0	
1429805944	47028	0	14	-2175	-32	-27	-76	202	437	401	1012.74	30.82	0	
1429805944	146996	12	16	-2165	-43	-27	-72	201	439	402	1012.74	30.82	0	
1429805944	247010	10	24	-2163	-35	-23	-73	199	438	401	1012.76	30.83	0	
1429805944	346984	-3	20	-2154	-33	-30	-75	199	439	403	1012.67	30.82	0	
1429805944	447002	-1	24	-2165	-29	-32	-72	197	438	402	1012.7	30.83	3.46029	
1429805944	547092	11	15	-2160	-33	-29	-76	195	438	403	1012.66	30.82	3.46029	
1429805944	647041	8	19	-2167	-32	-38	-82	193	438	402	1012.65	30.82	3.46029	
1429805944	746992	-2	27	-2166	-33	-37	-69	192	439	402	1012.69	30.82	3.46029	
1429805944	847008	6	24	-2153	-23	-37	-69	191	438	403	1012.69	30.81	3.46029	
1429805944	946984	-6	17	-2167	-16	-37	-77	191	438	401	1012.68	30.82	3.46029	
1429805945	46998	15	21	-2159	-17	-41	-72	189	439	404	1012.7	30.83	3.46029	
1429805945	146963	10	29	-2178	-15	-39	-72	187	440	403	1012.66	30.82	3.46029	
1429805945	246992	4	18	-2173	-24	-33	-72	186	441	401	1012.64	30.83	3.46029	
1429805945	347004	15	31	-2172	-10	-35	-72	184	443	402	1012.62	30.82	3.46029	
1429805945	447016	4	26	-2164	-7	-41	-65	184	443	404	1012.84	30.83	3.4797	
1429805945	547052	-3	19	-2161	-10	-34	-69	184	442	401	1012.72	30.82	3.4797	
1429805945	646989	9	25	-2160	-7	-32	-76	182	443	402	1012.67	30.83	3.4797	
1429805945	746948	10	10	-2160	-25	-34	-80	180	444	403	1012.65	30.83	3.4797	
1429805945	846976	-4	13	-2166	-24	-38	-79	179	443	401	1012.69	30.82	3.4797	
1429805945	946956	3	10	-2158	-28	-32	-85	177	446	403	1012.75	30.82	3.4797	
1429805946	46952	0	25	-2173	-19	-21	-67	175	445	402	1012.73	30.83	3.4797	
1429805946	146959	-3	33	-2172	-19	-28	-67	175	445	401	1012.7	30.83	3.4797	
1429805946	246985	14	21	-2165	-33	-32	-78	173	445	402	1012.73	30.83	3.4797	
1429805946	346943	-9	8	-2158	-32	-30	-75	170	446	401	1012.68	30.82	3.4797	
1429805946	446974	10	22	-2153	-31	-35	-74	170	445	402	1012.76	30.83	3.45199	
1429805946	546959	6	20	-2181	-31	-27	-72	169	446	403	1012.73	30.83	3.45199	
1429805946	646978	4	27	-2175	-30	-33	-83	167	444	402	1012.67	30.83	3.45199	
1429805946	746995	3	2	-2170	-32	-31	-71	166	446	402	1012.68	30.83	3.45199	
1429805946	846974	12	5	-2151	-33	-31	-68	164	444	404	1012.62	30.83	3.45199	
1429805946	947113	11	20	-2171	-30	-32	-65	162	445	403	1012.7	30.83	3.45199	
1429805947	46970	3	14	-2168	-27	-38	-84	161	444	402	1012.71	30.83	3.45199	
1429805947	146977	19	17	-2164	-22	-36	-76	159	445	404	1012.75	30.84	3.45199	
1429805947	246988	11	30	-2169	-27	-34	-75	157	446	405	1012.65	30.83	3.45199	
1429805947	347025	13	26	-2191	-24	-32	-85	157	445	405	1012.67	30.83	3.45199	
1429805947	447020	5	19	-2163	-22	-33	-73	158	446	404	1012.72	30.82	3.55014	
1429805947	547051	1	29	-2174	-21	-39	-80	155	445	403	1012.72	30.84	3.55014	
1429805947	647060	22	19	-2163	-10	-35	-79	154	444	403	1012.65	30.83	3.55014	
1429805947	746989	2	31	-2173	-7	-35	-76	152	447	403	1012.71	30.83	3.55014	
1429805947	847004	20	21	-2181	-13	-33	-78	150	447	404	1012.7	30.83	3.55014	
1429805947	947004	3	17	-2164	-17	-32	-79	149	448	404	1012.71	30.83	3.55014	
1429805948	47020	11	34	-2150	-15	-33	-80	148	448	403	1012.74	30.83	3.55014	
1429805948	147021	18	20	-2170	-15	-32	-67	146	448	405	1012.69	30.84	3.55014	
1429805948	247028	-4	18	-2170	-17	-35	-73	145	449	403	1012.65	30.83	3.55014	
1429805948	346986	12	22	-2169	-19	-34	-76	143	449	404	1012.71	30.83	3.55014	
1429805948	447033	-7	15	-2153	-24	-34	-71	143	450	405	1012.65	30.83	3.47879	
1429805948	547014	0	14	-2165	-28	-32	-69	142	449	403	1012.66	30.84	3.47879	
1429805948	647012	-5	30	-2153	-27	-38	-70	138	449	403	1012.68	30.83	3.47879	
1429805948	747027	12	29	-2181	-25	-41	-73	138	447	405	1012.64	30.83	3.47879	
1429805948	847046	3	31	-2163	-31	-33	-71	138	447	404	1012.7	30.83	3.47879	
1429805948	947047	9	18	-2167	-30	-37	-63	137	448	403	1012.73	30.83	3.47879	
1429805949	47029	8	15	-2182	-33	-38	-72	133	449	404	1012.72	30.84	3.47879	
1429805949	147002	-3	24	-2171	-40	-34	-70	132	449	405	1012.64	30.83	3.47879	
1429805949	247011	15	21	-2149	-32	-36	-68	132	446	405	1012.64	30.84	3.47879	
1429805949	347025	-1	25	-2158	-26	-34	-73	130	446	406	1012.7	30.84	3.47879	
1429805949	447049	14	31	-2169	-29	-32	-74	129	448	404	1012.64	30.83	3.46853	
1429805949	547082	11	32	-2157	-28	-26	-68	126	447	404	1012.72	30.84	3.46853	
1429805949	647099	5	22	-2179	-26	-37	-78	126	447	406	1012.68	30.83	3.46853	
1429805949	747015	17	20	-2154	-22	-33	-69	124	448	405	1012.67	30.84	3.46853	
1429805949	847187	-1	28	-2160	-24	-33	-74	124	447	406	1012.65	30.83	3.46853	
1429805949	946999	17	22	-2175	-13	-32	-77	121	447	406	1012.71	30.85	3.46853	
1429805950	46997	11	18	-2171	-10	-29	-82	120	448	406	1012.67	30.84	3.46853	
1429805950	147022	4	23	-2160	-16	-30	-71	119	447	404	1012.67	30.84	3.46853	
1429805950	246986	8	17	-2180	-11	-38	-71	117	447	407	1012.58	30.85	3.46853	
1429805950	346987	6	31	-2170	-12	-29	-73	115	448	406	1012.68	30.85	3.46853	
1429805950	446998	2	15	-2174	-12	-35	-61	115	448	405	1012.72	30.85	3.48301	
1429805950	547019	6	23	-2161	-10	-29	-74	114	448	404	1012.61	30.85	3.48301	
1429805950	647013	6	25	-2179	-20	-39	-70	112	449	405	1012.65	30.85	3.48301	
1429805950	746983	-8	41	-2175	-26	-33	-81	107	448	404	1012.66	30.85	3.48301	
1429805950	846979	9	24	-2168	-24	-47	-62	110	449	405	1012.62	30.85	3.48301	
1429805950	946975	7	18	-2171	-29	-35	-60	108	449	405	1012.72	30.85	3.48301	
1429805951	46968	6	26	-2170	-26	-39	-65	108	449	404	1012.7	30.85	3.48301	
1429805951	146979	6	22	-2171	-30	-36	-72	106	449	407	1012.77	30.85	3.48301	
1429805951	247026	11	2	-2181	-39	-38	-69	103	448	406	1012.64	30.85	3.48301	
1429805951	346946	6	22	-2161	-38	-35	-69	103	449	405	1012.73	30.85	3.48301	
1429805951	446975	4	19	-2153	-32	-31	-71	101	446	406	1012.75	30.85	3.45967	
1429805951	546948	6	34	-2163	-30	-32	-73	100	448	406	1012.74	30.86	3.45967	
1429805951	646990	15	22	-2166	-26	-28	-68	99	445	406	1012.6	30.85	3.45967	
1429805951	746989	7	16	-2166	-32	-32	-81	97	446	408	1012.71	30.86	3.45967	
1429805951	847005	-2	16	-2161	-33	-35	-65	98	445	408	1012.73	30.85	3.45967	
1429805951	947136	2	24	-2176	-33	-25	-63	96	444	406	1012.68	30.86	3.45967	
1429805952	46968	8	13	-2186	-27	-24	-63	92	445	408	1012.7	30.85	3.45967	
1429805952	146971	8	31	-2160	-19	-28	-77	92	444	407	1012.64	30.85	3.45967	
1429805952	246987	9	12	-2174	-22	-30	-83	90	444	408	1012.73	30.85	3.45967	
1429805952	347003	-6	24	-2172	-22	-35	-101	90	443	407	1012.56	30.85	3.45967	
1429805952	447015	-4	25	-2161	-23	-43	-103	87	445	408	1012.71	30.86	3.47728	
1429805952	547024	7	37	-2162	-19	-34	-117	86	444	405	1012.71	30.86	3.47728	
1429805952	647036	14	15	-2174	-16	-39	-128	84	443	409	1012.65	30.86	3.47728	
1429805952	747014	24	7	-2152	-10	-37	-142	81	444	414	1012.73	30.85	3.47728	
1429805952	847052	6	33	-2163	-15	-39	-153	78	444	405	1012.74	30.86	3.47728	
1429805952	947006	6	12	-2166	-26	-40	-159	77	441	408	1012.75	30.85	3.47728	
1429805953	47020	-1	23	-2175	-23	-37	-168	74	443	409	1012.7	30.85	3.47728	
1429805953	147037	7	27	-2175	-21	-37	-178	71	443	406	1012.74	30.86	3.47728	
1429805953	247023	16	27	-2166	-22	-37	-191	70	437	408	1012.69	30.86	3.47728	
1429805953	347023	21	15	-2170	-25	-33	-188	68	442	408	1012.72	30.86	3.47728	
1429805953	447022	-8	8	-2167	-26	-38	-199	63	441	407	1012.67	30.85	3.45515	
1429805953	547015	12	20	-2173	-23	-36	-205	59	438	410	1012.69	30.86	3.45515	
1429805953	647029	18	16	-2168	-25	-29	-203	57	440	410	1012.65	30.86	3.45515	
1429805953	747041	11	25	-2173	-27	-35	-208	53	438	409	1012.7	30.87	3.45515	
1429805953	847151	11	16	-2168	-21	-25	-206	50	438	408	1012.7	30.87	3.45515	
1429805953	947067	5	13	-2171	-33	-43	-206	49	438	409	1012.66	30.85	3.45515	
1429805954	47111	15	31	-2176	-37	-31	-205	45	434	407	1012.67	30.87	3.45515	
1429805954	147104	3	17	-2159	-32	-32	-209	40	436	409	1012.76	30.87	3.45515	
1429805954	247007	6	20	-2164	-27	-31	-210	38	431	409	1012.67	30.87	3.45515	
1429805954	347044	-6	23	-2163	-22	-28	-206	33	434	408	1012.7	30.87	3.45515	
1429805954	447045	10	24	-2175	-26	-34	-201	31	430	409	1012.76	30.87	3.4522	
1429805954	547064	2	17	-2189	-33	-33	-208	29	429	411	1012.67	30.87	3.4522	
1429805954	647090	15	23	-2169	-29	-34	-213	24	429	410	1012.61	30.87	3.4522	
1429805954	747052	-2	23	-2170	-26	-36	-210	21	426	410	1012.65	30.87	3.4522	
1429805954	847010	13	14	-2154	-12	-39	-207	19	426	412	1012.71	30.87	3.4522	
1429805954	947000	4	21	-2159	-13	-36	-204	17	424	409	1012.67	30.87	3.4522	
1429805955	46998	3	14	-2157	-27	-39	-203	13	423	410	1012.61	30.87	3.4522	
1429805955	146964	1	13	-2170	-23	-33	-204	10	423	412	1012.75	30.88	3.4522	
1429805955	247032	-2	20	-2163	-21	-33	-198	9	420	410	1012.59	30.88	3.4522	
1429805955	346979	-7	31	-2174	-19	-30	-203	2	419	410	1012.69	30.88	3.4522	
1429805955	447047	-2	26	-2171	-24	-34	-212	1	418	411	1012.66	30.88	3.46051	
1429805955	547105	1	17	-2176	-19	-28	-199	-2	417	409	1012.72	30.88	3.46051	
1429805955	647002	2	16	-2179	-26	-33	-215	-3	415	411	1012.62	30.88	3.46051	
1429805955	746950	3	17	-2157	-30	-38	-202	-8	414	412	1012.68	30.87	3.46051	
1429805955	846973	11	32	-2178	-29	-33	-197	-11	412	411	1012.66	30.88	3.46051	
1429805955	946960	1	26	-2149	-20	-31	-206	-13	411	411	1012.65	30.87	3.46051	
1429805956	46972	-2	18	-2176	-26	-29	-200	-16	408	412	1012.73	30.88	3.46051	
1429805956	146996	-3	20	-2175	-24	-33	-202	-18	407	412	1012.6	30.88	3.46051	
1429805956	247001	13	25	-2169	-33	-33	-204	-21	405	412	1012.63	30.88	3.46051	
1429805956	347021	14	18	-2162	-32	-39	-201	-24	403	412	1012.77	30.88	3.46051	
1429805956	446962	9	20	-2162	-33	-39	-212	-25	402	412	1012.74	30.88	3.46841	
1429805956	546952	5	8	-2167	-27	-35	-194	-28	399	410	1012.68	30.87	3.46841	
1429805956	646977	-4	33	-2169	-26	-35	-202	-31	398	412	1012.77	30.88	3.46841	
1429805956	746967	16	10	-2177	-28	-29	-204	-35	395	413	1012.77	30.88	3.46841	
1429805956	846976	7	21	-2164	-29	-35	-200	-38	393	412	1012.75	30.89	3.46841	
1429805956	947149	7	18	-2157	-24	-40	-201	-38	390	413	1012.67	30.88	3.46841	
1429805957	46958	14	27	-2180	-16	-35	-206	-41	390	413	1012.69	30.89	3.46841	
1429805957	146979	16	10	-2168	-18	-34	-205	-43	389	411	1012.73	30.88	3.46841	
1429805957	246986	17	24	-2170	-25	-34	-192	-46	384	414	1012.69	30.89	3.46841	
1429805957	346993	3	17	-2162	-29	-30	-198	-51	383	413	1012.71	30.9	3.46841	
1429805957	447011	9	31	-2169	-22	-34	-203	-52	381	413	1012.71	30.88	3.44057	
1429805957	547025	-1	25	-2154	-20	-35	-202	-55	380	414	1012.72	30.9	3.44057	
1429805957	647011	26	25	-2168	-17	-36	-199	-56	380	414	1012.66	30.89	3.44057	
1429805957	747007	-4	8	-2165	-23	-28	-201	-58	376	412	1012.69	30.89	3.44057	
1429805957	847024	13	21	-2175	-22	-34	-198	-61	374	413	1012.67	30.89	3.44057	
1429805957	947002	11	17	-2175	-23	-32	-201	-62	373	413	1012.68	30.88	3.44057	
1429805958	47027	-8	17	-2156	-22	-33	-206	-65	370	414	1012.74	30.9	3.44057	
1429805958	147041	2	16	-2170	-23	-28	-196	-67	366	414	1012.7	30.89	3.44057	
1429805958	247037	-2	26	-2173	-33	-32	-191	-71	363	412	1012.63	30.89	3.44057	
1429805958	347046	22	20	-2151	-23	-34	-190	-71	362	413	1012.7	30.89	3.44057	
1429805958	447028	6	15	-2170	-35	-38	-202	-75	360	413	1012.68	30.88	3.43113	
1429805958	546992	6	18	-2164	-31	-40	-197	-77	358	414	1012.73	30.89	3.43113	
1429805958	647005	-3	20	-2159	-33	-37	-204	-79	356	414	1012.68	30.9	3.43113	
1429805958	747021	10	25	-2165	-26	-36	-198	-80	353	414	1012.61	30.9	3.43113	
1429805958	847034	11	22	-2158	-32	-39	-207	-83	350	416	1012.65	30.9	3.43113	
1429805958	947007	5	22	-2174	-27	-39	-215	-85	345	413	1012.66	30.89	3.43113	
1429805959	47038	-6	17	-2146	-26	-42	-230	-86	344	414	1012.71	30.9	3.43113	
1429805959	146998	-4	25	-2172	-21	-33	-232	-90	341	414	1012.71	30.9	3.43113	
1429805959	247002	14	28	-2176	-18	-32	-233	-91	339	418	1012.74	30.9	3.43113	
1429805959	347019	-10	31	-2163	-23	-27	-222	-96	334	413	1012.55	30.9	3.43113	
1429805959	447038	3	23	-2161	-30	-34	-235	-95	333	416	1012.68	30.88	3.46883	
1429805959	547007	12	27	-2157	-32	-37	-226	-97	329	415	1012.72	30.89	3.46883	
1429805959	647031	3	19	-2170	-21	-34	-224	-100	327	416	1012.8	30.9	3.46883	
1429805959	747153	8	19	-2154	-17	-25	-224	-102	326	417	1012.61	30.9	3.46883	
1429805959	847008	6	23	-2165	-19	-30	-226	-104	322	414	1012.69	30.89	3.46883	
1429805959	946997	26	7	-2180	-29	-35	-241	-105	318	416	1012.62	30.89	3.46883	
1429805960	47012	-10	27	-2166	-26	-32	-224	-107	315	417	1012.71	30.88	3.46883	
1429805960	146957	-4	42	-2172	-27	-32	-226	-108	312	416	1012.66	30.89	3.46883	
1429805960	247023	1	30	-2169	-19	-26	-230	-112	309	416	1012.59	30.89	3.46883	
1429805960	346977	4	7	-2173	-17	-26	-235	-113	306	417	1012.67	30.89	3.46883	
1429805960	447025	6	16	-2164	-31	-30	-228	-115	305	415	1012.68	30.88	3.49869	
1429805960	547029	13	25	-2171	-26	-35	-235	-117	300	416	1012.64	30.9	3.49869	
1429805960	647039	6	33	-2183	-27	-40	-226	-118	297	417	1012.69	30.89	3.49869	
1429805960	746945	12	6	-2165	-25	-35	-231	-120	294	416	1012.63	30.89	3.49869	
1429805960	846961	30	31	-2169	-29	-37	-223	-121	290	416	1012.69	30.89	3.49869	
1429805960	946949	-8	25	-2169	-22	-40	-219	-123	287	417	1012.63	30.88	3.49869	
1429805961	46965	9	24	-2163	-31	-40	-220	-124	284	415	1012.64	30.88	3.49869	
1429805961	146956	3	12	-2171	-32	-53	-224	-124	280	415	1012.64	30.88	3.49869	
1429805961	246966	-1	19	-2154	-23	-40	-218	-125	277	418	1012.62	30.89	3.49869	
1429805961	346949	6	12	-2146	-22	-41	-222	-126	272	418	1012.76	30.89	3.49869	
1429805961	446958	3	11	-2158	-27	-40	-222	-126	271	417	1012.66	30.89	3.44268	
1429805961	546952	6	14	-2171	-30	-35	-225	-130	268	418	1012.66	30.88	3.44268	
1429805961	646963	16	23	-2171	-35	-36	-220	-127	265	415	1012.72	30.89	3.44268	
1429805961	746967	6	15	-2164	-30	-39	-214	-130	260	416	1012.62	30.89	3.44268	
1429805961	846971	10	24	-2177	-22	-33	-237	-132	258	419	1012.67	30.89	3.44268	
1429805961	947106	-10	19	-2169	-26	-29	-223	-135	253	415	1012.68	30.88	3.44268	
1429805962	46961	2	27	-2170	-28	-24	-220	-134	249	416	1012.69	30.89	3.44268	
1429805962	146973	0	13	-2157	-30	-27	-227	-135	247	418	1012.68	30.88	3.44268	
1429805962	246985	15	18	-2160	-33	-33	-222	-134	243	416	1012.58	30.88	3.44268	
1429805962	346989	8	23	-2160	-23	-26	-222	-136	240	417	1012.62	30.89	3.44268	
1429805962	447018	14	14	-2170	-21	-26	-214	-138	238	417	1012.71	30.88	3.48753	
1429805962	547047	-4	30	-2175	-24	-18	-221	-139	234	416	1012.71	30.87	3.48753	
1429805962	647034	13	16	-2188	-20	-31	-220	-139	230	416	1012.71	30.88	3.48753	
1429805962	746985	3	14	-2167	-28	-40	-216	-140	227	417	1012.6	30.88	3.48753	
1429805962	847023	15	25	-2173	-23	-36	-220	-143	224	417	1012.67	30.88	3.48753	
1429805962	946996	0	28	-2176	-21	-31	-215	-141	220	416	1012.69	30.88	3.48753	
1429805963	47018	-1	24	-2179	-23	-33	-221	-143	218	417	1012.74	30.88	3.48753	
1429805963	147018	10	18	-2158	-23	-37	-208	-143	214	417	1012.72	30.88	3.48753	
1429805963	247035	9	20	-2177	-31	-39	-214	-143	210	417	1012.62	30.88	3.48753	
1429805963	346978	13	12	-2185	-31	-42	-206	-142	208	417	1012.62	30.88	3.48753	
1429805963	447019	1	23	-2168	-20	-36	-214	-144	203	416	1012.71	30.87	3.46963	
1429805963	546992	13	26	-2178	-26	-38	-210	-143	201	416	1012.68	30.87	3.46963	
1429805963	647023	1	18	-2161	-22	-38	-216	-146	196	416	1012.63	30.87	3.46963	
1429805963	747043	4	22	-2177	-28	-40	-210	-144	195	419	1012.65	30.87	3.46963	
1429805963	847047	15	21	-2163	-31	-44	-209	-144	191	416	1012.7	30.87	3.46963	
1429805963	947074	7	28	-2178	-31	-46	-215	-142	189	418	1012.69	30.86	3.46963	
1429805964	47093	2	24	-2165	-29	-33	-209	-142	185	417	1012.7	30.85	3.46963	
1429805964	147004	13	28	-2162	-22	-39	-208	-143	181	415	1012.65	30.86	3.46963	
1429805964	247021	8	26	-2170	-29	-34	-212	-143	179	418	1012.55	30.86	3.46963	
1429805964	346999	1	28	-2171	-28	-34	-202	-143	174	418	1012.57	30.85	3.46963	
1429805964	447037	8	32	-2164	-32	-32	-201	-143	171	414	1012.71	30.85	3.44462	
1429805964	547011	14	10	-2151	-22	-28	-208	-144	169	417	1012.68	30.85	3.44462	
1429805964	647078	10	21	-2152	-24	-24	-201	-143	164	417	1012.68	30.85	3.44462	
1429805964	746997	9	32	-2169	-22	-28	-206	-143	162	415	1012.66	30.85	3.44462	
1429805964	847021	0	16	-2148	-16	-32	-213	-145	158	417	1012.66	30.85	3.44462	
1429805964	947021	3	16	-2166	-27	-37	-202	-144	155	416	1012.77	30.85	3.44462	
1429805965	47104	5	13	-2173	-19	-33	-212	-142	152	416	1012.65	30.83	3.44462	
1429805965	146959	17	15	-2158	-19	-25	-203	-144	150	417	1012.71	30.85	3.44462	
1429805965	247002	5	24	-2166	-23	-27	-195	-142	146	417	1012.67	30.84	3.44462	
1429805965	346983	7	32	-2181	-23	-33	-201	-143	142	416	1012.66	30.84	3.44462	
1429805965	446996	10	9	-2165	-23	-38	-202	-142	140	417	1012.66	30.84	3.49795	
1429805965	546997	10	27	-2153	-22	-44	-206	-140	137	417	1012.66	30.84	3.49795	
1429805965	647021	6	27	-2174	-24	-39	-200	-137	133	415	1012.57	30.84	3.49795	
1429805965	746949	4	21	-2167	-23	-33	-200	-137	130	417	1012.73	30.84	3.49795	
1429805965	846971	21	11	-2156	-30	-36	-193	-139	127	416	1012.74	30.83	3.49795	
1429805965	946955	8	24	-2149	-32	-44	-206	-137	125	416	1012.6	30.83	3.49795	
1429805966	46969	15	19	-2163	-32	-44	-205	-137	120	418	1012.6	30.83	3.49795	
1429805966	146964	7	2	-2160	-25	-40	-202	-136	116	417	1012.68	30.83	3.49795	
1429805966	246982	-4	11	-2173	-26	-37	-204	-134	114	415	1012.68	30.83	3.49795	
1429805966	346948	11	19	-2177	-23	-39	-190	-132	112	415	1012.59	30.82	3.49795	
1429805966	446963	-5	18	-2160	-33	-38	-194	-133	108	418	1012.66	30.82	3.48862	
1429805966	546957	16	24	-2187	-30	-42	-202	-131	106	416	1012.7	30.83	3.48862	
1429805966	646982	-6	34	-2172	-20	-41	-197	-130	103	415	1012.59	30.82	3.48862	
1429805966	746986	12	13	-2169	-24	-36	-205	-130	101	417	1012.72	30.82	3.48862	
1429805966	847014	2	22	-2168	-19	-26	-203	-129	97	415	1012.62	30.82	3.48862	
1429805966	947215	11	19	-2153	-24	-26	-193	-130	93	417	1012.69	30.82	3.48862	
1429805967	46990	8	13	-2157	-24	-33	-198	-126	90	416	1012.7	30.82	3.48862	
1429805967	146964	10	26	-2172	-15	-33	-194	-125	87	415	1012.72	30.82	3.48862	
1429805967	246980	3	22	-2161	-19	-30	-196	-125	84	415	1012.66	30.81	3.48862	
1429805967	346989	6	17	-2179	-24	-26	-197	-123	83	416	1012.61	30.82	3.48862	
1429805967	447013	15	17	-2177	-27	-30	-204	-120	79	415	1012.65	30.81	3.52345	
1429805967	547018	6	12	-2159	-24	-32	-200	-122	77	416	1012.7	30.82	3.52345	
1429805967	647014	2	30	-2184	-21	-31	-197	-122	74	416	1012.65	30.81	3.52345	
1429805967	746980	10	17	-2148	-17	-33	-195	-122	71	413	1012.68	30.81	3.52345	
1429805967	847032	17	25	-2173	-30	-27	-189	-118	68	416	1012.68	30.81	3.52345	
1429805967	946992	5	32	-2170	-28	-29	-197	-116	67	416	1012.69	30.81	3.52345	
1429805968	47003	9	8	-2156	-30	-32	-191	-115	63	414	1012.65	30.81	3.52345	
1429805968	147044	13	25	-2168	-29	-45	-190	-114	60	415	1012.69	30.81	3.52345	
1429805968	247058	-8	22	-2172	-24	-45	-195	-112	56	416	1012.62	30.81	3.52345	
1429805968	346997	11	27	-2173	-19	-34	-195	-110	54	414	1012.59	30.81	3.52345	
1429805968	447028	16	33	-2160	-23	-38	-190	-109	52	416	1012.68	30.81	3.49128	
1429805968	546995	5	18	-2161	-26	-34	-187	-109	49	415	1012.64	30.8	3.49128	
1429805968	647010	7	18	-2161	-26	-41	-186	-106	45	415	1012.73	30.8	3.49128	
1429805968	747019	5	20	-2155	-21	-44	-185	-102	43	416	1012.74	30.81	3.49128	
1429805968	847033	10	11	-2173	-22	-36	-183	-103	40	416	1012.64	30.8	3.49128	
1429805968	947030	18	20	-2176	-18	-34	-191	-99	40	414	1012.71	30.81	3.49128	
1429805969	47042	9	29	-2171	-21	-32	-186	-99	38	416	1012.61	30.8	3.49128	
1429805969	147038	-6	24	-2167	-28	-36	-188	-97	34	415	1012.64	30.8	3.49128	
1429805969	247045	19	17	-2160	-20	-36	-196	-96	32	416	1012.57	30.8	3.49128	
1429805969	347075	7	25	-2174	-20	-34	-193	-95	28	415	1012.77	30.8	3.49128	
1429805969	447112	14	23	-2165	-22	-30	-185	-91	26	416	1012.67	30.8	3.49009	
1429805969	547011	5	13	-2170	-33	-21	-193	-90	23	413	1012.68	30.79	3.49009	
1429805969	647059	-2	22	-2168	-30	-28	-191	-90	22	414	1012.7	30.8	3.49009	
1429805969	746992	13	28	-2170	-28	-29	-192	-88	20	415	1012.66	30.8	3.49009	
1429805969	847016	1	29	-2151	-28	-33	-185	-85	18	413	1012.56	30.8	3.49009	
1429805969	946998	9	23	-2169	-27	-30	-178	-83	16	415	1012.66	30.8	3.49009	
1429805970	47021	1	18	-2182	-29	-32	-183	-84	13	415	1012.69	30.8	3.49009	
1429805970	146989	8	9	-2184	-37	-27	-184	-81	10	411	1012.69	30.8	3.49009	
1429805970	247023	2	11	-2157	-31	-30	-182	-77	7	414	1012.66	30.8	3.49009	
1429805970	346981	10	35	-2154	-28	-37	-183	-76	5	413	1012.63	30.8	3.49009	
1429805970	447009	3	33	-2178	-25	-32	-184	-75	4	412	1012.65	30.79	3.50365	
1429805970	547006	-2	19	-2168	-18	-40	-191	-73	1	413	1012.64	30.8	3.50365	
1429805970	647024	10	33	-2169	-25	-33	-182	-72	-1	415	1012.72	30.8	3.50365	
1429805970	746955	0	12	-2159	-31	-34	-177	-66	-3	413	1012.68	30.79	3.50365	
1429805970	847014	9	14	-2190	-22	-43	-192	-66	-6	413	1012.53	30.8	3.50365	
1429805970	946994	-2	15	-2154	-15	-38	-179	-64	-5	413	1012.61	30.79	3.50365	
1429805971	46992	-5	12	-2156	-17	-41	-177	-61	-9	413	1012.61	30.79	3.50365	
1429805971	147003	-2	14	-2160	-23	-36	-187	-58	-12	414	1012.68	30.79	3.50365	
1429805971	246995	-2	23	-2166	-26	-37	-184	-55	-13	414	1012.65	30.79	3.50365	
1429805971	346994	3	25	-2172	-24	-36	-182	-55	-14	412	1012.63	30.8	3.50365	
1429805971	446999	18	25	-2155	-15	-35	-178	-53	-16	412	1012.69	30.8	3.46345	
1429805971	546961	0	26	-2187	-20	-36	-175	-52	-20	414	1012.69	30.8	3.46345	
1429805971	646967	8	15	-2175	-32	-33	-186	-48	-21	411	1012.66	30.8	3.46345	
1429805971	746972	8	25	-2160	-34	-28	-177	-46	-20	411	1012.76	30.8	3.46345	
1429805971	846971	0	13	-2169	-27	-26	-179	-46	-26	411	1012.79	30.8	3.46345	
1429805971	947169	0	26	-2155	-21	-25	-183	-43	-26	412	1012.7	30.8	3.46345	
1429805972	46989	-4	11	-2157	-24	-32	-190	-37	-27	413	1012.69	30.8	3.46345	
1429805972	146970	9	15	-2158	-31	-27	-165	-37	-29	412	1012.64	30.79	3.46345	
1429805972	247002	12	8	-2163	-36	-29	-184	-35	-30	411	1012.69	30.8	3.46345	
1429805972	347023	8	9	-2171	-36	-33	-173	-32	-33	411	1012.74	30.79	3.46345	
1429805972	447017	9	24	-2177	-30	-24	-175	-32	-34	412	1012.76	30.8	3.51074	
1429805972	547101	-8	16	-2153	-25	-37	-163	-27	-37	412	1012.71	30.79	3.51074	
1429805972	647032	15	20	-2178	-23	-36	-176	-26	-39	411	1012.76	30.8	3.51074	
1429805972	747014	-3	22	-2166	-21	-36	-177	-27	-40	413	1012.71	30.79	3.51074	
1429805972	847030	5	37	-2182	-31	-32	-176	-23	-42	410	1012.7	30.8	3.51074	
1429805972	946989	5	8	-2155	-22	-29	-178	-20	-43	409	1012.66	30.8	3.51074	
1429805973	47019	3	14	-2163	-19	-40	-175	-16	-44	412	1012.65	30.79	3.51074	
1429805973	147013	16	23	-2179	-19	-34	-179	-14	-47	411	1012.67	30.8	3.51074	
1429805973	247060	4	23	-2163	-22	-31	-185	-13	-46	411	1012.66	30.8	3.51074	
1429805973	347020	9	21	-2178	-24	-35	-167	-9	-49	412	1012.69	30.8	3.51074	
1429805973	447030	14	22	-2165	-18	-33	-179	-6	-50	410	1012.7	30.8	3.50805	
1429805973	547012	13	8	-2179	-19	-32	-176	-6	-51	411	1012.7	30.8	3.50805	
1429805973	647034	9	12	-2154	-15	-34	-176	-1	-53	411	1012.73	30.8	3.50805	
1429805973	747102	3	24	-2147	-19	-35	-179	2	-51	410	1012.67	30.8	3.50805	
1429805973	847138	11	21	-2164	-33	-34	-173	2	-55	410	1012.78	30.81	3.50805	
1429805973	947024	-3	16	-2157	-25	-30	-169	5	-56	412	1012.68	30.81	3.50805	
1429805974	47046	1	16	-2176	-32	-29	-180	8	-56	411	1012.66	30.8	3.50805	
1429805974	146988	8	26	-2167	-25	-35	-173	10	-58	407	1012.69	30.81	3.50805	
1429805974	247049	11	24	-2166	-28	-32	-162	14	-59	411	1012.54	30.8	3.50805	
1429805974	347012	0	34	-2154	-32	-35	-163	15	-61	410	1012.63	30.81	3.50805	
1429805974	447053	9	16	-2175	-29	-26	-170	18	-60	408	1012.68	30.81	3.51671	
1429805974	547035	-1	14	-2152	-36	-33	-171	21	-63	409	1012.67	30.8	3.51671	
1429805974	647100	2	26	-2163	-26	-34	-173	23	-65	409	1012.67	30.82	3.51671	
1429805974	746995	12	24	-2174	-25	-35	-159	27	-65	408	1012.67	30.8	3.51671	
1429805974	847018	11	25	-2164	-25	-33	-172	27	-66	409	1012.61	30.8	3.51671	
1429805974	946992	9	23	-2165	-31	-33	-170	31	-68	409	1012.71	30.81	3.51671	
1429805975	47029	-3	11	-2164	-28	-26	-168	32	-68	407	1012.62	30.81	3.51671	
1429805975	147012	6	18	-2162	-24	-32	-167	35	-72	410	1012.71	30.81	3.51671	
1429805975	247028	-6	28	-2166	-20	-32	-167	36	-70	408	1012.65	30.81	3.51671	
1429805975	347029	5	29	-2170	-18	-32	-156	40	-71	408	1012.64	30.8	3.51671	
1429805975	447090	-1	16	-2163	-22	-34	-155	42	-72	409	1012.65	30.81	3.51663	
1429805975	547003	10	21	-2166	-25	-30	-166	44	-73	407	1012.68	30.81	3.51663	
1429805975	647007	13	27	-2185	-24	-28	-162	48	-75	406	1012.66	30.81	3.51663	
1429805975	746951	3	16	-2147	-21	-35	-162	51	-74	408	1012.7	30.8	3.51663	
1429805975	846966	1	31	-2159	-15	-39	-156	52	-75	407	1012.66	30.81	3.51663	
1429805975	946960	-3	10	-2163	-24	-31	-169	55	-75	407	1012.65	30.81	3.51663	
1429805976	47010	15	29	-2173	-22	-42	-161	58	-76	409	1012.63	30.8	3.51663	
1429805976	146959	-3	26	-2158	-24	-37	-170	61	-76	407	1012.7	30.8	3.51663	
1429805976	246972	10	14	-2173	-19	-40	-161	62	-77	406	1012.58	30.81	3.51663	
1429805976	346965	-10	18	-2175	-18	-34	-163	67	-77	409	1012.62	30.81	3.51663	
1429805976	447004	15	19	-2172	-19	-30	-166	69	-77	406	1012.64	30.8	3.54045	
1429805976	546974	8	29	-2165	-29	-36	-175	70	-78	406	1012.68	30.78	3.54045	
1429805976	646965	9	23	-2169	-34	-32	-155	76	-79	407	1012.7	30.8	3.54045	
1429805976	746995	3	19	-2159	-26	-29	-162	76	-81	408	1012.67	30.8	3.54045	
1429805976	846963	-2	21	-2156	-29	-37	-161	78	-81	407	1012.61	30.8	3.54045	
1429805976	947106	19	21	-2146	-27	-31	-154	81	-82	408	1012.7	30.8	3.54045	
1429805977	46998	1	17	-2162	-29	-31	-161	84	-82	406	1012.69	30.8	3.54045	
1429805977	146970	8	26	-2160	-31	-30	-168	86	-83	406	1012.65	30.79	3.54045	
1429805977	246982	12	24	-2171	-32	-32	-159	88	-82	406	1012.62	30.79	3.54045	
1429805977	346987	12	18	-2196	-28	-33	-165	93	-83	407	1012.61	30.79	3.54045	
1429805977	447010	19	15	-2171	-24	-31	-161	93	-83	405	1012.68	30.79	3.54446	
1429805977	547017	-7	18	-2163	-20	-35	-163	97	-84	407	1012.68	30.79	3.54446	
1429805977	647031	6	27	-2150	-27	-26	-165	100	-83	405	1012.64	30.79	3.54446	
1429805977	746996	-6	23	-2166	-21	-31	-153	100	-82	405	1012.64	30.79	3.54446	
1429805977	847038	18	14	-2182	-28	-32	-154	104	-84	405	1012.7	30.79	3.54446	
1429805977	946993	16	24	-2180	-23	-32	-151	107	-85	405	1012.73	30.79	3.54446	
1429805978	47017	6	30	-2176	-15	-31	-157	109	-84	404	1012.69	30.79	3.54446	
1429805978	147044	3	33	-2164	-22	-36	-154	112	-85	405	1012.71	30.78	3.54446	
1429805978	247097	0	17	-2152	-21	-37	-152	115	-86	404	1012.64	30.79	3.54446	
1429805978	347002	14	14	-2166	-21	-35	-156	118	-84	404	1012.73	30.79	3.54446	
1429805978	447030	6	17	-2175	-19	-31	-156	120	-84	405	1012.63	30.79	3.50558	
1429805978	547032	15	29	-2149	-18	-37	-144	122	-85	402	1012.69	30.79	3.50558	
1429805978	647013	3	15	-2173	-19	-35	-147	126	-85	403	1012.66	30.79	3.50558	
1429805978	747026	6	18	-2185	-23	-36	-148	128	-84	404	1012.57	30.79	3.50558	
1429805978	847029	6	17	-2168	-29	-43	-154	131	-84	405	1012.52	30.78	3.50558	
1429805978	947053	-2	20	-2166	-27	-33	-159	133	-85	402	1012.69	30.79	3.50558	
1429805979	47036	5	20	-2161	-27	-36	-155	136	-85	405	1012.73	30.79	3.50558	
1429805979	147034	6	16	-2161	-28	-32	-156	136	-83	404	1012.71	30.78	3.50558	
1429805979	247022	6	29	-2167	-26	-36	-146	140	-85	404	1012.65	30.78	3.50558	
1429805979	347047	5	15	-2154	-30	-30	-148	142	-84	403	1012.6	30.79	3.50558	
1429805979	447047	6	21	-2165	-35	-32	-152	145	-84	403	1012.69	30.79	3.50697	
1429805979	547053	-1	30	-2166	-35	-29	-149	147	-84	404	1012.63	30.77	3.50697	
1429805979	647103	16	23	-2177	-26	-25	-154	149	-84	403	1012.59	30.78	3.50697	
1429805979	747166	15	35	-2153	-25	-32	-151	152	-84	405	1012.65	30.78	3.50697	
1429805979	847011	-3	16	-2173	-27	-29	-155	154	-85	402	1012.57	30.78	3.50697	
1429805979	947019	3	7	-2167	-29	-27	-141	156	-84	402	1012.57	30.78	3.50697	
1429805980	47016	9	32	-2173	-25	-35	-144	160	-84	402	1012.68	30.77	3.50697	
1429805980	147007	7	19	-2159	-26	-33	-150	159	-84	401	1012.66	30.77	3.50697	
1429805980	247000	-1	13	-2179	-23	-37	-136	163	-83	403	1012.71	30.78	3.50697	
1429805980	346986	13	21	-2158	-23	-40	-147	168	-83	403	1012.64	30.78	3.50697	
1429805980	447001	14	15	-2180	-24	-38	-152	169	-83	401	1012.67	30.78	3.51728	
1429805980	547010	7	18	-2153	-22	-33	-151	171	-82	403	1012.76	30.79	3.51728	
1429805980	647026	7	11	-2163	-22	-37	-142	175	-82	403	1012.64	30.78	3.51728	
1429805980	746976	-2	13	-2166	-17	-34	-151	176	-80	401	1012.68	30.78	3.51728	
1429805980	847018	8	17	-2172	-18	-40	-141	178	-81	402	1012.6	30.77	3.51728	
1429805980	947072	4	19	-2178	-19	-33	-147	178	-80	403	1012.6	30.77	3.51728	
1429805981	47125	9	23	-2168	-28	-36	-148	184	-79	401	1012.61	30.76	3.51728	
1429805981	146973	11	14	-2179	-23	-36	-145	185	-79	402	1012.71	30.77	3.51728	
1429805981	246978	15	18	-2162	-21	-33	-147	187	-78	402	1012.64	30.78	3.51728	
1429805981	346989	0	11	-2162	-23	-31	-144	191	-77	401	1012.63	30.77	3.51728	
1429805981	446993	5	20	-2168	-25	-29	-142	193	-77	403	1012.7	30.78	3.52606	
1429805981	546978	9	32	-2185	-28	-37	-132	194	-78	402	1012.68	30.77	3.52606	
1429805981	646986	-9	18	-2161	-29	-29	-138	198	-75	401	1012.63	30.77	3.52606	
1429805981	746968	8	9	-2173	-33	-36	-145	200	-76	402	1012.59	30.78	3.52606	
1429805981	846975	8	16	-2175	-30	-33	-150	203	-76	400	1012.56	30.77	3.52606	
1429805981	947269	7	21	-2149	-24	-32	-139	203	-76	401	1012.76	30.77	3.52606	
1429805982	46989	3	19	-2166	-29	-34	-143	207	-73	402	1012.66	30.77	3.52606	
1429805982	146977	0	23	-2156	-35	-33	-145	209	-73	401	1012.6	30.77	3.52606	
1429805982	246986	3	24	-2177	-33	-31	-146	210	-72	399	1012.64	30.78	3.52606	
1429805982	347044	8	9	-2165	-28	-30	-130	214	-71	400	1012.63	30.77	3.52606	
1429805982	447019	4	12	-2182	-24	-39	-143	216	-71	400	1012.63	30.77	3.53666	
1429805982	547046	-9	26	-2174	-19	-39	-146	216	-71	398	1012.62	30.77	3.53666	
1429805982	647034	20	29	-2157	-21	-39	-143	219	-71	400	1012.65	30.77	3.53666	
1429805982	747022	2	29	-2159	-22	-42	-136	223	-69	401	1012.7	30.78	3.53666	
1429805982	847029	20	22	-2173	-28	-36	-134	223	-68	398	1012.68	30.77	3.53666	
1429805982	947006	12	22	-2172	-15	-36	-133	225	-68	399	1012.59	30.77	3.53666	
1429805983	47012	1	11	-2160	-18	-31	-131	228	-67	401	1012.67	30.78	3.53666	
1429805983	147021	21	15	-2170	-14	-31	-139	230	-65	398	1012.58	30.76	3.53666	
1429805983	247035	-1	14	-2150	-20	-33	-133	231	-63	400	1012.6	30.77	3.53666	
1429805983	347016	2	19	-2172	-21	-35	-136	234	-65	401	1012.61	30.76	3.53666	
1429805983	447030	19	15	-2176	-19	-33	-132	236	-63	400	1012.64	30.76	3.52973	
1429805983	547030	19	26	-2177	-20	-32	-130	239	-62	400	1012.59	30.77	3.52973	
1429805983	647027	-5	26	-2172	-24	-32	-129	239	-60	400	1012.7	30.78	3.52973	
1429805983	747040	11	14	-2166	-24	-40	-136	241	-60	398	1012.68	30.77	3.52973	
1429805983	847049	8	26	-2171	-29	-37	-136	242	-59	399	1012.71	30.77	3.52973	
1429805983	947081	-6	24	-2162	-28	-34	-129	246	-58	400	1012.62	30.77	3.52973	
1429805984	47048	19	19	-2164	-33	-30	-137	248	-56	398	1012.68	30.75	3.52973	
1429805984	147043	8	23	-2163	-27	-38	-128	248	-56	399	1012.67	30.76	3.52973	
1429805984	247023	7	8	-2167	-25	-32	-139	252	-55	398	1012.62	30.75	3.52973	
1429805984	347017	-4	16	-2171	-31	-37	-132	254	-54	399	1012.58	30.76	3.52973	
1429805984	447036	12	18	-2172	-29	-40	-131	255	-53	399	1012.63	30.76	3.46625	
1429805984	547059	24	20	-2171	-24	-43	-131	259	-52	398	1012.64	30.75	3.46625	
1429805984	647078	0	16	-2148	-24	-30	-138	261	-50	397	1012.67	30.75	3.46625	
1429805984	747042	-5	27	-2163	-24	-39	-141	265	-51	397	1012.61	30.75	3.46625	
1429805984	847017	-6	16	-2169	-25	-40	-137	263	-50	397	1012.53	30.75	3.46625	
1429805984	947009	5	19	-2161	-24	-40	-132	265	-49	396	1012.62	30.75	3.46625	
1429805985	47021	11	30	-2159	-26	-31	-126	270	-45	398	1012.61	30.74	3.46625	
1429805985	147044	10	23	-2164	-18	-33	-129	271	-46	398	1012.64	30.74	3.46625	
1429805985	247072	6	15	-2182	-18	-28	-121	271	-44	397	1012.65	30.74	3.46625	
1429805985	346993	12	16	-2160	-26	-38	-132	273	-42	396	1012.65	30.74	3.46625	
1429805985	447007	6	8	-2164	-24	-31	-122	275	-42	397	1012.64	30.75	3.51236	
1429805985	547012	19	21	-2160	-23	-30	-137	277	-40	398	1012.62	30.73	3.51236	
1429805985	647026	11	26	-2164	-22	-30	-131	280	-39	397	1012.63	30.73	3.51236	
1429805985	747030	2	14	-2174	-19	-32	-122	282	-38	398	1012.62	30.74	3.51236	
1429805985	846997	8	12	-2169	-19	-31	-122	281	-37	397	1012.59	30.73	3.51236	
1429805985	946961	6	14	-2162	-25	-27	-121	283	-36	398	1012.53	30.73	3.51236	
1429805986	46992	5	17	-2167	-23	-33	-127	286	-33	399	1012.62	30.73	3.51236	
1429805986	146968	6	22	-2185	-30	-35	-134	288	-34	397	1012.66	30.72	3.51236	
1429805986	246975	-2	24	-2168	-20	-35	-126	289	-33	397	1012.6	30.73	3.51236	
1429805986	346987	0	18	-2179	-22	-35	-130	292	-30	398	1012.62	30.73	3.51236	
1429805986	447002	5	18	-2170	-23	-37	-120	291	-30	397	1012.58	30.72	3.49775	
1429805986	546981	18	27	-2181	-29	-33	-123	293	-29	398	1012.63	30.72	3.49775	
1429805986	646999	2	9	-2169	-29	-38	-126	296	-28	398	1012.64	30.72	3.49775	
1429805986	747000	11	30	-2164	-27	-40	-130	298	-26	395	1012.63	30.72	3.49775	
1429805986	847010	2	29	-2161	-26	-42	-118	299	-24	397	1012.56	30.73	3.49775	
1429805986	947155	8	22	-2175	-28	-37	-120	300	-24	397	1012.65	30.73	3.49775	
1429805987	47035	16	24	-2157	-28	-37	-124	302	-21	396	1012.62	30.72	3.49775	
1429805987	146973	7	20	-2155	-29	-33	-118	303	-23	395	1012.63	30.71	3.49775	
1429805987	246981	16	14	-2181	-32	-35	-110	305	-20	396	1012.61	30.72	3.49775	
1429805987	347000	-1	36	-2162	-28	-31	-119	308	-18	396	1012.53	30.72	3.49775	
1429805987	447017	12	20	-2175	-22	-27	-115	308	-18	395	1012.62	30.73	3.48691	
1429805987	547041	20	10	-2159	-28	-25	-114	310	-16	396	1012.64	30.71	3.48691	
1429805987	647036	-5	27	-2173	-31	-33	-120	312	-14	395	1012.62	30.72	3.48691	
1429805987	747022	5	20	-2172	-15	-30	-119	314	-14	395	1012.73	30.72	3.48691	
1429805987	847049	4	19	-2154	-19	-32	-120	313	-13	396	1012.61	30.71	3.48691	
1429805987	947045	15	33	-2179	-13	-28	-118	315	-11	396	1012.62	30.72	3.48691	
1429805988	47031	-2	11	-2167	-18	-27	-122	316	-10	395	1012.64	30.71	3.48691	
1429805988	147038	14	26	-2154	-18	-31	-114	318	-9	397	1012.61	30.71	3.48691	
1429805988	247119	5	21	-2152	-20	-35	-111	321	-6	396	1012.67	30.71	3.48691	
1429805988	347054	3	21	-2174	-24	-34	-113	320	-5	396	1012.59	30.72	3.48691	
1429805988	447049	8	22	-2157	-24	-31	-116	321	-3	396	1012.6	30.71	3.50274	
1429805988	547031	17	32	-2165	-23	-31	-121	324	-2	395	1012.6	30.71	3.50274	
1429805988	647017	5	24	-2172	-22	-33	-111	325	0	394	1012.55	30.69	3.50274	
1429805988	747028	2	27	-2178	-21	-38	-111	327	0	396	1012.62	30.72	3.50274	
1429805988	847040	4	25	-2167	-27	-35	-108	327	2	395	1012.5	30.71	3.50274	
1429805988	947080	-1	13	-2164	-26	-38	-108	327	5	394	1012.5	30.71	3.50274	
1429805989	47076	8	13	-2168	-24	-30	-107	330	4	398	1012.57	30.69	3.50274	
1429805989	147041	19	28	-2177	-26	-37	-111	330	6	394	1012.6	30.69	3.50274	
1429805989	247061	11	23	-2145	-27	-40	-100	332	8	393	1012.6	30.71	3.50274	
1429805989	347072	2	19	-2166	-36	-38	-103	334	9	396	1012.68	30.7	3.50274	
1429805989	447099	11	21	-2171	-29	-36	-111	336	10	394	1012.76	30.71	3.47887	
1429805989	547054	0	16	-2184	-24	-33	-104	337	12	396	1012.66	30.71	3.47887	
1429805989	647070	-5	10	-2163	-31	-36	-104	339	14	396	1012.68	30.7	3.47887	
1429805989	747042	17	21	-2160	-26	-31	-104	338	14	395	1012.58	30.71	3.47887	
1429805989	847059	19	25	-2171	-32	-34	-110	343	14	395	1012.57	30.71	3.47887	
1429805989	947067	23	13	-2174	-27	-34	-103	343	17	395	1012.59	30.7	3.47887	
1429805990	47011	19	27	-2170	-23	-27	-109	343	19	395	1012.6	30.71	3.47887	
1429805990	147001	8	22	-2186	-19	-30	-108	341	20	393	1012.55	30.69	3.47887	
1429805990	247008	14	12	-2183	-19	-28	-94	344	22	395	1012.67	30.71	3.47887	
1429805990	346986	5	9	-2174	-21	-34	-106	345	23	394	1012.61	30.71	3.47887	
1429805990	447049	15	30	-2165	-25	-32	-99	345	23	394	1012.61	30.71	3.46312	
1429805990	547006	5	21	-2172	-26	-31	-104	347	25	395	1012.73	30.72	3.46312	
1429805990	647015	1	4	-2161	-18	-31	-106	351	28	396	1012.62	30.72	3.46312	
1429805990	747031	-5	22	-2170	-17	-38	-106	349	29	394	1012.68	30.72	3.46312	
1429805990	847030	3	18	-2168	-27	-30	-106	350	31	395	1012.53	30.72	3.46312	
1429805990	947055	5	18	-2169	-21	-30	-108	351	31	395	1012.68	30.72	3.46312	
1429805991	46993	7	17	-2166	-22	-29	-97	355	35	394	1012.6	30.72	3.46312	
1429805991	146991	1	23	-2160	-24	-36	-99	352	34	393	1012.54	30.71	3.46312	
1429805991	247014	4	18	-2172	-17	-36	-117	354	38	395	1012.63	30.72	3.46312	
1429805991	347043	7	18	-2168	-26	-33	-103	355	39	393	1012.62	30.73	3.46312	
1429805991	447028	4	11	-2144	-33	-33	-100	357	39	395	1012.5	30.73	3.46754	
1429805991	546970	10	24	-2162	-30	-31	-91	357	42	396	1012.68	30.73	3.46754	
1429805991	646977	4	11	-2175	-28	-36	-94	359	43	393	1012.59	30.72	3.46754	
1429805991	746963	20	10	-2176	-23	-32	-94	360	43	394	1012.63	30.73	3.46754	
1429805991	846961	11	16	-2178	-25	-37	-98	359	45	395	1012.6	30.73	3.46754	
1429805991	947105	13	23	-2180	-31	-39	-102	361	45	392	1012.54	30.74	3.46754	
1429805992	46997	11	23	-2164	-29	-44	-97	362	49	394	1012.58	30.74	3.46754	
1429805992	146968	6	26	-2169	-29	-39	-95	363	49	394	1012.56	30.73	3.46754	
1429805992	246986	12	17	-2164	-23	-36	-103	364	51	393	1012.68	30.74	3.46754	
1429805992	347007	2	25	-2170	-19	-28	-101	366	53	394	1012.6	30.75	3.46754	
1429805992	447020	0	32	-2159	-27	-24	-107	365	53	395	1012.58	30.74	3.47232	
1429805992	547111	-4	19	-2151	-20	-33	-93	365	55	392	1012.64	30.75	3.47232	
1429805992	647031	11	18	-2161	-18	-36	-94	366	57	393	1012.65	30.75	3.47232	
1429805992	747007	6	25	-2175	-17	-34	-93	368	58	393	1012.62	30.75	3.47232	
1429805992	847022	2	25	-2148	-18	-27	-95	368	59	393	1012.6	30.76	3.47232	
1429805992	947065	9	21	-2178	-24	-31	-88	367	60	393	1012.68	30.75	3.47232	
1429805993	47017	9	14	-2157	-21	-34	-92	369	60	394	1012.52	30.75	3.47232	
1429805993	147030	11	24	-2167	-21	-34	-91	369	64	392	1012.65	30.77	3.47232	
1429805993	247025	-3	29	-2177	-25	-32	-84	373	64	392	1012.6	30.76	3.47232	
1429805993	347032	8	26	-2155	-24	-28	-95	373	67	394	1012.58	30.76	3.47232	
1429805993	447159	14	17	-2176	-24	-33	-87	372	69	393	1012.59	30.77	3.49829	
1429805993	547054	24	15	-2177	-20	-29	-75	374	72	393	1012.48	30.76	3.49829	
1429805993	647051	13	16	-2158	-29	-35	-97	374	71	394	1012.66	30.77	3.49829	
1429805993	747078	-2	21	-2173	-24	-29	-92	375	73	392	1012.58	30.76	3.49829	
1429805993	847039	11	12	-2166	-26	-37	-84	376	74	395	1012.55	30.77	3.49829	
1429805993	947247	6	22	-2175	-30	-38	-93	376	76	395	1012.6	30.77	3.49829	
1429805994	47052	12	23	-2157	-26	-38	-88	376	76	393	1012.67	30.78	3.49829	
1429805994	147050	6	38	-2172	-31	-41	-96	377	80	392	1012.68	30.79	3.49829	
1429805994	247049	15	12	-2166	-34	-40	-93	378	81	393	1012.65	30.78	3.49829	
1429805994	347056	-5	25	-2173	-25	-32	-105	382	81	393	1012.68	30.78	3.49829	
1429805994	447342	14	16	-2177	-23	-35	-109	379	83	393	1012.55	30.78	3.44785	
1429805994	547078	2	24	-2145	-27	-31	-107	379	83	393	1012.62	30.78	3.44785	
1429805994	647076	12	18	-2177	-26	-34	-110	381	87	392	1012.66	30.79	3.44785	
1429805994	747104	-1	18	-2171	-30	-39	-120	381	87	391	1012.67	30.79	3.44785	
1429805994	847054	0	19	-2169	-26	-37	-116	382	89	393	1012.65	30.79	3.44785	
1429805994	947507	15	19	-2157	-27	-39	-111	384	92	393	1012.54	30.79	3.44785	
1429805995	47017	-3	18	-2173	-21	-30	-123	385	92	392	1012.67	30.79	3.44785	
1429805995	147021	4	28	-2161	-15	-27	-132	383	95	395	1012.63	30.79	3.44785	
1429805995	247019	13	28	-2170	-16	-31	-136	383	97	393	1012.58	30.79	3.44785	
1429805995	347020	9	11	-2153	-26	-31	-153	385	100	392	1012.69	30.8	3.44785	
1429805995	447305	5	18	-2167	-24	-28	-162	386	101	394	1012.69	30.8	3.50271	
1429805995	547019	10	32	-2169	-17	-25	-166	386	105	393	1012.69	30.8	3.50271	
1429805995	647045	14	32	-2164	-24	-30	-175	386	108	393	1012.62	30.81	3.50271	
1429805995	747031	0	15	-2172	-27	-27	-180	387	105	392	1012.61	30.79	3.50271	
1429805995	846998	8	33	-2159	-33	-36	-195	387	113	399	1012.67	30.8	3.50271	
1429805995	947002	30	31	-2166	-32	-29	-199	388	113	393	1012.67	30.8	3.50271	
1429805996	46988	13	14	-2164	-25	-28	-210	390	120	393	1012.71	30.81	3.50271	
1429805996	146962	3	25	-2177	-23	-38	-219	390	122	394	1012.64	30.8	3.50271	
1429805996	246976	20	21	-2151	-26	-38	-227	393	126	392	1012.68	30.81	3.50271	
1429805996	346980	17	12	-2177	-24	-38	-242	393	129	395	1012.71	30.82	3.50271	
1429805996	447018	19	19	-2180	-32	-43	-246	393	133	392	1012.85	30.81	3.49279	
1429805996	547010	6	19	-2165	-22	-31	-252	394	136	392	1012.67	30.82	3.49279	
1429805996	647042	0	11	-2173	-26	-35	-278	396	140	394	1012.68	30.81	3.49279	
1429805996	747001	7	17	-2156	-24	-33	-275	394	143	391	1012.68	30.82	3.49279	
1429805996	846973	16	9	-2163	-24	-41	-286	398	147	390	1012.63	30.81	3.49279	
1429805996	947168	-10	33	-2159	-25	-42	-291	401	152	393	1012.66	30.81	3.49279	
1429805997	47112	-12	30	-2172	-24	-36	-318	397	156	391	1012.67	30.82	3.49279	
1429805997	146971	14	17	-2162	-26	-35	-323	396	158	391	1012.54	30.8	3.49279	
1429805997	246977	4	14	-2162	-24	-27	-338	399	168	393	1012.59	30.81	3.49279	
1429805997	346989	-4	41	-2154	-19	-29	-346	398	172	399	1012.62	30.82	3.49279	
1429805997	447033	10	34	-2164	-28	-37	-349	398	177	392	1012.65	30.82	3.50456	
1429805997	547031	0	10	-2166	-27	-44	-340	399	180	395	1012.61	30.82	3.50456	
1429805997	647037	17	14	-2157	-25	-30	-342	399	187	392	1012.67	30.82	3.50456	
1429805997	747018	-4	17	-2162	-18	-27	-337	397	193	391	1012.66	30.81	3.50456	
1429805997	847029	-6	32	-2173	-19	-20	-328	399	198	393	1012.73	30.82	3.50456	
1429805997	947052	7	16	-2190	-24	-31	-332	401	204	393	1012.75	30.82	3.50456	
1429805998	47123	8	12	-2179	-27	-40	-352	395	209	392	1012.65	30.82	3.50456	
1429805998	147024	-4	25	-2165	-22	-36	-331	397	213	393	1012.63	30.8	3.50456	
1429805998	247045	4	18	-2175	-21	-30	-336	395	219	393	1012.68	30.82	3.50456	
1429805998	347032	-5	16	-2162	-23	-28	-338	392	224	392	1012.72	30.82	3.50456	
1429805998	447075	5	11	-2168	-26	-32	-344	396	229	393	1012.69	30.81	3.46567	
1429805998	547042	13	24	-2154	-38	-46	-335	393	234	393	1012.46	30.82	3.46567	
1429805998	647044	8	28	-2153	-34	-51	-330	391	239	392	1012.66	30.8	3.46567	
1429805998	747030	10	23	-2181	-29	-41	-326	392	243	393	1012.64	30.8	3.46567	
1429805998	847032	3	34	-2164	-22	-35	-320	388	247	393	1012.63	30.81	3.46567	
1429805998	947066	1	39	-2173	-31	-28	-326	389	253	391	1012.72	30.81	3.46567	
1429805999	47062	-3	8	-2159	-30	-46	-327	386	256	393	1012.71	30.81	3.46567	
1429805999	147036	10	13	-2161	-30	-47	-337	388	262	392	1012.68	30.81	3.46567	
1429805999	247052	3	28	-2166	-22	-47	-324	384	267	392	1012.7	30.8	3.46567	
1429805999	347018	5	29	-2181	-21	-34	-324	384	271	393	1012.63	30.81	3.46567	
1429805999	447091	8	29	-2166	-28	-31	-330	381	273	393	1012.63	30.81	3.4511	
1429805999	547051	2	14	-2185	-26	-33	-319	380	279	393	1012.67	30.82	3.4511	
1429805999	647068	8	12	-2174	-20	-38	-326	379	284	394	1012.63	30.81	3.4511	
1429805999	747097	-1	7	-2149	-21	-37	-319	376	284	393	1012.64	30.8	3.4511	
1429805999	847105	6	21	-2156	-25	-28	-322	373	291	392	1012.7	30.82	3.4511	
1429805999	947069	-1	13	-2167	-25	-25	-317	370	298	392	1012.57	30.8	3.4511	
1429806000	47199	6	19	-2171	-33	-25	-316	370	302	393	1012.64	30.82	3.4511	
1429806000	147005	-9	20	-2171	-22	-33	-319	367	306	393	1012.61	30.8	3.4511	
1429806000	247023	16	17	-2180	-28	-40	-325	366	312	393	1012.61	30.8	3.4511	
1429806000	347021	0	24	-2157	-20	-30	-313	360	313	396	1012.71	30.81	3.4511	
1429806000	447041	5	17	-2169	-21	-30	-318	359	319	393	1012.69	30.81	3.46672	
1429806000	547007	3	26	-2163	-31	-26	-319	355	324	395	1012.64	30.8	3.46672	
1429806000	647021	-1	15	-2163	-41	-33	-309	355	326	395	1012.66	30.81	3.46672	
1429806000	747032	5	28	-2177	-24	-40	-313	351	330	395	1012.6	30.79	3.46672	
1429806000	847045	-2	22	-2156	-29	-42	-305	349	336	393	1012.68	30.81	3.46672	
1429806000	947059	-3	13	-2171	-29	-40	-311	345	338	396	1012.66	30.81	3.46672	
1429806001	47027	0	29	-2162	-32	-32	-315	341	341	393	1012.79	30.81	3.46672	
1429806001	146972	3	29	-2163	-30	-41	-309	339	345	395	1012.68	30.81	3.46672	
1429806001	246973	3	24	-2164	-29	-42	-318	340	350	397	1012.68	30.79	3.46672	
1429806001	346997	-7	15	-2176	-19	-44	-315	334	353	394	1012.74	30.81	3.46672	
1429806001	447109	17	30	-2169	-25	-40	-308	331	354	394	1012.63	30.81	3.45405	
1429806001	546973	11	23	-2175	-27	-36	-304	328	361	397	1012.64	30.8	3.45405	
1429806001	646986	8	16	-2161	-28	-40	-313	326	365	396	1012.65	30.81	3.45405	
1429806001	746980	4	24	-2167	-25	-34	-307	322	367	396	1012.68	30.79	3.45405	
1429806001	846975	-2	25	-2161	-14	-37	-294	319	371	396	1012.7	30.82	3.45405	
1429806001	947168	-6	11	-2149	-18	-26	-307	315	374	394	1012.67	30.8	3.45405	
1429806002	47002	8	17	-2169	-21	-31	-297	311	378	395	1012.57	30.82	3.45405	
1429806002	147004	10	14	-2163	-31	-24	-300	309	380	399	1012.63	30.81	3.45405	
1429806002	247037	17	20	-2169	-32	-34	-300	305	384	397	1012.74	30.81	3.45405	
1429806002	347084	6	20	-2168	-28	-31	-310	302	387	395	1012.7	30.82	3.45405	
1429806002	447110	1	21	-2174	-26	-34	-301	298	390	398	1012.63	30.81	3.50269	
1429806002	547018	11	16	-2173	-29	-32	-300	294	392	397	1012.62	30.82	3.50269	
1429806002	647028	-3	19	-2156	-31	-32	-322	289	394	397	1012.61	30.82	3.50269	
1429806002	747018	3	25	-2157	-33	-37	-335	287	396	399	1012.7	30.82	3.50269	
1429806002	847086	8	18	-2174	-32	-46	-337	282	399	398	1012.64	30.82	3.50269	
1429806002	947415	-1	23	-2173	-27	-43	-337	279	401	398	1012.68	30.82	3.50269	
1429806003	47013	-11	21	-2159	-28	-42	-348	275	406	399	1012.67	30.82	3.50269	
1429806003	147037	-5	20	-2174	-31	-38	-359	269	409	398	1012.69	30.82	3.50269	
1429806003	247026	-4	32	-2178	-37	-36	-366	265	411	398	1012.66	30.81	3.50269	
1429806003	347030	3	30	-2152	-26	-41	-387	262	413	400	1012.63	30.82	3.50269	
1429806003	447273	1	13	-2164	-30	-41	-382	254	415	398	1012.69	30.82	3.47718	
1429806003	547029	7	20	-2174	-19	-37	-395	254	418	399	1012.63	30.82	3.47718	
1429806003	647047	2	41	-2175	-22	-36	-402	243	421	402	1012.7	30.83	3.47718	
1429806003	747015	7	30	-2158	-32	-31	-406	240	424	400	1012.68	30.82	3.47718	
1429806003	847032	-4	25	-2170	-25	-32	-405	234	426	399	1012.68	30.83	3.47718	
1429806003	947059	11	12	-2173	-17	-28	-425	229	429	401	1012.73	30.83	3.47718	
1429806004	47049	10	27	-2169	-16	-35	-428	220	431	399	1012.66	30.84	3.47718	
1429806004	147072	18	24	-2153	-20	-32	-426	214	434	400	1012.68	30.83	3.47718	
1429806004	247061	22	-1	-2172	-26	-26	-435	210	436	401	1012.59	30.82	3.47718	
1429806004	347081	4	11	-2176	-28	-20	-450	204	435	401	1012.66	30.82	3.47718	
1429806004	447115	1	19	-2172	-29	-29	-455	197	440	401	1012.75	30.82	3.47094	
1429806004	547060	15	16	-2169	-29	-30	-460	188	441	402	1012.68	30.83	3.47094	
1429806004	647082	3	12	-2168	-30	-30	-460	181	442	402	1012.68	30.83	3.47094	
1429806004	747084	8	9	-2163	-26	-37	-471	177	444	401	1012.67	30.83	3.47094	
1429806004	847049	-1	25	-2179	-40	-33	-487	169	445	402	1012.66	30.82	3.47094	
1429806004	947022	-7	23	-2169	-39	-38	-482	161	446	404	1012.69	30.84	3.47094	
1429806005	47037	25	16	-2180	-33	-38	-481	153	445	403	1012.65	30.83	3.47094	
1429806005	147015	2	17	-2156	-29	-42	-498	146	444	402	1012.55	30.83	3.47094	
1429806005	247048	8	17	-2176	-23	-41	-504	140	446	406	1012.63	30.82	3.47094	
1429806005	346984	-5	23	-2168	-32	-36	-515	132	446	405	1012.72	30.84	3.47094	
1429806005	447032	13	16	-2161	-34	-28	-520	127	445	406	1012.81	30.83	3.48186	
1429806005	547000	-13	30	-2166	-37	-46	-521	118	446	407	1012.59	30.84	3.48186	
1429806005	647022	2	18	-2175	-23	-35	-532	108	446	406	1012.71	30.83	3.48186	
1429806005	747020	-7	20	-2148	-15	-33	-537	102	445	406	1012.6	30.83	3.48186	
1429806005	847000	11	21	-2185	-19	-26	-544	94	445	410	1012.69	30.84	3.48186	
1429806005	946977	10	16	-2166	-18	-26	-560	86	445	406	1012.71	30.83	3.48186	
1429806006	46991	-3	24	-2163	-28	-25	-549	76	442	408	1012.66	30.84	3.48186	
1429806006	146971	23	24	-2181	-27	-27	-543	68	440	408	1012.67	30.83	3.48186	
1429806006	246977	-2	14	-2163	-28	-31	-543	59	439	408	1012.68	30.83	3.48186	
1429806006	347003	-22	32	-2162	-22	-20	-544	53	435	409	1012.71	30.82	3.48186	
1429806006	447007	10	35	-2148	-21	-27	-550	45	434	410	1012.66	30.84	3.47493	
1429806006	547029	8	8	-2151	-29	-20	-547	36	434	408	1012.58	30.83	3.47493	
1429806006	646981	5	8	-2168	-31	-33	-541	29	431	409	1012.68	30.83	3.47493	
1429806006	746978	11	28	-2160	-34	-38	-547	20	427	409	1012.72	30.84	3.47493	
1429806006	846984	4	23	-2163	-29	-39	-552	12	424	409	1012.69	30.84	3.47493	
1429806006	947137	19	8	-2168	-25	-37	-545	5	419	410	1012.69	30.84	3.47493	
1429806007	47010	1	18	-2164	-21	-41	-547	-2	416	411	1012.55	30.83	3.47493	
1429806007	146970	7	31	-2160	-34	-45	-544	-8	413	411	1012.74	30.83	3.47493	
1429806007	247048	11	25	-2163	-37	-52	-554	-16	407	412	1012.67	30.83	3.47493	
1429806007	346985	2	15	-2154	-35	-40	-545	-22	403	412	1012.71	30.82	3.47493	
1429806007	447012	12	29	-2162	-26	-37	-542	-29	400	412	1012.67	30.84	3.48831	
1429806007	547025	3	32	-2179	-17	-37	-549	-35	395	413	1012.69	30.84	3.48831	
1429806007	647035	-3	30	-2180	-20	-38	-545	-40	390	414	1012.7	30.84	3.48831	
1429806007	747018	9	11	-2166	-30	-51	-547	-47	386	412	1012.71	30.83	3.48831	
1429806007	847064	5	29	-2186	-38	-39	-544	-54	379	413	1012.58	30.83	3.48831	
1429806007	946997	9	31	-2161	-37	-25	-545	-59	374	415	1012.69	30.84	3.48831	
1429806008	47053	-1	14	-2163	-24	-26	-545	-65	369	413	1012.81	30.85	3.48831	
1429806008	147018	17	17	-2174	-28	-29	-547	-73	363	416	1012.67	30.84	3.48831	
1429806008	247031	-4	15	-2157	-35	-23	-553	-75	358	414	1012.71	30.83	3.48831	
1429806008	347033	11	20	-2171	-39	-25	-547	-82	349	414	1012.77	30.85	3.48831	
1429806008	447039	5	16	-2166	-30	-26	-556	-88	343	414	1012.68	30.85	3.43867	
1429806008	547054	15	17	-2164	-27	-26	-554	-92	336	416	1012.68	30.85	3.43867	
1429806008	647056	-8	21	-2168	-21	-27	-547	-100	331	414	1012.69	30.85	3.43867	
1429806008	747066	-10	18	-2170	-29	-31	-547	-100	325	415	1012.71	30.85	3.43867	
1429806008	847034	13	19	-2168	-33	-32	-548	-105	318	417	1012.6	30.83	3.43867	
1429806008	947041	2	18	-2160	-35	-39	-535	-110	310	415	1012.67	30.84	3.43867	
1429806009	47195	4	20	-2158	-26	-42	-546	-112	305	415	1012.64	30.84	3.43867	
1429806009	147041	-9	17	-2163	-20	-42	-534	-118	293	416	1012.71	30.85	3.43867	
1429806009	247076	2	15	-2166	-15	-40	-547	-119	289	416	1012.65	30.85	3.43867	
1429806009	347066	11	18	-2156	-24	-41	-544	-124	283	416	1012.61	30.85	3.43867	
1429806009	447090	10	21	-2163	-31	-45	-531	-126	275	416	1012.65	30.85	3.48819	
1429806009	547120	8	17	-2181	-28	-46	-541	-129	268	416	1012.69	30.85	3.48819	
1429806009	647077	4	21	-2152	-24	-43	-541	-133	260	417	1012.69	30.85	3.48819	
1429806009	747088	4	21	-2176	-22	-33	-541	-134	252	418	1012.62	30.85	3.48819	
1429806009	847096	-6	27	-2165	-26	-32	-541	-133	246	417	1012.66	30.85	3.48819	
1429806009	947023	3	12	-2162	-34	-34	-531	-138	238	417	1012.66	30.85	3.48819	
1429806010	47027	2	32	-2163	-32	-36	-539	-138	230	417	1012.61	30.86	3.48819	
1429806010	147029	1	17	-2169	-34	-40	-535	-139	221	417	1012.59	30.86	3.48819	
1429806010	247030	1	27	-2173	-28	-29	-535	-139	214	417	1012.73	30.85	3.48819	
1429806010	347022	3	22	-2157	-40	-31	-536	-142	205	418	1012.66	30.85	3.48819	
1429806010	447042	-4	22	-2188	-41	-26	-527	-144	198	417	1012.7	30.85	3.44811	
1429806010	547043	0	3	-2165	-38	-34	-539	-141	189	418	1012.69	30.85	3.44811	
1429806010	647035	0	15	-2166	-31	-36	-537	-145	181	418	1012.61	30.86	3.44811	
1429806010	747049	10	20	-2176	-26	-31	-530	-142	173	416	1012.71	30.86	3.44811	
1429806010	847055	5	14	-2181	-28	-27	-520	-142	165	416	1012.68	30.86	3.44811	
1429806010	946976	4	7	-2175	-32	-31	-524	-142	158	418	1012.68	30.86	3.44811	
1429806011	47039	11	19	-2153	-29	-31	-534	-140	149	416	1012.61	30.86	3.44811	
1429806011	146982	1	18	-2155	-20	-39	-521	-141	142	415	1012.66	30.86	3.44811	
1429806011	246992	7	17	-2176	-20	-36	-515	-140	134	417	1012.68	30.86	3.44811	
1429806011	346989	6	15	-2179	-16	-32	-513	-139	127	415	1012.73	30.85	3.44811	
1429806011	447005	9	15	-2179	-19	-27	-520	-138	120	416	1012.61	30.86	3.51135	
1429806011	546970	1	18	-2158	-15	-31	-528	-134	114	417	1012.68	30.86	3.51135	
1429806011	646987	7	21	-2192	-22	-40	-521	-133	106	415	1012.66	30.86	3.51135	
1429806011	746975	0	24	-2170	-17	-38	-509	-130	100	416	1012.6	30.87	3.51135	
1429806011	846987	-3	18	-2174	-22	-40	-525	-126	91	418	1012.58	30.86	3.51135	
1429806011	947145	16	13	-2182	-30	-33	-517	-127	84	415	1012.71	30.86	3.51135	
1429806012	46997	3	14	-2174	-33	-33	-515	-122	78	416	1012.56	30.86	3.51135	
1429806012	146986	5	23	-2155	-34	-41	-503	-119	72	416	1012.7	30.87	3.51135	
1429806012	247021	17	3	-2169	-29	-46	-500	-117	64	415	1012.71	30.86	3.51135	
1429806012	347030	-2	27	-2155	-34	-43	-509	-110	57	414	1012.7	30.85	3.51135	
1429806012	447013	-1	21	-2173	-37	-33	-503	-107	51	415	1012.69	30.86	3.50936	
1429806012	547018	0	23	-2157	-35	-35	-502	-104	44	415	1012.57	30.85	3.50936	
1429806012	647041	4	12	-2170	-37	-41	-497	-100	38	415	1012.59	30.86	3.50936	
1429806012	747021	-1	32	-2178	-31	-41	-498	-96	31	416	1012.58	30.86	3.50936	
1429806012	847076	27	30	-2169	-24	-32	-490	-92	26	415	1012.68	30.86	3.50936	
1429806012	947044	7	27	-2163	-25	-26	-490	-89	20	415	1012.62	30.85	3.50936	
1429806013	47054	14	15	-2155	-27	-22	-476	-83	14	413	1012.65	30.86	3.50936	
1429806013	147078	-1	13	-2168	-30	-25	-483	-77	9	414	1012.65	30.86	3.50936	
1429806013	247036	6	21	-2175	-19	-26	-473	-72	3	415	1012.62	30.85	3.50936	
1429806013	347048	11	9	-2171	-20	-31	-482	-71	-3	414	1012.69	30.85	3.50936	
1429806013	447074	14	10	-2177	-26	-27	-476	-64	-8	413	1012.65	30.86	3.4616	
1429806013	547056	17	29	-2168	-25	-20	-470	-57	-12	411	1012.66	30.85	3.4616	
1429806013	647053	-6	21	-2153	-28	-27	-467	-56	-17	413	1012.71	30.85	3.4616	
1429806013	747061	8	22	-2170	-25	-31	-467	-50	-20	413	1012.68	30.85	3.4616	
1429806013	847042	6	17	-2161	-25	-34	-465	-41	-25	412	1012.62	30.83	3.4616	
1429806013	947052	2	21	-2166	-23	-38	-472	-37	-30	413	1012.63	30.84	3.4616	
1429806014	47061	1	20	-2150	-25	-39	-458	-34	-33	411	1012.62	30.83	3.4616	
1429806014	147060	12	25	-2167	-31	-37	-462	-27	-38	410	1012.59	30.84	3.4616	
1429806014	247076	7	16	-2164	-27	-36	-450	-22	-40	411	1012.66	30.84	3.4616	
1429806014	347031	6	30	-2170	-28	-43	-446	-17	-45	411	1012.72	30.82	3.4616	
1429806014	447083	17	29	-2150	-26	-47	-452	-8	-49	409	1012.7	30.83	3.51855	
1429806014	547055	4	8	-2156	-28	-39	-448	-3	-52	411	1012.74	30.82	3.51855	
1429806014	647624	20	12	-2154	-31	-45	-446	3	-56	409	1012.54	30.83	3.51855	
1429806014	747088	3	20	-2173	-36	-37	-445	9	-58	409	1012.65	30.82	3.51855	
1429806014	847115	11	9	-2166	-29	-41	-428	15	-61	409	1012.64	30.82	3.51855	
1429806014	947020	7	8	-2174	-24	-40	-425	21	-63	408	1012.7	30.82	3.51855	
1429806015	47109	13	18	-2164	-21	-37	-441	26	-65	407	1012.59	30.81	3.51855	
1429806015	147019	7	32	-2156	-20	-30	-427	32	-68	410	1012.64	30.82	3.51855	
1429806015	247043	18	33	-2156	-33	-23	-418	38	-69	413	1012.66	30.81	3.51855	
1429806015	347001	12	12	-2160	-27	-27	-413	44	-72	408	1012.69	30.8	3.51855	
