time_s	time_us	phi_deg	theta_deg	psi_deg	p_deg_s	q_deg_s	r_deg_s	ax_ms2	ay_ms2	az_ms2	
1429809778	896194	-0.0564411	-2.36253	0.452526	-0.400355	-82.2472	46.8473	-9.73336	0.0670606	-0.0622705	
1429809778	946330	-0.174405	-6.42705	2.66691	2.30373	-80.1101	42.2357	-9.69025	0.0622705	-0.148491	
1429809778	996208	-0.296252	-10.4944	4.67521	4.85549	-81.058	37.4703	-9.69983	0.0526904	-0.124541	
1429809779	46461	-0.424534	-14.5169	6.49373	5.85189	-80.6767	33.1323	-9.59924	0.0622705	-0.0766406	
1429809779	96227	-0.536056	-18.4389	8.12293	7.20091	-78.2301	28.9914	-9.64235	0.0718506	-0.148491	
1429809779	146404	-0.668706	-22.3366	9.59022	8.02454	-76.8448	25.6988	-9.6663	0.0574805	-0.148491	
1429809779	196237	-0.79937	-26.1141	10.8934	8.35325	-74.377	21.6273	-9.59445	0.0526904	-0.148491	
1429809779	246326	-0.917197	-29.7887	12.0582	8.55145	-73.9059	18.5838	-9.68546	0.0335303	-0.100591	
1429809779	296114	-1.03484	-33.347	13.1214	8.64131	-70.9897	16.0744	-9.67588	0.0622705	-0.105381	
1429809779	346437	-1.16224	-36.8122	14.0817	8.54918	-68.3287	13.7435	-9.63277	0.0766406	-0.234712	
1429809779	396132	-1.28598	-40.1071	14.9599	8.44899	-65.5957	11.8265	-9.63277	0.0574805	-0.148491	
1429809779	446293	-1.43177	-43.2739	15.8006	8.3866	-62.8744	10.7364	-9.62798	0.00479004	-0.182021	
1429809779	496180	-1.57794	-46.2714	16.5832	8.1319	-58.6051	9.38854	-9.70462	0.0766406	-0.220342	
1429809779	546351	-1.75765	-49.1699	17.353	7.73	-57.5756	8.26129	-9.66151	0.0862207	-0.143701	
1429809779	596161	-1.9634	-51.9222	18.0988	7.42137	-53.4929	7.32917	-9.65193	0.0910107	-0.134121	
1429809779	646245	-2.13882	-54.5399	18.7887	7.50633	-51.0992	5.95953	-9.7142	0.0670606	-0.119751	
1429809779	696192	-2.32424	-57.0141	19.449	7.26886	-49.7344	5.36747	-9.67588	0.105381	-0.119751	
1429809779	746488	-2.50189	-59.3569	20.0648	6.62266	-46.2409	3.93388	-9.69983	0.0766406	-0.138911	
1429809779	796195	-2.68915	-61.537	20.6567	6.55033	-43.3091	3.54351	-9.62798	0.134121	-0.196392	
1429809779	846250	-2.90184	-63.5962	21.2525	6.18726	-40.3735	2.87618	-9.6663	0.0814307	-0.105381	
1429809779	896516	-3.10903	-65.5387	21.8174	6.04827	-38.1554	2.6176	-9.72857	0.00958008	-0.167651	
1429809779	946345	-3.31255	-67.3703	22.367	5.84854	-35.9748	2.15546	-9.69983	0.0958008	-0.134121	
1429809779	996221	-3.57015	-69.0945	22.941	5.37631	-33.6701	2.11881	-9.64235	0.0718506	-0.186812	
1429809780	46275	-3.83535	-70.6935	23.5087	5.02283	-31.327	1.74304	-9.70462	0.143701	-0.129331	
1429809780	96223	-4.18071	-72.1984	24.1367	5.03226	-29.8679	1.48128	-9.64235	0.0239502	-0.0814307	
1429809780	146488	-4.5555	-73.6142	24.773	4.47174	-27.6341	1.36484	-9.68067	0.0622705	-0.158071	
1429809780	196200	-4.97031	-74.9222	25.4283	4.14853	-25.9347	1.47218	-9.62319	0.0862207	-0.100591	
1429809780	246320	-5.40449	-76.1398	26.0923	4.04041	-24.159	1.04226	-9.61361	0.0670606	-0.134121	
1429809780	296256	-5.77301	-77.2863	26.6729	3.61231	-22.18	0.796357	-9.67588	0.0910107	-0.119751	
1429809780	346423	-6.16841	-78.3601	27.2617	3.48612	-20.918	0.536789	-9.65193	0.0718506	-0.167651	
1429809780	396272	-6.63368	-79.3694	27.8998	3.14543	-19.6005	0.19873	-9.68546	0.0335303	-0.134121	
1429809780	446321	-7.08155	-80.3217	28.5051	2.73439	-18.347	-0.286791	-9.66151	0.0574805	-0.196392	
1429809780	496165	-7.67823	-81.2011	29.2441	2.45959	-17.5978	0.297173	-9.64714	0.0766406	-0.110171	
1429809780	546552	-8.27631	-82.0265	29.9662	2.24641	-15.8111	-0.310627	-9.67109	0.0766406	-0.158071	
1429809780	596185	-9.04739	-82.7836	30.8496	2.16474	-15.0029	0.415038	-9.63277	0.110171	-0.114961	
1429809780	646337	-10.1264	-83.4835	32.0291	1.80978	-13.697	0.684168	-9.62798	0.0670606	-0.158071	
1429809780	696214	-11.265	-84.1432	33.2558	1.56857	-12.716	0.618805	-9.68067	0.0670606	-0.205972	
1429809780	746604	-12.5	-84.7634	34.5682	1.20014	-12.8339	-0.143136	-9.63756	0.0479004	-0.0958008	
1429809780	796225	-14.0372	-85.343	36.1727	1.09057	-11.2937	0.0512838	-9.69025	0.0335303	-0.162861	
1429809780	846389	-15.6915	-85.8684	37.8771	0.689826	-10.3935	-0.168109	-9.64714	0.0718506	-0.205972	
1429809780	896263	-17.6219	-86.3583	39.847	0.594113	-10.3187	-0.720822	-9.60403	0.110171	-0.186812	
1429809780	946455	-20.0036	-86.8097	42.2596	0.285892	-9.40141	-0.0912341	-9.67109	0.110171	-0.177231	
1429809780	996269	-22.8739	-87.2356	45.1494	0.198228	-9.28238	-0.6376	-9.68067	0.0383203	-0.177231	
1429809781	46314	-26.0227	-87.6371	48.3086	0.0563961	-8.24288	-0.886406	-9.70462	0.0574805	-0.124541	
1429809781	96223	-30.4719	-87.9837	52.7579	-0.141432	-7.95035	0.154349	-9.64714	0.0862207	-0.134121	
1429809781	146477	-36.0892	-88.3007	58.3708	-0.143702	-7.47992	-0.627914	-9.69504	0.114961	-0.177231	
1429809781	196358	-43.5442	-88.5584	65.8169	-0.240998	-6.41917	-0.417433	-9.67588	0.114961	-0.110171	
1429809781	246334	-54.2776	-88.7706	76.5313	-0.642776	-7.11738	0.226598	-9.65193	0.0718506	-0.129331	
1429809781	296218	-66.3497	-88.9148	88.5803	-0.601896	-5.09345	-0.0816482	-9.65193	0.0718506	-0.153281	
1429809781	346554	-80.1063	-88.9965	102.314	-0.545932	-4.72512	-0.056364	-9.7142	0.0766406	-0.205972	
1429809781	396228	-93.4068	-89.0125	115.586	-0.588979	-4.80699	-0.738452	-9.6663	0.0958008	-0.124541	
1429809781	446282	-106.651	-88.977	128.802	-0.601883	-4.33626	-0.58349	-9.69025	0.0670606	-0.239502	
1429809781	496150	-118.654	-88.9035	140.78	-0.417853	-4.75734	-0.405574	-9.73815	0.0622705	-0.186812	
1429809781	546444	-127.584	-88.8052	149.69	-0.597963	-3.86514	-0.404852	-9.63277	0.0766406	-0.167651	
1429809781	596261	-134.561	-88.6898	156.646	-0.572501	-4.14982	-0.179837	-9.67109	0.0574805	-0.0670606	
1429809781	646298	-140.564	-88.561	162.635	-0.246118	-3.4204	-0.393878	-9.6663	0.0766406	-0.186812	
1429809781	696175	-144.422	-88.4448	166.483	-0.24809	-3.28884	-0.196929	-9.65672	0.114961	-0.167651	
1429809781	746425	-147.183	-88.3183	169.237	-0.208437	-2.65949	-0.339893	-9.68546	0.0670606	-0.105381	
1429809781	796195	-149.582	-88.1986	171.628	-0.0460307	-2.95827	-0.0406282	-9.72378	0.0862207	-0.114961	
1429809781	846254	-151.377	-88.0733	173.424	-0.164831	-2.63628	0.194075	-9.58966	0.119751	-0.114961	
1429809781	896219	-153.181	-87.9498	175.232	0.113789	-2.75187	0.159425	-9.64235	0.100591	-0.167651	
1429809781	946435	-154.683	-87.846	176.743	0.236265	-2.34103	-0.19634	-9.69504	0.0335303	-0.0287402	
1429809781	996167	-156.303	-87.7534	178.372	0.264004	-2.2165	-0.370608	-9.69504	0.0766406	-0.220342	
1429809782	46278	-157.58	-87.6724	179.662	0.24527	-2.01114	-0.579032	-9.6184	0.100591	-0.114961	
1429809782	96216	-158.808	-87.5896	-179.095	0.206104	-1.96711	0.19577	-9.6663	0.0670606	-0.196392	
1429809782	146448	-159.758	-87.5261	-178.132	0.336826	-1.82012	-0.18405	-9.70941	0.0814307	-0.177231	
1429809782	196092	-160.645	-87.4565	-177.224	0.440562	-1.85215	-0.401364	-9.64235	0.0431104	-0.186812	
1429809782	246342	-161.382	-87.391	-176.464	0.504558	-1.50842	0.316564	-9.69504	0.0431104	-0.143701	
1429809782	296131	-162.049	-87.3257	-175.776	0.402881	-1.18153	0.723573	-9.7142	0.0910107	-0.119751	
1429809782	346412	-162.294	-87.2719	-175.502	0.683154	-1.27229	0.311803	-9.6663	0.0431104	-0.0910107	
1429809782	396374	-162.772	-87.2238	-174.996	0.621615	-0.433953	-0.325569	-9.70462	0.0479004	-0.153281	
1429809782	446151	-162.78	-87.1892	-174.96	0.49454	-0.688487	0.73225	-9.65672	0.0526904	-0.138911	
1429809782	496355	-163.017	-87.1546	-174.693	0.589822	-0.758466	-0.420508	-9.70462	0.00479004	-0.148491	
1429809782	546466	-163.443	-87.1176	-174.237	0.548956	-0.841534	0.220476	-9.63756	0.0287402	-0.177231	
1429809782	596171	-163.829	-87.0834	-173.822	0.691695	-1.24747	-0.0646846	-9.69504	0.0526904	-0.114961	
1429809782	646187	-164.657	-87.0522	-172.959	0.705938	-0.713938	-0.674178	-9.66151	0.0526904	-0.0814307	
1429809782	696191	-165.316	-87.0143	-172.268	0.729813	-0.38323	-0.330044	-9.62319	0.0239502	-0.129331	
1429809782	746561	-165.861	-86.9951	-171.688	0.672861	-0.14883	-0.142966	-9.68546	0.114961	-0.138911	
1429809782	796298	-166.035	-86.9755	-171.477	0.883492	-0.0303324	-0.0763841	-9.6184	0.0622705	-0.110171	
1429809782	846221	-166.074	-86.9627	-171.403	0.70673	0.0444415	0.385898	-9.65672	0.0718506	-0.119751	
1429809782	896293	-166.223	-86.9385	-171.223	0.622148	-0.185414	-0.145975	-9.62798	0.0239502	-0.148491	
1429809782	946514	-166.239	-86.9311	-171.169	0.856182	0.381455	0.21831	-9.58008	0.100591	-0.244292	
1429809782	996226	-166.011	-86.9064	-171.359	0.83836	-0.133137	0.261772	-9.69025	0.0670606	-0.158071	
1429809783	46425	-166.129	-86.885	-171.204	0.943488	-0.386368	0.256528	-9.70941	0.0143701	-0.134121	
1429809783	96530	-166.33	-86.8867	-170.974	0.836326	-0.358196	-0.205485	-9.64714	0.0479004	-0.0958008	
1429809783	146671	-166.541	-86.8813	-170.723	0.818601	-0.0457973	-0.249038	-9.73336	0.0718506	-0.0814307	
1429809783	196282	-166.923	-86.8726	-170.306	0.652017	-0.528299	-0.345974	-9.69983	0.0431104	-0.0814307	
1429809783	246191	-167.224	-86.8767	-169.968	0.604011	0.743309	-0.36197	-9.69983	0.0574805	-0.191602	
1429809783	296185	-167.354	-86.889	-169.805	0.610436	-0.308926	0.0602396	-9.66151	0.0718506	-0.138911	
1429809783	357631	-167.366	-86.8813	-169.754	0.870622	0.167916	-0.0499235	-9.64714	0.114961	-0.205972	
1429809783	396257	-167.21	-86.8744	-169.884	0.877984	-0.22298	0.307262	-9.7142	0.0766406	-0.129331	
1429809783	446235	-167.319	-86.8674	-169.734	0.891111	-0.0346606	-0.377155	-9.71899	0.0431104	-0.124541	
1429809783	496281	-166.981	-86.864	-170.033	0.7647	-0.515398	0.635832	-9.62319	0.0574805	-0.124541	
1429809783	546535	-166.83	-86.8562	-170.144	0.802397	-0.272524	0.296325	-9.69983	0.0670606	-0.162861	
1429809783	596168	-166.672	-86.8611	-170.262	0.903402	-0.154406	-0.211377	-9.65672	0.124541	-0.182021	
1429809783	646257	-166.56	-86.8702	-170.337	0.711924	-0.0337168	-0.33886	-9.65193	0.0574805	-0.177231	
1429809783	696156	-166.693	-86.8752	-170.164	1.01188	0.0891493	-0.663906	-9.67588	0.0622705	-0.124541	
1429809783	746544	-166.663	-86.8653	-170.158	0.674879	0.266982	0.186943	-9.62319	0.0622705	-0.153281	
1429809783	796161	-166.895	-86.8593	-169.885	0.671398	-0.224285	-0.431255	-9.68067	0.0431104	-0.119751	
1429809783	846192	-167.293	-86.871	-169.449	0.640494	0.505717	-0.626281	-9.65672	0.0718506	-0.148491	
1429809783	896184	-167.214	-86.8754	-169.488	0.729418	-0.565163	-0.170461	-9.69983	0.0479004	-0.148491	
1429809783	946336	-167.398	-86.8846	-169.267	0.695487	0.611105	-0.651868	-9.77168	0.0287402	-0.148491	
1429809783	996190	-167.226	-86.9003	-169.399	0.941635	0.512799	-0.219378	-9.62798	0.110171	-0.0670606	
1429809784	46225	-166.651	-86.9083	-169.942	0.577508	0.265981	0.687474	-9.6663	0.0191602	-0.182021	
1429809784	96259	-166.456	-86.9127	-170.101	0.577651	0.136149	-0.243821	-9.66151	0.0335303	-0.162861	
1429809784	146406	-166.209	-86.9148	-170.31	0.783161	0.289626	0.269894	-9.68546	0.0670606	-0.177231	
1429809784	196134	-166.244	-86.9132	-170.24	0.762871	0.0454613	0.111239	-9.71899	0.119751	-0.182021	
1429809784	246301	-165.973	-86.9149	-170.475	0.782988	0.248239	-0.280305	-9.62319	0.0958008	-0.138911	
1429809784	296123	-165.921	-86.9196	-170.491	0.683172	0.397994	-0.351927	-9.63756	0.0958008	-0.134121	
1429809784	346280	-166.227	-86.9229	-170.148	0.758212	0.113069	-0.619903	-9.66151	0.0335303	-0.148491	
1429809784	396137	-166.567	-86.9455	-169.776	0.480441	0.267092	-0.753638	-9.68546	0.0670606	-0.191602	
1429809784	446205	-166.697	-86.9438	-169.613	0.650821	-0.742233	0.758314	-9.66151	0.0766406	-0.124541	
1429809784	496163	-166.469	-86.9348	-169.806	0.89793	0.106351	0.7901	-9.60403	0.100591	-0.158071	
1429809784	546305	-166.354	-86.9329	-169.882	0.908699	0.690559	-0.0852798	-9.67109	0.0287402	-0.129331	
1429809784	596170	-166.126	-86.9354	-170.074	0.639642	0.0253379	-0.0815104	-9.57529	0.0287402	-0.105381	
1429809784	646257	-165.9	-86.9336	-170.266	0.584454	-0.0569501	0.969548	-9.67588	0.0383203	-0.162861	
1429809784	696191	-165.814	-86.956	-170.318	0.857488	0.814886	-0.166026	-9.73336	0.0862207	-0.186812	
1429809784	746540	-165.615	-86.9759	-170.485	0.57696	0.79086	-0.257605	-9.63756	0.100591	-0.182021	
1429809784	796197	-165.718	-86.9852	-170.347	0.743468	0.376037	-0.3738	-9.64235	0.0814307	-0.129331	
1429809784	846287	-165.895	-86.9922	-170.14	0.587213	-0.165925	0.0653587	-9.70462	0.0766406	-0.167651	
1429809784	896229	-166.016	-87.0013	-169.987	0.701533	0.000431583	0.357381	-9.64235	0.00958008	-0.0766406	
1429809784	946439	-166.423	-87.0102	-169.548	0.744165	0.37451	-0.692251	-9.61361	0.0766406	-0.124541	
1429809784	996165	-166.504	-87.0202	-169.436	0.61943	0.0223304	0.0358183	-9.66151	0	-0.162861	
1429809785	46340	-166.692	-87.0246	-169.217	0.69295	0.173238	-0.0305478	-9.62319	0.0574805	-0.0910107	
1429809785	96244	-166.624	-87.0414	-169.251	0.674096	-0.11329	0.148092	-9.74773	0.100591	-0.148491	
1429809785	146405	-166.477	-87.0651	-169.368	0.618175	0.395633	0.109229	-9.62319	0.0814307	-0.148491	
1429809785	196178	-166.244	-87.0903	-169.571	0.688801	0.738052	-0.172731	-9.63756	0.138911	-0.162861	
1429809785	246244	-166	-87.1031	-169.781	0.786119	0.433514	0.141386	-9.74294	0.0479004	-0.148491	
1429809785	296160	-165.951	-87.112	-169.8	0.745473	0.211909	0.0725554	-9.64714	0.0431104	-0.234712	
1429809785	346405	-165.888	-87.1421	-169.828	0.715013	0.153797	0.0307561	-9.66151	0.0239502	-0.114961	
1429809785	396148	-166.038	-87.1501	-169.652	0.320031	0.583019	-0.647929	-9.62319	0.129331	-0.162861	
1429809785	446255	-166.188	-87.1762	-169.471	0.580601	0.414816	-0.289738	-9.64714	0.0431104	-0.148491	
1429809785	496231	-166.575	-87.2012	-169.053	0.57841	0.330213	-0.236097	-9.67109	0.0622705	-0.239502	
1429809785	546428	-166.633	-87.2253	-168.966	0.634572	0.0879814	-0.424994	-9.67109	0.0335303	-0.138911	
1429809785	596160	-166.763	-87.2481	-168.809	0.698452	0.176615	-0.0805736	-9.69025	0.0526904	-0.119751	
1429809785	646335	-166.839	-87.2564	-168.709	0.394963	1.09944	-0.354552	-9.67109	0.110171	-0.0814307	
1429809785	696188	-166.59	-87.2647	-168.932	0.397541	0.268137	-0.633417	-9.64235	0.0910107	-0.124541	
1429809785	746543	-166.355	-87.273	-169.144	0.47193	0.745394	0.047192	-9.65672	0.0766406	-0.124541	
1429809785	796204	-166.008	-87.278	-169.465	0.576666	0.37801	0.054959	-9.69025	0.0479004	-0.148491	
1429809785	846245	-165.713	-87.2773	-169.734	0.506921	0.310506	-0.170363	-9.65193	0.0287402	-0.249082	
1429809785	896200	-165.692	-87.2986	-169.729	0.507564	0.315774	-0.0539605	-9.67109	0.0814307	-0.148491	
1429809785	946400	-165.409	-87.3112	-169.986	0.637667	0.589522	0.21851	-9.68067	0.0431104	-0.167651	
1429809785	996187	-165.621	-87.3187	-169.751	0.553925	0.485523	-0.174846	-9.74294	0.0958008	-0.172441	
1429809786	46244	-165.978	-87.3193	-169.369	0.625163	0.16561	-0.428955	-9.62319	0.100591	-0.0958008	
1429809786	96203	-166.176	-87.3247	-169.145	0.563166	0.0308793	-0.413045	-9.64235	0.0670606	-0.0718506	
1429809786	146343	-166.227	-87.321	-169.073	0.574348	-0.273269	-0.022339	-9.72857	0.0670606	-0.138911	
1429809786	196185	-166.247	-87.3272	-169.032	0.408527	0.241655	-0.191719	-9.59924	0.105381	-0.0958008	
1429809786	246321	-165.828	-87.321	-169.431	0.459955	-0.273568	0.63199	-9.65193	0.0910107	-0.0910107	
1429809786	296270	-165.291	-87.3231	-169.943	0.466578	0.402219	0.587432	-9.61361	0.0479004	-0.0910107	
1429809786	346367	-164.755	-87.3339	-170.457	0.458117	0.0954139	0.447409	-9.69504	0.134121	-0.114961	
1429809786	396108	-164.612	-87.3428	-170.58	0.374285	-0.0808656	0.668739	-9.69983	0.114961	-0.186812	
1429809786	446244	-164.383	-87.351	-170.789	0.535536	-0.288465	-0.526406	-9.58008	0.0431104	-0.177231	
1429809786	496124	-164.229	-87.3548	-170.917	0.521274	0.15039	0.465271	-9.63277	0.0574805	-0.138911	
1429809786	546313	-164.346	-87.3592	-170.777	0.381349	0.371477	-0.364366	-9.62319	0.0335303	-0.158071	
1429809786	596149	-164.575	-87.3671	-170.525	0.515455	0.88532	-0.523413	-9.68546	0.138911	-0.129331	
1429809786	646227	-164.562	-87.3762	-170.517	0.509231	0.264173	0.0890227	-9.6663	0.0287402	-0.182021	
1429809786	696158	-164.698	-87.3993	-170.363	0.350019	0.632155	-0.360271	-9.65193	0.0958008	-0.134121	
1429809786	746448	-164.637	-87.4033	-170.402	0.350152	0.104499	-0.0271874	-9.67109	0.0814307	-0.143701	
1429809786	796353	-164.479	-87.4064	-170.54	0.299808	0.583486	-0.416818	-9.6184	0.0431104	-0.0718506	
1429809786	846323	-164.328	-87.4087	-170.673	0.487835	0.113395	0.167154	-9.67109	0.0383203	-0.191602	
1429809786	896204	-164.208	-87.4184	-170.774	0.389402	-0.215828	0.737716	-9.68546	0.0622705	-0.182021	
1429809786	946385	-163.674	-87.4352	-171.285	0.455537	0.244985	0.261131	-9.68067	0.0766406	-0.148491	
1429809786	996227	-163.534	-87.4583	-171.407	0.384034	0.572151	-0.500596	-9.64714	0.0862207	-0.177231	
1429809787	46275	-163.502	-87.4898	-171.422	0.455831	0.642295	0.32171	-9.65672	0.0622705	-0.0910107	
1429809787	96248	-163.573	-87.5085	-171.334	0.30915	0.584654	-0.111219	-9.61361	0.0814307	-0.205972	
1429809787	146404	-163.807	-87.5302	-171.08	0.641773	0.11996	-0.0542855	-9.66151	0.0574805	-0.119751	
1429809787	196400	-164.067	-87.5308	-170.804	0.40845	0.0831883	-0.85229	-9.63277	0.0239502	-0.143701	
1429809787	246281	-164.108	-87.5463	-170.75	0.346562	0.261418	0.00571423	-9.63756	0.0431104	-0.105381	
1429809787	296107	-164.219	-87.5478	-170.619	0.35933	0.28918	-0.572989	-9.67588	0.0287402	-0.215552	
1429809787	346359	-164.261	-87.5755	-170.564	0.32496	0.675944	-0.13547	-9.64714	0.0143701	-0.0862207	
1429809787	396116	-163.958	-87.5956	-170.852	0.320469	0.327187	0.242779	-9.7142	0.0431104	-0.114961	
1429809787	446230	-163.507	-87.6094	-171.287	0.518083	0.537614	-0.0146883	-9.62319	0.100591	-0.148491	
1429809787	496145	-163.461	-87.6205	-171.316	0.17797	0.487129	-0.139203	-9.68067	0.0814307	-0.220342	
1429809787	546322	-163.355	-87.6405	-171.407	0.391547	0.409613	0.30553	-9.70462	0.0670606	-0.105381	
1429809787	596156	-163.494	-87.6582	-171.253	0.196419	0.383904	-0.543256	-9.66151	0.0958008	-0.129331	
1429809787	646343	-163.574	-87.6733	-171.161	0.258709	0.668189	0.103462	-9.63277	0.0814307	-0.162861	
1429809787	696182	-163.872	-87.6975	-170.852	0.0718201	0.658536	-0.0987793	-9.66151	0.105381	-0.167651	
1429809787	746547	-164.081	-87.7182	-170.633	0.270145	0.690388	-0.215046	-9.65672	0.0718506	-0.138911	
1429809787	796198	-164.182	-87.737	-170.523	0.177666	0.645432	-0.802198	-9.64235	-0.0191602	-0.205972	
1429809787	846240	-164.459	-87.7588	-170.237	0.0806755	0.612393	0.0461982	-9.65672	0.00479004	-0.172441	
1429809787	896456	-164.79	-87.7917	-169.894	0.162121	0.321324	0.131705	-9.65193	0.0814307	-0.134121	
1429809787	957536	-164.603	-87.7942	-170.075	0.037235	0.286546	-0.196966	-9.71899	0.0814307	-0.167651	
1429809787	996113	-164.048	-87.7955	-170.62	0.421045	0.162747	0.410637	-9.61361	0.0718506	-0.105381	
1429809788	46261	-163.873	-87.7956	-170.786	0.104285	0.547753	0.138113	-9.65193	0.0191602	-0.138911	
1429809788	96505	-163.422	-87.8173	-171.229	0.10293	0.268791	0.0291065	-9.64235	0.0622705	-0.143701	
1429809788	146646	-163.15	-87.82	-171.492	0.125094	0.0998335	0.113566	-9.70462	0.0431104	-0.177231	
1429809788	196289	-163.608	-87.822	-171.029	0.143106	-0.618853	-0.2701	-9.65193	0.0479004	-0.229922	
1429809788	246195	-163.456	-87.8286	-171.171	0.27528	0.159006	0.150893	-9.65672	0.100591	-0.162861	
1429809788	296158	-163.916	-87.8231	-170.704	0.136633	-0.164267	-0.835428	-9.67588	0.100591	-0.162861	
1429809788	357310	-164.068	-87.8245	-170.545	0.0912499	0.0570368	0.0830959	-9.69504	0.0718506	-0.119751	
1429809788	396197	-164.299	-87.8155	-170.309	0.214219	-0.269023	-0.0752002	-9.58008	0.0862207	-0.205972	
1429809788	446256	-164.334	-87.8251	-170.264	0.133146	0.121569	-0.351028	-9.66151	0.0814307	-0.114961	
1429809788	496186	-164.156	-87.8221	-170.436	0.184551	0.0556763	0.556198	-9.60403	0.0670606	-0.110171	
1429809788	546409	-163.855	-87.8277	-170.726	0.244338	0.0168616	0.183063	-9.68546	0.0239502	-0.134121	
1429809788	596138	-163.558	-87.8326	-171.011	0.196944	-0.099191	0.209321	-9.64235	0.0479004	-0.100591	
1429809788	646197	-163.276	-87.8399	-171.282	0.0939496	0.402419	0.0979281	-9.65672	0.0622705	-0.162861	
1429809788	696148	-162.756	-87.8438	-171.793	0.245124	0.0887664	0.827052	-9.63277	0.0335303	-0.138911	
1429809788	757946	-162.851	-87.843	-171.689	0.121201	0.108697	-0.278914	-9.58487	0.0479004	-0.158071	
1429809788	796167	-162.83	-87.8578	-171.707	0.100529	0.680462	-0.55622	-9.68067	0.0526904	-0.158071	
1429809788	846226	-163.004	-87.8626	-171.524	0.0693622	0.087449	0.0543311	-9.6663	0.114961	-0.186812	
1429809788	896198	-163.156	-87.8831	-171.363	0.347814	-0.0176851	-0.263254	-9.68067	0.0814307	-0.138911	
1429809788	946365	-162.884	-87.9071	-171.63	0.14173	-0.0143716	-0.317146	-9.68067	0.0862207	-0.162861	
1429809788	996206	-162.654	-87.9243	-171.849	0.176166	0.0433226	-0.155284	-9.70462	0.0574805	-0.196392	
1429809789	46273	-162.085	-87.9351	-172.407	0.184844	-0.316913	0.330561	-9.65672	0.0766406	-0.186812	
1429809789	96217	-161.526	-87.9466	-172.959	0.183413	1.18646	-0.0243862	-9.68067	0.100591	-0.196392	
1429809789	158461	-160.979	-87.9603	-173.497	0.181983	0.293761	0.172337	-9.63756	0.0383203	-0.124541	
1429809789	196155	-161.11	-87.9565	-173.363	0.0596469	-0.0103443	-0.284082	-9.69983	0.0383203	-0.158071	
1429809789	246335	-160.894	-87.9824	-173.575	0.175632	0.225116	-0.0405746	-9.64235	0.110171	-0.210762	
1429809789	296151	-160.5	-88.0035	-173.963	0.0992883	0.675387	0.343437	-9.65672	0.0574805	-0.129331	
1429809789	346522	-160.57	-88.0163	-173.889	0.154555	0.212839	0.280395	-9.62319	0.0670606	-0.105381	
1429809789	396208	-160.677	-88.0203	-173.778	0.232403	0.0547009	-0.780445	-9.62319	0.0718506	-0.167651	
1429809789	446329	-161.054	-88.0337	-173.397	0.0203499	-0.0989443	-0.54346	-9.73815	0.0622705	-0.186812	
1429809789	496195	-161.375	-88.0667	-173.073	0.0650332	0.415721	-1.02108	-9.62319	0.0766406	-0.124541	
1429809789	546376	-161.377	-88.0718	-173.069	0.0669514	0.360145	-0.064306	-9.6663	0.100591	-0.138911	
1429809789	596236	-161.401	-88.0768	-173.041	-0.0624849	-0.269345	0.141553	-9.6663	0.0766406	-0.158071	
1429809789	646265	-160.921	-88.081	-173.52	-0.0197871	-0.0649568	0.79245	-9.58008	0.0958008	-0.129331	
1429809789	696198	-160.448	-88.075	-173.984	0.23809	0.0924716	-0.178277	-9.6663	0.114961	-0.148491	
1429809789	746405	-160.01	-88.0947	-174.418	0.158204	0.403323	0.0456446	-9.67109	0.0622705	-0.105381	
1429809789	796216	-159.986	-88.0946	-174.437	-0.000772772	0.404808	-0.161387	-9.67588	0.0479004	-0.129331	
1429809789	846299	-160.155	-88.1008	-174.263	0.0855584	0.227914	-0.208697	-9.68067	0.0670606	-0.162861	
1429809789	896243	-160.592	-88.1213	-173.821	0.137158	0.218473	-0.251323	-9.62798	0.0670606	-0.100591	
1429809789	946437	-161.071	-88.1264	-173.342	-0.0391654	0.256792	-0.386543	-9.58008	0.100591	-0.148491	
1429809789	996238	-161.537	-88.1276	-172.875	0.00671717	0.313162	-0.488074	-9.68546	0.0431104	-0.119751	
1429809790	46347	-161.884	-88.1404	-172.527	0.0111786	0.726946	-0.00736508	-9.70462	0.105381	-0.148491	
1429809790	96252	-161.659	-88.1453	-172.747	0.0989807	0.221103	0.23029	-9.66151	0.0718506	-0.143701	
1429809790	146354	-161.48	-88.1607	-172.923	-0.0532454	0.498823	0.308627	-9.67109	0.0670606	-0.124541	
1429809790	196234	-161.02	-88.1639	-173.375	0.11498	-0.0927868	0.369162	-9.65672	0.110171	-0.182021	
1429809790	246262	-160.736	-88.1618	-173.659	0.0143831	-0.482286	0.442815	-9.65672	-0.0143701	-0.182021	
1429809790	296222	-160.474	-88.1631	-173.914	0.14302	0.29603	0.0759478	-9.62798	0.0862207	-0.167651	
1429809790	346388	-160.157	-88.1699	-174.227	0.0932612	1.1249	-0.182368	-9.62798	0.0526904	-0.229922	
1429809790	396266	-160.304	-88.1877	-174.075	0.0360641	0.774268	-0.00319642	-9.71899	0.0287402	-0.114961	
1429809790	446288	-160.777	-88.1897	-173.601	-0.055441	-0.0482666	-0.408023	-9.69025	0.0766406	-0.0862207	
1429809790	496226	-161.275	-88.1976	-173.1	0.165214	0.365895	-0.16398	-9.65193	0.0766406	-0.114961	
1429809790	546359	-161.862	-88.1942	-172.51	0.0344112	0.132665	-0.36683	-9.60403	0.0287402	-0.110171	
1429809790	596187	-162.416	-88.1943	-171.95	0.0267917	-0.294489	-0.234985	-9.69504	0.0958008	-0.110171	
1429809790	646232	-162.738	-88.1925	-171.622	0.179854	-0.282982	-0.126124	-9.62319	0.134121	-0.186812	
1429809790	696213	-162.628	-88.2111	-171.731	0.0953231	0.952102	-0.191111	-9.65193	0.0958008	-0.210762	
1429809790	758350	-162.008	-88.2223	-172.347	0.115954	0.311317	0.347817	-9.64714	0.0287402	-0.124541	
1429809790	796229	-161.866	-88.2239	-172.486	0.0159199	0.114516	0.274498	-9.64714	0.105381	-0.138911	
1429809790	846258	-161.348	-88.2191	-173.002	-0.0728618	0.0599187	0.0163008	-9.58008	0.0335303	-0.201182	
1429809790	896313	-160.903	-88.237	-173.442	-0.00581927	-0.208992	-0.320661	-9.69504	0.0287402	-0.0814307	
1429809790	946413	-160.909	-88.2222	-173.435	0.0192186	-0.232179	0.31258	-9.65672	0.0814307	-0.186812	
1429809790	996263	-161.022	-88.2256	-173.318	0.00765387	-0.271088	-0.335891	-9.68546	0.110171	-0.129331	
1429809791	46305	-161.141	-88.2228	-173.195	0.041909	0.0364954	-0.0830134	-9.69025	0.0622705	-0.158071	
1429809791	96221	-161.369	-88.244	-172.966	-0.0315068	0.994154	-0.239075	-9.6184	0.0239502	-0.186812	
1429809791	146451	-161.544	-88.2555	-172.789	0.00193881	-0.351524	0.395802	-9.68546	0.0526904	-0.0526904	
1429809791	196234	-161.621	-88.2609	-172.708	-0.0388165	-0.337619	0.215427	-9.64235	0.0814307	-0.153281	
1429809791	246236	-161.397	-88.284	-172.935	-0.0684483	0.522473	-0.203399	-9.62798	0.0431104	-0.201182	
1429809791	296274	-161.068	-88.3036	-173.26	-0.0468645	0.860592	0.12434	-9.63756	0.0670606	-0.134121	
1429809791	346258	-160.697	-88.3117	-173.63	-0.069041	0.026105	-0.161114	-9.64235	0.124541	-0.225132	
1429809791	396261	-159.81	-88.3247	-174.518	-0.0691587	0.125106	0.39098	-9.69025	0.0431104	-0.0814307	
1429809791	446274	-159.39	-88.3279	-174.936	-0.0296499	0.365849	0.259661	-9.66151	0.0574805	-0.177231	
1429809791	496422	-158.987	-88.3464	-175.344	-0.07308	0.271783	0.259353	-9.6663	0.105381	-0.0958008	
1429809791	546425	-159.037	-88.36	-175.298	-0.0920004	0.220148	-0.505638	-9.7142	0.0862207	-0.0958008	
1429809791	596188	-159.216	-88.366	-175.12	-0.0177117	0.291231	-0.242039	-9.63756	0.0479004	-0.124541	
1429809791	646278	-159.21	-88.3826	-175.126	0.183987	0.717623	-0.449688	-9.68546	0.0479004	-0.153281	
1429809791	696174	-159.777	-88.3847	-174.565	-0.112323	0.196198	0.401405	-9.66151	0.0910107	-0.158071	
1429809791	746394	-159.486	-88.3975	-174.859	0.0142685	0.688121	0.771181	-9.69025	0.0862207	-0.100591	
1429809791	796214	-159.111	-88.3983	-175.238	-0.129947	-0.0813796	0.315105	-9.68546	0.0335303	-0.119751	
1429809791	846250	-159.165	-88.4058	-175.184	-0.0687764	0.879856	0.1694	-9.69983	0.119751	-0.158071	
1429809791	896244	-158.041	-88.4302	-176.31	0.0697058	0.409236	0.564551	-9.69025	0.0622705	-0.119751	
1429809791	946422	-157.267	-88.4343	-177.087	-0.197074	0.633061	0.691711	-9.64714	0.0526904	-0.215552	
1429809791	996262	-156.738	-88.4487	-177.618	-0.064013	0.295068	0.251569	-9.67109	0.0910107	-0.129331	
1429809792	46305	-156.521	-88.4611	-177.836	0.0153801	0.30426	-0.575099	-9.63756	0.129331	-0.220342	
1429809792	96258	-156.35	-88.4817	-178.014	-0.181773	0.142422	-0.888348	-9.6663	0.114961	-0.186812	
1429809792	158507	-156.43	-88.4925	-177.94	-0.1803	0.446638	-0.156884	-9.69504	0.0479004	-0.110171	
1429809792	196304	-156.613	-88.5012	-177.759	-0.03147	0.225789	-0.102186	-9.68546	0.124541	-0.162861	
1429809792	246212	-156.747	-88.5159	-177.628	-0.191283	0.67253	-0.588731	-9.6184	0.0958008	-0.148491	
1429809792	296268	-157.156	-88.5246	-177.225	-0.0854043	-0.41446	-0.390962	-9.62319	0.0910107	-0.186812	
1429809792	357996	-157.181	-88.5452	-177.202	-0.0719679	-0.658823	-0.190907	-9.69025	0.0622705	-0.0862207	
1429809792	397994	-156.917	-88.543	-177.468	-0.0776176	-0.00753797	0.663899	-9.65193	0.0622705	-0.119751	
1429809792	446223	-156.523	-88.5448	-177.866	-0.113254	0.124559	0.303501	-9.64714	0.0862207	-0.182021	
1429809792	496149	-155.924	-88.5603	-178.47	-0.205231	0.702677	0.613624	-9.69983	0.0862207	-0.129331	
1429809792	546411	-155.95	-88.5495	-178.447	-0.0705055	-0.572315	-0.179879	-9.65193	0.0766406	-0.186812	
1429809792	596174	-155.573	-88.5609	-178.83	-0.118468	0.532555	-0.0774201	-9.75252	0.124541	-0.153281	
1429809792	646236	-155.296	-88.5644	-179.11	0.147035	0.474808	-0.351328	-9.64714	0.114961	-0.158071	
1429809792	696181	-155.457	-88.5712	-178.955	-0.219866	0.0180703	-0.0841898	-9.67109	0.0479004	-0.0670606	
1429809792	746462	-156.205	-88.5842	-178.213	0.0213122	0.154654	-0.412771	-9.59445	0.0814307	-0.105381	
1429809792	796208	-156.761	-88.5886	-177.664	-0.306797	-0.949893	-0.416276	-9.67588	0.0718506	-0.143701	
1429809792	846270	-157.076	-88.5917	-177.353	-0.0924066	-0.230014	-0.140685	-9.68067	0.0574805	-0.167651	
1429809792	896893	-157.376	-88.5825	-177.054	-0.128388	-0.831437	-0.175325	-9.66151	0.0670606	-0.162861	
1429809792	946489	-157.203	-88.5986	-177.229	-0.0889409	0.450488	-0.50531	-9.66151	0.0335303	-0.0958008	
1429809792	996171	-157.134	-88.5943	-177.3	-0.078453	0.160508	0.402974	-9.67588	0.119751	-0.186812	
1429809793	46365	-156.516	-88.6016	-177.921	-0.169809	0.234345	0.115176	-9.67588	0.0287402	-0.0958008	
1429809793	96522	-155.799	-88.6128	-178.639	0.00197152	0.093456	0.452048	-9.63277	0.0383203	-0.105381	
1429809793	149016	-154.732	-88.6236	-179.713	-0.0446477	0.69034	0.833816	-9.67109	0.0287402	-0.172441	
1429809793	196547	-154.556	-88.6257	-179.892	-0.0653154	0.0387466	0.147303	-9.62319	0.0335303	-0.249082	
1429809793	246234	-154.717	-88.6257	-179.733	-0.0480712	-0.936301	0.0964416	-9.60403	0.114961	-0.177231	
1429809793	296178	-155.072	-88.6351	-179.383	-0.252868	0.480479	-0.866818	-9.70941	0.124541	-0.138911	
1429809793	346253	-154.977	-88.6409	-179.483	-0.00682768	-0.0474199	0.0759826	-9.6663	0.105381	-0.143701	
1429809793	396191	-154.747	-88.6451	-179.719	-0.15356	0.166418	0.281951	-9.68067	0.0814307	-0.172441	
1429809793	446263	-155.22	-88.6575	-179.251	-0.110726	0.0808398	-0.305328	-9.78605	0.0479004	-0.205972	
1429809793	496209	-154.906	-88.6718	-179.57	-0.0335224	0.0545143	-0.188228	-9.65193	0.0766406	-0.220342	
1429809793	546237	-154.692	-88.6888	-179.788	0.0331286	0.603504	0.7037	-9.7142	0.124541	-0.138911	
1429809793	596201	-153.816	-88.69	179.332	-0.030985	0.127004	0.746451	-9.62319	0.0383203	-0.138911	
1429809793	646355	-152.729	-88.705	178.239	-0.0560572	0.951547	0.24148	-9.66151	0.0335303	-0.153281	
1429809793	696246	-152.486	-88.7109	177.99	-0.0698303	0.285633	0.248224	-9.66151	0.0191602	-0.158071	
1429809793	746568	-152.228	-88.7167	177.728	-0.139381	0.574891	-0.203197	-9.60403	0.0670606	-0.148491	
1429809793	796199	-152.604	-88.7143	178.095	-0.0752549	0.35279	-0.249367	-9.64235	0.0383203	-0.191602	
1429809793	846186	-152.949	-88.7382	178.431	-0.111479	1.10932	-0.339921	-9.7142	0.0862207	-0.0766406	
1429809793	896216	-152.471	-88.7505	177.943	-0.215244	0.497815	0.427606	-9.70462	0.0239502	-0.110171	
1429809793	946680	-152.286	-88.7665	177.754	-0.131866	0.169412	0.218164	-9.6663	0.0766406	-0.225132	
1429809793	996198	-152.443	-88.7674	177.9	-0.202871	0.138719	-0.405249	-9.56571	0.100591	-0.129331	
1429809794	46248	-151.967	-88.7844	177.416	-0.254436	0.886523	0.179422	-9.6184	0.0814307	-0.177231	
1429809794	96232	-151.65	-88.8047	177.09	-0.27384	0.671862	-0.31192	-9.67109	0.0622705	-0.0766406	
1429809794	146414	-151.039	-88.8025	176.47	-0.175672	-0.150657	0.712494	-9.63277	0.00479004	-0.225132	
1429809794	196178	-150.49	-88.8083	175.908	-0.374748	0.0692824	0.223813	-9.64714	0.0431104	-0.220342	
1429809794	246283	-149.881	-88.8238	175.289	-0.254075	0.297711	0.422164	-9.67588	0.100591	-0.148491	
1429809794	296264	-149.506	-88.8263	174.905	-0.104583	0.121201	-0.32758	-9.63756	0.114961	-0.220342	
1429809794	346502	-149.274	-88.8411	174.663	-0.102927	0.538069	-0.0199981	-9.65672	0.0718506	-0.148491	
1429809794	396228	-149.43	-88.8526	174.81	-0.116459	-0.0401212	-0.231234	-9.6184	0.0814307	-0.205972	
1429809794	446361	-149.711	-88.8538	175.084	-0.115804	-0.0727372	-0.265738	-9.62319	0.0622705	-0.129331	
1429809794	496172	-150.324	-88.8564	175.693	-0.00475947	-0.248463	-0.263771	-9.67109	0.134121	-0.0814307	
1429809794	546296	-149.941	-88.872	175.311	0.087922	0.0977206	-0.082808	-9.67588	0.148491	-0.124541	
1429809794	596173	-149.75	-88.8776	175.119	0.0254818	0.2636	-0.0182552	-9.68067	0.105381	-0.172441	
1429809794	646193	-149.313	-88.8764	174.68	0.178225	0.104263	0.310664	-9.68067	0.0479004	-0.134121	
1429809794	696203	-149.891	-88.882	175.262	0.101296	-0.364686	-0.219022	-9.68067	0.100591	-0.172441	
1429809794	746409	-149.044	-88.8764	174.42	0.231094	-0.208807	-0.0878982	-9.69504	0.0862207	-0.124541	
1429809794	796210	-148.644	-88.86	174.024	0.211687	-0.239282	0.370024	-9.59924	0.0431104	-0.110171	
1429809794	846226	-148.108	-88.8547	173.498	0.281329	0.224139	0.519577	-9.67588	0.0958008	-0.124541	
1429809794	896248	-148.344	-88.8502	173.745	0.300966	-0.681848	-0.0179907	-9.61361	0.114961	-0.210762	
1429809794	946369	-148.323	-88.8423	173.733	0.0788726	0.295664	0.140712	-9.65672	0.110171	-0.148491	
1429809794	996233	-148.676	-88.847	174.092	0.37431	0.458753	-0.753547	-9.69983	0.110171	-0.0910107	
1429809795	46274	-149.393	-88.8506	174.819	0.147476	-0.213806	-0.778008	-9.65193	0.0383203	-0.234712	
1429809795	96252	-150.033	-88.8606	175.47	0.0236436	-0.388006	-0.591354	-9.70462	0.0287402	-0.196392	
1429809795	146366	-150.262	-88.8701	175.709	0.206026	0.244315	-0.314018	-9.7142	0.0814307	-0.138911	
1429809795	196226	-151.07	-88.8574	176.53	0.279045	0.0403653	0.033828	-9.65672	0.100591	-0.167651	
1429809795	246242	-150.937	-88.8629	176.411	0.396294	0.32205	0.166947	-9.65193	0.114961	-0.220342	
1429809795	296252	-150.45	-88.8766	175.939	0.354509	0.0979056	-0.487046	-9.68546	0.0958008	-0.162861	
1429809795	346390	-150.264	-88.8773	175.768	0.368284	-0.601419	-0.447662	-9.67588	0.0958008	-0.182021	
1429809795	396264	-149.998	-88.8785	175.518	0.45431	0.203717	-0.127246	-9.65193	0.0335303	-0.162861	
1429809795	446257	-150.054	-88.8741	175.592	0.348901	-0.190089	-0.355594	-9.69025	0.0479004	-0.210762	
1429809795	496268	-150.066	-88.8959	175.621	0.229965	0.358996	-0.0342767	-9.68067	0.0670606	-0.148491	
1429809795	546320	-150.527	-88.9102	176.096	0.37061	0.168891	-0.113474	-9.69504	0.0958008	-0.153281	
1429809795	596269	-150.73	-88.9241	176.319	0.398578	0.593548	-0.61013	-9.69983	0.0718506	-0.205972	
1429809795	646238	-151.024	-88.9268	176.633	0.438692	-1.05377	-0.405728	-9.68546	0.0622705	-0.134121	
1429809795	696331	-150.742	-88.9352	176.373	0.395443	0.382411	-0.0512656	-9.61361	0.138911	-0.105381	
1429809795	757545	-150.608	-88.9465	176.26	0.381544	0.526293	-0.262808	-9.65672	0.0622705	-0.0958008	
1429809795	796300	-149.719	-88.9541	175.388	0.353471	0.619446	0.275414	-9.63756	0.105381	-0.0335303	
1429809795	846236	-148.513	-88.9603	174.204	0.533206	0.437189	0.279619	-9.70941	0.0766406	-0.100591	
1429809795	896311	-147.893	-88.9736	173.607	0.421254	0.35658	-0.519825	-9.69983	0.0862207	-0.129331	
1429809795	946478	-146.422	-88.9872	172.157	0.392485	0.230869	-0.0774179	-9.69025	0.110171	-0.162861	
1429809795	996166	-145.81	-88.9942	171.567	0.386408	0.144598	0.386424	-9.6663	0.0574805	-0.186812	
1429809796	46220	-145.093	-89.0006	170.871	0.418811	0.502131	-0.172843	-9.56571	0.114961	-0.0958008	
1429809796	96280	-145.19	-89.0166	170.985	0.203125	0.554925	0.124693	-9.65193	0.0766406	-0.196392	
1429809796	152630	-145.459	-89.0323	171.268	0.304509	0.0636221	-0.251942	-9.66151	0.0287402	-0.191602	
1429809796	196197	-145.091	-89.0579	170.917	0.296328	0.381652	0.179562	-9.61361	0.105381	-0.0670606	
1429809796	246259	-144.698	-89.0793	170.539	0.280803	0.216798	-0.480279	-9.67588	0.0766406	-0.124541	
1429809796	296252	-144.574	-89.084	170.431	0.360968	-0.256744	-0.774369	-9.68067	0.0670606	-0.162861	
1429809796	346367	-144.458	-89.0986	170.328	0.246833	0.680062	-0.259268	-9.69983	0.0766406	-0.114961	
1429809796	396238	-144.434	-89.1056	170.315	0.304563	-0.0304065	0.296154	-9.62798	0.0526904	-0.196392	
1429809796	446207	-144.668	-89.0993	170.561	0.304664	0.210215	-0.317143	-9.66151	0.0814307	-0.186812	
1429809796	496262	-144.257	-89.09	170.161	0.097217	0.0485737	0.255696	-9.64714	0.0143701	-0.110171	
1429809796	546348	-144.182	-89.095	170.095	0.18077	-0.151287	0.121018	-9.70941	0.0718506	-0.138911	
1429809796	596317	-144.313	-89.0984	170.233	0.221273	0.177011	-0.0816678	-9.67109	0.0910107	-0.172441	
1429809796	646239	-144.42	-89.1155	170.346	0.171636	0.178082	-0.565922	-9.69504	0	-0.143701	
1429809796	696183	-145.479	-89.1197	171.412	0.0174548	-0.0542942	-0.472276	-9.6663	0.0814307	-0.162861	
1429809796	746381	-145.426	-89.1282	171.362	0.0505262	0.168354	0.373812	-9.64235	0.100591	-0.0958008	
1429809796	796190	-145.902	-89.1102	171.844	0.103874	-0.756691	-0.423784	-9.60882	0.0718506	-0.191602	
1429809796	846240	-145.703	-89.1237	171.648	0.0884226	0.617299	-0.332255	-9.69983	0.114961	-0.0526904	
1429809796	896249	-144.844	-89.1138	170.794	0.116896	-0.0805794	0.613047	-9.69504	0.0718506	-0.158071	
1429809796	946388	-144.774	-89.116	170.733	0.198629	-0.0552078	-0.193348	-9.66151	0.0670606	-0.162861	
1429809796	996227	-143.637	-89.1202	169.606	0.153946	0.845257	0.608245	-9.63277	0.0814307	-0.158071	
1429809797	46247	-143.088	-89.1175	169.065	0.263847	0.1504	-0.0548303	-9.67588	0.0718506	-0.0910107	
1429809797	96257	-143.406	-89.0995	169.397	0.149654	-0.0101494	-0.342081	-9.62319	0.105381	-0.191602	
1429809797	146417	-143.311	-89.0956	169.314	0.151624	0.0120581	-0.506547	-9.67588	0.0622705	-0.124541	
1429809797	196094	-143.658	-89.0941	169.674	0.338208	-0.2158	0.155211	-9.6663	0.0287402	-0.196392	
1429809797	246223	-144.281	-89.0991	170.313	0.277416	-0.0741005	0.101901	-9.69504	0.119751	-0.110171	
1429809797	296157	-144.935	-89.0926	170.979	0.216174	0.0792195	0.0168017	-9.6663	0.105381	-0.172441	
1429809797	346354	-145.65	-89.0932	171.708	0.30505	-0.161211	-0.246218	-9.63277	0.0335303	-0.134121	
1429809797	396180	-145.649	-89.0924	171.723	0.17765	-0.701008	0.267299	-9.73336	0.105381	-0.167651	
1429809797	446156	-144.954	-89.0928	171.043	0.482085	-0.34333	-0.229627	-9.63756	0.0335303	-0.0670606	
1429809797	496151	-144.369	-89.0876	170.477	0.531096	0.428912	0.400339	-9.66151	0.0574805	-0.172441	
1429809797	546390	-144.084	-89.0876	170.203	0.135213	0.105605	0.185821	-9.65672	0.0766406	-0.234712	
1429809797	596170	-143.285	-89.09	169.422	0.249002	0.0374405	0.382089	-9.64235	0.105381	-0.0814307	
1429809797	646196	-144.12	-89.0849	170.275	0.247744	-0.249969	-0.317494	-9.74294	0.0574805	-0.110171	
1429809797	696187	-144.134	-89.0831	170.3	0.0726158	-0.186224	0.375653	-9.63756	0.0526904	-0.148491	
1429809797	746488	-143.806	-89.1078	169.985	0.276024	0.760164	-0.409481	-9.67109	0.0431104	-0.105381	
1429809797	796199	-144.103	-89.1269	170.294	0.192148	-0.1529	-0.490799	-9.70462	0.0239502	-0.119751	
1429809797	846412	-143.996	-89.1357	170.201	0.227674	-0.0533922	0.433433	-9.63756	0.114961	-0.129331	
1429809797	896281	-144.25	-89.1477	170.466	0.187403	0.179117	-0.451026	-9.64235	0.00958008	-0.162861	
1429809797	946467	-143.986	-89.1661	170.212	0.0619669	0.274364	0.182347	-9.67588	0.0862207	-0.0862207	
1429809797	996126	-144.266	-89.1689	170.503	0.156832	0.687625	-0.150714	-9.66151	0.0431104	-0.0862207	
1429809798	46220	-143.913	-89.1687	170.16	0.0555513	0.18409	0.394733	-9.68546	0.0143701	-0.229922	
1429809798	96506	-142.074	-89.1765	168.331	0.0545939	0.473723	0.184488	-9.65672	0.105381	-0.0910107	
1429809798	146648	-140.976	-89.1784	167.243	0.360281	0.349982	0.280588	-9.68546	0.0191602	-0.124541	
1429809798	196522	-140.99	-89.1855	167.268	0.17107	-0.0339955	0.0867648	-9.62319	0.0622705	-0.129331	
1429809798	246175	-141.242	-89.1911	167.533	0.256435	-0.037397	-0.0195261	-9.67109	0.0574805	-0.215552	
1429809798	296280	-140.413	-89.2152	166.707	0.0970049	0.435925	-0.28293	-9.66151	0.0479004	-0.153281	
1429809798	346304	-140.303	-89.2462	166.589	-0.370806	0.912868	-0.315536	-9.69025	0.0143701	-0.162861	
1429809798	396202	-140.474	-89.2683	166.743	-0.233062	0.154917	-0.49685	-9.67588	0.0383203	-0.244292	
1429809798	446215	-139.905	-89.2933	166.148	-0.623148	-0.245241	-0.321212	-9.67588	0.0526904	-0.196392	
1429809798	496206	-138.781	-89.3119	164.988	-0.770783	0.718863	-0.176593	-9.6663	0.0431104	-0.110171	
1429809798	546412	-137.712	-89.3303	163.871	-1.08869	0.832967	0.0863456	-9.68546	0.0479004	-0.182021	
1429809798	596133	-135.226	-89.3442	161.314	-1.61028	0.543344	0.49755	-9.70462	0.0526904	-0.110171	
1429809798	646257	-132.539	-89.3617	158.532	-2.11133	0.470586	0.519174	-9.71899	0.105381	-0.186812	
1429809798	696177	-130.233	-89.375	156.106	-2.53696	0.916901	0.0871084	-9.68546	0.0239502	-0.172441	
1429809798	746512	-128.115	-89.3874	153.834	-3.21747	0.635126	-0.0354502	-9.69504	0.0718506	-0.158071	
1429809798	796156	-125.913	-89.389	151.447	-3.83572	-0.106204	0.294589	-9.65672	0.0910107	-0.138911	
1429809798	846346	-124.877	-89.376	150.217	-3.79193	0.351008	-0.0758368	-9.66151	0.0766406	-0.158071	
1429809798	896291	-125.6	-89.3581	150.752	-3.72483	-0.381361	0.770067	-9.69983	0.0383203	-0.124541	
1429809798	946364	-127.489	-89.3526	152.451	-3.7562	-0.409298	0.115823	-9.65193	0.0239502	-0.153281	
1429809798	996197	-127.947	-89.3403	152.721	-3.74813	-0.105233	0.463214	-9.64235	0.0526904	-0.129331	
1429809799	46244	-128.377	-89.3359	152.959	-3.89471	-0.172464	0.261495	-9.60882	0.0239502	-0.138911	
1429809799	96221	-127.15	-89.3294	151.539	-4.07351	0.350868	0.400713	-9.68546	0.0287402	-0.158071	
1429809799	146412	-126.647	-89.3283	150.846	-3.88067	-0.072419	0.199826	-9.64714	0.119751	-0.177231	
1429809799	196178	-126.225	-89.3102	150.232	-3.87562	-0.282764	0.251731	-9.68546	0.0431104	-0.205972	
1429809799	246266	-127.335	-89.2892	151.152	-3.79974	0.0928483	-0.120248	-9.60403	0.0814307	-0.191602	
1429809799	296194	-127.766	-89.2691	151.393	-3.72403	-0.148895	1.24804	-9.65672	0.0526904	-0.0910107	
1429809799	346341	-129.29	-89.2509	152.725	-3.77901	-0.264879	-0.0868397	-9.63277	0.114961	-0.0958008	
1429809799	396297	-128.77	-89.2433	152.011	-3.85601	0.71455	0.42932	-9.63277	0.124541	-0.0670606	
1429809799	446200	-128.829	-89.2343	151.877	-3.82849	-0.260414	0.163192	-9.70462	0.114961	-0.0862207	
1429809799	496167	-129.162	-89.2192	152.012	-3.93697	0.331392	0.172821	-9.67588	0.100591	-0.210762	
1429809799	546366	-129.311	-89.205	151.968	-3.9039	-0.521288	-0.222788	-9.72378	0.105381	-0.172441	
1429809799	596169	-130.882	-89.1913	153.344	-4.01577	-0.620938	-0.23643	-9.68546	0.00958008	-0.172441	
1429809799	646220	-132.028	-89.1779	154.296	-3.91986	-0.81809	0.114873	-9.64714	0.100591	-0.105381	
1429809799	696210	-133.347	-89.1542	155.415	-3.9682	-0.805439	0.723867	-9.61361	0.0958008	-0.114961	
1429809799	746415	-133.899	-89.1407	155.765	-3.90687	-0.624598	-0.101697	-9.58966	0.0622705	-0.138911	
1429809799	796213	-133.718	-89.1359	155.389	-4.03895	0.233921	0.169165	-9.72378	0.0574805	-0.172441	
1429809799	846253	-132.639	-89.1537	154.107	-4.13719	0.189758	0.126217	-9.71899	0.0574805	-0.100591	
1429809799	896249	-132.215	-89.1593	153.475	-4.40887	0.654102	0.162937	-9.62319	0.0526904	-0.0766406	
1429809799	946375	-132.026	-89.1673	153.055	-4.93755	0.272168	-0.282034	-9.73336	0.0431104	-0.148491	
1429809799	996460	-131.644	-89.1884	152.416	-5.43176	0.501517	-0.176829	-9.70462	0.0622705	-0.225132	
1429809800	46327	-130.31	-89.2099	150.788	-6.14122	0.507231	-0.140061	-9.66151	0.0862207	-0.249082	
1429809800	96214	-129.474	-89.2364	149.626	-6.77274	0.0345997	0.251917	-9.69504	0.0143701	-0.186812	
1429809800	146358	-128.673	-89.2582	148.465	-7.49918	0.807222	-0.524159	-9.60882	0.0910107	-0.143701	
1429809800	196223	-127.614	-89.2707	147.029	-7.79073	0.122612	-0.238343	-9.69983	0.0479004	-0.201182	
1429809800	246274	-125.802	-89.2895	144.82	-8.19437	0.508076	-0.0486826	-9.64235	0.119751	-0.177231	
1429809800	296243	-124.047	-89.3065	142.653	-8.44491	0.729058	0.154282	-9.64714	0.0431104	-0.134121	
1429809800	346406	-121.25	-89.3245	139.424	-8.75462	1.30839	0.219789	-9.69025	0.0766406	-0.124541	
1429809800	396462	-118.654	-89.3377	136.377	-9.2787	0.949884	-0.228058	-9.64714	0.0383203	-0.225132	
1429809800	446167	-115.502	-89.3421	132.756	-9.52587	0.704798	0.247928	-9.7142	0.0862207	-0.138911	
1429809800	496162	-112.79	-89.3326	129.561	-9.82641	0.491119	0.152285	-9.63756	0.0718506	-0.196392	
1429809800	546324	-110.49	-89.3371	126.769	-10.0278	1.0246	0.443754	-9.68067	0.0862207	-0.110171	
1429809800	596179	-108.543	-89.3466	124.315	-10.4037	0.630118	0.170754	-9.68546	0.129331	-0.177231	
1429809800	646207	-107.144	-89.349	122.386	-10.8318	0.226268	-0.211539	-9.72857	0.105381	-0.182021	
1429809800	696286	-104.453	-89.3667	119.144	-11.1743	0.703209	-0.392586	-9.67109	0.0814307	-0.210762	
1429809800	746457	-102.094	-89.3951	116.2	-11.7362	0.459274	-0.509423	-9.62798	0.0718506	-0.153281	
1429809800	796220	-101.659	-89.4059	115.168	-12.2898	0.235109	-0.566649	-9.7142	0.0718506	-0.196392	
1429809800	846235	-101.976	-89.4072	114.87	-12.2581	0.0842347	0.464832	-9.7142	0.129331	-0.148491	
1429809800	896674	-103.155	-89.3945	115.415	-12.7634	-0.186446	-0.451729	-9.63277	0.0766406	-0.196392	
1429809800	946391	-102.746	-89.3626	114.36	-12.9304	-0.448415	0.5676	-9.68546	0.0335303	-0.186812	
1429809800	996308	-102.254	-89.3248	113.214	-13.2621	0.914828	1.4562	-9.72857	0.105381	-0.182021	
1429809801	46271	-100.73	-89.2978	111.01	-13.6143	0.172903	0.391216	-9.63756	0.105381	-0.0718506	
1429809801	96224	-101.303	-89.2627	110.895	-13.9499	-0.14288	0.403507	-9.67588	0.0526904	-0.215552	
1429809801	146312	-101.119	-89.2328	110.001	-14.3802	0.49586	0.423089	-9.64714	0.119751	-0.158071	
1429809801	196188	-103.302	-89.2244	111.461	-14.7444	-1.0251	-0.544539	-9.63277	0.0622705	-0.158071	
1429809801	246226	-105.933	-89.2204	113.353	-14.8497	-0.562895	0.089721	-9.61361	0.0479004	-0.177231	
1429809801	296207	-108.688	-89.2179	115.363	-15.074	0.122589	-0.0300375	-9.59924	0.0479004	-0.153281	
1429809801	346370	-112.051	-89.2313	117.967	-15.2101	-0.221235	-0.963378	-9.67109	0.0718506	-0.143701	
1429809801	396869	-113.648	-89.2333	118.802	-15.3318	-0.0499462	-0.143059	-9.63756	0.0574805	-0.162861	
1429809801	446220	-114.367	-89.2202	118.744	-15.415	-0.114253	0.955686	-9.65193	0.00958008	-0.201182	
1429809801	496236	-114.911	-89.2157	118.511	-15.7945	0.144274	0.339761	-9.70462	0.0383203	-0.114961	
1429809801	546322	-116.42	-89.2035	119.225	-15.8472	-0.431934	-0.0860149	-9.67588	0.100591	-0.100591	
1429809801	596147	-117.667	-89.1762	119.685	-15.8996	0.0201762	0.186727	-9.64235	0.0910107	-0.167651	
1429809801	646175	-119.627	-89.1452	120.853	-15.6756	-1.01278	0.107067	-9.72857	0.0766406	-0.172441	
1429809801	696168	-121.65	-89.1191	122.089	-15.8852	-0.573511	0.779953	-9.65193	0.0766406	-0.158071	
1429809801	746478	-122.838	-89.0967	122.48	-15.8682	-0.443282	0.352067	-9.65193	0.0479004	-0.100591	
1429809801	796185	-123.366	-89.1093	122.227	-15.709	0.636506	-0.320926	-9.67588	0.0670606	-0.210762	
1429809801	846217	-122.954	-89.1382	121.021	-15.8939	1.27142	-0.203744	-9.63277	0.0191602	-0.158071	
1429809801	896810	-124.888	-89.1484	122.166	-15.7752	-0.861106	-0.126159	-9.6184	0.0910107	-0.0814307	
1429809801	946388	-125.913	-89.1609	122.396	-15.8235	-0.0512452	-0.271495	-9.64714	0.0766406	-0.172441	
1429809801	996160	-126.333	-89.1494	122.023	-15.9942	-0.279138	0.570704	-9.63756	0.0958008	-0.220342	
1429809802	46274	-126.774	-89.1305	121.671	-15.7343	-0.230613	0.806913	-9.67109	0.0814307	-0.110171	
1429809802	96172	-126.387	-89.1162	120.497	-15.7117	0.366372	1.56448	-9.63756	0.0622705	-0.172441	
1429809802	146431	-125.063	-89.1061	118.39	-15.7687	0.166664	0.351279	-9.69983	0.0670606	-0.153281	
1429809802	196193	-122.42	-89.1144	114.966	-15.5711	1.27356	0.497934	-9.69025	0.0670606	-0.172441	
1429809802	246150	-120.48	-89.1186	112.237	-15.6896	0.975826	0.144585	-9.69504	0.0862207	-0.205972	
1429809802	296162	-118.774	-89.1289	109.742	-15.7322	0.151943	0.273546	-9.63277	0.119751	-0.162861	
1429809802	346353	-117.725	-89.1379	107.904	-15.6953	0.6656	0.310155	-9.72378	0.0862207	-0.158071	
1429809802	396174	-116.862	-89.1581	106.256	-15.7377	0.790237	-0.272691	-9.64235	0.110171	-0.138911	
1429809802	446137	-116.817	-89.1863	105.422	-15.7875	0.456522	-0.592982	-9.65672	0.114961	-0.124541	
1429809802	496386	-116.456	-89.1959	104.273	-15.814	0.966713	0.552469	-9.72378	0.0670606	-0.138911	
1429809802	546389	-114.753	-89.2077	101.778	-15.7947	1.05055	0.11327	-9.67588	0.0862207	-0.119751	
1429809802	596146	-111.834	-89.209	98.0744	-15.6693	1.26329	1.00473	-9.75252	0.0766406	-0.172441	
1429809802	646183	-108.661	-89.1955	94.1149	-15.7522	0.72947	0.170104	-9.69983	0.114961	-0.110171	
1429809802	696176	-106.064	-89.1731	90.738	-15.6093	0.577468	1.00206	-9.69983	0.100591	-0.177231	
1429809802	757416	-104.164	-89.1429	88.0538	-15.6669	0.304323	0.661574	-9.67109	-0.00958008	-0.191602	
1429809802	796190	-103.555	-89.1246	86.9108	-15.6471	0.273905	0.731451	-9.65672	0.0814307	-0.0958008	
1429809802	846211	-103.276	-89.1091	85.8543	-15.5354	0.130677	0.136508	-9.63277	0.0431104	-0.143701	
1429809802	896210	-102.615	-89.11	84.4149	-15.5576	0.598647	0.0409745	-9.65193	0.143701	-0.186812	
1429809802	946467	-100.829	-89.1199	81.8492	-15.7124	0.571946	-0.0874942	-9.61361	0.0431104	-0.210762	
1429809802	996118	-99.6757	-89.1445	79.915	-15.7219	0.898645	-0.237409	-9.71899	0.0766406	-0.162861	
1429809803	46270	-97.8243	-89.1619	77.2814	-15.642	1.12288	-0.0826602	-9.64714	0.0574805	-0.186812	
1429809803	96507	-97.0518	-89.167	75.7228	-15.766	0.650398	0.042501	-9.72857	0.0479004	-0.124541	
1429809803	146604	-97.3591	-89.1701	75.2521	-15.6146	0.161969	0.397377	-9.65193	0.100591	-0.0958008	
1429809803	196525	-98.5067	-89.1425	75.6239	-15.6206	-0.740967	0.236179	-9.67588	0.0910107	-0.172441	
1429809803	246148	-99.8027	-89.1291	76.1489	-15.5205	0.774321	0.320072	-9.74294	0.0622705	-0.129331	
1429809803	296158	-100.521	-89.1197	76.0977	-15.4149	-0.565013	0.577285	-9.65193	0.0287402	-0.100591	
1429809803	346308	-100.375	-89.1131	75.1795	-15.4145	0.418283	0.194228	-9.65672	0.143701	-0.162861	
1429809803	396174	-99.8678	-89.1149	73.9041	-15.5719	-0.148845	-0.155512	-9.69983	0.0526904	-0.0910107	
1429809803	446264	-99.9488	-89.1262	73.2075	-15.3811	0.585062	0.165097	-9.65193	0.105381	-0.129331	
1429809803	496206	-100.534	-89.1464	73.0211	-15.4905	-0.121649	-0.0416282	-9.70941	0.0622705	-0.220342	
1429809803	546348	-101.798	-89.1731	73.5067	-15.537	-0.433557	-0.830249	-9.68546	0.100591	-0.177231	
1429809803	596129	-103.762	-89.1882	74.6971	-15.4826	-0.0815665	-0.709355	-9.69983	0.0574805	-0.162861	
1429809803	646137	-106.197	-89.2077	76.354	-15.4824	-0.734669	0.085167	-9.68546	0.0239502	-0.153281	
1429809803	696171	-107.745	-89.2102	77.1303	-15.3163	0.104795	-0.417542	-9.60882	0.0287402	-0.138911	
1429809803	746412	-109.25	-89.2124	77.8574	-15.4438	-0.0818867	0.0597862	-9.75731	0.105381	-0.0622705	
1429809803	796151	-110.342	-89.1998	78.1755	-15.4567	0.295606	0.411854	-9.70941	0.0479004	-0.129331	
1429809803	846166	-110.386	-89.2008	77.4521	-15.4778	0.540505	0.0644766	-9.65672	0.114961	-0.129331	
1429809803	896185	-111.398	-89.1967	77.6918	-15.6313	-0.334704	-0.149597	-9.69025	0.0766406	-0.172441	
1429809803	946321	-113.411	-89.2057	78.9296	-15.668	-0.309544	0.568938	-9.70941	0.119751	-0.215552	
1429809803	996202	-115.085	-89.2197	79.8281	-15.4837	0.0992405	-0.132341	-9.70941	0.0431104	-0.196392	
1429809804	46199	-117.787	-89.2467	81.7599	-15.5464	-0.40154	-0.828469	-9.67588	0.138911	-0.172441	
1429809804	96225	-119.496	-89.2675	82.6943	-15.5805	0.873683	-0.126407	-9.64714	0.0766406	-0.143701	
1429809804	146297	-119.296	-89.3006	81.7205	-15.519	0.706721	-0.440944	-9.67588	0.0143701	-0.258662	
1429809804	196237	-116.688	-89.3231	78.3351	-15.6791	0.00197937	0.637812	-9.59445	0.0479004	-0.186812	
1429809804	246283	-116.163	-89.3283	77.0305	-15.5181	0.788546	0.814935	-9.65672	0.0718506	-0.196392	
1429809804	296419	-114.887	-89.3096	74.9853	-15.5007	0.457011	0.611742	-9.6663	0.0766406	-0.119751	
1429809804	346336	-114.464	-89.2917	73.7929	-15.3916	-0.164321	0.559995	-9.63277	0.114961	-0.134121	
1429809804	396145	-113.471	-89.2664	72.0277	-15.5762	0.00351242	0.463431	-9.66151	0.0383203	-0.239502	
1429809804	446268	-111.889	-89.2561	69.6783	-15.2831	0.346466	0.4898	-9.63756	0.0574805	-0.148491	
1429809804	496157	-111.247	-89.2582	68.2736	-15.3908	0.843588	0.00986365	-9.74294	0.0718506	-0.138911	
1429809804	546355	-109.406	-89.2675	65.663	-15.4867	1.44477	-0.090885	-9.63756	0.0574805	-0.172441	
1429809804	596169	-106.844	-89.2884	62.3345	-15.2957	1.09091	-0.00305398	-9.63756	-0.00958008	-0.196392	
1429809804	646440	-103.644	-89.2862	58.3616	-15.4326	0.47095	0.815101	-9.68067	0.0622705	-0.167651	
1429809804	696196	-102.31	-89.2898	56.2613	-15.3326	0.0260543	-0.173528	-9.63277	0.0191602	-0.177231	
1429809804	746420	-101.201	-89.275	54.3865	-15.1984	0.176947	0.407987	-9.68067	0.0862207	-0.167651	
1429809804	796206	-100.877	-89.2441	53.3003	-15.1953	-0.0571073	0.787264	-9.68546	0.0239502	-0.167651	
1429809804	846220	-99.9885	-89.2112	51.6493	-15.2529	-0.415973	0.644338	-9.67109	0.0958008	-0.143701	
1429809804	896235	-98.8108	-89.1758	49.7186	-15.0568	0.0811359	1.47164	-9.68067	0.129331	-0.162861	
1429809804	946325	-97.4612	-89.1491	47.6123	-15.065	1.09476	0.281849	-9.62798	0.0718506	-0.167651	
1429809804	996260	-95.5928	-89.135	44.9934	-15.093	0.167606	0.716469	-9.67109	0.0287402	-0.186812	
1429809805	46238	-93.2033	-89.1242	41.8481	-15.062	1.27539	0.370577	-9.66151	0.0191602	-0.167651	
1429809805	96257	-91.884	-89.1211	39.7753	-15.0215	0.693061	-0.324766	-9.68067	0.0287402	-0.167651	
1429809805	146341	-91.3063	-89.1325	38.4457	-15.0554	0.521673	-0.287328	-9.65193	0.0239502	-0.119751	
1429809805	196194	-91.3828	-89.14	37.7715	-15.1021	0.35257	0.385128	-9.6184	0.0814307	-0.129331	
1429809805	246282	-92.1747	-89.1366	37.81	-15.0919	-0.0868112	0.0891242	-9.62798	0.134121	-0.105381	
1429809805	296242	-93.6054	-89.1146	38.4935	-15.136	-0.448511	0.307469	-9.6663	0.0814307	-0.162861	
1429809805	346221	-93.2015	-89.1017	37.3419	-14.9517	0.391239	-0.256754	-9.61361	0.114961	-0.162861	
1429809805	396191	-93.0601	-89.0783	36.4578	-14.8828	-0.134504	0.503963	-9.67588	0.105381	-0.158071	
1429809805	446171	-92.4953	-89.0637	35.1433	-14.9995	0.202491	0.300327	-9.68067	0.0718506	-0.148491	
1429809805	496164	-92.0003	-89.0679	33.9078	-14.954	0.80253	-0.287715	-9.67109	0.0814307	-0.210762	
1429809805	546373	-92.5876	-89.0904	33.7438	-14.928	-0.0241168	-0.318953	-9.69025	0.119751	-0.0766406	
1429809805	596186	-93.653	-89.1126	34.0647	-14.9162	-0.32277	-1.02491	-9.64235	0.0862207	-0.172441	
1429809805	646213	-94.908	-89.1473	34.5634	-15.2379	-0.73425	-0.75831	-9.68546	0.0574805	-0.134121	
1429809805	696277	-95.3388	-89.1836	34.2486	-15.1522	0.0229475	-0.163041	-9.67588	0.162861	-0.196392	
1429809805	746468	-94.6745	-89.2169	32.8315	-14.9962	0.200698	-0.692325	-9.69025	0.0479004	-0.134121	
1429809805	796218	-96.0967	-89.2496	33.5071	-14.9539	-0.50163	-0.62706	-9.64714	0.0862207	-0.105381	
1429809805	846230	-95.6182	-89.259	32.2752	-14.9222	0.558028	0.0440723	-9.66151	0.0622705	-0.258662	
1429809805	896271	-94.1107	-89.2646	30.018	-14.9876	0.415034	-0.150557	-9.74294	0.0910107	-0.220342	
1429809805	946422	-94.191	-89.2729	29.3423	-14.9004	-0.0645035	-0.81929	-9.69983	0.0766406	-0.138911	
1429809805	996463	-94.8661	-89.2922	29.2704	-14.9831	0.403047	-0.0708277	-9.68546	0.0718506	-0.134121	
1429809806	46268	-95.3223	-89.3159	28.9679	-15.1634	0.059968	-0.253198	-9.62319	0.0958008	-0.0910107	
1429809806	96288	-96.7967	-89.3442	29.6859	-15.1331	-0.25916	-1.14136	-9.67588	0.0574805	-0.220342	
1429809806	146373	-96.1415	-89.3741	28.2768	-15.1655	-0.142886	-0.72474	-9.68546	0.0191602	-0.114961	
1429809806	196205	-96.5331	-89.4065	27.9063	-15.2667	0.392363	-0.111962	-9.60882	0.0766406	-0.138911	
1429809806	246272	-95.6663	-89.4277	26.279	-15.2618	0.762743	0.0740712	-9.65193	0.0526904	-0.186812	
1429809806	296225	-94.6811	-89.4332	24.5386	-15.177	0.572979	0.0497761	-9.71899	0.0814307	-0.172441	
1429809806	346470	-95.3667	-89.4339	24.4663	-15.1741	0.132385	-0.295653	-9.6184	0.0670606	-0.129331	
1429809806	396222	-96.2269	-89.4267	24.5712	-15.2277	0.65993	0.321864	-9.65193	0.100591	-0.0670606	
1429809806	446227	-98.1757	-89.4162	25.7663	-15.1556	0.0490288	0.0405094	-9.67588	0.0670606	-0.129331	
1429809806	496238	-97.8721	-89.3896	24.7094	-15.2166	0.484943	0.616357	-9.69504	0.0910107	-0.134121	
1429809806	546338	-97.963	-89.3906	24.0483	-14.9987	0.302017	0.0978803	-9.69983	0.0670606	-0.0431104	
1429809806	597398	-97.9529	-89.3903	23.2803	-14.8475	-0.294128	-0.196073	-9.65193	0.0526904	-0.129331	
1429809806	646171	-98.0729	-89.3954	22.6578	-15.1313	-0.201085	-0.207853	-9.65672	0.0622705	-0.0670606	
1429809806	697089	-98.1804	-89.4075	22.0067	-15.0089	0.467151	-0.629301	-9.73336	0.0670606	-0.158071	
1429809806	746455	-97.0351	-89.3977	20.1202	-15.0753	0.106571	0.839864	-9.6663	0.0479004	-0.167651	
1429809806	796875	-96.6315	-89.3754	18.9604	-14.9538	0.222815	0.716355	-9.67109	0.0431104	-0.119751	
1429809806	846199	-96.4336	-89.3448	18.0277	-14.7305	0.390693	0.764078	-9.64235	0.110171	-0.158071	
1429809806	896221	-96.0312	-89.2995	16.8879	-14.7314	0.571895	0.47963	-9.65193	0.0431104	-0.177231	
1429809806	946374	-95.1197	-89.2638	15.2395	-14.5411	0.551043	0.680197	-9.67588	0.124541	-0.0958008	
1429809806	996258	-94.4764	-89.2242	13.866	-14.7354	-0.052871	0.608997	-9.66151	0.0479004	-0.148491	
1429809807	46221	-93.8806	-89.2001	12.5354	-14.7354	0.307886	0.464588	-9.67109	0.0814307	-0.134121	
1429809807	96265	-92.8755	-89.1962	10.8033	-14.6366	-0.0483768	-0.292402	-9.63756	0.0862207	-0.153281	
1429809807	146334	-90.8345	-89.1817	8.03132	-14.552	0.292388	0.128616	-9.65672	0.110171	-0.153281	
1429809807	196759	-91.2484	-89.1753	7.70896	-14.6657	-0.0224174	-0.0358897	-9.69025	0.0862207	-0.143701	
1429809807	246110	-91.5513	-89.1633	7.29791	-14.5884	0.0613966	0.329986	-9.65672	0.105381	-0.138911	
1429809807	296371	-91.922	-89.1418	6.93768	-14.229	0.269949	0.667556	-9.7621	0.0526904	-0.0958008	
1429809807	346443	-92.9811	-89.1186	7.28453	-14.5745	-0.39375	0.352526	-9.64235	0.138911	-0.191602	
1429809807	396111	-92.5309	-89.101	6.1165	-14.4749	0.769926	0.0236792	-9.62798	0.0718506	-0.110171	
1429809807	446221	-92.4854	-89.0768	5.34779	-14.4867	0.384424	0.48483	-9.6663	0.100591	-0.124541	
1429809807	496136	-91.1054	-89.0669	3.2501	-14.3704	0.615959	0.196948	-9.60882	0.0766406	-0.229922	
1429809807	546496	-90.1477	-89.0677	1.57467	-14.5314	-0.429518	-0.417142	-9.64235	0.0622705	-0.0766406	
1429809807	596714	-89.4523	-89.0806	0.163142	-14.1898	1.18886	-0.00455974	-9.64714	0.143701	-0.129331	
1429809807	646184	-89.8916	-89.0965	-0.106172	-14.4286	0.377201	-0.36171	-9.68546	0.0958008	-0.172441	
1429809807	696890	-90.1908	-89.1213	-0.530521	-14.4635	-0.0593406	-0.361503	-9.65672	0.0479004	-0.105381	
1429809807	746528	-91.6415	-89.1282	0.203002	-14.4683	0.417083	-0.0471458	-9.69504	0.0670606	-0.105381	
1429809807	796182	-92.3776	-89.1391	0.220834	-14.4513	0.312951	-0.476589	-9.63277	0.0431104	-0.148491	
1429809807	846198	-92.1681	-89.1577	-0.71449	-14.5451	0.380801	-0.254286	-9.67588	0.0526904	-0.124541	
1429809807	896209	-90.8504	-89.1736	-2.74847	-14.3441	1.16518	-0.159628	-9.67109	0.0910107	-0.239502	
1429809807	946446	-88.5285	-89.1843	-5.79578	-14.3906	0.76127	-0.525822	-9.70462	0.0574805	-0.110171	
1429809807	996186	-86.322	-89.2018	-8.72411	-14.4723	0.802776	-0.302383	-9.68546	0.0958008	-0.134121	
1429809808	46140	-84.8485	-89.2244	-10.9238	-14.6408	0.63631	-1.0199	-9.66151	0.0574805	-0.172441	
1429809808	96586	-84.0393	-89.2545	-12.4599	-14.4424	0.464619	-0.344127	-9.57529	0.0622705	-0.172441	
1429809808	146614	-84.2455	-89.2895	-12.9826	-14.5824	-0.244527	-0.68679	-9.68546	0.0670606	-0.0574805	
1429809808	197129	-84.1286	-89.3216	-13.833	-14.5553	0.640868	-0.490509	-9.68546	0.0431104	-0.220342	
1429809808	246156	-81.9792	-89.3517	-16.7014	-14.4899	0.501547	-1.34492	-9.6184	0.0718506	-0.172441	
1429809808	296315	-79.7689	-89.3795	-19.6528	-14.6607	0.547761	-0.646488	-9.62798	0.0574805	-0.205972	
1429809808	346318	-77.0448	-89.3766	-23.1063	-14.7525	0.547242	-0.409453	-9.7142	0.0862207	-0.148491	
1429809808	396197	-75.0225	-89.3772	-25.8696	-15.0247	0.391357	-0.572612	-9.63756	0.0383203	-0.110171	
1429809808	446197	-74.0027	-89.388	-27.642	-15.1584	0.262403	-0.666832	-9.69025	0.105381	-0.129331	
1429809808	496391	-72.4664	-89.3832	-29.948	-15.2807	0.564268	-0.109465	-9.66151	0.0287402	-0.0718506	
1429809808	546357	-72.7024	-89.3782	-30.4621	-15.3386	0.552615	0.120418	-9.70941	0.0479004	-0.182021	
1429809808	596296	-74.5466	-89.3829	-29.3897	-15.5311	-0.584878	0.124589	-9.71899	0.0574805	-0.114961	
1429809808	646137	-75.9227	-89.3896	-28.7936	-15.5968	-0.127857	-0.247484	-9.58487	0.0718506	-0.205972	
1429809808	696173	-75.6432	-89.3974	-29.8577	-15.9403	-0.175292	-0.455319	-9.71899	0.0862207	-0.100591	
1429809808	746500	-74.4572	-89.4122	-31.8453	-16.1055	0.379892	-0.695135	-9.61361	0.0526904	-0.177231	
1429809808	796151	-73.7463	-89.4105	-33.3659	-16.3635	-0.157957	0.434382	-9.64714	0.0670606	-0.239502	
1429809808	846177	-73.1475	-89.3896	-34.785	-16.3676	0.465075	0.522959	-9.69983	0.0814307	-0.138911	
1429809808	896209	-74.4148	-89.3738	-34.3477	-16.5983	-0.167606	0.543962	-9.60403	0.0526904	-0.158071	
1429809808	946352	-76.6779	-89.3463	-32.9224	-16.6013	-0.0641073	0.868218	-9.65193	0.105381	-0.201182	
1429809808	996197	-78.4814	-89.3139	-31.9585	-16.8685	-0.740729	0.744602	-9.6184	0.0383203	-0.186812	
1429809809	46214	-79.8196	-89.2898	-31.474	-17.2849	0.492256	0.552917	-9.64714	0.0718506	-0.105381	
1429809809	96346	-80.4223	-89.2691	-31.724	-17.1707	0.400683	0.196345	-9.65672	0.0862207	-0.148491	
1429809809	146366	-81.4268	-89.2595	-31.5822	-17.2583	0.142909	0.699596	-9.65193	0.0479004	-0.138911	
1429809809	196235	-82.7082	-89.2522	-31.1714	-17.4874	0.325484	0.111673	-9.70462	0.0670606	-0.124541	
1429809809	246303	-84.7697	-89.2454	-29.9901	-17.495	-0.302866	0.686338	-9.64714	0.0862207	-0.158071	
1429809809	296257	-86.169	-89.2351	-29.4694	-17.5933	0.165137	0.290854	-9.68546	0.0239502	-0.153281	
1429809809	346331	-87.5207	-89.2292	-29.0074	-17.8265	0.270432	0.143767	-9.67109	0.0526904	-0.162861	
1429809809	396189	-88.5551	-89.2277	-28.8589	-17.8871	0.508897	-0.302393	-9.63756	0.114961	-0.196392	
1429809809	446155	-88.7099	-89.2016	-29.6073	-18.1556	-0.114768	1.02428	-9.67588	0.0479004	-0.177231	
1429809809	496389	-87.8623	-89.1729	-31.3477	-18.0663	-0.118985	0.676291	-9.65193	0.0766406	-0.110171	
1429809809	546273	-87.9763	-89.1637	-32.1343	-17.9249	0.102261	0.181518	-9.69504	0.0910107	-0.186812	
1429809809	596367	-86.9424	-89.1397	-34.073	-18.1324	0.88409	0.501044	-9.6663	0.0526904	-0.0766406	
1429809809	646181	-86.419	-89.1413	-35.5092	-18.251	0.880683	-0.272391	-9.64714	0.0670606	-0.138911	
1429809809	696226	-87.0161	-89.1434	-35.8231	-18.2311	0.0938514	-0.252586	-9.71899	0.0526904	-0.177231	
1429809809	746349	-87.567	-89.1448	-36.1931	-18.5141	0.534679	0.025452	-9.65193	0.0622705	-0.158071	
1429809809	796215	-87.0774	-89.1663	-37.6025	-18.5439	0.127469	-0.558413	-9.63756	0.100591	-0.138911	
1429809809	846224	-87.346	-89.1665	-38.2683	-18.5879	0.104142	0.0292932	-9.7142	0.0622705	-0.138911	
1429809809	896297	-86.7524	-89.1753	-39.7961	-18.6517	0.662031	-0.435829	-9.65672	0.0335303	-0.114961	
1429809809	946359	-86.2161	-89.1779	-41.2705	-18.8107	0.941883	-0.000779655	-9.59445	0.100591	-0.196392	
1429809809	996223	-84.497	-89.187	-43.9279	-18.894	0.295184	0.0679007	-9.68546	0.0239502	-0.0814307	
1429809810	46229	-83.4341	-89.1843	-45.9434	-19.102	0.518738	-0.128652	-9.67588	0.129331	-0.0718506	
1429809810	96211	-83.3595	-89.1746	-46.9725	-19.2572	0.448058	0.387265	-9.65193	0.0622705	-0.153281	
1429809810	146298	-82.1883	-89.1708	-49.1098	-19.6096	1.36725	-0.149305	-9.61361	0.0718506	-0.0814307	
1429809810	196189	-81.4326	-89.1889	-50.8324	-19.4789	1.08127	-0.804208	-9.69983	0.119751	-0.138911	
1429809810	246209	-78.7555	-89.1892	-54.4948	-19.8055	0.893764	0.0675334	-9.75731	-0.0239502	-0.153281	
1429809810	296251	-76.9483	-89.2207	-57.2815	-19.9916	-0.00439467	-0.941513	-9.65193	0.105381	-0.201182	
1429809810	346349	-75.6863	-89.2167	-59.5483	-20.0857	0.523647	-0.314364	-9.69025	0.100591	-0.177231	
1429809810	396170	-74.2941	-89.2219	-61.945	-20.3197	0.309543	0.402986	-9.6663	0.0383203	-0.172441	
1429809810	446152	-72.919	-89.2177	-64.3399	-20.3441	0.571883	-0.198827	-9.68546	0.0479004	-0.158071	
1429809810	496167	-72.9662	-89.2239	-65.3098	-20.5027	0.367742	-0.627945	-9.75252	0.0718506	-0.191602	
1429809810	546424	-71.7933	-89.2222	-67.5206	-20.7743	0.866773	-0.296213	-9.69983	0.0574805	-0.134121	
1429809810	596156	-70.422	-89.1974	-69.9262	-20.9498	0.544395	0.450652	-9.70941	0.0910107	-0.0910107	
1429809810	646325	-70.7904	-89.1913	-70.6153	-21.1354	0.221611	0.0340103	-9.67109	0.0670606	-0.172441	
1429809810	696226	-70.5977	-89.1798	-71.8665	-21.3391	0.484438	0.188683	-9.69983	0.0766406	-0.0766406	
1429809810	746410	-70.5771	-89.1642	-72.9727	-21.6955	0.2797	-0.0691063	-9.70462	0.0287402	-0.124541	
1429809810	796212	-70.364	-89.1647	-74.2704	-21.8882	0.138138	0.0776302	-9.68546	0.0526904	-0.148491	
1429809810	846220	-69.9122	-89.1684	-75.8258	-22.1703	-0.0486291	0.0897715	-9.66151	0.0191602	-0.158071	
1429809810	896253	-69.9111	-89.1875	-76.9346	-22.3405	-0.125098	-0.680188	-9.68067	0.0574805	-0.153281	
1429809810	946402	-70.7766	-89.1877	-77.194	-22.5536	0.427283	-0.561566	-9.68546	0.0718506	-0.191602	
1429809810	996235	-72.2951	-89.1918	-76.8017	-22.8327	-0.772037	0.320987	-9.68067	0.0862207	-0.100591	
1429809811	46213	-73.3212	-89.1872	-76.9151	-22.8717	0.365627	-0.409759	-9.67588	0.0718506	-0.162861	
1429809811	96210	-74.8954	-89.1769	-76.4797	-23.0756	-0.195852	0.556196	-9.67588	0.0335303	-0.129331	
1429809811	146351	-77.4058	-89.1863	-75.1263	-23.1509	-0.844203	0.105754	-9.70462	0.0718506	-0.114961	
1429809811	196181	-79.3306	-89.1979	-74.3587	-23.4683	-0.0511263	-0.385198	-9.65672	0.0910107	-0.162861	
1429809811	246217	-80.5417	-89.1875	-74.3228	-23.7403	-0.0278998	0.448333	-9.65672	0.0574805	-0.124541	
1429809811	296219	-82.4971	-89.1865	-73.5453	-23.9555	0.434399	0.480345	-9.69504	0.105381	-0.119751	
1429809811	346372	-84.3506	-89.1781	-72.8961	-24.1505	-0.0990798	0.103721	-9.60403	0.0718506	-0.119751	
1429809811	396210	-85.5483	-89.1858	-72.892	-24.1587	-0.109211	-0.28941	-9.69025	0.114961	-0.0958008	
1429809811	446228	-86.1822	-89.194	-73.4661	-24.0527	-0.0396759	0.0149308	-9.65672	0.0526904	-0.229922	
1429809811	496242	-86.2214	-89.2057	-74.6208	-24.0242	-0.194319	0.377573	-9.69025	0.0526904	-0.182021	
1429809811	546396	-86.635	-89.2085	-75.4159	-24.0648	-0.811786	0.0146462	-9.66151	0.0862207	-0.172441	
1429809811	596143	-86.2786	-89.2025	-76.9679	-23.9948	0.661102	0.1563	-9.65193	0.0670606	-0.114961	
1429809811	646168	-88.5679	-89.1996	-75.885	-24.0371	-0.545495	0.231419	-9.69504	0.0814307	-0.196392	
1429809811	696189	-88.8491	-89.1923	-76.7956	-23.9137	-0.111613	0.0588975	-9.67588	0.0287402	-0.210762	
1429809811	746618	-88.1953	-89.1901	-78.6561	-24.0024	0.70453	-0.239767	-9.70462	0.0862207	-0.258662	
1429809811	796179	-86.5516	-89.1786	-81.4891	-23.862	0.530829	0.460022	-9.69983	0.0383203	-0.201182	
1429809811	846185	-85.1973	-89.1701	-84.0423	-23.9428	1.2913	0.268806	-9.64235	0.0814307	-0.134121	
1429809811	896221	-84.4069	-89.1736	-86.0237	-24.0573	0.0645863	-0.252571	-9.66151	0.0574805	-0.124541	
1429809811	946362	-84.3918	-89.1628	-87.2356	-23.8143	0.508051	0.572204	-9.59924	0.129331	-0.105381	
1429809811	996222	-83.5728	-89.171	-89.2439	-23.827	0.494574	-0.273659	-9.67109	0.0862207	-0.124541	
1429809812	46192	-83.7006	-89.1805	-90.3127	-23.9018	0.316887	-0.194468	-9.65193	0.0862207	-0.158071	
1429809812	96259	-82.8599	-89.1805	-92.344	-23.7942	0.393336	-0.058197	-9.63756	0.0574805	-0.114961	
1429809812	146310	-81.5411	-89.1708	-94.8582	-23.85	1.07972	0.298052	-9.67109	0.0191602	-0.0958008	
1429809812	196132	-80.4387	-89.1743	-97.1542	-23.9903	0.874152	0.0241895	-9.67109	0.0910107	-0.114961	
1429809812	246095	-78.197	-89.1563	-100.589	-23.8923	1.03396	-0.133833	-9.70462	0.0431104	-0.172441	
1429809812	296182	-75.5136	-89.1339	-104.457	-23.8527	1.03174	0.0598124	-9.63277	0.0814307	-0.158071	
1429809812	346369	-74.7184	-89.1045	-106.44	-23.7506	1.20338	0.683135	-9.65193	0.0862207	-0.0862207	
1429809812	396124	-75.3749	-89.0808	-106.973	-23.7672	-0.163007	0.86486	-9.74294	0.129331	-0.105381	
1429809812	446131	-75.3667	-89.0598	-108.163	-23.7818	0.0478453	0.0961955	-9.65193	0.0766406	-0.129331	
1429809812	496200	-74.9187	-89.0667	-109.79	-23.6747	0.271576	-0.512458	-9.63756	0.0910107	-0.167651	
1429809812	546376	-73.4453	-89.0459	-112.451	-23.7518	1.61031	0.597087	-9.69025	0.0718506	-0.143701	
1429809812	596168	-72.8168	-89.0394	-114.264	-23.7655	0.853535	0.0398345	-9.67588	0.0718506	-0.119751	
1429809812	646155	-71.8524	-89.0382	-116.415	-23.6205	0.564764	-0.454521	-9.70462	0.00958008	-0.129331	
1429809812	696235	-71.5909	-89.0357	-117.856	-23.4813	0.0528933	-0.0634351	-9.65672	0.0526904	-0.0862207	
1429809812	746526	-72.9909	-89.0292	-117.637	-23.6609	-0.503512	0.463469	-9.65672	0.0287402	-0.167651	
1429809812	796426	-73.0239	-89.0276	-118.782	-23.6624	-0.149132	0.131224	-9.73815	0.129331	-0.0239502	
1429809812	846197	-74.6635	-89.0216	-118.326	-23.6331	-0.131356	-0.0275533	-9.67109	0.0622705	-0.158071	
1429809812	896227	-75.635	-89.0125	-118.534	-23.7675	-0.133211	0.071465	-9.67109	0.0383203	-0.196392	
1429809812	946465	-75.5157	-89.0067	-119.83	-23.4549	0.522188	-0.0512506	-9.70941	0.0862207	-0.0958008	
1429809812	996114	-76.1903	-89.0024	-120.332	-23.6722	0.783777	-0.658527	-9.60882	0.0622705	-0.162861	
1429809813	46224	-75.4726	-89.0111	-122.226	-23.4136	0.654172	-0.60618	-9.65193	0.0479004	-0.182021	
1429809813	96544	-74.8961	-89.0113	-123.719	-23.6745	0.676015	0.119093	-9.60882	0.0622705	-0.158071	
1429809813	146622	-75.9084	-89.0357	-123.881	-23.5515	0.26511	-0.771047	-9.71899	0.105381	-0.0862207	
1429809813	196523	-76.831	-89.0465	-124.132	-23.5381	0.138885	-0.141187	-9.62798	0.0287402	-0.0814307	
1429809813	246160	-77.3363	-89.084	-124.802	-23.5252	0.687775	-0.471579	-9.63756	0.0479004	-0.201182	
1429809813	296176	-77.7446	-89.1041	-125.565	-23.4601	0.43571	-0.0413539	-9.7142	0.0574805	-0.124541	
1429809813	357847	-78.3257	-89.1138	-126.166	-23.5721	0.445282	-0.2996	-9.63277	0.0335303	-0.162861	
1429809813	396168	-78.4883	-89.1293	-126.801	-23.564	-0.239482	-0.189321	-9.68546	0.0526904	-0.124541	
1429809813	446193	-78.907	-89.1452	-127.561	-23.3894	0.0796525	-0.287294	-9.69504	0.0670606	-0.182021	
1429809813	496214	-78.6435	-89.1616	-129.001	-23.6587	0.12675	-0.0463421	-9.6184	0.0766406	-0.186812	
1429809813	546359	-78.939	-89.1889	-129.883	-23.8341	-0.376842	-0.576188	-9.70462	0.0287402	-0.158071	
1429809813	596215	-78.4912	-89.2045	-131.503	-23.5883	0.215291	-0.318018	-9.70941	0.0526904	-0.0766406	
1429809813	646222	-78.916	-89.2219	-132.262	-23.6459	0.0695787	-0.223142	-9.66151	0.0718506	-0.0958008	
1429809813	696175	-78.4382	-89.2341	-133.911	-23.6509	0.750698	-0.369839	-9.6663	0.0383203	-0.210762	
1429809813	757935	-78.0534	-89.2654	-135.469	-23.5873	0.271647	-0.89139	-9.72378	0.0862207	-0.186812	
1429809813	796258	-76.1766	-89.274	-138.147	-23.5031	1.00849	-0.674552	-9.71899	0.0383203	-0.162861	
1429809813	846167	-75.3041	-89.2865	-140.192	-23.4545	0.471807	-0.449787	-9.66151	0.0431104	-0.273032	
1429809813	896205	-73.3533	-89.2843	-143.314	-23.5597	0.345093	0.321924	-9.65672	0.0622705	-0.105381	
1429809813	946360	-73.4421	-89.2824	-144.397	-23.4978	0.816476	0.552421	-9.67588	0.0335303	-0.134121	
1429809813	996205	-73.1835	-89.274	-145.819	-23.3178	0.224207	-0.62708	-9.63756	0.0910107	-0.119751	
1429809814	46214	-72.721	-89.2609	-147.455	-23.4448	0.939021	0.342832	-9.73336	0.105381	-0.138911	
1429809814	96330	-72.6778	-89.2433	-148.665	-23.5433	0.355383	-0.36085	-9.62319	0.143701	-0.196392	
1429809814	146355	-70.904	-89.2197	-151.607	-23.1987	0.953497	-0.126194	-9.68546	0.0670606	-0.148491	
1429809814	196224	-69.3905	-89.2154	-154.281	-23.3591	1.07375	-0.127101	-9.63756	0.0574805	-0.110171	
1429809814	246256	-69.0803	-89.1976	-155.761	-23.3651	0.831313	0.305864	-9.63277	0.0958008	-0.162861	
1429809814	296180	-67.9096	-89.1788	-158.086	-23.1484	0.663262	-0.214556	-9.69983	0.0766406	-0.253872	
1429809814	346254	-67.2013	-89.1595	-159.956	-23.2401	0.375558	-0.375896	-9.65193	0.0143701	-0.229922	
1429809814	396181	-67.401	-89.1542	-160.908	-23.3071	0.977512	0.517656	-9.58966	0.0479004	-0.129331	
1429809814	446142	-67.9387	-89.128	-161.528	-23.1296	0.627378	0.838346	-9.72857	0.0766406	-0.182021	
1429809814	496156	-68.4794	-89.0989	-162.137	-23.1458	-0.215125	0.675267	-9.62798	0.0526904	-0.0526904	
1429809814	546291	-69.4502	-89.0876	-162.326	-23.0705	0.644107	0.385577	-9.66151	0.0574805	-0.205972	
1429809814	596169	-69.1879	-89.0851	-163.736	-23.1469	0.236201	0.122451	-9.67588	0.0910107	-0.138911	
1429809814	646187	-68.6369	-89.0652	-165.443	-23.0483	0.153687	-0.405518	-9.63756	0.0670606	-0.191602	
1429809814	696188	-68.0005	-89.0371	-167.226	-22.9919	0.41296	0.570461	-9.70462	0.0862207	-0.182021	
1429809814	746518	-69.0804	-89.0416	-167.301	-22.9907	0.176495	-0.450181	-9.70941	0.0718506	-0.153281	
1429809814	796198	-69.9226	-89.0422	-167.6	-22.8312	-0.474838	-0.185495	-9.6663	0.0335303	-0.129331	
1429809814	846231	-70.4677	-89.0445	-168.208	-22.9744	0.52705	-0.107063	-9.65672	0.0670606	-0.114961	
1429809814	896233	-71.1043	-89.0463	-168.715	-22.8896	0.59001	-0.0837703	-9.65672	0.0191602	-0.114961	
1429809814	946588	-72.4199	-89.0568	-168.55	-22.9893	-0.186702	0.0309092	-9.67588	-0.00479004	-0.138911	
1429809814	996237	-73.1077	-89.0637	-169.009	-23.091	-0.0144393	-0.580239	-9.68067	0.0383203	-0.177231	
1429809815	46229	-72.288	-89.0646	-170.973	-22.8823	-0.0356997	-0.0574969	-9.62319	0.0335303	-0.177231	
1429809815	96278	-72.5341	-89.0673	-171.866	-22.8413	-0.516203	-0.134916	-9.65193	0.110171	-0.0814307	
1429809815	146351	-73.9038	-89.0679	-171.637	-22.7734	0.0654929	0.334996	-9.64235	0.110171	-0.182021	
1429809815	196198	-73.8387	-89.0783	-172.835	-22.8087	-0.139924	-0.525964	-9.67588	0.0622705	-0.114961	
1429809815	246225	-73.3028	-89.1144	-174.515	-22.8922	0.992149	-0.849631	-9.69025	0.134121	-0.148491	
1429809815	296218	-73.7565	-89.1343	-175.197	-22.8235	-0.174131	-0.653499	-9.68546	0.0143701	-0.172441	
1429809815	346394	-74.4812	-89.1581	-175.608	-22.7394	0.0428686	-0.0663382	-9.65672	0.110171	-0.138911	
1429809815	396173	-73.2431	-89.1774	-177.976	-22.5813	0.853212	-0.782101	-9.62798	0.0479004	-0.134121	
1429809815	446222	-72.1876	-89.1959	179.828	-22.71	0.964187	-0.750751	-9.73815	0.0766406	-0.210762	
1429809815	496165	-70.3774	-89.2033	176.889	-22.7206	0.469615	-0.513262	-9.69983	0.0239502	-0.105381	
1429809815	546336	-69.5105	-89.2001	174.881	-22.6632	0.712502	0.0165745	-9.66151	0.0718506	-0.167651	
1429809815	596172	-69.1754	-89.2038	173.421	-22.4862	0.514745	0.0725649	-9.64235	0.0814307	-0.182021	
1429809815	646201	-68.1138	-89.2087	171.227	-22.4516	0.522454	-0.680869	-9.58008	0.100591	-0.0958008	
1429809815	696203	-67.9973	-89.2374	169.983	-22.5292	0.0780104	-0.324732	-9.72378	0.0239502	-0.167651	
1429809815	746400	-67.6965	-89.2664	168.551	-22.6161	0.740914	-0.518837	-9.67109	0.0479004	-0.182021	
1429809815	796188	-67.4053	-89.274	167.138	-22.5349	0.358668	-0.276204	-9.65193	0.134121	-0.186812	
1429809815	846232	-66.6717	-89.2834	165.272	-22.5684	0.138481	-0.327536	-9.63756	0.0910107	-0.134121	
1429809815	896232	-64.8045	-89.2983	162.291	-22.4427	0.587912	-0.546025	-9.63756	0.0335303	-0.100591	
1429809815	946406	-64.0125	-89.304	160.377	-22.5449	-0.305622	-0.288137	-9.6663	-0.00479004	-0.186812	
1429809815	996208	-62.7291	-89.3076	157.982	-22.3619	0.137009	0.295927	-9.70462	0.0526904	-0.210762	
1429809816	46384	-61.7747	-89.2958	155.908	-22.357	0.340075	-0.106521	-9.68067	0.0958008	-0.124541	
1429809816	96230	-61.529	-89.2848	154.546	-22.2948	0.629175	-0.195401	-9.6184	0.0766406	-0.0670606	
1429809816	146434	-61.8695	-89.2656	153.778	-22.2595	0.389819	0.153745	-9.60882	0.0766406	-0.134121	
1429809816	196183	-60.5522	-89.2595	151.355	-22.1068	0.706372	-0.110093	-9.67588	0.0574805	-0.110171	
1429809816	246283	-60.7649	-89.254	150.456	-21.9916	0.347267	0.219648	-9.63277	0.00958008	-0.143701	
1429809816	296208	-59.7382	-89.242	148.325	-22.2285	0.465802	0.135486	-9.69504	0.0670606	-0.158071	
1429809816	346454	-59.1176	-89.2556	146.596	-22.2973	-0.0840001	-0.207627	-9.65193	0.100591	-0.220342	
1429809816	396212	-58.9019	-89.2366	145.282	-22.1944	0.307467	0.21676	-9.72378	0.0622705	-0.158071	
1429809816	446189	-59.4833	-89.2181	144.764	-21.9716	0.847391	0.678303	-9.70941	0.119751	-0.0718506	
1429809816	496168	-59.9141	-89.2013	144.102	-21.9054	0.805222	-0.0124162	-9.63756	0.0718506	-0.153281	
1429809816	546305	-60.1676	-89.181	143.265	-21.7558	0.411327	0.263007	-9.65672	0.0670606	-0.124541	
1429809816	596144	-61.3217	-89.1605	143.331	-21.8242	-0.263514	0.402808	-9.69025	0.0335303	-0.0814307	
1429809816	646148	-62.2842	-89.1498	143.208	-21.6585	0.155301	0.062995	-9.70462	0.110171	-0.138911	
1429809816	696201	-62.9512	-89.1325	142.791	-21.7739	0.334696	0.0957937	-9.68546	0.0766406	-0.114961	
1429809816	746432	-63.3151	-89.1233	142.073	-21.6226	0.0466109	0.42032	-9.68067	0.0622705	-0.172441	
1429809816	796183	-63.369	-89.1115	141.05	-21.6373	0.618725	-0.243692	-9.65672	0.143701	-0.201182	
1429809816	846193	-64.4627	-89.0958	141.06	-21.7314	0.127771	0.572128	-9.68546	0.0814307	-0.158071	
1429809816	896207	-64.6178	-89.1006	140.14	-21.5679	0.0571659	-0.341017	-9.65193	0.0862207	-0.143701	
1429809816	946372	-65.9405	-89.0982	140.387	-21.5435	0.0237696	0.310689	-9.68546	0.0622705	-0.134121	
1429809816	996222	-66.8316	-89.0851	140.21	-21.5755	-0.386771	0.583467	-9.70462	0.0383203	-0.0814307	
1429809817	46221	-66.5787	-89.07	138.886	-21.3996	1.14866	0.540971	-9.65193	0.0718506	-0.105381	
1429809817	96309	-66.5155	-89.0829	137.76	-21.3431	0.508451	0.243427	-9.69504	0.105381	-0.134121	
1429809817	146310	-67.0903	-89.0791	137.271	-21.2455	0.213733	0.0950442	-9.59924	0.0622705	-0.153281	
1429809817	196095	-67.45	-89.0692	136.569	-21.1934	0.108949	0.366439	-9.67109	0.0862207	-0.0958008	
1429809817	246086	-68.1872	-89.0846	136.242	-21.275	0.140137	-0.399026	-9.7142	0.0766406	-0.158071	
1429809817	296100	-68.576	-89.09	135.574	-21.1634	0.948786	-0.0945415	-9.62798	0.0910107	-0.186812	
1429809817	346335	-68.1183	-89.0954	134.054	-21.2046	-0.0744323	-0.277045	-9.65193	0.0239502	-0.167651	
1429809817	396104	-67.117	-89.1052	131.997	-21.1968	0.644473	-0.206639	-9.68546	0.0574805	-0.129331	
1429809817	446125	-66.8551	-89.1215	130.674	-21.3487	0.454065	-0.615329	-9.65193	0.0239502	-0.0766406	
1429809817	496120	-65.9688	-89.1443	128.736	-21.2558	0.418176	-0.586308	-9.60882	0.0718506	-0.143701	
1429809817	546356	-64.604	-89.1581	126.312	-21.0594	1.24036	-0.573601	-9.60403	0.0239502	-0.0910107	
1429809817	596146	-63.9602	-89.1694	124.616	-21.1317	0.50423	-0.468392	-9.64235	0.114961	-0.253872	
1429809817	646153	-62.7922	-89.1647	122.399	-21.0652	0.715461	-0.337329	-9.7142	0.0670606	-0.114961	
1429809817	696166	-62.7545	-89.1815	121.315	-20.827	-0.04484	-0.0814638	-9.60403	0.0910107	-0.148491	
1429809817	746518	-61.9506	-89.1899	119.467	-20.8704	0.674814	-0.674005	-9.66151	0.0862207	-0.186812	
1429809817	796174	-60.4178	-89.1908	116.894	-20.8481	0.178651	0.0496199	-9.59445	0.0718506	-0.186812	
1429809817	846185	-58.8371	-89.205	114.27	-20.8128	0.510705	-0.517762	-9.6663	0.134121	-0.191602	
1429809817	896205	-56.551	-89.2062	110.942	-20.9443	1.51968	-0.995587	-9.69983	0.0431104	-0.129331	
1429809817	946440	-54.6106	-89.2331	107.96	-20.9905	-0.11893	-1.04601	-9.6663	0.0622705	-0.138911	
1429809817	996105	-53.9653	-89.2369	106.28	-20.715	0.0882376	-0.66906	-9.75252	0.0479004	-0.215552	
1429809818	46241	-52.6615	-89.2467	103.934	-20.6737	0.674218	-0.258655	-9.64235	0.0526904	-0.162861	
1429809818	96487	-52.078	-89.2415	102.324	-20.6163	-0.1708	0.0285574	-9.6663	0.0814307	-0.234712	
1429809818	146628	-50.7627	-89.2343	99.9814	-20.5428	0.390003	-0.255261	-9.68546	0.0718506	-0.129331	
1429809818	196581	-49.9219	-89.2172	98.1132	-20.5669	0.25163	0.0883944	-9.6663	0.0622705	-0.234712	
1429809818	246149	-49.2622	-89.2087	96.4303	-20.527	0.734542	0.325411	-9.65672	0.100591	-0.205972	
1429809818	296145	-49.2334	-89.2025	95.3811	-20.6143	-0.259132	-0.18317	-9.59924	0	-0.186812	
1429809818	346365	-49.0292	-89.208	94.1472	-20.5793	-0.159124	-0.12688	-9.62798	0.0718506	-0.148491	
1429809818	396185	-48.6184	-89.2062	92.7124	-20.5661	-0.200553	-0.519978	-9.6663	0.0479004	-0.119751	
1429809818	446184	-48.9872	-89.2075	92.0616	-20.2818	0.398527	-0.190924	-9.61361	0.0335303	-0.0814307	
1429809818	496190	-50.2878	-89.2219	92.3461	-20.3464	0.102553	-0.243575	-9.69983	0.0670606	-0.158071	
1429809818	546319	-50.788	-89.2167	91.827	-20.3709	0.139394	0.0342791	-9.70462	0.0910107	-0.110171	
1429809818	596150	-52.1273	-89.2057	92.1561	-20.177	0.621975	0.38092	-9.67588	0.0862207	-0.258662	
1429809818	646156	-52.2358	-89.1976	91.2499	-20.19	0.713356	-0.174244	-9.69025	0.0766406	-0.143701	
1429809818	696132	-52.3762	-89.1887	90.3867	-20.3638	0.163184	-0.0850871	-9.67588	0.0239502	-0.148491	
1429809818	746496	-53.6967	-89.1665	90.6977	-20.1659	0.58185	0.345449	-9.68546	0.0479004	-0.100591	
1429809818	796152	-53.7252	-89.1677	89.7249	-19.9669	0.220858	-0.542559	-9.70462	0.0622705	-0.119751	
1429809818	846246	-55.3454	-89.1784	90.3387	-20.1304	-0.162118	-0.0709093	-9.69025	0.0958008	-0.134121	
1429809818	896167	-57.0363	-89.1727	91.0353	-20.0602	0.0847268	0.0868449	-9.70462	0.0383203	-0.148491	
1429809818	946353	-57.4118	-89.1727	90.4071	-19.9283	0.00532157	-0.0678024	-9.7142	0.0718506	-0.148491	
1429809818	996182	-57.377	-89.1767	89.3749	-20.0372	0.725863	-0.24727	-9.62798	0.0239502	-0.119751	
1429809819	46209	-57.1454	-89.1841	88.1447	-19.9178	0.0687029	-0.142495	-9.67109	0.0143701	-0.158071	
1429809819	96206	-57.9915	-89.1788	88.0013	-19.8821	-0.391052	0.0777133	-9.60882	0.0526904	-0.119751	
1429809819	146380	-59.2475	-89.1673	88.2617	-19.8048	0.377497	0.325448	-9.68067	0.0718506	-0.134121	
1429809819	196220	-60.3697	-89.1658	88.3919	-19.979	0.0594561	-0.0779203	-9.67109	0.0574805	-0.186812	
1429809819	246298	-61.7355	-89.1824	88.7666	-19.7325	-0.472674	-0.503707	-9.68546	0.0670606	0	
1429809819	296229	-63.5468	-89.1908	89.5938	-19.9217	-0.446081	0.402648	-9.71899	0.105381	-0.105381	
1429809819	346314	-64.3513	-89.1808	89.4112	-19.7269	-0.447013	0.242529	-9.6663	0.0766406	-0.119751	
1429809819	396158	-64.3968	-89.1777	88.4752	-19.8992	-0.361433	0.301453	-9.64235	0	-0.153281	
1429809819	446170	-63.5031	-89.1875	86.597	-19.7303	0.228677	-0.714345	-9.64714	0.0718506	-0.110171	
1429809819	496141	-62.5461	-89.1945	84.6624	-19.6076	0.384855	-0.560725	-9.65193	0.129331	-0.105381	
1429809819	546351	-61.2286	-89.188	82.3649	-19.7827	0.66422	-0.512579	-9.69504	0.0479004	-0.134121	
1429809819	596154	-60.577	-89.1947	80.7422	-19.5569	0.94537	-0.421911	-9.60882	0.0670606	-0.119751	
1429809819	646166	-60.0632	-89.1974	79.2552	-19.4317	0.422785	-0.272517	-9.67109	0.105381	-0.153281	
1429809819	696178	-59.5115	-89.2045	77.7335	-19.643	0.336693	-0.47586	-9.69983	0.0862207	-0.196392	
1429809819	746401	-58.5377	-89.2129	75.7887	-19.4009	0.555474	-0.46656	-9.63277	0.0814307	-0.124541	
1429809819	796201	-56.9911	-89.2094	73.2774	-19.392	0.319621	-0.464483	-9.65193	0.0910107	-0.0526904	
1429809819	846211	-55.1607	-89.205	70.4813	-19.2881	0.716052	-0.608766	-9.65193	0.0479004	-0.134121	
1429809819	896227	-53.6848	-89.194	68.0527	-19.1916	0.622587	0.26626	-9.68067	0.0526904	-0.0718506	
1429809819	946416	-52.6817	-89.1938	66.0896	-19.3632	0.0874265	-0.732454	-9.7142	0.0287402	-0.105381	
1429809819	996229	-51.6307	-89.1918	64.0911	-19.0175	0.42686	-0.380574	-9.6184	0.110171	-0.277822	
1429809820	46261	-50.8753	-89.1758	62.3777	-19.2242	-0.329744	0.106664	-9.64714	0.0526904	-0.205972	
1429809820	96250	-48.7354	-89.1701	59.2896	-19.0459	1.50505	-0.428769	-9.60882	0.0862207	-0.158071	
1429809820	146308	-47.2408	-89.1705	56.8446	-19.0123	0.588038	-0.61928	-9.60403	0.0862207	-0.177231	
1429809820	196285	-46.2279	-89.1549	54.8913	-18.9692	0.308354	-0.140342	-9.70462	0.0335303	-0.134121	
1429809820	246247	-44.826	-89.1438	52.5409	-18.8251	0.348572	-0.609774	-9.61361	0.0526904	-0.114961	
1429809820	296238	-44.3129	-89.1235	51.0979	-18.6838	1.33974	-0.0658924	-9.73336	0.0910107	-0.201182	
1429809820	346400	-43.386	-89.1164	49.2353	-18.757	0.47917	-0.42671	-9.63756	0.100591	-0.134121	
1429809820	396236	-43.9305	-89.1063	48.8529	-18.5111	0.237418	-0.0154902	-9.68067	0.0431104	-0.172441	
1429809820	446261	-43.5622	-89.1023	47.5557	-18.5875	0.131276	-0.163934	-9.69504	0.0862207	-0.191602	
1429809820	496271	-42.5274	-89.1004	45.5999	-18.521	0.00561391	-0.106916	-9.66151	0.134121	-0.0814307	
1429809820	546430	-42.8249	-89.0819	44.9727	-18.506	0.553302	-0.150377	-9.67588	0.0862207	-0.210762	
1429809820	596243	-42.9728	-89.0687	44.2096	-18.2899	0.295022	-0.670277	-9.68546	0.105381	-0.167651	
1429809820	646354	-42.9828	-89.0679	43.3004	-18.409	0.500199	-0.568207	-9.64235	0.0670606	-0.220342	
1429809820	696240	-42.6147	-89.0679	42.0209	-18.3645	-0.407018	-0.78676	-9.67588	0.0479004	-0.182021	
1429809820	746470	-42.7694	-89.0772	41.2617	-18.2848	-0.166071	0.0709569	-9.72378	0.110171	-0.182021	
1429809820	796246	-42.9032	-89.0874	40.489	-18.2519	-0.273543	-0.271836	-9.67109	0.0766406	-0.201182	
1429809820	846224	-43.5632	-89.0999	40.238	-18.1899	0.352363	-0.434368	-9.69983	0.0526904	-0.134121	
1429809820	897018	-43.9825	-89.1078	39.9378	-17.9771	-0.0607319	-0.135049	-9.69983	0.0526904	-0.138911	
