time_s	time_us	ax	ay	az	gx	gy	gz	mx	my	mz	pressure	temp	runtime_average_ms	
1429809778	934688	-2029	25	-19	-38	-28	32	734	-94	-168	1010.63	29.74	0	
1429809779	34700	-2025	9	-41	-42	-28	29	733	-94	-168	1010.58	29.76	0	
1429809779	134712	-2015	25	-20	-33	-29	36	731	-93	-169	1010.51	29.77	0	
1429809779	234708	-2013	13	-33	-34	-34	15	733	-93	-169	1010.56	29.78	0	
1429809779	334697	-2023	27	-32	-34	-27	19	736	-92	-169	1010.58	29.77	0	
1429809779	434703	-2015	7	-32	-33	-35	37	732	-91	-170	1010.57	29.78	0	
1429809779	534671	-2024	28	-9	-36	-38	33	733	-93	-170	1010.59	29.79	0	
1429809779	634703	-2018	14	-38	-35	-38	27	735	-93	-171	1010.69	29.79	0	
1429809779	734696	-2021	25	-23	-41	-36	8	732	-94	-170	1010.6	29.8	0	
1429809779	834735	-2021	8	-24	-41	-34	12	732	-92	-170	1010.58	29.8	0	
1429809779	934703	-2017	23	-19	-37	-44	16	734	-92	-171	1010.57	29.8	3.51115	
1429809780	34790	-2015	23	-35	-43	-29	27	730	-91	-171	1010.58	29.8	3.51115	
1429809780	134745	-2018	13	-37	-42	-22	34	735	-93	-172	1010.52	29.8	3.51115	
1429809780	234709	-2012	6	-33	-37	-28	24	736	-93	-171	1010.56	29.8	3.51115	
1429809780	334868	-2024	4	-33	-37	-44	26	732	-92	-172	1010.66	29.8	3.51115	
1429809780	434686	-2014	13	-15	-43	-39	11	734	-92	-173	1010.7	29.81	3.51115	
1429809780	534681	-2017	23	-22	-39	-24	16	734	-93	-173	1010.62	29.82	3.51115	
1429809780	634729	-2021	13	-22	-35	-26	49	732	-93	-172	1010.63	29.81	3.51115	
1429809780	734695	-2011	10	-18	-39	-34	28	733	-94	-174	1010.63	29.81	3.51115	
1429809780	834743	-2018	33	-20	-41	-26	23	734	-94	-172	1010.59	29.8	3.51115	
1429809780	934663	-2012	32	-18	-40	-30	15	736	-91	-173	1010.67	29.81	3.55662	
1429809781	34713	-2032	13	-34	-37	-25	17	734	-93	-173	1010.63	29.81	3.55662	
1429809781	134645	-2014	14	-22	-33	-31	26	735	-91	-172	1010.58	29.81	3.55662	
1429809781	234671	-2019	12	-39	-41	-34	33	732	-93	-173	1010.66	29.82	3.55662	
1429809781	334628	-2012	24	-38	-35	-28	32	734	-92	-173	1010.65	29.81	3.55662	
1429809781	434654	-2019	12	-17	-37	-35	18	733	-93	-172	1010.63	29.81	3.55662	
1429809781	534651	-2009	20	-39	-40	-34	19	735	-93	-173	1010.66	29.82	3.55662	
1429809781	634661	-2016	9	-38	-33	-31	24	735	-93	-174	1010.59	29.82	3.55662	
1429809781	734626	-2010	11	-46	-36	-29	26	734	-93	-173	1010.56	29.82	3.55662	
1429809781	834652	-2012	19	-31	-40	-39	26	731	-93	-173	1010.63	29.82	3.55662	
1429809781	934632	-2021	15	-29	-31	-41	28	734	-92	-173	1010.63	29.82	3.52771	
1429809782	34642	-2010	13	-21	-34	-36	12	734	-94	-173	1010.62	29.82	3.52771	
1429809782	134641	-2008	20	-41	-34	-37	13	733	-93	-173	1010.54	29.82	3.52771	
1429809782	234661	-2010	15	-36	-31	-38	42	730	-94	-175	1010.61	29.83	3.52771	
1429809782	334627	-2017	12	-41	-28	-40	23	736	-94	-175	1010.67	29.82	3.52771	
1429809782	434643	-2015	12	-35	-37	-28	28	733	-93	-174	1010.63	29.82	3.52771	
1429809782	534669	-2020	14	-36	-36	-33	23	733	-93	-174	1010.66	29.83	3.52771	
1429809782	634682	-2004	16	-38	-31	-32	7	733	-94	-175	1010.71	29.83	3.52771	
1429809782	734687	-2012	11	-30	-34	-31	18	732	-92	-175	1010.74	29.83	3.52771	
1429809782	834696	-2030	12	-20	-34	-24	17	734	-93	-174	1010.61	29.83	3.52771	
1429809782	934670	-2017	8	-16	-29	-25	25	733	-93	-176	1010.63	29.82	3.54348	
1429809783	34762	-2009	20	-42	-27	-35	24	732	-93	-176	1010.61	29.83	3.54348	
1429809783	134862	-2024	8	-32	-31	-29	15	732	-92	-177	1010.56	29.83	3.54348	
1429809783	234684	-2019	23	-30	-38	-28	10	734	-93	-176	1010.57	29.83	3.54348	
1429809783	334682	-2012	16	-22	-29	-30	21	730	-92	-176	1010.62	29.83	3.54348	
1429809783	434714	-2023	20	-48	-28	-34	16	733	-92	-176	1010.61	29.83	3.54348	
1429809783	534679	-2024	21	-15	-31	-26	31	734	-92	-176	1010.62	29.83	3.54348	
1429809783	634713	-2034	8	-32	-34	-30	12	731	-91	-176	1010.63	29.83	3.54348	
1429809783	734660	-2026	18	-34	-36	-36	19	733	-92	-176	1010.6	29.83	3.54348	
1429809783	834691	-2021	24	-45	-36	-38	16	736	-94	-177	1010.64	29.84	3.54348	
1429809783	934682	-2002	19	-35	-33	-30	25	735	-92	-176	1010.63	29.83	3.78065	
1429809784	34703	-2020	20	-22	-38	-27	35	734	-93	-177	1010.58	29.83	3.78065	
1429809784	134696	-2019	5	-29	-31	-39	33	734	-94	-177	1010.63	29.83	3.78065	
1429809784	234721	-2027	21	-31	-30	-39	29	731	-94	-178	1010.65	29.84	3.78065	
1429809784	334733	-2010	5	-40	-30	-32	14	734	-95	-178	1010.51	29.83	3.78065	
1429809784	434754	-2029	17	-23	-34	-33	33	734	-94	-178	1010.67	29.83	3.78065	
1429809784	534734	-2015	14	-40	-25	-34	25	734	-94	-178	1010.66	29.83	3.78065	
1429809784	634792	-2028	18	-35	-37	-37	38	734	-93	-177	1010.6	29.83	3.78065	
1429809784	734692	-2021	22	-29	-35	-25	27	734	-94	-177	1010.56	29.83	3.78065	
1429809784	834741	-2018	8	-26	-35	-37	20	732	-94	-177	1010.6	29.83	3.78065	
1429809784	934761	-2010	11	-39	-29	-32	7	734	-93	-177	1010.67	29.83	3.50124	
1429809785	34776	-2023	11	-40	-30	-30	20	733	-94	-179	1010.61	29.83	3.50124	
1429809785	134768	-2019	14	-44	-32	-30	29	734	-92	-178	1010.66	29.83	3.50124	
1429809785	234758	-2015	15	-36	-26	-27	24	735	-93	-177	1010.58	29.84	3.50124	
1429809785	334654	-2027	15	-26	-28	-35	12	734	-93	-179	1010.61	29.84	3.50124	
1429809785	434694	-2021	12	-41	-31	-28	15	732	-95	-179	1010.44	29.83	3.50124	
1429809785	534645	-2009	6	-34	-28	-27	12	732	-91	-179	1010.53	29.83	3.50124	
1429809785	634668	-2021	22	-29	-35	-21	27	735	-94	-178	1010.67	29.85	3.50124	
1429809785	734662	-2011	16	-46	-33	-36	25	733	-91	-179	1010.56	29.83	3.50124	
1429809785	834684	-2030	2	-24	-31	-27	19	733	-93	-179	1010.56	29.83	3.50124	
1429809785	934694	-2022	14	-27	-27	-28	19	731	-94	-179	1010.58	29.84	3.52591	
1429809786	34664	-2019	19	-29	-26	-33	6	731	-93	-179	1010.6	29.83	3.52591	
1429809786	134631	-2019	5	-27	-28	-42	17	732	-91	-180	1010.56	29.83	3.52591	
1429809786	234655	-2018	8	-28	-32	-33	34	736	-92	-179	1010.61	29.84	3.52591	
1429809786	334642	-2018	5	-40	-31	-31	44	731	-92	-179	1010.57	29.83	3.52591	
1429809786	434656	-2026	22	-16	-28	-37	25	733	-94	-180	1010.54	29.83	3.52591	
1429809786	534643	-2009	25	-25	-33	-33	24	733	-93	-180	1010.55	29.83	3.52591	
1429809786	634662	-2003	20	-27	-29	-33	12	732	-94	-181	1010.55	29.83	3.52591	
1429809786	734637	-2018	16	-14	-33	-30	26	732	-93	-180	1010.57	29.83	3.52591	
1429809786	834656	-2023	13	-32	-29	-34	29	736	-93	-181	1010.59	29.84	3.52591	
1429809786	934729	-2018	17	-35	-29	-30	32	732	-92	-181	1010.6	29.83	3.54975	
1429809787	34693	-2014	18	-25	-29	-30	23	734	-93	-182	1010.59	29.83	3.54975	
1429809787	134639	-2013	21	-35	-22	-33	16	734	-93	-180	1010.62	29.83	3.54975	
1429809787	234663	-2021	17	-33	-31	-32	20	733	-92	-180	1010.57	29.83	3.54975	
1429809787	334630	-2015	7	-41	-31	-25	23	732	-93	-180	1010.61	29.84	3.54975	
1429809787	434656	-2010	26	-23	-24	-32	28	733	-94	-181	1010.54	29.83	3.54975	
1429809787	534653	-2015	18	-33	-28	-26	29	734	-93	-180	1010.63	29.83	3.54975	
1429809787	634672	-2024	-1	-30	-32	-33	11	733	-94	-182	1010.57	29.83	3.54975	
1429809787	734677	-2025	25	-38	-30	-28	18	734	-92	-182	1010.59	29.83	3.54975	
1429809787	834691	-2027	22	-43	-36	-31	12	733	-92	-181	1010.63	29.83	3.54975	
1429809787	934718	-2008	26	-43	-36	-35	27	733	-93	-181	1010.73	29.83	3.54504	
1429809788	34695	-2026	19	-37	-34	-30	26	737	-93	-182	1010.61	29.84	3.54504	
1429809788	134866	-2014	14	-27	-33	-31	26	730	-94	-182	1010.58	29.83	3.54504	
1429809788	234683	-2017	16	-18	-28	-35	19	732	-92	-182	1010.53	29.83	3.54504	
1429809788	334684	-2026	7	-21	-34	-41	17	735	-92	-180	1010.56	29.83	3.54504	
1429809788	434700	-2014	12	-27	-32	-37	30	736	-93	-181	1010.54	29.83	3.54504	
1429809788	534733	-2018	11	-34	-29	-35	18	731	-92	-183	1010.57	29.83	3.54504	
1429809788	634713	-2019	27	-35	-33	-36	35	735	-94	-181	1010.58	29.83	3.54504	
1429809788	734709	-2011	27	-27	-32	-34	22	734	-93	-183	1010.62	29.83	3.54504	
1429809788	834756	-2021	15	-35	-34	-41	24	732	-92	-182	1010.58	29.84	3.54504	
1429809788	934707	-2013	21	-33	-30	-33	22	734	-94	-182	1010.5	29.83	4.0694	
1429809789	34699	-2026	11	-25	-29	-38	23	735	-93	-184	1010.72	29.83	4.0694	
1429809789	134707	-2022	14	-30	-28	-34	35	731	-94	-183	1010.58	29.83	4.0694	
1429809789	234724	-2007	15	-36	-28	-36	28	732	-93	-183	1010.5	29.83	4.0694	
1429809789	334732	-2020	15	-32	-29	-31	11	733	-94	-183	1010.55	29.84	4.0694	
1429809789	434743	-2026	15	-40	-32	-30	11	733	-94	-183	1010.59	29.84	4.0694	
1429809789	534743	-2023	3	-26	-30	-30	25	733	-94	-182	1010.6	29.83	4.0694	
1429809789	634684	-2010	24	-29	-33	-28	34	735	-93	-185	1010.67	29.85	4.0694	
1429809789	734707	-2008	20	-8	-27	-30	27	732	-95	-183	1010.62	29.84	4.0694	
1429809789	834748	-2023	21	-42	-29	-36	22	735	-93	-183	1010.69	29.84	4.0694	
1429809789	934862	-2032	19	-14	-33	-34	7	734	-92	-184	1010.72	29.83	3.74786	
1429809790	34721	-2013	23	-20	-31	-27	22	732	-93	-184	1010.61	29.84	3.74786	
1429809790	134675	-2019	20	-34	-33	-28	18	735	-92	-183	1010.59	29.83	3.74786	
1429809790	234693	-2038	25	-21	-30	-36	31	733	-94	-184	1010.65	29.84	3.74786	
1429809790	334683	-2032	18	-27	-28	-31	21	734	-93	-182	1010.62	29.83	3.74786	
1429809790	434676	-2021	19	-26	-32	-38	14	733	-92	-184	1010.62	29.84	3.74786	
1429809790	534639	-2011	13	-17	-29	-37	14	734	-93	-183	1010.66	29.83	3.74786	
1429809790	634665	-2014	6	-20	-24	-40	14	732	-93	-184	1010.57	29.83	3.74786	
1429809790	734662	-2016	18	-39	-34	-38	21	735	-92	-184	1010.59	29.83	3.74786	
1429809790	834686	-2034	13	-35	-32	-37	25	734	-93	-185	1010.68	29.84	3.74786	
1429809790	934651	-2018	2	-20	-29	-36	21	730	-93	-185	1010.55	29.84	3.67581	
1429809791	34695	-2016	8	-31	-28	-35	21	731	-92	-184	1010.55	29.84	3.67581	
1429809791	134630	-2021	11	-36	-29	-36	29	735	-92	-184	1010.54	29.82	3.67581	
1429809791	234654	-2026	7	-27	-31	-31	17	732	-93	-185	1010.58	29.83	3.67581	
1429809791	334636	-2024	12	-33	-30	-31	27	732	-93	-185	1010.62	29.84	3.67581	
1429809791	434646	-2017	8	-47	-29	-32	21	735	-93	-185	1010.6	29.85	3.67581	
1429809791	534644	-2015	12	-30	-30	-34	17	733	-92	-186	1010.62	29.84	3.67581	
1429809791	634654	-2022	17	-27	-21	-27	12	734	-92	-185	1010.59	29.84	3.67581	
1429809791	734630	-2011	14	-31	-27	-26	22	733	-93	-185	1010.68	29.85	3.67581	
1429809791	834696	-2025	17	-32	-29	-29	28	733	-93	-182	1010.65	29.84	3.67581	
1429809791	934638	-2016	22	-34	-33	-27	36	732	-92	-184	1010.69	29.84	3.51785	
1429809792	34648	-2004	14	-26	-25	-32	20	736	-93	-185	1010.57	29.85	3.51785	
1429809792	134642	-2021	14	-31	-26	-33	25	732	-93	-184	1010.54	29.83	3.51785	
1429809792	234653	-2021	5	-37	-31	-29	12	733	-93	-185	1010.58	29.84	3.51785	
1429809792	334632	-2019	8	-12	-25	-29	22	733	-93	-184	1010.58	29.84	3.51785	
1429809792	434682	-2007	13	-33	-28	-33	25	732	-91	-185	1010.54	29.83	3.51785	
1429809792	534654	-2023	15	-28	-26	-31	15	732	-93	-185	1010.85	29.84	3.51785	
1429809792	634722	-2017	31	-38	-19	-39	23	736	-92	-184	1010.68	29.84	3.51785	
1429809792	734679	-2017	9	-50	-23	-37	12	733	-93	-185	1010.65	29.84	3.51785	
1429809792	834695	-2021	13	-24	-26	-34	16	732	-91	-186	1010.61	29.84	3.51785	
1429809792	934722	-2011	21	-39	-26	-34	17	734	-92	-185	1010.59	29.84	3.97769	
1429809793	34736	-2032	15	-36	-29	-31	26	735	-95	-186	1010.57	29.85	3.97769	
1429809793	134856	-2023	32	-41	-26	-38	23	733	-94	-187	1010.62	29.84	3.97769	
1429809793	234679	-2006	18	-29	-24	-36	19	734	-93	-186	1010.65	29.86	3.97769	
1429809793	334685	-2012	14	-36	-23	-42	19	733	-93	-186	1010.62	29.84	3.97769	
1429809793	434691	-2010	27	-27	-26	-42	14	732	-94	-187	1010.56	29.84	3.97769	
1429809793	534687	-2018	10	-28	-21	-30	36	733	-93	-186	1010.53	29.84	3.97769	
1429809793	634722	-2024	4	-27	-24	-30	20	734	-94	-186	1010.65	29.84	3.97769	
1429809793	734707	-2023	20	-25	-26	-27	18	733	-92	-185	1010.62	29.83	3.97769	
1429809793	834728	-2011	20	-32	-25	-30	15	733	-93	-185	1010.64	29.85	3.97769	
1429809793	934730	-2012	11	-19	-25	-27	25	733	-92	-185	1010.64	29.85	3.59789	
1429809794	34697	-2016	7	-30	-29	-25	29	732	-92	-185	1010.67	29.85	3.59789	
1429809794	134708	-2028	18	-22	-26	-30	27	732	-94	-185	1010.63	29.85	3.59789	
1429809794	234727	-2006	9	-29	-28	-22	30	734	-93	-185	1010.64	29.85	3.59789	
1429809794	334731	-2022	15	-35	-23	-29	21	733	-93	-185	1010.61	29.84	3.59789	
1429809794	434732	-2026	15	-24	-23	-29	10	737	-92	-184	1010.71	29.85	3.59789	
1429809794	534681	-2021	16	-31	-16	-33	23	733	-93	-185	1010.61	29.85	3.59789	
1429809794	634696	-2014	12	-44	-13	-28	27	733	-94	-185	1010.54	29.85	3.59789	
1429809794	734706	-2009	19	-38	-11	-36	22	734	-94	-185	1010.6	29.85	3.59789	
1429809794	834731	-2022	19	-28	-10	-30	30	733	-94	-185	1010.61	29.84	3.59789	
1429809794	934754	-2021	15	-24	-17	-40	18	732	-94	-184	1010.64	29.85	3.54525	
1429809795	34767	-2023	17	-28	-14	-40	13	732	-93	-186	1010.61	29.85	3.54525	
1429809795	134681	-2022	15	-31	-12	-36	27	734	-93	-186	1010.67	29.85	3.54525	
1429809795	234692	-2023	16	-35	-6	-37	35	733	-91	-184	1010.64	29.84	3.54525	
1429809795	334710	-2021	18	-19	-6	-44	28	734	-92	-185	1010.72	29.84	3.54525	
1429809795	434702	-2024	15	-30	-7	-37	21	734	-93	-185	1010.61	29.84	3.54525	
1429809795	534673	-2015	24	-20	-6	-28	16	732	-93	-184	1010.67	29.85	3.54525	
1429809795	634780	-2025	20	-39	-3	-41	11	733	-93	-184	1010.61	29.84	3.54525	
1429809795	734664	-2018	18	-39	-5	-27	18	733	-92	-184	1010.68	29.84	3.54525	
1429809795	834689	-2016	16	-33	0	-27	29	734	-93	-184	1010.68	29.84	3.54525	
1429809795	934682	-2026	5	-40	-4	-30	22	733	-93	-184	1010.64	29.84	3.71768	
1429809796	34696	-2017	18	-31	-3	-30	13	736	-93	-183	1010.67	29.85	3.71768	
1429809796	134634	-2004	15	-44	-6	-30	20	731	-92	-182	1010.61	29.84	3.71768	
1429809796	234650	-2012	9	-39	-6	-29	22	734	-92	-182	1010.6	29.83	3.71768	
1429809796	334639	-2013	10	-40	-7	-28	23	736	-93	-181	1010.59	29.83	3.71768	
1429809796	434666	-2018	21	-24	-5	-29	25	732	-92	-182	1010.56	29.84	3.71768	
1429809796	534637	-2019	12	-28	-9	-26	22	733	-92	-181	1010.57	29.83	3.71768	
1429809796	634660	-2036	13	-23	-9	-29	15	734	-92	-183	1010.5	29.84	3.71768	
1429809796	734677	-2033	22	-33	-13	-32	17	732	-93	-181	1010.6	29.83	3.71768	
1429809796	834647	-2019	16	-29	-12	-35	15	733	-92	-180	1010.66	29.83	3.71768	
1429809796	934634	-2019	15	-29	-8	-29	23	733	-94	-180	1010.58	29.83	3.60507	
1429809797	34652	-2017	13	-24	-6	-35	31	732	-93	-182	1010.62	29.83	3.60507	
1429809797	134657	-2021	9	-26	-10	-33	13	733	-93	-181	1010.54	29.82	3.60507	
1429809797	234661	-2037	7	-23	-6	-42	19	733	-93	-179	1010.63	29.82	3.60507	
1429809797	334702	-2015	4	-30	-5	-37	15	733	-92	-181	1010.62	29.82	3.60507	
1429809797	434644	-2019	15	-26	1	-35	29	733	-93	-179	1010.63	29.82	3.60507	
1429809797	534654	-2024	11	-26	-11	-43	29	732	-95	-180	1010.56	29.82	3.60507	
1429809797	634672	-2009	14	-33	-7	-39	19	735	-93	-181	1010.62	29.82	3.60507	
1429809797	734691	-2034	14	-43	-6	-24	13	734	-92	-180	1010.65	29.81	3.60507	
1429809797	834688	-2017	5	-29	-7	-30	16	734	-92	-180	1010.6	29.81	3.60507	
1429809797	934691	-2022	7	-18	-12	-33	23	733	-92	-180	1010.58	29.8	3.49144	
1429809798	34724	-2027	17	-28	-12	-27	31	734	-93	-179	1010.59	29.8	3.49144	
1429809798	134861	-2016	21	-30	-2	-28	22	730	-93	-179	1010.63	29.81	3.49144	
1429809798	234739	-2013	14	-28	-5	-29	21	732	-95	-178	1010.5	29.8	3.49144	
1429809798	334733	-2013	9	-47	-25	-23	13	734	-91	-178	1010.66	29.8	3.49144	
1429809798	434699	-2014	16	-36	-32	-28	14	733	-92	-177	1010.61	29.8	3.49144	
1429809798	534696	-2007	10	-41	-47	-18	31	732	-91	-177	1010.65	29.8	3.49144	
1429809798	634705	-2024	5	-20	-80	-20	29	734	-94	-178	1010.57	29.8	3.49144	
1429809798	734693	-2024	16	-52	-116	-16	22	733	-92	-179	1010.64	29.8	3.49144	
1429809798	834681	-1998	22	-26	-135	-35	25	732	-93	-180	1010.6	29.78	3.49144	
1429809798	934681	-2017	17	-27	-134	-34	34	733	-92	-182	1010.67	29.81	3.58348	
1429809799	34699	-2019	21	-28	-139	-24	27	734	-91	-184	1010.61	29.8	3.58348	
1429809799	134711	-2016	6	-24	-139	-39	22	732	-94	-184	1010.55	29.8	3.58348	
1429809799	234726	-2018	14	-25	-137	-49	30	732	-94	-186	1010.64	29.8	3.58348	
1429809799	334718	-2007	9	-39	-137	-46	24	732	-95	-189	1010.62	29.79	3.58348	
1429809799	434733	-2005	20	-37	-139	-35	17	731	-94	-190	1010.64	29.78	3.58348	
1429809799	534715	-2019	10	-22	-142	-53	21	733	-92	-191	1010.64	29.8	3.58348	
1429809799	634717	-2017	5	-22	-143	-54	32	735	-92	-194	1010.58	29.8	3.58348	
1429809799	734707	-2016	10	-27	-143	-37	28	733	-93	-196	1010.74	29.8	3.58348	
1429809799	834802	-2014	13	-13	-151	-28	32	732	-93	-198	1010.64	29.8	3.58348	
1429809799	934830	-2010	14	-48	-177	-32	21	732	-92	-199	1010.56	29.79	3.50909	
1429809800	34769	-2025	-8	-45	-216	-32	21	733	-93	-201	1010.71	29.8	3.50909	
1429809800	134689	-2022	27	-35	-260	-32	14	733	-93	-206	1010.65	29.8	3.50909	
1429809800	234690	-2024	7	-11	-282	-20	23	733	-92	-206	1010.51	29.8	3.50909	
1429809800	334679	-2031	15	-21	-300	-10	41	733	-91	-211	1010.6	29.8	3.50909	
1429809800	434685	-2029	16	-33	-325	-13	32	733	-92	-213	1010.63	29.81	3.50909	
1429809800	534694	-2019	15	-32	-342	-16	33	731	-91	-217	1010.6	29.81	3.50909	
1429809800	634686	-2025	22	-46	-368	-19	24	733	-89	-221	1010.62	29.8	3.50909	
1429809800	734666	-2025	15	-25	-397	-11	18	735	-89	-225	1010.66	29.8	3.50909	
1429809800	834681	-2011	9	-28	-414	-30	36	732	-88	-230	1010.65	29.81	3.50909	
1429809800	934704	-2014	17	-34	-437	-31	49	732	-87	-235	1010.56	29.8	3.47632	
1429809801	34704	-2012	12	-37	-461	-20	57	732	-87	-240	1010.72	29.82	3.47632	
1429809801	134662	-2008	3	-23	-488	-31	47	734	-85	-247	1010.75	29.82	3.47632	
1429809801	234651	-2028	7	-24	-504	-49	35	735	-82	-253	1010.62	29.82	3.47632	
1429809801	334645	-2007	18	-27	-516	-51	17	734	-79	-259	1010.62	29.82	3.47632	
1429809801	434661	-2029	10	-50	-523	-41	48	733	-77	-266	1010.58	29.81	3.47632	
1429809801	534682	-2029	12	-33	-538	-48	37	733	-76	-272	1010.64	29.83	3.47632	
1429809801	634702	-2025	15	-39	-534	-61	46	733	-73	-282	1010.63	29.82	3.47632	
1429809801	734658	-2015	14	-38	-542	-51	35	732	-71	-288	1010.64	29.83	3.47632	
1429809801	834649	-2010	9	-34	-543	-29	22	731	-67	-292	1010.63	29.82	3.47632	
1429809801	934642	-2021	16	-35	-540	-45	22	732	-64	-302	1010.65	29.81	3.47397	
1429809802	34648	-2011	1	-21	-538	-45	42	735	-61	-307	1010.59	29.83	3.47397	
1429809802	134652	-2008	15	-41	-540	-36	50	732	-57	-314	1010.56	29.83	3.47397	
1429809802	234658	-2026	8	-19	-538	-21	49	732	-52	-321	1010.61	29.83	3.47397	
1429809802	334666	-2019	13	-43	-538	-24	33	735	-49	-325	1010.6	29.82	3.47397	
1429809802	434688	-2010	12	-22	-540	-25	30	732	-44	-331	1010.61	29.83	3.47397	
1429809802	534672	-2014	8	-22	-540	-6	44	732	-40	-335	1010.63	29.83	3.47397	
1429809802	634685	-2006	18	-45	-539	-5	51	735	-35	-341	1010.62	29.83	3.47397	
1429809802	734784	-2016	27	-26	-538	-23	62	733	-31	-345	1010.64	29.84	3.47397	
1429809802	834691	-2013	9	-22	-535	-20	42	735	-29	-350	1010.59	29.83	3.47397	
1429809802	934826	-2013	3	-16	-541	-4	28	735	-22	-355	1010.62	29.83	3.65312	
1429809803	34711	-2021	17	-23	-538	-8	40	735	-18	-359	1010.61	29.83	3.65312	
1429809803	134842	-2016	19	-46	-537	-31	50	734	-14	-365	1010.6	29.83	3.65312	
1429809803	234681	-2023	9	-38	-536	-33	44	736	-7	-369	1010.62	29.83	3.65312	
1429809803	334682	-2011	10	-30	-533	-28	51	735	-2	-375	1010.69	29.83	3.65312	
1429809803	434698	-2017	13	-24	-532	-29	34	734	4	-378	1010.61	29.83	3.65312	
1429809803	534704	-2009	36	-32	-536	-49	18	737	9	-383	1010.7	29.83	3.65312	
1429809803	634712	-2026	18	-44	-533	-54	26	736	16	-388	1010.68	29.83	3.65312	
1429809803	734700	-2014	22	-23	-532	-35	35	735	22	-391	1010.57	29.82	3.65312	
1429809803	834707	-2026	28	-34	-534	-40	39	736	29	-395	1010.6	29.82	3.65312	
1429809803	934688	-2019	2	-17	-540	-58	34	735	34	-400	1010.61	29.83	3.55483	
1429809804	34701	-2014	4	-19	-535	-45	12	735	42	-403	1010.64	29.83	3.55483	
1429809804	134758	-2010	8	-54	-533	-35	18	736	48	-408	1010.63	29.82	3.55483	
1429809804	234721	-2012	9	-37	-532	-32	44	738	56	-410	1010.59	29.82	3.55483	
1429809804	334712	-2031	13	-31	-529	-45	43	736	61	-413	1010.7	29.82	3.55483	
1429809804	434730	-2028	19	-29	-527	-37	48	738	69	-415	1010.62	29.82	3.55483	
1429809804	534717	-2023	6	-28	-534	-17	35	736	76	-419	1010.65	29.81	3.55483	
1429809804	634689	-2006	6	-21	-531	-17	51	736	82	-419	1010.63	29.81	3.55483	
1429809804	734733	-2020	15	-28	-524	-28	49	738	88	-423	1010.63	29.81	3.55483	
1429809804	834704	-2023	9	-37	-528	-32	64	737	95	-426	1010.62	29.8	3.55483	
1429809804	934742	-2015	15	-24	-525	-17	64	736	102	-427	1010.57	29.8	3.49931	
1429809805	34741	-2018	26	-39	-526	-7	59	738	106	-428	1010.69	29.8	3.49931	
1429809805	134684	-2026	13	-39	-526	-30	36	738	113	-428	1010.62	29.8	3.49931	
1429809805	234683	-2025	11	-29	-527	-37	41	736	123	-431	1010.69	29.8	3.49931	
1429809805	334692	-2021	23	-38	-524	-30	47	738	127	-433	1010.62	29.8	3.49931	
1429809805	434673	-2019	33	-34	-527	-27	54	737	133	-432	1010.66	29.8	3.49931	
1429809805	534640	-2013	27	-32	-524	-33	34	738	141	-434	1010.59	29.79	3.49931	
1429809805	634693	-2021	12	-38	-532	-39	26	740	148	-435	1010.61	29.8	3.49931	
1429809805	734672	-2023	20	-29	-522	-31	21	741	155	-436	1010.64	29.8	3.49931	
1429809805	834697	-2014	23	-48	-518	-31	26	738	163	-436	1010.67	29.8	3.49931	
1429809805	934764	-2006	17	-34	-517	-37	21	741	172	-436	1010.61	29.8	3.50864	
1429809806	34678	-2015	20	-28	-524	-37	18	739	178	-436	1010.59	29.78	3.50864	
1429809806	134624	-2028	12	-30	-522	-33	9	740	187	-437	1010.67	29.8	3.50864	
1429809806	234647	-2040	23	-32	-523	-27	35	741	193	-435	1010.59	29.79	3.50864	
1429809806	334627	-2018	4	-26	-520	-35	35	741	201	-435	1010.67	29.8	3.50864	
1429809806	434642	-2012	26	-25	-520	-34	36	741	210	-434	1010.66	29.79	3.50864	
1429809806	534640	-2015	24	-38	-516	-37	36	744	218	-434	1010.66	29.79	3.50864	
1429809806	634646	-2018	12	-26	-520	-25	22	740	225	-433	1010.55	29.79	3.50864	
1429809806	734658	-2031	9	-33	-518	-27	47	740	230	-430	1010.59	29.79	3.50864	
1429809806	834701	-2025	18	-33	-509	-42	63	740	237	-429	1010.65	29.79	3.50864	
1429809806	934655	-2007	22	-38	-506	-31	60	744	244	-430	1010.58	29.79	3.62269	
1429809807	34662	-2020	18	-38	-515	-24	56	741	248	-426	1010.6	29.8	3.62269	
1429809807	134630	-2024	22	-28	-510	-24	46	743	254	-425	1010.56	29.79	3.62269	
1429809807	234655	-2023	19	-36	-512	-38	58	745	260	-423	1010.68	29.79	3.62269	
1429809807	334628	-2022	3	-36	-513	-38	58	742	269	-421	1010.66	29.79	3.62269	
1429809807	434650	-2019	13	-33	-512	-23	51	739	272	-419	1010.62	29.79	3.62269	
1429809807	534644	-2017	1	-24	-514	-31	33	748	280	-416	1010.62	29.79	3.62269	
1429809807	634676	-2026	15	-31	-510	-40	23	743	285	-415	1010.59	29.79	3.62269	
1429809807	734667	-2020	25	-36	-510	-43	28	746	292	-410	1010.56	29.79	3.62269	
1429809807	834677	-2018	17	-32	-511	-24	41	743	299	-408	1010.68	29.79	3.62269	
1429809807	934687	-2009	12	-41	-505	-10	25	744	304	-404	1010.62	29.79	3.58985	
1429809808	34692	-2020	7	-30	-512	-30	25	743	310	-402	1010.52	29.79	3.58985	
1429809808	134861	-2017	17	-33	-507	-34	16	743	318	-398	1010.58	29.79	3.58985	
1429809808	234680	-2022	19	-34	-502	-25	14	746	325	-395	1010.68	29.8	3.58985	
1429809808	334674	-2012	18	-32	-509	-18	26	744	329	-389	1010.55	29.79	3.58985	
1429809808	434680	-2013	9	-41	-522	-23	32	745	335	-387	1010.73	29.8	3.58985	
1429809808	534691	-2019	17	-38	-528	-30	33	744	342	-382	1010.66	29.79	3.58985	
1429809808	634700	-2035	17	-39	-536	-32	24	745	347	-378	1010.66	29.79	3.58985	
1429809808	734690	-2025	4	-34	-552	-32	25	747	354	-374	1010.62	29.79	3.58985	
1429809808	834701	-2021	7	-44	-561	-37	42	743	361	-369	1010.67	29.8	3.58985	
1429809808	934673	-2034	9	-30	-570	-42	62	746	363	-362	1010.69	29.79	3.63046	
1429809809	34688	-2021	12	-29	-595	-42	58	745	370	-358	1010.7	29.8	3.63046	
1429809809	134699	-2026	15	-32	-595	-43	43	747	375	-353	1010.66	29.79	3.63046	
1429809809	234726	-2013	22	-23	-603	-44	45	745	379	-347	1010.72	29.79	3.63046	
1429809809	334714	-2012	12	-22	-615	-53	53	748	384	-343	1010.62	29.79	3.63046	
1429809809	434730	-2018	18	-49	-626	-39	62	748	389	-336	1010.66	29.79	3.63046	
1429809809	534692	-2014	18	-34	-620	-32	50	746	395	-329	1010.61	29.79	3.63046	
1429809809	634690	-2010	21	-25	-632	-34	46	747	398	-324	1010.6	29.78	3.63046	
1429809809	734698	-2022	15	-35	-640	-39	42	746	404	-317	1010.62	29.79	3.63046	
1429809809	834724	-2024	12	-28	-641	-27	40	745	406	-310	1010.58	29.79	3.63046	
1429809809	934758	-2024	3	-34	-648	-16	46	746	412	-303	1010.61	29.79	3.46206	
1429809810	34712	-2008	3	-18	-657	-21	45	746	415	-295	1010.61	29.79	3.46206	
1429809810	134758	-2014	12	-20	-674	-19	46	747	420	-286	1010.6	29.78	3.46206	
1429809810	234856	-2022	13	-30	-679	-10	36	748	423	-276	1010.63	29.78	3.46206	
1429809810	334683	-2016	1	-32	-687	-14	30	747	427	-270	1010.66	29.79	3.46206	
1429809810	434695	-2022	17	-19	-695	-20	37	747	431	-260	1010.61	29.79	3.46206	
1429809810	534683	-2018	15	-35	-709	-21	38	753	433	-253	1010.59	29.76	3.46206	
1429809810	634692	-2011	9	-35	-721	-17	43	747	433	-242	1010.6	29.78	3.46206	
1429809810	734671	-2025	10	-30	-740	-20	41	750	435	-234	1010.61	29.77	3.46206	
1429809810	834673	-2026	12	-47	-755	-37	38	750	438	-222	1010.59	29.78	3.46206	
1429809810	934702	-2032	11	-34	-767	-36	39	746	440	-214	1010.61	29.77	3.50628	
1429809811	34716	-2017	18	-36	-777	-38	44	749	441	-204	1010.67	29.77	3.50628	
1429809811	134703	-2003	12	-25	-785	-42	54	751	442	-195	1010.68	29.77	3.50628	
1429809811	234695	-2013	12	-15	-804	-47	50	750	440	-184	1010.64	29.77	3.50628	
1429809811	334679	-2014	7	-35	-817	-41	42	747	440	-176	1010.54	29.77	3.50628	
1429809811	434660	-2018	12	-48	-813	-37	43	749	440	-163	1010.61	29.77	3.50628	
1429809811	534642	-2015	23	-43	-812	-44	33	750	440	-154	1010.56	29.76	3.50628	
1429809811	634655	-2018	19	-18	-811	-46	51	749	436	-144	1010.58	29.76	3.50628	
1429809811	734693	-2020	13	-37	-810	-31	46	750	435	-135	1010.67	29.77	3.50628	
1429809811	834683	-2031	17	-25	-808	-19	55	750	432	-123	1010.54	29.77	3.50628	
1429809811	934633	-2014	17	-42	-803	-31	43	747	428	-113	1010.66	29.76	3.4985	
1429809812	34644	-2005	6	-47	-805	-28	48	749	427	-102	1010.71	29.76	3.4985	
1429809812	134643	-2003	17	-23	-803	-21	53	752	423	-91	1010.61	29.77	3.4985	
1429809812	234658	-2015	7	-46	-804	-8	56	747	417	-82	1010.6	29.77	3.4985	
1429809812	334662	-2008	9	-19	-800	-15	60	748	412	-73	1010.67	29.77	3.4985	
1429809812	434672	-2020	8	-22	-801	-20	60	750	406	-64	1010.63	29.76	3.4985	
1429809812	534646	-2008	-2	-28	-800	-14	64	745	400	-55	1010.62	29.76	3.4985	
1429809812	634673	-2007	6	-28	-795	-10	49	745	395	-45	1010.63	29.76	3.4985	
1429809812	734675	-2023	8	-33	-795	-27	59	749	388	-35	1010.71	29.76	3.4985	
1429809812	834685	-2025	16	-22	-794	-37	49	747	381	-28	1010.63	29.76	3.4985	
1429809812	934706	-2014	20	-26	-788	-31	60	748	372	-22	1010.63	29.76	3.49949	
1429809813	34721	-2013	20	-39	-786	-26	44	747	366	-14	1010.69	29.76	3.49949	
1429809813	134826	-2021	15	-30	-789	-35	33	746	357	-6	1010.6	29.76	3.49949	
1429809813	234709	-2020	5	-22	-787	-38	39	746	350	1	1010.67	29.77	3.49949	
1429809813	334697	-2025	4	-31	-787	-34	41	746	343	6	1010.58	29.77	3.49949	
1429809813	434694	-2033	12	-29	-780	-36	36	747	334	14	1010.6	29.77	3.49949	
1429809813	534699	-2022	15	-48	-793	-45	37	748	326	19	1010.6	29.77	3.49949	
1429809813	634813	-2023	12	-29	-786	-40	36	747	317	25	1010.66	29.78	3.49949	
1429809813	734698	-2028	2	-47	-783	-30	34	744	306	29	1010.59	29.78	3.49949	
1429809813	834709	-2013	6	-39	-778	-30	36	745	300	34	1010.6	29.78	3.49949	
1429809813	934679	-2008	19	-46	-779	-33	49	744	288	39	1010.52	29.79	3.86533	
1429809814	34689	-2021	20	-27	-777	-27	47	745	281	42	1010.68	29.79	3.86533	
1429809814	134704	-2022	15	-31	-769	-17	45	744	270	46	1010.6	29.78	3.86533	
1429809814	234731	-2022	18	-26	-774	-17	53	745	260	50	1010.68	29.79	3.86533	
1429809814	334731	-2027	14	-12	-770	-29	51	744	251	54	1010.53	29.79	3.86533	
1429809814	434764	-2020	18	-23	-766	-27	65	746	239	57	1010.58	29.79	3.86533	
1429809814	534707	-2021	2	-22	-764	-22	66	744	228	58	1010.51	29.8	3.86533	
1429809814	634735	-2013	15	-39	-763	-24	56	743	218	60	1010.6	29.8	3.86533	
1429809814	734699	-2017	8	-30	-761	-30	63	742	206	63	1010.58	29.8	3.86533	
1429809814	834733	-2029	9	-26	-760	-29	49	741	197	64	1010.59	29.8	3.86533	
1429809814	934733	-2019	19	-12	-760	-38	64	741	183	65	1010.54	29.81	3.47699	
1429809815	34740	-2025	17	-26	-756	-32	53	741	173	64	1010.63	29.81	3.47699	
1429809815	134684	-2015	9	-35	-752	-34	49	742	162	64	1010.58	29.81	3.47699	
1429809815	234699	-2020	13	-26	-756	-38	37	740	153	63	1010.66	29.82	3.47699	
1429809815	334677	-2012	12	-25	-750	-38	43	740	143	62	1010.59	29.82	3.47699	
1429809815	434703	-2026	14	-36	-749	-32	29	740	133	62	1010.51	29.82	3.47699	
1429809815	534745	-2020	17	-25	-747	-30	43	739	123	59	1010.66	29.83	3.47699	
1429809815	634704	-2016	-4	-24	-740	-33	29	739	113	57	1010.53	29.82	3.47699	
1429809815	734715	-2013	17	-15	-745	-31	32	741	103	53	1010.59	29.83	3.47699	
1429809815	834771	-2026	14	-33	-743	-24	40	739	94	52	1010.67	29.