time_s	time_us	ax	ay	az	gx	gy	gz	mx	my	mz	pressure	temp	runtime_average_ms	
1429813407	147918	72	96	-2065	-103	-23	-1	312	-173	528	1002.21	28.26	0	
1429813407	247876	78	96	-2089	-99	-24	-6	310	-172	528	1002.21	28.26	0	
1429813407	347851	66	88	-2093	-104	-30	-3	311	-173	528	1002.23	28.25	0	
1429813407	447836	79	97	-2085	-104	-26	-7	312	-173	529	1002.29	28.26	0	
1429813407	547857	79	102	-2089	-105	-27	-7	311	-172	529	1002.25	28.24	0	
1429813407	647842	80	103	-2084	-105	-32	-6	310	-173	528	1002.2	28.25	0	
1429813407	747858	80	102	-2081	-109	-24	-9	310	-173	528	1002.15	28.26	0	
1429813407	847875	72	103	-2091	-106	-31	-6	311	-173	529	1002.27	28.27	0	
1429813407	947821	87	103	-2087	-102	-25	-6	311	-173	528	1002.26	28.26	0	
1429813408	47837	73	102	-2080	-108	-24	-1	311	-173	527	1002.34	28.27	0	
1429813408	147862	79	90	-2104	-108	-24	-7	311	-172	527	1002.29	28.26	3.20539	
1429813408	247869	69	103	-2083	-107	-29	-5	311	-173	527	1002.23	28.27	3.20539	
1429813408	347854	73	103	-2093	-102	-25	-7	312	-174	527	1002.35	28.27	3.20539	
1429813408	447829	85	88	-2093	-102	-28	-5	310	-173	528	1002.19	28.27	3.20539	
1429813408	547876	88	102	-2108	-104	-24	-5	310	-173	529	1002.26	28.26	3.20539	
1429813408	647876	70	92	-2060	-105	-17	-9	308	-171	526	1002.32	28.26	3.20539	
1429813408	747869	74	97	-2087	-106	-25	-5	313	-171	528	1002.15	28.27	3.20539	
1429813408	847883	87	98	-2096	-109	-26	-6	311	-173	529	1002.29	28.28	3.20539	
1429813408	947851	83	103	-2072	-105	-29	-9	311	-174	527	1002.27	28.27	3.20539	
1429813409	47918	77	98	-2093	-103	-24	-8	313	-172	527	1002.22	28.26	3.20539	
1429813409	147873	78	91	-2088	-102	-24	-4	312	-172	528	1002.32	28.28	3.39603	
1429813409	247886	77	100	-2086	-104	-26	-8	311	-172	526	1002.2	28.27	3.39603	
1429813409	347893	82	107	-2077	-106	-24	-4	311	-173	528	1002.15	28.26	3.39603	
1429813409	447876	90	105	-2100	-104	-25	-1	312	-174	530	1002.22	28.28	3.39603	
1429813409	547920	79	100	-2100	-106	-24	-6	311	-172	527	1002.24	28.27	3.39603	
1429813409	647911	92	101	-2076	-103	-24	-8	312	-173	530	1002.3	28.27	3.39603	
1429813409	747891	62	97	-2089	-105	-29	-5	311	-172	527	1002.27	28.27	3.39603	
1429813409	847902	81	103	-2068	-105	-27	-9	311	-173	526	1002.14	28.28	3.39603	
1429813409	947870	89	96	-2089	-99	-28	-7	312	-173	528	1002.18	28.28	3.39603	
1429813410	47906	85	91	-2095	-105	-27	-10	311	-173	529	1002.41	28.28	3.39603	
1429813410	147922	92	107	-2105	-104	-25	-8	312	-175	528	1002.25	28.28	3.44841	
1429813410	247941	81	94	-2087	-108	-20	-5	311	-172	528	1002.24	28.27	3.44841	
1429813410	347927	70	96	-2076	-105	-23	-4	310	-173	528	1002.26	28.28	3.44841	
1429813410	447886	94	94	-2099	-105	-22	-5	312	-172	528	1002.24	28.27	3.44841	
1429813410	547893	70	99	-2068	-109	-30	-6	311	-173	528	1002.15	28.28	3.44841	
1429813410	647922	72	109	-2084	-103	-24	-5	312	-172	527	1002.33	28.28	3.44841	
1429813410	747935	87	90	-2080	-105	-22	0	311	-174	527	1002.25	28.28	3.44841	
1429813410	847908	75	99	-2102	-103	-19	-9	309	-172	528	1002.27	28.29	3.44841	
1429813410	947884	70	83	-2082	-109	-26	-8	311	-174	528	1002.36	28.29	3.44841	
1429813411	47903	81	88	-2095	-104	-26	-6	311	-172	528	1002.29	28.28	3.44841	
1429813411	147892	79	92	-2087	-105	-25	-11	312	-173	527	1002.19	28.28	3.591	
1429813411	247909	80	105	-2091	-106	-24	-6	312	-173	527	1002.28	28.29	3.591	
1429813411	347916	72	95	-2088	-105	-27	-4	311	-172	527	1002.24	28.29	3.591	
1429813411	447891	78	109	-2085	-106	-25	-6	310	-172	529	1002.24	28.29	3.591	
1429813411	547922	72	101	-2066	-102	-29	-8	311	-172	529	1002.26	28.28	3.591	
1429813411	647940	77	94	-2085	-103	-21	-5	311	-172	527	1002.28	28.29	3.591	
1429813411	747882	71	91	-2067	-101	-23	-6	310	-173	527	1002.22	28.28	3.591	
1429813411	847903	85	94	-2088	-109	-25	-3	312	-173	529	1002.25	28.3	3.591	
1429813411	947876	71	108	-2072	-103	-25	-9	311	-173	526	1002.17	28.29	3.591	
1429813412	47917	79	89	-2081	-100	-28	-2	310	-173	528	1002.21	28.29	3.591	
1429813412	147869	80	96	-2091	-100	-21	-11	311	-173	528	1002.26	28.28	3.45972	
1429813412	247928	84	84	-2092	-105	-26	-8	312	-174	528	1002.16	28.29	3.45972	
1429813412	347853	75	96	-2089	-98	-26	-10	311	-172	528	1002.18	28.28	3.45972	
1429813412	447850	77	103	-2096	-107	-25	-5	311	-173	529	1002.2	28.29	3.45972	
1429813412	547884	83	90	-2095	-101	-25	-4	311	-172	526	1002.24	28.29	3.45972	
1429813412	647886	71	107	-2077	-107	-28	-10	313	-172	528	1002.24	28.29	3.45972	
1429813412	747847	80	96	-2091	-103	-28	-7	311	-172	529	1002.27	28.29	3.45972	
1429813412	847888	72	99	-2102	-103	-23	-8	311	-173	525	1002.24	28.29	3.45972	
1429813412	947803	84	97	-2095	-98	-25	5	312	-171	528	1002.32	28.29	3.45972	
1429813413	47825	80	94	-2084	-102	-26	-3	311	-173	529	1002.26	28.3	3.45972	
1429813413	147821	81	110	-2091	-104	-27	-3	311	-173	528	1002.39	28.29	3.30938	
1429813413	247839	77	88	-2092	-106	-23	-6	312	-173	527	1002.29	28.3	3.30938	
1429813413	347839	82	95	-2088	-99	-29	-6	311	-173	527	1002.24	28.29	3.30938	
1429813413	447825	80	97	-2073	-106	-25	-8	311	-173	529	1002.2	28.29	3.30938	
1429813413	547945	83	94	-2083	-101	-27	-4	311	-173	527	1002.21	28.29	3.30938	
1429813413	647851	75	103	-2096	-101	-23	-9	310	-174	529	1002.14	28.3	3.30938	
1429813413	747856	78	103	-2083	-103	-23	-2	312	-174	528	1002.25	28.3	3.30938	
1429813413	847870	86	99	-2084	-102	-24	-6	311	-172	528	1002.19	28.3	3.30938	
1429813413	947840	78	82	-2103	-105	-25	-7	311	-172	529	1002.37	28.3	3.30938	
1429813414	47879	84	98	-2075	-104	-25	-5	311	-173	527	1002.32	28.29	3.30938	
1429813414	147873	89	95	-2075	-107	-23	-8	310	-172	528	1002.24	28.29	3.29559	
1429813414	248451	91	100	-2090	-108	-28	-7	310	-173	529	1002.35	28.29	3.29559	
1429813414	347865	72	89	-2084	-105	-28	-3	310	-173	527	1002.28	28.29	3.29559	
1429813414	447860	78	105	-2094	-102	-25	-7	312	-174	526	1002.2	28.29	3.29559	
1429813414	547889	81	106	-2062	-103	-27	-7	312	-172	528	1002.22	28.3	3.29559	
1429813414	647895	93	103	-2089	-100	-26	-8	311	-173	526	1002.22	28.3	3.29559	
1429813414	747874	92	84	-2090	-98	-22	-8	311	-172	528	1002.34	28.28	3.29559	
1429813414	847872	91	84	-2084	-109	-20	-9	312	-173	528	1002.21	28.29	3.29559	
1429813414	947857	72	92	-2072	-103	-24	-2	311	-172	527	1002.31	28.31	3.29559	
1429813415	47897	71	100	-2095	-98	-29	-3	311	-174	526	1002.31	28.29	3.29559	
1429813415	147892	75	96	-2059	-100	-26	-8	309	-172	528	1002.19	28.3	3.33913	
1429813415	248054	86	86	-2097	-100	-25	-5	310	-171	529	1002.29	28.3	3.33913	
1429813415	347883	77	89	-2104	-101	-28	-8	310	-172	527	1002.13	28.31	3.33913	
1429813415	447814	76	103	-2094	-104	-24	-9	312	-173	528	1002.32	28.31	3.33913	
1429813415	547895	81	111	-2079	-103	-24	-7	311	-171	527	1002.25	28.31	3.33913	
1429813415	647912	84	91	-2091	-101	-29	-10	311	-173	528	1002.36	28.3	3.33913	
1429813415	747878	75	91	-2083	-105	-28	-3	311	-171	528	1002.23	28.31	3.33913	
1429813415	847906	79	94	-2073	-100	-22	-8	311	-173	529	1002.27	28.31	3.33913	
1429813415	947860	79	93	-2102	-101	-24	-8	310	-173	526	1002.26	28.3	3.33913	
1429813416	47882	85	102	-2092	-103	-26	-1	311	-173	528	1002.34	28.32	3.33913	
1429813416	147894	84	101	-2062	-108	-27	-11	311	-173	528	1002.17	28.31	3.28379	
1429813416	247881	83	100	-2104	-104	-23	-10	310	-173	528	1002.23	28.31	3.28379	
1429813416	347862	75	101	-2079	-107	-25	-12	312	-173	529	1002.38	28.32	3.28379	
1429813416	447844	80	90	-2103	-103	-27	-11	313	-173	529	1002.24	28.33	3.28379	
1429813416	547876	91	96	-2081	-102	-28	-4	312	-171	527	1002.27	28.32	3.28379	
1429813416	647844	74	102	-2071	-103	-31	-3	312	-173	529	1002.31	28.32	3.28379	
1429813416	747857	79	91	-2088	-104	-21	-7	311	-173	528	1002.22	28.32	3.28379	
1429813416	847875	75	94	-2062	-103	-27	-2	312	-173	526	1002.45	28.32	3.28379	
1429813416	947855	70	97	-2085	-102	-20	-8	311	-172	529	1002.31	28.32	3.28379	
1429813417	47872	84	90	-2093	-111	-26	-9	310	-173	528	1002.35	28.33	3.28379	
1429813417	147855	75	110	-2079	-106	-24	-6	311	-173	527	1002.27	28.32	3.31953	
1429813417	247880	80	89	-2095	-101	-22	-8	311	-173	529	1002.23	28.31	3.31953	
1429813417	347823	82	94	-2092	-105	-22	-3	311	-175	529	1002.16	28.32	3.31953	
1429813417	447885	72	107	-2080	-107	-28	-6	311	-173	526	1002.34	28.32	3.31953	
1429813417	547824	72	100	-2094	-99	-22	-7	309	-174	528	1002.28	28.33	3.31953	
1429813417	647832	86	106	-2106	-103	-29	-3	311	-173	529	1002.22	28.34	3.31953	
1429813417	747845	74	96	-2075	-104	-25	-3	312	-171	527	1002.26	28.32	3.31953	
1429813417	847854	77	101	-2081	-106	-26	-7	312	-173	529	1002.31	28.32	3.31953	
1429813417	947808	68	100	-2090	-102	-29	-5	310	-174	528	1002.29	28.33	3.31953	
1429813418	47831	78	100	-2084	-103	-28	-3	310	-172	526	1002.3	28.34	3.31953	
1429813418	147815	80	89	-2073	-97	-23	-4	312	-171	529	1002.19	28.34	3.26771	
1429813418	247831	100	97	-2097	-103	-23	-5	312	-173	527	1002.32	28.33	3.26771	
1429813418	347839	64	95	-2076	-109	-23	-7	311	-173	528	1002.39	28.35	3.26771	
1429813418	447841	86	89	-2083	-101	-27	-6	313	-173	527	1002.24	28.33	3.26771	
1429813418	547937	82	94	-2091	-98	-22	-6	311	-173	529	1002.04	28.34	3.26771	
1429813418	647867	71	96	-2107	-105	-24	-7	311	-173	526	1002.23	28.34	3.26771	
1429813418	747860	76	95	-2095	-104	-25	-7	310	-173	528	1002.3	28.34	3.26771	
1429813418	847876	77	98	-2102	-102	-26	-5	312	-172	529	1002.27	28.34	3.26771	
1429813418	947884	83	97	-2084	-109	-24	-5	310	-173	528	1002.23	28.34	3.26771	
1429813419	47903	75	100	-2084	-102	-26	-6	311	-173	527	1002.32	28.35	3.26771	
1429813419	147915	80	96	-2104	-107	-29	-1	312	-173	529	1002.22	28.34	3.30588	
1429813419	247938	76	97	-2090	-106	-29	-6	311	-173	527	1002.24	28.35	3.30588	
1429813419	347893	85	111	-2107	-106	-22	4	311	-173	527	1002.23	28.34	3.30588	
1429813419	447877	78	96	-2084	-104	-29	-6	310	-174	530	1002.08	28.34	3.30588	
1429813419	547923	81	103	-2093	-101	-27	-1	311	-173	527	1002.2	28.35	3.30588	
1429813419	647944	74	94	-2075	-103	-32	-6	311	-173	529	1002.23	28.36	3.30588	
1429813419	747948	80	90	-2087	-105	-25	-7	311	-175	528	1002.36	28.35	3.30588	
1429813419	847876	76	95	-2087	-105	-24	-3	311	-172	527	1002.25	28.35	3.30588	
1429813419	947897	84	88	-2081	-103	-23	-10	310	-172	527	1002.38	28.36	3.30588	
1429813420	47896	77	106	-2108	-106	-19	-5	310	-173	528	1002.19	28.36	3.30588	
1429813420	147934	75	100	-2087	-103	-25	-8	311	-172	527	1002.11	28.35	3.2976	
1429813420	247978	82	91	-2094	-104	-30	-9	311	-173	528	1002.28	28.36	3.2976	
1429813420	347903	69	100	-2079	-107	-27	-6	311	-173	528	1002.19	28.36	3.2976	
1429813420	447819	76	104	-2098	-105	-21	-6	311	-174	526	1002.24	28.36	3.2976	
1429813420	547840	83	93	-2108	-106	-24	-8	311	-172	528	1002.25	28.35	3.2976	
1429813420	647859	77	98	-2101	-107	-28	-4	310	-172	528	1002.3	28.35	3.2976	
1429813420	747839	73	93	-2085	-101	-28	-7	312	-173	527	1002.31	28.36	3.2976	
1429813420	847895	61	90	-2071	-107	-26	-12	310	-173	527	1002.3	28.35	3.2976	
1429813420	947862	81	100	-2093	-103	-24	-4	312	-172	529	1002.25	28.37	3.2976	
1429813421	47880	74	100	-2078	-104	-26	-9	312	-173	527	1002.18	28.37	3.2976	
1429813421	147892	79	93	-2102	-103	-26	-13	312	-173	527	1002.25	28.37	3.31801	
1429813421	248185	86	100	-2084	-100	-25	-10	311	-171	529	1002.21	28.37	3.31801	
1429813421	347859	87	94	-2086	-109	-25	-1	310	-173	527	1002.35	28.35	3.31801	
1429813421	447848	88	103	-2078	-103	-25	-12	311	-174	527	1002.3	28.38	3.31801	
1429813421	547875	77	83	-2099	-105	-25	-5	310	-173	528	1002.15	28.37	3.31801	
1429813421	647873	79	100	-2099	-99	-26	-8	312	-173	528	1002.25	28.38	3.31801	
1429813421	747862	69	98	-2079	-102	-26	-9	311	-174	529	1002.31	28.38	3.31801	
1429813421	847878	70	97	-2087	-105	-22	-5	311	-173	527	1002.23	28.38	3.31801	
1429813421	947869	83	103	-2077	-102	-26	-6	311	-172	528	1002.22	28.37	3.31801	
1429813422	47882	79	97	-2086	-103	-30	-5	312	-174	528	1002.18	28.37	3.31801	
1429813422	147871	84	105	-2067	-106	-28	-11	311	-173	529	1002.22	28.37	3.35085	
1429813422	248086	82	102	-2091	-104	-30	-7	311	-172	528	1002.26	28.37	3.35085	
1429813422	347844	86	98	-2091	-104	-29	-8	311	-173	526	1002.32	28.38	3.35085	
1429813422	447829	74	104	-2077	-103	-29	-5	311	-172	528	1002.36	28.37	3.35085	
1429813422	547873	79	106	-2101	-107	-25	-1	310	-175	528	1002.29	28.39	3.35085	
1429813422	647845	74	97	-2074	-98	-22	-13	311	-173	527	1002.15	28.38	3.35085	
1429813422	747884	73	103	-2092	-104	-27	-8	310	-173	529	1002.29	28.39	3.35085	
1429813422	847873	92	95	-2082	-108	-28	-4	310	-173	527	1002.34	28.38	3.35085	
1429813422	947774	71	100	-2089	-97	-26	-8	310	-174	527	1002.31	28.38	3.35085	
1429813423	47816	76	104	-2088	-105	-20	-3	313	-174	528	1002.28	28.38	3.35085	
1429813423	147810	76	97	-2093	-102	-27	-10	311	-172	528	1002.26	28.39	3.29528	
1429813423	247815	79	103	-2090	-101	-26	-8	310	-172	526	1002.23	28.38	3.29528	
1429813423	347838	81	102	-2094	-106	-29	-7	311	-174	529	1002.3	28.38	3.29528	
1429813423	447806	91	92	-2084	-97	-21	-7	311	-173	526	1002.22	28.37	3.29528	
1429813423	547947	87	99	-2075	-109	-27	-4	309	-172	528	1002.22	28.39	3.29528	
1429813423	647877	70	87	-2083	-108	-21	-5	312	-173	527	1002.23	28.38	3.29528	
1429813423	747850	76	106	-2066	-100	-24	-9	312	-172	529	1002.32	28.38	3.29528	
1429813423	847900	73	86	-2089	-98	-25	-5	311	-173	528	1002.34	28.39	3.29528	
1429813423	947831	87	85	-2088	-105	-20	0	312	-173	528	1002.26	28.37	3.29528	
1429813424	47911	75	104	-2097	-105	-26	-4	310	-174	529	1002.21	28.38	3.29528	
1429813424	147879	86	90	-2071	-100	-29	-8	311	-172	527	1002.25	28.38	3.28865	
1429813424	248155	81	102	-2091	-104	-30	-7	311	-172	528	1002.26	28.39	3.28865	
1429813424	347897	80	102	-2073	-109	-24	-4	310	-173	526	1002.37	28.39	3.28865	
1429813424	447853	83	99	-2091	-106	-25	-8	311	-173	528	1002.31	28.38	3.28865	
1429813424	547897	82	100	-2074	-107	-26	-7	312	-172	528	1002.27	28.38	3.28865	
1429813424	647886	85	100	-2080	-107	-28	-4	312	-173	529	1002.26	28.39	3.28865	
1429813424	747878	83	107	-2084	-104	-27	-7	311	-171	528	1002.17	28.38	3.28865	
1429813424	847879	85	90	-2087	-108	-29	-4	311	-173	528	1002.28	28.38	3.28865	
1429813424	947864	89	100	-2082	-102	-27	-10	311	-173	528	1002.25	28.38	3.28865	
1429813425	47883	72	107	-2095	-103	-27	-5	312	-172	529	1002.19	28.39	3.28865	
1429813425	147909	76	152	-2071	-115	-30	-7	311	-174	528	1002.18	28.39	3.2568	
1429813425	248072	80	107	-2087	-108	-27	1	312	-173	529	1002.22	28.37	3.2568	
1429813425	347905	70	96	-2089	-88	-17	9	311	-172	527	1002.21	28.38	3.2568	
1429813425	447808	75	109	-2083	-100	-19	1	309	-172	528	1002.22	28.39	3.2568	
1429813425	547863	70	86	-2089	-110	-29	-35	312	-173	530	1002.27	28.38	3.2568	
1429813425	647850	74	143	-2099	-108	-27	-9	311	-172	527	1002.13	28.4	3.2568	
1429813425	747899	64	96	-2094	-105	-22	-3	311	-173	529	1002.14	28.39	3.2568	
1429813425	847853	104	102	-2079	-115	-8	16	310	-173	529	1002.28	28.4	3.2568	
1429813425	947864	89	97	-2093	-101	-17	14	310	-174	527	1002.33	28.39	3.2568	
1429813426	47866	84	111	-2086	-109	-8	2	309	-173	530	1002.18	28.39	3.2568	
1429813426	147871	111	82	-2087	-113	-23	-8	310	-174	531	1002.34	28.39	3.28818	
1429813426	247880	84	150	-2062	-136	-55	-9	308	-176	528	1002.26	28.39	3.28818	
1429813426	347864	72	82	-2094	-120	-24	-17	309	-174	529	1002.17	28.38	3.28818	
1429813426	447852	100	112	-2061	-102	-35	-7	309	-175	529	1002.27	28.38	3.28818	
1429813426	547831	93	108	-2080	-106	-30	-16	310	-174	528	1002.11	28.41	3.28818	
1429813426	647830	83	121	-2075	-100	-28	-2	310	-175	529	1002.25	28.38	3.28818	
1429813426	747852	102	105	-2086	-107	-21	-20	309	-175	528	1002.25	28.41	3.28818	
1429813426	847871	91	100	-2084	-99	-11	-11	310	-176	527	1002.14	28.38	3.28818	
1429813426	947851	72	113	-2096	-106	-28	13	311	-175	528	1002.25	28.4	3.28818	
1429813427	47871	80	111	-2104	-113	-27	-3	311	-175	529	1002.3	28.39	3.28818	
1429813427	147811	81	114	-2104	-100	-30	-7	308	-174	527	1002.26	28.41	3.32888	
1429813427	247856	69	94	-2093	-125	-37	-20	310	-174	528	1002.26	28.41	3.32888	
1429813427	347803	104	85	-2062	-90	-25	10	311	-176	528	1002.26	28.41	3.32888	
1429813427	447819	110	110	-2114	-104	-14	-19	313	-175	528	1002.18	28.41	3.32888	
1429813427	547808	129	69	-2121	-111	-20	-24	309	-175	529	1002.36	28.4	3.32888	
1429813427	647818	133	2	-2087	-126	-29	-37	315	-177	527	1002.25	28.4	3.32888	
1429813427	747828	90	112	-2094	-116	-35	-28	314	-176	526	1002.19	28.41	3.32888	
1429813427	847848	109	130	-2097	-106	-33	0	313	-179	527	1002.25	28.4	3.32888	
1429813427	947768	80	101	-2071	-92	-21	5	314	-177	529	1002.19	28.41	3.32888	
1429813428	47874	66	267	-2649	-33	8	-8	313	-178	532	1002.19	28.41	3.32888	
1429813428	147813	-100	-164	-1928	94	4	28	313	-177	530	1002.18	28.41	3.26498	
1429813428	247858	147	121	-2137	-125	-20	-21	313	-179	529	1002.18	28.41	3.26498	
1429813428	347821	153	105	-2098	-91	-21	-9	311	-176	528	1002.19	28.41	3.26498	
1429813428	447796	72	132	-2050	-111	-35	-5	314	-178	527	1002.2	28.41	3.26498	
1429813428	547943	253	80	-2160	-53	33	20	311	-175	529	1002.29	28.42	3.26498	
1429813428	647867	63	174	-2076	-117	-32	19	310	-176	529	1002.16	28.41	3.26498	
1429813428	747908	106	23	-2159	-128	-29	34	309	-177	529	1002.19	28.43	3.26498	
1429813428	847863	40	207	-2017	-80	-19	27	310	-175	529	1002.12	28.41	3.26498	
1429813428	947831	130	142	-2112	-132	-22	0	310	-175	528	1002.25	28.42	3.26498	
1429813429	47869	85	34	-2063	-126	-26	-16	311	-175	529	1002.22	28.41	3.26498	
1429813429	147857	51	145	-2107	-80	-20	-7	309	-175	529	1002.2	28.4	3.28467	
1429813429	247865	58	167	-2122	-117	-25	-8	311	-175	528	1002.14	28.42	3.28467	
1429813429	347843	57	25	-2092	-97	-16	-21	311	-175	529	1002.24	28.42	3.28467	
1429813429	447856	51	63	-1942	-87	-27	-2	311	-176	529	1002.27	28.43	3.28467	
1429813429	547869	85	214	-2122	-98	-15	4	311	-177	528	1002.11	28.41	3.28467	
1429813429	647858	146	185	-2106	-112	-26	-10	309	-178	531	1002.11	28.41	3.28467	
1429813429	747860	50	124	-2081	-95	-16	-4	310	-177	529	1002.25	28.42	3.28467	
1429813429	847857	37	40	-2004	-98	-24	6	308	-174	528	1002.19	28.43	3.28467	
1429813429	947845	-137	66	-2218	-114	-19	-8	309	-175	530	1002.3	28.43	3.28467	
1429813430	47876	137	168	-2094	-116	-32	-25	310	-178	529	1002.07	28.42	3.28467	
1429813430	147890	135	59	-2111	-96	-15	-13	310	-175	530	1002.28	28.44	3.2749	
1429813430	247892	-15	88	-1992	-78	-8	-6	308	-175	530	1002.28	28.44	3.2749	
1429813430	347861	74	73	-2009	-110	-16	0	311	-176	528	1002.24	28.44	3.2749	
1429813430	447777	140	81	-2090	-119	-16	-8	309	-176	528	1002.24	28.44	3.2749	
1429813430	547791	43	91	-2064	-112	-18	-4	310	-177	529	1002.25	28.42	3.2749	
1429813430	647849	99	170	-2152	-96	-32	-7	308	-177	529	1002.2	28.43	3.2749	
1429813430	747871	116	108	-2023	-97	-24	-18	308	-174	530	1002.2	28.43	3.2749	
1429813430	847835	149	171	-2092	-77	-25	-2	310	-177	529	1002.28	28.44	3.2749	
1429813430	947837	60	177	-2029	-119	-31	3	310	-177	530	1002.27	28.43	3.2749	
1429813431	47865	170	204	-2161	-107	-34	-19	312	-176	529	1002.33	28.44	3.2749	
1429813431	147855	78	102	-2065	-98	-27	1	310	-175	529	1002.17	28.44	3.26865	
1429813431	247865	29	123	-2015	-118	-27	-3	310	-175	530	1002.32	28.44	3.26865	
1429813431	347831	73	78	-2026	-103	-23	-22	311	-177	529	1002.29	28.44	3.26865	
1429813431	447825	149	96	-2136	-99	-34	-22	310	-175	528	1002.15	28.44	3.26865	
1429813431	547815	164	234	-2234	-37	-9	3	310	-176	529	1002.2	28.43	3.26865	
1429813431	647861	0	132	-2006	-134	-34	-6	308	-175	529	1002.27	28.43	3.26865	
1429813431	747856	53	101	-2110	-104	-20	6	310	-176	528	1002.28	28.44	3.26865	
1429813431	847837	60	149	-2179	-95	-26	-1	310	-175	530	1002.28	28.44	3.26865	
1429813431	947876	56	69	-2093	-116	-33	-17	311	-175	528	1002.3	28.43	3.26865	
1429813432	47903	60	143	-2051	-90	-30	-25	311	-175	528	1002.3	28.43	3.26865	
1429813432	147808	35	14	-1970	-90	-15	-1	311	-177	530	1002.26	28.43	3.30606	
1429813432	247829	168	276	-2177	-123	-58	-6	307	-175	528	1002.27	28.43	3.30606	
1429813432	347807	41	-29	-2098	-129	-7	-5	310	-175	530	1002.25	28.42	3.30606	
1429813432	447837	146	160	-2058	-81	-9	-53	310	-175	529	1002.23	28.41	3.30606	
1429813432	547809	46	202	-2084	-86	-45	33	310	-174	528	1002.21	28.42	3.30606	
1429813432	647824	167	237	-1972	-142	-45	-40	310	-174	529	1002.15	28.41	3.30606	
1429813432	747824	110	-73	-2056	-82	-14	-23	309	-175	529	1002.3	28.43	3.30606	
1429813432	847842	0	174	-1989	-67	-4	12	309	-175	529	1002.31	28.41	3.30606	
1429813432	947767	150	119	-2140	-138	-30	-16	310	-176	528	1002.23	28.41	3.30606	
1429813433	47869	134	77	-2154	-91	-16	-10	310	-176	529	1002.31	28.41	3.30606	
1429813433	147808	90	119	-1995	-112	-16	-4	310	-176	528	1002.29	28.41	3.24614	
1429813433	247823	65	202	-2108	-112	-22	2	309	-176	529	1002.23	28.41	3.24614	
1429813433	347822	41	-140	-2000	-30	25	21	311	-175	529	1002.19	28.41	3.24614	
1429813433	447809	34	205	-2031	-124	-5	5	308	-174	529	1002.29	28.39	3.24614	
1429813433	547932	48	-2	-2120	-145	-10	-10	308	-173	530	1002.29	28.41	3.24614	
1429813433	647836	177	303	-1972	-120	-46	-22	309	-174	531	1002.14	28.41	3.24614	
1429813433	747840	127	162	-2027	-121	-75	-18	308	-174	530	1002.35	28.4	3.24614	
1429813433	847857	63	9	-2133	-142	-46	4	309	-175	528	1002.3	28.41	3.24614	
1429813433	947842	-257	28	-2003	-14	4	54	308	-175	529	1002.23	28.39	3.24614	
1429813434	47945	181	179	-1985	-119	-87	-19	311	-173	528	1002.25	28.38	3.24614	
1429813434	147858	40	-65	-2154	-147	-57	-1	311	-175	528	1002.29	28.39	3.27574	
1429813434	247878	119	202	-1984	-86	4	-18	311	-175	531	1002.33	28.39	3.27574	
1429813434	347854	20	208	-2147	-103	-14	15	309	-173	529	1002.24	28.38	3.27574	
1429813434	447851	129	-27	-2111	-135	-39	-31	310	-174	529	1002.25	28.38	3.27574	
1429813434	547881	161	105	-2201	-79	-1	1	307	-172	529	1002.35	28.4	3.27574	
1429813434	647889	28	129	-1987	-100	-18	15	307	-172	527	1002.29	28.39	3.27574	
1429813434	747866	145	129	-2124	-143	-49	-31	307	-173	529	1002.32	28.38	3.27574	
1429813434	847867	29	-65	-2070	-96	-24	23	310	-173	529	1002.22	28.39	3.27574	
1429813434	947849	1	-122	-1993	-86	-7	-15	308	-173	528	1002.33	28.39	3.27574	
1429813435	47886	88	-118	-2164	-56	-10	-71	310	-174	528	1002.24	28.38	3.27574	
1429813435	147888	211	389	-2159	-91	-18	-33	309	-173	531	1002.31	28.4	3.23981	
1429813435	247908	-134	186	-1927	-156	-28	3	308	-174	529	1002.15	28.38	3.23981	
1429813435	347911	46	198	-2017	-109	-23	-2	306	-173	530	1002.24	28.38	3.23981	
1429813435	447844	85	270	-2039	-102	-54	28	307	-174	532	1002.28	28.38	3.23981	
1429813435	547822	-54	168	-2037	-107	-11	-32	306	-174	531	1001.99	28.38	3.23981	
1429813435	647814	144	188	-2149	-171	5	58	307	-173	529	1002.13	28.38	3.23981	
1429813435	747825	-63	-404	-2339	-290	-66	0	307	-176	533	1002.23	28.38	3.23981	
1429813435	847849	-49	-389	-2769	-217	-68	35	308	-175	530	1002.24	28.38	3.23981	
1429813435	947845	473	-284	-2761	-282	32	17	306	-178	533	1002.21	28.38	3.23981	
1429813436	47880	98	73	-1936	-234	-50	-60	304	-178	532	1002.22	28.39	3.23981	
1429813436	147861	-422	-177	-1434	-177	-80	-147	305	-176	534	1002.2	28.38	3.23752	
1429813436	247977	-295	87	-2604	25	165	205	308	-176	534	1002.35	28.38	3.23752	
1429813436	347859	18	1307	-1781	233	-59	-89	307	-172	534	1002.25	28.38	3.23752	
1429813436	447848	-238	325	-2617	-203	6	159	304	-180	538	1002.24	28.38	3.23752	
1429813436	547832	554	870	-1878	77	-94	-50	305	-179	537	1002.27	28.38	3.23752	
1429813436	647866	-114	1764	-1574	108	-204	-24	299	-181	540	1002.18	28.37	3.23752	
1429813436	747869	-773	-959	-1830	-615	-207	18	301	-169	528	1002.22	28.37	3.23752	
1429813436	847884	-408	-1159	-2336	-53	-19	-43	307	-179	535	1002.32	28.38	3.23752	
1429813436	947822	-134	210	-1259	97	-21	-33	307	-173	533	1002.14	28.37	3.23752	
1429813437	47876	632	1353	-1251	-78	-172	-40	303	-173	531	1002.26	28.37	3.23752	
1429813437	147806	70	1051	-1476	189	-159	-95	302	-177	537	1002.2	28.36	3.27173	
1429813437	247861	447	805	-1147	31	92	106	304	-176	533	1002.34	28.36	3.27173	
1429813437	347807	-234	-307	-2561	-359	67	180	308	-178	533	1002.26	28.35	3.27173	
1429813437	447793	-35	655	-2283	-99	63	131	303	-177	535	1002.22	28.35	3.27173	
1429813437	547814	-214	-672	-3376	-459	25	200	304	-179	533	1002.08	28.36	3.27173	
1429813437	647819	-168	-343	-1119	-321	9	138	306	-176	530	1002.37	28.35	3.27173	
1429813437	747836	376	714	-1604	-208	-49	91	303	-176	535	1002.21	28.35	3.27173	
1429813437	847869	197	230	-1913	-248	-55	148	308	-179	530	1002.13	28.35	3.27173	
1429813437	947792	82	293	-1932	-121	-191	78	303	-176	534	1002.24	28.35	3.27173	
1429813438	47815	310	382	-2053	-233	-252	11	301	-173	531	1002.25	28.35	3.27173	
1429813438	147812	-663	-919	-1394	112	37	28	306	-181	534	1002.3	28.35	3.25711	
1429813438	247816	608	1473	-1906	-29	-234	13	303	-174	529	1002.19	28.34	3.25711	
1429813438	347820	247	600	-1538	-224	-193	82	304	-170	532	1002.32	28.35	3.25711	
1429813438	447808	401	1114	-2361	-220	-40	100	304	-183	539	1002.15	28.34	3.25711	
1429813438	547931	-422	-1500	-2553	-497	6	213	304	-171	533	1002.18	28.35	3.25711	
1429813438	647838	-270	1681	-859	-94	-78	111	301	-173	538	1002.17	28.35	3.25711	
1429813438	747849	715	3558	-1601	-237	-241	51	303	-179	535	1002.19	28.34	3.25711	
1429813438	847869	405	1093	-2946	-116	59	8	304	-175	530	1002.3	28.34	3.25711	
1429813438	947837	920	2380	-2204	-224	-247	72	299	-174	531	1002.16	28.34	3.25711	
1429813439	47868	436	1556	-1040	88	68	161	300	-181	534	1002.14	28.33	3.25711	
1429813439	147872	8	2214	-602	-55	-193	76	307	-172	529	1002.26	28.34	3.33983	
1429813439	247924	471	2158	-1794	-380	-281	53	306	-178	535	1002.11	28.34	3.33983	
1429813439	347863	615	562	-2734	-158	-55	-63	299	-170	536	1002.29	28.33	3.33983	
1429813439	447850	-165	-66	-1477	-292	-198	76	304	-172	530	1002.25	28.35	3.33983	
1429813439	547872	201	-328	-2458	-528	-245	50	304	-178	532	1002.21	28.33	3.33983	
1429813439	647892	783	1200	-2188	-228	-14	-43	299	-172	534	1002.22	28.34	3.33983	
1429813439	747863	115	71	-2087	-415	-114	-89	299	-177	531	1002.21	28.33	3.33983	
1429813439	847892	72	-364	-2740	-350	2	-90	301	-178	538	1002.28	28.33	3.33983	
1429813439	947858	-658	-1278	-2142	-463	-164	18	304	-167	529	1002.3	28.34	3.33983	
1429813440	47886	187	-797	-1848	-366	-44	-67	299	-176	533	1002.14	28.33	3.33983	
1429813440	147906	1134	1015	-4471	31	177	-159	300	-176	535	1002.32	28.33	3.29371	
1429813440	247912	-428	-82	-3220	150	-66	-69	298	-165	531	1002.19	28.34	3.29371	
1429813440	347951	-602	-2002	-2091	-192	125	31	302	-172	533	1002.24	28.33	3.29371	
1429813440	447939	-847	-502	-1076	78	80	77	307	-176	536	1002.3	28.34	3.29371	
1429813440	547824	-196	-1290	-1682	-519	-84	169	301	-168	538	1002.33	28.34	3.29371	
1429813440	647846	-182	140	-2244	-75	229	71	300	-178	542	1002.23	28.32	3.29371	
1429813440	747831	-1135	-690	-1534	-163	-114	151	303	-175	533	1002.32	28.33	3.29371	
1429813440	847846	-1053	-4763	-2786	-941	-34	173	301	-177	537	1002.26	28.32	3.29371	
1429813440	947842	-1451	-1765	-555	-244	-202	113	304	-175	534	1002.17	28.31	3.29371	
1429813441	47882	-400	-1678	-2140	-303	31	-38	304	-167	526	1002.19	28.32	3.29371	
1429813441	147875	1033	1714	-3137	66	-56	-104	298	-170	535	1002.27	28.32	3.28926	
1429813441	247900	429	601	-2221	-112	-69	-144	305	-175	532	1002.16	28.32	3.28926	
1429813441	347855	-538	-2670	-1017	-709	-158	-22	306	-170	532	1002.25	28.31	3.28926	
1429813441	447884	127	-1022	-1585	-55	-59	-114	307	-171	534	1002.25	28.31	3.28926	
1429813441	547935	153	-1761	-1532	-377	-187	-68	303	-177	534	1002.33	28.31	3.28926	
1429813441	647873	955	599	-2690	91	90	-117	302	-167	530	1002.22	28.31	3.28926	
1429813441	747874	1446	2422	-1614	-419	-127	-23	302	-170	532	1002.27	28.32	3.28926	
1429813441	847855	-514	-460	-1591	-256	-98	120	308	-171	530	1002.35	28.33	3.28926	
1429813441	947856	-466	-865	-1517	-57	11	9	311	-167	518	1002.22	28.31	3.28926	
1429813442	47883	-613	-268	-2674	-183	-171	202	311	-169	523	1002.29	28.31	3.28926	
1429813442	147831	-1697	-691	-4214	-601	-538	245	321	-152	497	1002.16	28.31	3.34085	
1429813442	247850	-2095	242	-3363	-659	-223	159	330	-147	461	1002.25	28.31	3.34085	
1429813442	347798	-494	-1347	-3612	257	-720	-121	336	-150	480	1002.17	28.31	3.34085	
1429813442	447789	-3052	-730	-3830	-419	-28	103	333	-154	479	1002.3	28.3	3.34085	
1429813442	547807	2226	3716	781	1310	-255	-202	322	-162	498	1002.19	28.32	3.34085	
1429813442	647858	-5	-115	-1806	-1072	487	67	332	-153	481	1002.22	28.31	3.34085	
1429813442	747829	-2204	-1471	-4206	-843	310	145	334	-155	483	1002.27	28.32	3.34085	
1429813442	847846	-1178	-2437	-4038	393	-623	-140	333	-153	477	1002.26	28.32	3.34085	
1429813442	947766	2332	3496	410	1288	-219	-229	332	-154	478	1002.21	28.31	3.34085	
1429813443	47812	1936	1458	45	-458	306	119	331	-155	482	1002.2	28.31	3.34085	
1429813443	147797	-2483	-2007	-4032	-1278	565	205	332	-154	479	1002.3	28.32	3.27992	
1429813443	247817	-3045	-2345	-4720	-480	-425	32	333	-153	478	1002.22	28.31	3.27992	
1429813443	347826	342	-350	-3536	1163	-577	-260	336	-151	481	1002.3	28.32	3.27992	
1429813443	447811	2585	3522	1399	632	9	-78	337	-154	476	1002.32	28.33	3.27992	
1429813443	547921	-99	-650	-1429	-1233	556	230	336	-153	479	1002.23	28.31	3.27992	
1429813443	647820	-3192	-2012	-4534	-1003	160	124	335	-152	481	1002.31	28.32	3.27992	
1429813443	747845	-1120	-1870	-3986	669	-808	-247	334	-151	476	1002.25	28.31	3.27992	
1429813443	847853	2601	3167	1013	1077	-106	-191	339	-151	476	1002.22	28.32	3.27992	
1429813443	947867	446	702	-537	-1223	594	183	338	-151	477	1002.22	28.31	3.27992	
1429813444	47862	-3303	-2485	-4760	-950	52	134	339	-149	476	1002.33	28.31	3.27992	
1429813444	147856	1052	1122	-2637	1131	-652	-288	339	-150	478	1002.34	28.32	3.28208	
1429813444	247870	2889	3552	1465	779	10	-104	342	-150	477	1002.17	28.31	3.28208	
1429813444	347851	-25	-246	-953	-1564	616	249	340	-150	477	1002.34	28.32	3.28208	
1429813444	447848	-3088	-2743	-4901	-640	-210	22	340	-150	478	1002.22	28.31	3.28208	
1429813444	547886	1775	1922	-1903	1434	-566	-282	344	-151	477	1002.28	28.31	3.28208	
1429813444	647890	2405	2801	311	52	269	11	340	-153	476	1002.31	28.32	3.28208	
1429813444	747855	-2727	-2419	-4845	-1519	461	248	345	-151	475	1002.17	28.31	3.28208	
1429813444	847876	-2470	-2500	-4505	94	-607	-116	345	-149	475	1002.19	28.32	3.28208	
1429813444	947847	3073	3266	287	1400	-283	-243	345	-150	473	1002.25	28.31	3.28208	
1429813445	47885	830	725	-492	-1029	544	185	347	-150	474	1002.32	28.33	3.28208	
1429813445	147894	-3049	-2738	-5284	-1094	150	160	348	-150	471	1002.34	28.32	3.27042	
1429813445	247905	1435	1551	-2316	1133	-694	-240	350	-150	475	1002.31	28.32	3.27042	
1429813445	347863	2943	2953	1554	444	72	-37	345	-152	474	1002.22	28.31	3.27042	
1429813445	447862	-1590	-2319	-2354	-1620	585	263	344	-151	486	1002.34	28.32	3.27042	
1429813445	547784	432	231	-3170	895	-370	-206	334	-159	493	1002.23	28.31	3.27042	
1429813445	647893	2396	1451	-360	539	339	-160	323	-179	509	1002.28	28.31	3.27042	
1429813445	747811	-1514	-376	-2523	-849	177	115	322	-163	524	1002.32	28.31	3.27042	
1429813445	847884	-1577	-1459	-3041	-628	-279	168	323	-168	510	1002.33	28.31	3.27042	
1429813445	947827	-981	-1419	-2790	-329	-79	19	310	-175	512	1002.26	28.32	3.27042	
1429813446	47872	-178	157	-1042	-496	-180	-120	299	-187	545	1002.29	28.31	3.27042	
1429813446	147844	231	1120	-1678	269	498	-169	299	-186	544	1002.19	28.32	3.27736	
1429813446	247885	39	-809	-1452	-285	-58	3	299	-179	543	1002.34	28.32	3.27736	
1429813446	347841	365	223	-2127	-128	71	-29	305	-170	520	1002.21	28.31	3.27736	
1429813446	447819	-628	-1361	-2786	48	105	-48	304	-178	533	1002.16	28.31	3.27736	
1429813446	547856	731	130	-4063	40	142	7	310	-174	528	1002.22	28.31	3.27736	
1429813446	647860	-468	-426	-359	178	94	-22	303	-175	532	1002.22	28.3	3.27736	
1429813446	747857	341	1284	-2421	-146	-167	-54	303	-179	536	1002.26	28.32	3.27736	
1429813446	847833	666	2148	-2553	-167	-154	19	306	-173	527	1002.29	28.31	3.27736	
1429813446	947817	1187	112	-2718	-475	-4	18	301	-174	530	1002.22	28.31	3.27736	
1429813447	47871	-529	-1320	-1737	-144	95	41	304	-177	531	1002.19	28.32	3.27736	
1429813447	147828	-1444	-3504	-3141	-743	-15	193	304	-179	527	1002.29	28.33	3.31994	
1429813447	247868	8	155	-3489	44	288	-43	302	-177	535	1002.26	28.32	3.31994	
1429813447	347801	-2031	-4222	-1770	-373	111	-19	305	-186	536	1002.27	28.32	3.31994	
1429813447	447783	-1680	-3943	-4896	27	348	-55	303	-170	523	1002.38	28.32	3.31994	
1429813447	547807	682	405	-4641	-121	52	-129	306	-180	538	1002.27	28.32	3.31994	
1429813447	647822	1399	2279	-2292	290	16	-148	304	-180	531	1002.19	28.32	3.31994	
1429813447	747820	847	1104	-1277	18	-2	-125	307	-174	532	1002.25	28.33	3.31994	
1429813447	847837	-147	699	-2955	403	204	-6	303	-184	538	1002.26	28.32	3.31994	
1429813447	947797	-1244	-2288	-1822	147	210	-14	303	-179	535	1002.2	28.32	3.31994	
1429813448	47813	-217	-1531	-1993	-432	-7	-28	302	-180	535	1002.26	28.32	3.31994	
1429813448	147845	726	1197	-1351	-484	-382	17	307	-176	532	1002.18	28.31	3.26991	
1429813448	247853	608	24	-1978	-229	-13	86	302	-177	538	1002.2	28.32	3.26991	
1429813448	347830	1220	16	-4114	354	203	-124	300	-184	535	1002.28	28.33	3.26991	
1429813448	447798	-822	-1477	-1775	-455	-72	-19	304	-178	532	1002.23	28.32	3.26991	
1429813448	547938	-987	-951	-1512	-45	42	-64	299	-186	540	1002.33	28.31	3.26991	
1429813448	647872	-1032	515	-420	301	148	95	302	-190	545	1002.24	28.33	3.26991	
1429813448	747877	259	579	-1280	-223	-264	-19	296	-186	549	1002.24	28.33	3.26991	
1429813448	847856	128	511	-501	-279	-160	2	295	-189	552	1002.32	28.31	3.26991	
1429813448	947830	300	-125	-2858	240	53	-23	289	-190	556	1002.22	28.32	3.26991	
1429813449	47887	95	-3544	-2333	-668	-134	-7	287	-195	563	1002.24	28.31	3.26991	
1429813449	147916	1493	2055	-1627	220	-144	-38	280	-188	565	1002.26	28.32	3.24755	
1429813449	247862	2098	4226	-4255	57	-132	-15	288	-197	565	1002.19	28.32	3.24755	
1429813449	347846	229	-548	-3786	-704	-23	47	284	-193	566	1002.26	28.32	3.24755	
1429813449	447852	-412	-3704	-1509	-681	-318	21	280	-191	575	1002.24	28.33	3.24755	
1429813449	547864	34	-1137	-1475	-293	-8	-182	284	-197	571	1002.14	28.31	3.24755	
1429813449	647898	1197	3633	-2464	504	104	7	284	-195	570	1002.11	28.32	3.24755	
1429813449	747859	-599	-1179	-4461	-61	180	-12	282	-195	571	1002.26	28.32	3.24755	
1429813449	847866	13	-2848	-1398	-524	-199	279	283	-195	570	1002.22	28.32	3.24755	
1429813449	947871	305	1536	-5330	695	235	-252	284	-198	566	1002.13	28.31	3.24755	
1429813450	47890	-209	177	0	-268	73	72	288	-200	566	1002.23	28.31	3.24755	
1429813450	147913	601	2601	201	1019	385	-123	295	-198	563	1002.23	28.3	3.25707	
1429813450	247938	716	-178	-4393	-1604	-866	2	288	-199	562	1002.2	28.32	3.25707	
1429813450	347885	148	-2497	-3814	-540	-253	64	288	-199	562	1002.33	28.31	3.25707	
1429813450	447812	52	2217	-2512	-751	-235	34	279	-191	566	1002.28	28.31	3.25707	
1429813450	547787	78	1294	-1248	305	-117	21	277	-195	566	1002.26	28.32	3.25707	
1429813450	647878	-645	-2949	-2300	-691	-112	-51	277	-197	566	1002.09	28.31	3.25707	
1429813450	747815	-39	-3113	807	-367	-123	181	289	-197	562	1002.24	28.31	3.25707	
1429813450	847840	1326	1085	-1381	693	334	-194	291	-197	562	1002.18	28.31	3.25707	
1429813450	947838	-1726	378	301	449	187	-37	288	-199	562	1002.06	28.29	3.25707	
1429813451	47867	-428	-4421	-1769	117	59	-15	282	-197	569	1002.23	28.31	3.25707	
1429813451	147898	895	-2102	-2135	-1223	-446	94	282	-192	571	1002.15	28.3	3.27627	
1429813451	247878	155	3557	-640	1167	668	16	281	-196	570	1002.3	28.3	3.27627	
1429813451	347844	1135	4095	-2037	521	31	-155	276	-194	568	1002.36	28.29	3.27627	
1429813451	447818	-293	-908	-2382	-778	-304	-31	276	-190	565	1002.36	28.3	3.27627	
1429813451	547812	167	904	-2281	114	-109	-16	277	-190	569	1002.35	28.29	3.27627	
1429813451	647915	-514	2844	-5252	934	487	-171	285	-193	563	1002.16	28.29	3.27627	
1429813451	747859	1116	2182	-2772	-470	-296	-109	282	-189	566	1002.21	28.29	3.27627	
1429813451	847854	-500	-2471	248	-194	65	204	283	-189	562	1002.28	28.31	3.27627	
1429813451	947835	-957	-1353	-1456	-438	-281	-105	293	-191	555	1002.26	28.3	3.27627	
1429813452	47873	-614	-1057	-1254	-52	141	-83	297	-180	539	1002.26	28.3	3.27627	
1429813452	147915	1042	1052	-2046	148	93	-171	296	-189	545	1002.28	28.28	3.28828	
1429813452	247844	-1147	-849	-1135	-29	48	115	298	-188	543	1002.31	28.29	3.28828	
1429813452	347800	-518	-2221	-1967	-236	-13	28	305	-181	535	1002.35	28.29	3.28828	
1429813452	447785	-1039	-2686	-2940	-399	11	-120	299	-181	541	1002.31	28.29	3.28828	
1429813452	547805	-440	-1259	-2525	-165	-129	52	304	-179	529	1002.13	28.29	3.28828	
1429813452	647884	-833	-1942	-2197	-21	-103	118	304	-174	534	1002.3	28.28	3.28828	
1429813452	747828	-343	-136	-1560	106	233	13	308	-181	532	1002.27	28.29	3.28828	
1429813452	847834	40	1381	-1532	85	229	-92	303	-178	536	1002.18	28.28	3.28828	
1429813452	947826	-756	-1408	-1533	-436	-20	-92	309	-180	527	1002.24	28.29	3.28828	
1429813453	47827	-623	-386	-1351	224	-132	-100	301	-183	543	1002.26	28.28	3.28828	
1429813453	148099	516	414	-3571	-262	-220	-6	310	-179	530	1002.21	28.29	3.24443	
1429813453	247816	991	2041	-2013	181	-161	-86	300	-179	541	1002.24	28.27	3.24443	
1429813453	347825	203	-564	-1034	-90	137	-132	304	-180	535	1002.31	28.27	3.24443	
1429813453	447817	-507	-1125	-1322	-68	0	-94	305	-174	538	1002.34	28.28	3.24443	
1429813453	547943	816	-214	-1948	-217	-7	72	305	-182	535	1002.22	28.28	3.24443	
1429813453	647889	497	1135	-1583	-6	-129	-42	303	-180	540	1002.21	28.28	3.24443	
1429813453	747842	499	907	-2500	-34	23	-160	305	-176	535	1002.21	28.28	3.24443	
1429813453	847858	1022	1556	-1124	236	-15	-118	306	-179	536	1002.37	28.26	3.24443	
1429813453	947838	268	-398	-1866	-414	-233	90	303	-173	538	1002.3	28.27	3.24443	
1429813454	47882	-361	-44	-2248	-57	-47	20	307	-179	537	1002.4	28.28	3.24443	
1429813454	147943	192	389	-3285	-180	-38	51	302	-176	537	1002.34	28.27	3.25202	
1429813454	247896	665	95	-3568	-210	17	-91	305	-174	532	1002.26	28.26	3.25202	
1429813454	347885	-484	-230	-1584	-42	60	36	303	-179	537	1002.29	28.26	3.25202	
1429813454	447839	-281	-1645	-3090	-467	-2	129	306	-179	539	1002.25	28.26	3.25202	
1429813454	547860	-1026	218	41	3	-360	153	302	-180	537	1002.15	28.26	3.25202	
1429813454	648041	-367	-1123	-2734	26	195	21	308	-177	533	1002.12	28.27	3.25202	
1429813454	747860	-714	-1193	-678	-6	-15	-41	305	-172	538	1002.22	28.26	3.25202	
1429813454	847873	-276	-592	-2037	-207	-130	61	304	-182	536	1002.22	28.26	3.25202	
1429813454	947852	-752	-570	-943	83	24	31	308	-176	536	1002.17	28.26	3.25202	
1429813455	47874	821	471	-1767	-143	113	-52	303	-173	532	1002.22	28.26	3.25202	
1429813455	147932	306	357	-2621	-122	24	-84	302	-176	540	1002.26	28.26	3.27222	
1429813455	247895	236	696	-1539	-58	-115	-36	302	-172	536	1002.17	28.26	3.27222	
1429813455	347904	140	-606	-2011	-213	-1	101	302	-178	539	1002.15	28.26	3.27222	
1429813455	447855	-799	-1463	-1813	-434	-146	150	297	-174	539	1002.37	28.26	3.27222	
1429813455	547825	-783	-128	-1908	-357	-106	-29	299	-179	542	1002.25	28.26	3.27222	
1429813455	648155	1215	720	-2242	-2	-113	-80	301	-175	537	1002.22	28.25	3.27222	
1429813455	747811	1194	846	-3934	-244	-52	-67	300	-183	542	1002.47	28.26	3.27222	
1429813455	847837	-145	2082	-3359	133	103	-70	303	-176	536	1002.28	28.25	3.27222	
1429813455	947832	36	-1341	-1851	-739	-423	64	297	-177	544	1002.36	28.26	3.27222	
1429813456	47863	175	-2500	-2507	186	119	66	300	-173	541	1002.3	28.25	3.27222	
1429813456	148302	138	-1683	-2012	361	206	34	291	-179	549	1002.31	28.25	3.29214	
1429813456	247881	-172	-2503	-4772	-748	2	-84	294	-175	550	1002.33	28.26	3.29214	
1429813456	347843	737	-690	644	181	-73	78	288	-172	552	1002.32	28.26	3.29214	
1429813456	447826	-166	-63	-5388	-798	-222	-119	287	-173	552	1002.38	28.27	3.29214	
1429813456	547834	-3	4612	-234	399	-35	141	287	-177	556	1002.28	28.26	3.29214	
1429813456	648044	575	-3600	-2568	-1205	-289	-97	289	-173	554	1002.28	28.26	3.29214	
1429813456	747831	-143	3126	-1496	643	81	49	288	-178	554	1002.28	28.26	3.29214	
1429813456	847876	340	-2770	-2166	-809	-148	56	288	-180	552	1002.33	28.25	3.29214	
1429813456	947845	-383	1889	-2372	664	457	165	286	-166	554	1002.28	28.25	3.29214	
1429813457	47873	-708	3119	-2444	-224	-193	50	284	-171	557	1002.26	28.25	3.29214	
1429813457	148414	597	-3082	-2447	117	248	-94	286	-172	556	1002.31	28.25	3.31603	
1429813457	247851	-384	2458	-1863	-313	-161	-7	287	-173	553	1002.28	28.25	3.31603	
1429813457	347893	1293	-1803	-2170	266	196	-10	286	-173	555	1002.3	28.25	3.31603	
1429813457	447864	-550	354	-1909	-516	-273	52	286	-175	556	1002.22	28.25	3.31603	
1429813457	547797	872	-490	-3122	220	292	-26	287	-164	550	1002.25	28.26	3.31603	
1429813457	648038	412	708	999	-251	-202	205	284	-168	557	1002.27	28.25	3.31603	
1429813457	747824	208	-2335	-4769	-1012	-232	-193	284	-170	555	1002.16	28.25	3.31603	
1429813457	847831	461	3041	1022	623	83	161	282	-170	560	1002.18	28.24	3.31603	
1429813457	947803	-217	-2570	-3236	-777	-217	-15	281	-165	557	1002.22	28.25	3.31603	
1429813458	47817	-535	4640	102	1109	272	-57	281	-161	554	1002.28	28.25	3.31603	
1429813458	148083	737	2027	-1383	-465	-88	56	282	-168	559	1002.21	28.24	3.32943	
1429813458	247812	-903	1193	-1392	1034	395	79	280	-157	555	1002.29	28.24	3.32943	
1429813458	347817	720	-2503	-2040	59	113	-108	286	-165	549	1002.29	28.24	3.32943	
1429813458	447814	249	-314	273	-232	-172	27	284	-169	553	1002.16	28.23	3.32943	
1429813458	547925	526	1341	-1509	63	-133	-106	281	-167	541	1002.23	28.23	3.32943	
1429813458	648101	-23	-971	-3143	-336	-27	80	297	-174	532	1002.39	28.24	3.32943	
1429813458	747833	87	712	-1888	-176	-244	-68	290	-173	545	1002.38	28.23	3.32943	
1429813458	847848	219	-5	-1728	-223	116	-16	301	-170	534	1002.3	28.23	3.32943	
1429813458	947876	22	320	-2179	161	-33	-149	303	-176	538	1002.28	28.22	3.32943	
1429813459	47879	-533	-521	-939	-71	-4	37	302	-178	534	1002.24	28.22	3.32943	
1429813459	147987	-609	-574	-1734	-219	-163	182	299	-175	533	1002.24	28.22	3.402	
1429813459	247864	-412	884	-1766	107	-91	13	308	-176	532	1002.34	28.23	3.402	
1429813459	347844	1167	-70	-3296	-385	125	-140	302	-176	539	1002.31	28.23	3.402	
1429813459	447830	1221	934	-1171	-153	-166	-126	300	-184	540	1002.3	28.23	3.402	
1429813459	547859	455	329	-1856	-36	-32	-40	302	-177	534	1002.2	28.22	3.402	
1429813459	648031	158	924	-1636	159	-36	19	305	-180	534	1002.19	28.21	3.402	
1429813459	747856	742	-127	-2124	-332	-77	-18	302	-178	536	1002.2	28.22	3.402	
1429813459	847886	76	-1354	-2426	-266	71	-17	302	-174	529	1002.32	28.22	3.402	
1429813459	948103	-649	-262	-2322	-186	-110	99	301	-179	541	1002.3	28.21	3.402	
1429813460	47876	62	983	-1443	280	-53	77	307	-175	529	1002.39	28.2	3.402	
1429813460	147985	445	214	-1929	-254	91	-79	301	-181	537	1002.31	28.22	3.32378	
1429813460	247901	-301	-977	-2861	129	98	-95	306	-172	535	1002.32	28.22	3.32378	
1429813460	347862	-833	-956	-1075	-305	-77	129	305	-181	535	1002.29	28.21	3.32378	
1429813460	447835	-588	-1139	-1761	-173	50	168	302	-171	532	1002.28	28.2	3.32378	
1429813460	547872	-103	-974	-2518	-363	-310	72	307	-180	537	1002.28	28.22	3.32378	
1429813460	648250	1533	347	-3221	-386	19	-44	301	-179	537	1002.26	28.19	3.32378	
1429813460	747812	1355	1116	-2339	-46	142	-26	303	-179	537	1002.35	28.2	3.32378	
1429813460	847830	-105	1895	-1987	246	-104	-87	305	-187	542	1002.33	28.21	3.32378	
1429813460	947832	20	759	-1576	-167	-98	-51	300	-174	535	1002.21	28.2	3.32378	
1429813461	47867	544	699	-1750	-82	-183	-80	302	-184	539	1002.21	28.2	3.32378	
1429813461	148086	359	-1069	-2270	-257	-26	74	301	-174	535	1002.23	28.19	3.28602	
1429813461	247902	-281	-472	-2069	-75	-71	-5	300	-180	533	1002.29	28.21	3.28602	
1429813461	347869	507	-70	-2275	-4	99	-18	308	-182	538	1002.23	28.19	3.28602	
1429813461	447854	71	-416	-1887	-348	-71	110	304	-183	535	1002.25	28.21	3.28602	
1429813461	547857	-513	-458	-1573	76	118	70	305	-181	539	1002.2	28.2	3.28602	
1429813461	647902	861	1796	-1699	-269	-277	13	303	-174	535	1002.21	28.2	3.28602	
1429813461	747826	431	-614	-3020	-199	-32	-69	301	-182	535	1002.22	28.21	3.28602	
1429813461	847864	630	62	-2323	-177	143	69	298	-175	537	1002.24	28.2	3.28602	
1429813461	947844	137	-199	-2452	-289	-254	-4	301	-177	533	1002.37	28.21	3.28602	
1429813462	47872	955	-1207	-2256	-409	-163	-16	298	-174	538	1002.32	28.2	3.28602	
1429813462	147928	808	2324	514	-511	-435	22	294	-177	546	1002.25	28.21	3.31229	
1429813462	247838	-239	3283	1436	171	-202	62	296	-177	530	1002.35	28.2	3.31229	
1429813462	347869	-898	341	-3014	-57	392	-86	289	-177	540	1002.16	28.2	3.31229	
1429813462	447816	-307	3440	-495	828	-8	-184	289	-173	550	1002.16	28.18	3.31229	
1429813462	547826	1030	-1525	-3268	-715	-242	16	290	-171	546	1002.15	28.19	3.31229	
1429813462	647824	-691	-1458	-3305	-156	117	120	288	-172	547	1002.39	28.19	3.31229	
1429813462	747828	213	960	-2126	-248	-211	-36	284	-172	548	1002.1	28.19	3.31229	
1429813462	847863	153	609	-1284	75	-168	70	287	-169	551	1002.34	28.19	3.31229	
1429813462	947806	220	399	-1598	-82	-86	-79	287	-166	549	1002.3	28.19	3.31229	
1429813463	47833	515	968	-2408	-112	101	-41	289	-167	549	1002.3	28.19	3.31229	
1429813463	147909	-93	911	-2140	-34	-56	31	288	-167	549	1002.28	28.19	3.30015	
1429813463	247812	474	-1204	-1984	-388	-51	-16	288	-167	549	1002.14	28.19	3.30015	
1429813463	347818	-958	856	-2582	151	-21	-24	287	-167	547	1002.28	28.2	3.30015	
1429813463	447812	582	-109	-1093	-333	-177	-29	294	-163	542	1002.31	28.2	3.30015	
1429813463	547948	-326	-779	-3016	-370	10	66	289	-166	548	1002.1	28.2	3.30015	
1429813463	647832	332	-352	-1976	-359	-24	-2	292	-165	547	1002.2	28.2	3.30015	
1429813463	747839	226	718	-2333	-383	108	78	289	-164	544	1002.22	28.21	3.30015	
1429813463	847850	280	-83	-1665	-162	-142	11	287	-167	548	1002.23	28.19	3.30015	
1429813463	947856	-404	1156	-3264	-36	221	-135	291	-163	541	1002.17	28.2	3.30015	
1429813464	47881	41	717	-873	363	-21	27	290	-165	547	1002.29	28.21	3.30015	
1429813464	147859	1092	-3022	-4129	-748	-55	61	289	-164	543	1002.36	28.19	3.29672	
1429813464	247895	-226	-984	-2565	-2	41	91	288	-168	548	1002.35	28.2	3.29672	
1429813464	347859	-290	1974	-742	-168	-176	-154	294	-164	545	1002.11	28.21	3.29672	
1429813464	447834	346	89	-1297	-170	-1	50	288	-166	542	1002.18	28.21	3.29672	
1429813464	547872	239	-456	-2669	-405	27	-86	296	-166	540	1002.33	28.21	3.29672	
1429813464	647873	17	-260	-1650	-66	-94	75	297	-170	537	1002.3	28.19	3.29672	
1429813464	747886	506	754	-2474	-18	-94	-10	297	-168	539	1002.38	28.2	3.29672	
1429813464	847863	38	1656	-1352	-163	-4	-193	300	-172	539	1002.32	28.2	3.29672	
1429813464	947864	-577	197	-2355	489	220	-61	302	-167	535	1002.18	28.21	3.29672	
1429813465	47869	-369	-821	-917	-47	-139	71	299	-175	538	1002.35	28.2	3.29672	
1429813465	147897	153	-148	-2205	-333	-24	55	299	-170	536	1002.22	28.21	3.33649	
1429813465	247924	449	826	-1665	-274	-133	-88	297	-164	538	1002.22	28.21	3.33649	
1429813465	347925	323	-440	-3212	-117	15	-117	303	-171	535	1002.25	28.21	3.33649	
1429813465	447855	45	-119	-2452	-317	-159	73	297	-165	542	1002.25	28.21	3.33649	
1429813465	547866	-895	-683	-2036	29	64	74	302	-165	531	1002.29	28.21	3.33649	
1429813465	647830	180	-376	-1909	-188	-208	-56	296	-168	538	1002.19	28.21	3.33649	
1429813465	747908	691	-1356	-2680	-625	-29	46	303	-168	532	1002.21	28.2	3.33649	
1429813465	847834	-784	1384	-1103	75	-140	26	302	-171	539	1002.29	28.22	3.33649	
1429813465	947842	-753	-905	-2424	249	244	87	297	-169	534	1002.33	28.21	3.33649	
1429813466	47857	-576	603	-1647	-408	-122	-43	299	-177	543	1002.19	28.21	3.33649	
1429813466	147891	-1026	-97	-2681	-8	-23	74	297	-170	535	1002.27	28.22	3.32012	
1429813466	247889	-638	563	-926	30	-128	76	306	-173	536	1002.32	28.2	3.32012	
1429813466	347861	-109	-1112	-2889	-172	134	-88	299	-174	544	1002.32	28.2	3.32012	
1429813466	447831	431	275	-2437	-359	-89	78	295	-167	535	1002.33	28.21	3.32012	
1429813466	547844	872	316	-2372	-1	-94	-85	299	-166	537	1002.19	28.21	3.32012	
1429813466	647853	84	-483	-2572	-144	14	-53	300	-172	540	1002.43	28.2	3.32012	
1429813466	747855	117	-495	-1984	-176	51	38	299	-169	539	1002.33	28.21	3.32012	
1429813466	847879	322	506	-2625	-200	-250	14	300	-172	541	1002.25	28.21	3.32012	
1429813466	947840	459	-1457	-2839	-206	63	-60	302	-171	543	1002.22	28.21	3.32012	
1429813467	47904	400	-933	-1281	-193	104	64	299	-172	536	1002.23	28.19	3.32012	
1429813467	147890	-370	-175	-1347	31	-90	55	300	-173	536	1002.34	28.22	3.37451	
1429813467	247913	594	345	-3164	-430	8	-51	299	-174	541	1002.23	28.19	3.37451	
1429813467	347861	-227	920	-2417	3	-85	-28	305	-172	532	1002.18	28.21	3.37451	
1429813467	447807	-132	761	-1481	101	1	39	303	-171	534	1002.28	28.2	3.37451	
1429813467	547801	296	1801	-2310	106	-33	-157	298	-162	533	1002.29	28.21	3.37451	
1429813467	647810	195	-1019	-3553	-533	-82	-38	303	-171	533	1002.17	28.19	3.37451	
1429813467	747840	25	-178	-1792	161	56	-35	299	-172	537	1002.24	28.22	3.37451	
1429813467	847837	199	542	-1689	-234	-55	19	302	-175	537	1002.25	28.19	3.37451	
1429813467	947817	-149	-227	-2139	-256	-167	75	303	-162	535	1002.27	28.2	3.37451	
1429813468	47829	263	126	-1022	-269	-98	-82	305	-165	531	1002.17	28.2	3.37451	
1429813468	147829	10	211	-2044	64	-16	-15	303	-176	538	1002.28	28.2	3.36774	
1429813468	247806	-314	-620	-934	103	-40	29	305	-168	536	1002.23	28.2	3.36774	
1429813468	347854	262	494	-2134	-81	-111	46	297	-165	532	1002.22	28.21	3.36774	
1429813468	447829	368	222	-2504	30	119	27	302	-179	541	1002.19	28.21	3.36774	
1429813468	547916	-275	909	-1891	-32	-10	40	301	-167	536	1002.23	28.19	3.36774	
1429813468	647835	428	-70	-1907	-270	-80	-37	300	-170	538	1002.35	28.2	3.36774	
1429813468	747851	-199	710	-1905	-130	-20	-87	301	-178	537	1002.31	28.2	3.36774	
1429813468	847854	778	-138	-3436	-109	50	-75	300	-166	536	1002.32	28.2	3.36774	
1429813468	947861	587	2992	-1151	440	-102	-77	298	-170	532	1002.24	28.2	3.36774	
1429813469	47884	-96	519	-1493	275	22	-32	295	-170	537	1002.22	28.21	3.36774	
1429813469	147868	-64	-1451	-1897	-297	-113	-17	298	-167	535	1002.42	28.2	3.35293	
1429813469	247873	-404	-242	-3305	-189	97	73	297	-167	530	1002.05	28.2	3.35293	
1429813469	347871	180	478	-2419	158	-18	-37	303	-171	536	1002.28	28.2	3.35293	
1429813469	447868	-635	197	-1184	-2	-122	-2	299	-172	536	1002.32	28.2	3.35293	
1429813469	547893	676	215	-1985	-275	-195	6	302	-170	528	1002.3	28.21	3.35293	
1429813469	647895	-883	-1069	-1548	-193	163	-109	295	-173	543	1002.27	28.2	3.35293	
1429813469	747893	1362	1227	-1962	-207	101	-188	304	-163	528	1002.24	28.2	3.35293	
1429813469	847950	-686	-497	-2493	-17	164	-131	300	-167	530	1002.32	28.19	3.35293	
1429813469	947855	-942	-984	-2112	96	-36	112	297	-166	528	1002.41	28.19	3.35293	
1429813470	47875	1151	-657	-556	-294	-31	-112	298	-166	541	1002.23	28.19	3.35293	
1429813470	147888	-672	500	-2569	229	93	103	289	-170	548	1002.33	28.19	3.31324	
1429813470	247898	-20	53	-3253	-80	-188	-89	286	-175	549	1002.38	28.2	3.31324	
1429813470	347901	1116	1148	-1716	-800	-52	-167	293	-170	550	1002.24	28.2	3.31324	
1429813470	447914	983	1574	-2000	-205	216	4	296	-176	532	1002.25	28.19	3.31324	
1429813470	547822	-558	-1907	-4051	-317	92	95	300	-157	530	1002.22	28.17	3.31324	
1429813470	647787	-499	1394	-3155	555	217	104	310	-169	515	1002.23	28.19	3.31324	
1429813470	747847	-1615	-1463	-2546	-270	-252	62	295	-165	541	1002.28	28.19	3.31324	
1429813470	847837	-15	1999	-335	289	-179	-23	294	-176	533	1002.19	28.18	3.31324	
1429813470	947836	3009	968	-1108	-286	-16	-128	283	-172	555	1002.23	28.19	3.31324	
1429813471	47862	359	-409	-3214	-288	106	-103	299	-176	531	1002.38	28.18	3.31324	
1429813471	147876	115	-588	-4234	-452	100	66	296	-167	536	1002.41	28.19	3.30221	
1429813471	247891	-1428	-1508	-3172	-535	-210	272	295	-178	533	1002.31	28.18	3.30221	
1429813471	347867	-2142	-595	-2063	339	-105	183	289	-178	538	1002.22	28.17	3.30221	
1429813471	447856	-254	1776	-1326	947	-100	42	305	-161	521	1002.27	28.18	3.30221	
1429813471	547844	-146	343	-467	162	-116	-63	290	-174	546	1002.28	28.19	3.30221	
1429813471	647856	1294	1202	-2085	114	-61	-227	285	-168	543	1002.11	28.19	3.30221	
1429813471	747863	1292	-1249	-1946	-557	-69	-227	300	-164	519	1002.18	28.17	3.30221	
1429813471	847883	1246	734	-9	-329	-41	-164	288	-171	543	1002.31	28.18	3.30221	
1429813471	947844	2385	1232	-1572	-352	186	-89	284	-168	546	1002.27	28.18	3.30221	
1429813472	47884	-43	-643	-2462	-322	114	28	300	-167	525	1002.25	28.19	3.30221	
1429813472	147868	108	1460	-3473	-55	116	13	296	-172	546	1002.39	28.17	3.29403	
1429813472	247920	-2349	-2605	-2948	-295	-252	242	299	-168	526	1002.3	28.18	3.29403	
1429813472	347833	-1027	1744	-785	240	-213	52	288	-173	548	1002.32	28.17	3.29403	
1429813472	447852	217	2232	350	442	-53	-20	299	-170	526	1002.27	28.18	3.29403	
1429813472	547823	1220	-88	-1705	72	137	-231	285	-173	553	1002.24	28.18	3.29403	
1429813472	647840	1478	177	-1296	-59	198	-185	300	-166	525	1002.29	28.17	3.29403	
1429813472	747822	-896	-244	-5167	-368	122	76	285	-176	551	1002.32	28.17	3.29403	
1429813472	847840	-1038	-2543	-3017	-678	-272	171	315	-166	512	1002.36	28.17	3.29403	
1429813472	947813	-1453	695	-1528	118	-166	175	295	-182	541	1002.45	28.18	3.29403	
1429813473	47831	-867	943	61	565	-134	29	301	-162	523	1002.38	28.18	3.29403	
1429813473	147823	170	1510	-775	473	-252	-99	278	-179	543	1002.26	28.17	3.30288	
1429813473	247834	1199	-535	-1460	93	149	-193	286	-172	549	1002.37	28.18	3.30288	
1429813473	347833	1506	-691	-715	-191	150	-210	303	-165	512	1002.16	28.16	3.30288	
1429813473	447840	1118	-1097	-3542	-563	107	-296	291	-172	544	1002.26	28.18	3.30288	
1429813473	547920	812	572	-1893	-837	-97	13	295	-172	546	1002.27	28.16	3.30288	
1429813473	647930	-980	1124	-3387	-482	-77	120	291	-178	534	1002.25	28.17	3.30288	
1429813473	747880	-2207	16	-2070	120	-130	298	301	-167	535	1002.48	28.17	3.30288	
1429813473	847882	-1522	300	-1800	374	-15	189	295	-182	537	1002.27	28.14	3.30288	
1429813473	947908	-1774	-1297	-3236	264	-203	168	289	-174	546	1002.31	28.16	3.30288	
1429813474	47879	-1070	-1921	-1861	403	-22	97	302	-177	547	1002.27	28.16	3.30288	
1429813474	147908	974	757	-1345	310	-51	-116	286	-179	541	1002.34	28.16	3.31968	
1429813474	247868	1843	694	-2404	82	55	-264	291	-175	549	1002.27	28.16	3.31968	
1429813474	347858	1273	-756	-2575	-335	-90	-240	300	-170	529	1002.3	28.16	3.31968	
1429813474	447841	873	113	-934	-497	54	-115	291	-179	548	1002.29	28.17	3.31968	
1429813474	547864	892	2150	-2932	-621	121	-138	294	-179	555	1002.24	28.15	3.31968	
1429813474	647877	-329	1192	-2651	-520	8	95	300	-176	525	1002.34	28.16	3.31968	
1429813474	747972	-1350	-86	-2871	-300	-229	256	295	-168	543	1002.32	28.13	3.31968	
1429813474	847882	-119	1819	-1716	207	-91	69	294	-180	547	1002.28	28.15	3.31968	
1429813474	947854	-223	1315	-1086	-17	-126	-20	298	-173	541	1002.22	28.14	3.31968	
1429813475	47870	290	-526	-2086	27	30	-18	296	-177	539	1002.28	28.15	3.31968	
1429813475	147880	222	-589	-1960	-304	-36	90	297	-182	538	1002.34	28.14	3.30189	
1429813475	247905	33	-802	-1576	35	123	71	300	-180	540	1002.14	28.15	3.30189	
1429813475	347891	459	-439	-1023	-50	-68	-16	297	-179	539	1002.29	28.13	3.30189	
1429813475	447920	1376	1823	-2634	-151	-35	2	301	-175	538	1002.23	28.12	3.30189	
1429813475	547945	953	452	-1336	-420	-12	-42	299	-182	540	1002.22	28.14	3.30189	
1429813475	647824	167	1546	-2222	66	-79	-181	299	-179	535	1002.17	28.13	3.30189	
1429813475	747810	-316	433	-2617	-149	-117	-17	303	-175	534	1002.27	28.12	3.30189	
1429813475	847865	127	222	-2641	-80	-133	-4	305	-177	534	1002.38	28.14	3.30189	
1429813475	947830	67	-106	-2101	-18	-2	-24	304	-176	531	1002.31	28.13	3.30189	
1429813476	47860	93	191	-2104	-129	-35	-25	305	-174	532	1002.18	28.13	3.30189	
1429813476	147866	-50	192	-1957	-12	-15	-10	304	-175	532	1002.31	28.15	3.26036	
1429813476	247878	123	-96	-2364	-236	-44	-15	304	-176	531	1002.35	28.13	3.26036	
1429813476	348102	75	302	-1944	-144	-68	-5	304	-177	535	1002.28	28.13	3.26036	
1429813476	447822	7	439	-1939	-138	-56	-30	305	-175	532	1002.19	28.12	3.26036	
1429813476	547839	144	130	-2112	-244	-59	-31	305	-176	531	1002.32	28.12	3.26036	
1429813476	647855	100	-123	-2117	-68	4	3	304	-175	533	1002.47	28.13	3.26036	
1429813476	747826	91	73	-2077	-23	-16	10	305	-176	531	1002.24	28.13	3.26036	
1429813476	847874	63	202	-2040	-120	-30	-14	305	-175	531	1002.2	28.13	3.26036	
1429813476	947835	23	-24	-2039	-54	1	-2	304	-177	533	1002.25	28.12	3.26036	
1429813477	47873	74	237	-2102	-118	-28	7	306	-177	532	1002.31	28.11	3.26036	
1429813477	147869	136	81	-2081	-73	-25	2	305	-177	532	1002.19	28.12	3.3255	
1429813477	247828	47	313	-1960	-91	-32	-23	306	-175	531	1002.26	28.12	3.3255	
1429813477	347823	155	-1	-2215	-169	-35	-16	305	-175	533	1002.3	28.12	3.3255	
1429813477	447775	42	-59	-1998	-18	-12	17	306	-177	531	1002.19	28.12	3.3255	
1429813477	547815	29	314	-1976	-116	-31	-15	307	-177	533	1002.32	28.12	3.3255	
1429813477	647808	143	18	-2167	-140	-24	-8	306	-177	533	1002.25	28.13	3.3255	
1429813477	747834	49	247	-2061	-55	-26	13	305	-176	532	1002.35	28.11	3.3255	
1429813477	847826	121	149	-2153	-158	-33	-19	307	-175	533	1002.11	28.12	3.3255	
1429813477	947845	102	124	-2038	-59	-20	2	306	-176	533	1002.23	28.11	3.3255	
1429813478	47832	53	115	-2090	-128	-19	-18	306	-175	530	1002.42	28.12	3.3255	
1429813478	147822	104	-24	-2167	-95	-20	13	305	-177	532	1002.28	28.11	3.28945	
1429813478	247838	77	238	-2037	-110	-27	-1	305	-177	533	1002.22	28.12	3.28945	
1429813478	347820	144	34	-2128	-132	-29	-28	306	-177	531	1002.27	28.12	3.28945	
1429813478	447817	80	152	-2022	-57	-15	-2	307	-177	532	1002.26	28.12	3.28945	
1429813478	547926	74	86	-2054	-164	-39	-14	308	-177	533	1002.31	28.12	3.28945	
1429813478	647828	90	20	-2080	-58	-16	2	307	-175	531	1002.32	28.11	3.28945	
1429813478	747846	98	199	-2086	-127	-23	-15	308	-178	532	1002.19	28.12	3.28945	
1429813478	847853	105	-14	-2161	-96	-22	-1	307	-177	534	1002.36	28.12	3.28945	
1429813478	947861	38	228	-2040	-106	-21	-4	305	-177	531	1002.32	28.12	3.28945	
1429813479	47870	82	78	-2058	-85	-15	-2	308	-176	533	1002.32	28.11	3.28945	
1429813479	147894	31	98	-2052	-102	-36	-11	308	-177	533	1002.29	28.12	3.25032	
1429813479	247887	85	67	-2205	-127	-28	-1	307	-177	531	1002.32	28.11	3.25032	
1429813479	347867	111	122	-2054	-49	-16	2	306	-176	531	1002.31	28.11	3.25032	
1429813479	447847	118	195	-2086	-156	-42	-10	309	-177	533	1002.39	28.11	3.25032	
1429813479	547873	125	-23	-2120	-92	-29	-5	308	-178	531	1002.23	28.12	3.25032	
1429813479	647877	98	272	-2059	-71	-14	-2	307	-176	532	1002.28	28.11	3.25032	
1429813479	747889	109	130	-2214	-148	-24	-19	308	-178	532	1002.32	28.11	3.25032	
1429813479	847924	103	110	-2059	-46	-21	0	308	-177	532	1002.22	28.1	3.25032	
1429813479	947855	82	232	-2070	-151	-32	-8	307	-177	532	1002.28	28.11	3.25032	
1429813480	47883	29	-145	-2092	-31	2	-8	307	-175	533	1002.34	28.11	3.25032	
1429813480	147883	47	291	-2008	-80	-14	-2	308	-175	532	1002.3	28.12	3.26568	
1429813480	247892	92	14	-2179	-169	-26	-17	307	-177	531	1002.28	28.11	3.26568	
1429813480	347896	59	100	-2016	-22	-18	0	308	-178	534	1002.1	28.12	3.26568	
1429813480	447898	147	251	-2158	-155	-45	-19	307	-175	532	1002.4	28.12	3.26568	
1429813480	547874	107	-39	-2161	-96	-26	2	307	-177	531	1002.21	28.09	3.26568	
1429813480	647830	60	213	-1987	-116	-35	-5	308	-176	533	1002.37	28.12	3.26568	
1429813480	747807	156	-49	-2173	-156	-25	-4	307	-176	534	1002.41	28.12	3.26568	
1429813480	847864	77	185	-1988	-19	-22	12	308	-178	529	1002.27	28.11	3.26568	
1429813480	947827	117	161	-2074	-131	-28	-20	306	-178	533	1002.36	28.12	3.26568	
1429813481	47872	96	14	-2125	-111	-24	0	308	-175	530	1002.32	28.11	3.26568	
1429813481	147871	88	227	-2080	-88	-28	-10	308	-175	529	1002.21	28.1	3.22089	
1429813481	247894	103	152	-2081	-122	-20	1	307	-175	531	1002.31	28.11	3.22089	
1429813481	347866	114	119	-2062	-92	-34	-1	308	-177	531	1002.2	28.11	3.22089	
1429813481	447860	80	94	-2095	-146	-16	-18	309	-175	530	1002.1	28.1	3.22089	
1429813481	547864	105	-109	-2100	-65	-9	15	307	-176	532	1002.34	28.11	3.22089	
1429813481	647883	132	218	-2110	-113	-27	-6	307	-177	531	1002.32	28.12	3.22089	
1429813481	747834	181	133	-2214	-144	-43	-19	307	-176	530	1002.25	28.12	3.22089	
1429813481	847892	101	132	-1973	-64	-16	10	308	-178	531	1002.29	28.12	3.22089	
1429813481	947838	74	146	-2052	-127	-23	-8	307	-177	531	1002.45	28.11	3.22089	
1429813482	47853	61	190	-1957	-45	-12	1	308	-178	533	1002.45	28.11	3.22089	
1429813482	147878	-15	-84	-2221	-91	27	-40	306	-178	534	1002.22	28.08	3.24417	
1429813482	247910	119	176	-2151	-65	-42	-3	305	-179	531	1002.24	28.11	3.24417	
1429813482	347827	226	138	-2128	-178	0	39	304	-179	534	1002.2	28.11	3.24417	
1429813482	447974	149	-439	-2032	-116	13	141	305	-172	531	1002.22	28.1	3.24417	
1429813482	547815	-341	-148	-2511	-255	-52	16	303	-175	536	1002.33	28.12	3.24417	
1429813482	647845	375	958	-1600	-224	-67	71	302	-179	537	1002.35	28.11	3.24417	
1429813482	747830	627	510	-2091	-28	-38	29	308	-170	533	1002.39	28.11	3.24417	
1429813482	847881	783	1056	-2504	-113	-50	18	303	-176	534	1002.34	28.11	3.24417	
1429813482	947803	764	617	-1905	-63	42	-32	304	-179	540	1002.3	28.1	3.24417	
1429813483	47830	556	-342	-2481	-485	-111	-38	303	-178	539	1002.24	28.09	3.24417	
1429813483	147820	-24	-157	-2301	-252	-45	-59	302	-175	538	1002.14	28.12	3.23458	
1429813483	247855	-543	169	-2120	-298	-190	-65	306	-177	533	1002.37	28.12	3.23458	
1429813483	347819	-75	364	-2247	-114	-63	-11	302	-179	536	1002.26	28.1	3.23458	
1429813483	447819	130	440	-1868	141	100	-19	302	-180	540	1002.46	28.11	3.23458	
1429813483	547949	880	-282	-2778	-77	-11	-34	298	-180	533	1002.21	28.12	3.23458	
1429813483	647854	216	1509	-2223	68	-138	-120	302	-175	535	1002.35	28.09	3.23458	
1429813483	747853	836	-269	-1980	47	69	-11	302	-177	536	1002.29	28.1	3.23458	
1429813483	847855	-262	-1634	-2205	-99	73	11	300	-181	532	1002.24	28.11	3.23458	
1429813483	947849	-738	-1273	-3291	-277	22	11	301	-180	538	1002.26	28.1	3.23458	
1429813484	47877	-38	1168	-1120	100	-170	79	303	-173	534	1002.34	28.11	3.23458	
1429813484	147884	-113	1234	-1332	-511	-309	86	299	-180	540	1002.29	28.1	3.27906	
1429813484	247915	-312	-1638	-2323	-218	86	154	299	-175	537	1002.25	28.12	3.27906	
1429813484	347851	1236	1308	-2978	-128	-110	-98	294	-173	542	1002.22	28.1	3.27906	
1429813484	447850	355	199	-2276	9	-54	-51	293	-174	536	1002.16	28.11	3.27906	
1429813484	547866	411	654	-2807	-151	-171	40	290	-177	547	1002.14	28.1	3.27906	
1429813484	647881	110	221	-2103	-649	21	-42	302	-171	525	1002.33	28.12	3.27906	
1429813484	747882	-1172	1793	-2617	-110	-172	232	288	-186	546	1002.37	28.1	3.27906	
1429813484	847912	-100	1586	-189	103	-132	51	301	-170	520	1002.23	28.11	3.27906	
1429813484	947848	1757	1719	355	375	131	-275	286	-176	556	1002.34	28.11	3.27906	
1429813485	47947	1469	524	-3339	-191	190	-241	302	-170	527	1002.24	28.09	3.27906	
1429813485	147885	-157	-2182	-4630	-330	86	152	288	-182	552	1002.24	28.11	3.24969	
1429813485	247905	-1066	-1182	-5515	-427	-196	145	309	-178	523	1002.27	28.09	3.24969	
1429813485	347910	-2687	-2042	-1699	115	-119	146	294	-181	532	1002.23	28.11	3.24969	
1429813485	447915	975	1239	-960	-217	-104	-105	302	-168	529	1002.29	28.1	3.24969	
1429813485	547909	1486	1921	-943	-180	-17	-122	287	-177	549	1002.3	28.12	3.24969	
1429813485	647885	2044	1459	-1688	-372	125	-12	291	-173	548	1002.18	28.1	3.24969	
1429813485	747842	69	594	-3822	114	-37	100	292	-181	535	1002.31	28.11	3.24969	
1429813485	847912	-1359	-1475	-2902	295	49	136	302	-170	535	1002.25	28.12	3.24969	
1429813485	947825	-280	254	31	486	-132	-2	287	-179	553	1002.22	28.1	3.24969	
1429813486	47933	1920	239	-2547	-227	206	-309	293	-174	532	1002.14	28.1	3.24969	
1429813486	147872	-343	-1020	-2739	-798	-194	106	293	-177	546	1002.2	28.11	3.23104	
1429813486	247897	-753	1002	-1354	-153	-248	18	293	-180	536	1002.26	28.1	3.23104	
1429813486	347878	1393	720	-245	-669	-147	-62	297	-178	545	1002.25	28.1	3.23104	
1429813486	447825	1075	-306	-1631	-579	-29	99	293	-177	537	1002.24	28.11	3.23104	
1429813486	547884	-268	1133	-2065	136	-68	134	301	-171	525	1002.38	28.11	3.23104	
1429813486	647906	-1815	-1227	-2959	841	-67	35	294	-179	525	1002.17	28.11	3.23104	
1429813486	747826	-69	-1081	-531	223	148	-163	298	-173	545	1002.19	28.1	3.23104	
1429813486	847838	1917	707	-1537	-104	246	-273	292	-181	538	1002.39	28.09	3.23104	
1429813486	947837	178	277	-4952	-455	344	-128	301	-178	524	1002.21	28.09	3.23104	
1429813487	47866	-1080	-604	-3841	-546	-223	208	300	-179	531	1002.15	28.1	3.23104	
1429813487	147878	-1340	-253	-1068	72	-241	187	291	-177	548	1002.28	28.09	3.28898	
1429813487	247903	-1380	1667	-900	269	-285	88	291	-186	541	1002.29	28.1	3.28898	
1429813487	347851	-339	1536	-95	411	-455	45	296	-170	531	1002.29	28.1	3.28898	
1429813487	447873	-153	146	-3657	-649	536	77	295	-163	525	1002.28	28.09	3.28898	
1429813487	547872	2463	-383	-712	-878	169	-11	317	-166	503	1002.18	28.1	3.28898	
1429813487	647832	-740	1472	-1995	845	-446	-160	313	-162	495	1002.32	28.09	3.28898	
1429813487	747833	3382	1601	19	-822	287	-19	323	-157	489	1002.2	28.09	3.28898	
1429813487	847836	-2468	-2253	-4007	-597	-409	179	326	-158	484	1002.32	28.09	3.28898	
1429813487	947814	2829	2784	1449	629	-106	-184	325	-158	486	1002.25	28.1	3.28898	
1429813488	47846	-2878	-1382	-4243	-1111	322	226	326	-159	484	1002.33	28.1	3.28898	
1429813488	147826	1874	3302	59	1531	-262	-239	322	-158	486	1002.2	28.11	3.29555	
1429813488	248076	1330	746	-803	-1161	558	152	321	-157	489	1002.29	28.1	3.29555	
1429813488	347820	-2428	-2488	-3554	154	-670	-13	321	-159	489	1002.32	28.09	3.29555	
1429813488	447827	2762	2671	1454	320	110	-111	320	-157	488	1002.18	28.1	3.29555	
1429813488	547917	-2956	-1994	-4831	-1009	259	208	322	-159	487	1002.29	28.12	3.29555	
1429813488	647871	2404	3250	439	1374	-331	-252	322	-157	488	1002.18	28.1	3.29555	
1429813488	747860	1361	-1	-1595	-1434	507	216	322	-159	485	1002.2	28.11	3.29555	
1429813488	847850	-1818	-1958	-3730	528	-607	-101	325	-159	491	1002.3	28.1	3.29555	
1429813488	947858	2503	2219	647	-284	315	-52	324	-157	488	1002.31	28.11	3.29555	
1429813489	47879	-2804	-2379	-4818	-597	-115	142	322	-159	485	1002.4	28.1	3.29555	
1429813489	147902	3277	2867	955	984	-312	-243	322	-158	487	1002.2	28.11	3.30828	
1429813489	247882	-324	-1578	-3265	-1338	497	325	323	-156	489	1002.33	28.1	3.30828	
1429813489	347868	-815	265	-1975	929	-627	-239	323	-159	486	1002.23	28.09	3.30828	
1429813489	447846	2011	1016	-766	-953	502	83	325	-161	488	1002.32	28.09	3.30828	
1429813489	547870	-2970	-1886	-3349	-36	-392	86	322	-159	495	1002.3	28.1	3.30828	
1429813489	647880	2772	321	-2520	-1104	57	-116	316	-166	501	1002.22	28.1	3.30828	
1429813489	747890	-1430	-762	-637	1109	-256	-225	295	-181	526	1002.28	28.09	3.30828	
1429813489	847907	-1802	401	-1347	548	-444	-6	294	-167	538	1002.13	28.09	3.30828	
1429813489	947850	-2271	972	-2306	675	-368	-27	291	-172	536	1002.24	28.09	3.30828	
1429813490	47890	-1345	771	-1872	654	-292	18	306	-168	523	1002.33	28.1	3.30828	
1429813490	147879	-671	1147	-1012	633	-416	-31	287	-179	541	1002.14	28.1	3.29116	
1429813490	247898	-1873	1061	-150	990	-463	-97	289	-174	535	1002.2	28.09	3.29116	
1429813490	347903	1099	1786	348	80	-290	-244	306	-169	510	1002.23	28.09	3.29116	
1429813490	447910	1563	2693	-3394	-691	229	13	303	-168	536	1002.31	28.09	3.29116	
1429813490	547883	-2548	-1424	-1972	151	-291	128	303	-174	520	1002.37	28.1	3.29116	
1429813490	647860	100	1030	1184	556	-336	-213	305	-165	518	1002.18	28.1	3.29116	
1429813490	747848	-120	2639	939	26	-441	-163	290	-177	536	1002.22	28.1	3.29116	
1429813490	847914	1714	1303	-596	-734	-138	-68	311	-175	515	1002.17	28.09	3.29116	
1429813490	947877	-1960	-2905	-4063	-1136	-20	264	297	-180	525	1002.36	28.1	3.29116	
1429813491	47860	-199	834	-1459	416	-183	-208	303	-179	520	1002.22	28.1	3.29116	
1429813491	147871	1662	-1151	-2416	-1057	112	-246	306	-173	525	1002.21	28.09	3.29138	
1429813491	247882	-1573	-2315	-4020	-922	-171	204	301	-178	516	1002.21	28.1	3.29138	
1429813491	347872	2985	-554	-2925	-334	174	-243	300	-180	516	1002.25	28.1	3.29138	
1429813491	447852	-1321	-976	-4463	189	55	160	301	-176	514	1002.24	28.07	3.29138	
1429813491	547866	1296	364	-971	-261	216	-96	299	-165	523	1002.46	28.09	3.29138	
1429813491	647855	-1635	-73	-2309	494	-174	148	301	-172	544	1002.24	28.09	3.29138	
1429813491	747864	1653	-355	-1965	-442	316	-115	293	-184	545	1002.21	28.1	3.29138	
1429813491	847845	-1806	-1441	-2969	867	-107	53	300	-174	524	1002.17	28.09	3.29138	
1429813491	947832	2405	2210	-2201	-200	258	-124	310	-177	517	1002.24	28.09	3.29138	
1429813492	47879	-323	2745	-810	1238	-36	-122	308	-169	511	1002.19	28.1	3.29138	
1429813492	147871	-23	1514	-2171	527	-140	129	286	-189	550	1002.29	28.1	3.32627	
1429813492	247883	733	-629	-3280	37	129	-145	277	-194	571	1002.21	28.1	3.32627	
1429813492	347849	-584	-1655	-1871	-247	-51	-49	290	-199	559	1002.23	28.11	3.32627	
1429813492	447864	-1088	558	-2539	-305	-149	154	291	-195	559	1002.18	28.1	3.32627	
1429813492	547822	148	1790	-1894	286	57	53	288	-197	569	1002.25	28.13	3.32627	
1429813492	647811	426	-464	-2143	42	18	-95	293	-199	561	1002.18	28.08	3.32627	
1429813492	747853	-315	-1718	-2136	-604	-145	27	286	-195	565	1002.25	28.1	3.32627	
1429813492	847832	-117	434	-674	-68	-52	56	287	-196	568	1002.25	28.1	3.32627	
1429813492	947807	842	-145	-2081	210	79	-79	292	-199	561	1002.22	28.1	3.32627	
1429813493	47834	-128	-1209	-3502	-542	-43	-119	283	-197	565	1002.32	28.09	3.32627	
1429813493	147817	46	1255	-2831	-358	-98	76	285	-198	569	1002.21	28.1	3.2775	
1429813493	247825	583	568	-1504	-95	-181	135	286	-196	561	1002.21	28.1	3.2775	
1429813493	347821	309	1916	-2955	-30	-57	-137	283	-195	564	1002.37	28.1	3.2775	
1429813493	447816	-409	843	-705	-504	-176	57	281	-194	570	1002.28	28.09	3.2775	
1429813493	547908	-402	462	-1793	-110	-21	4	291	-198	563	1002.17	28.09	3.2775	
1429813493	647849	139	2529	-2062	645	243	-94	281	-195	562	1002.29	28.1	3.2775	
1429813493	747832	401	-1206	-2948	-229	4	-93	281	-196	566	1002.3	28.1	3.2775	
1429813493	847868	73	1216	-1730	-400	-86	110	282	-196	565	1002.23	28.09	3.2775	
1429813493	947858	-57	339	-675	-384	-204	85	276	-194	568	1002.24	28.09	3.2775	
1429813494	47872	1088	535	-2206	358	105	-67	281	-194	575	1002.24	28.09	3.2775	
1429813494	147897	99	414	-2730	-146	-100	-76	281	-193	570	1002.29	28.1	3.33211	
1429813494	247929	-457	-102	-1569	-188	46	-54	273	-191	574	1002.19	28.1	3.33211	
1429813494	347880	284	-94	-159	-105	-87	89	280	-195	571	1002.28	28.09	3.33211	
1429813494	447863	1139	804	-2584	435	158	-110	278	-193	570	1002.35	28.09	3.33211	
1429813494	547884	372	-1262	-3516	278	167	-46	284	-196	569	1002.34	28.11	3.33211	
1429813494	647888	-354	-1904	-3163	-397	111	61	302	-171	522	1002.31	28.11	3.33211	
1429813494	747886	-471	310	-741	-5	-30	41	288	-180	539	1002.21	28.09	3.33211	
1429813494	847904	1467	2063	-2744	-662	83	-93	301	-177	526	1002.29	28.1	3.33211	
1429813494	947883	493	-15	-4564	-780	-102	46	287	-183	555	1002.29	28.1	3.33211	
1429813495	47905	-899	1186	-3298	179	-2	136	295	-192	529	1002.21	28.09	3.33211	
1429813495	147907	1304	2844	-1183	65	-156	8	291	-184	540	1002.15	28.1	3.30609	
1429813495	247893	2114	434	-3200	-664	14	-167	300	-179	532	1002.18	28.12	3.30609	
1429813495	347908	472	-606	-2277	-456	-12	16	299	-177	539	1002.23	28.09	3.30609	
1429813495	447891	-1562	67	-2857	143	-172	219	299	-183	522	1002.21	28.1	3.30609	
1429813495	547917	-266	1906	290	453	-250	89	297	-176	533	1002.1	28.1	3.30609	
1429813495	647891	1169	-61	-2612	-549	78	-79	280	-182	558	1002.34	28.11	3.30609	
1429813495	747840	-736	-101	-2092	-310	-436	311	296	-172	527	1002.22	28.1	3.30609	
1429813495	847857	114	1360	-483	146	-156	39	299	-180	552	1002.25	28.1	3.30609	
1429813495	947827	883	445	-3261	-226	-9	-90	280	-179	550	1002.26	28.1	3.30609	
1429813496	47860	-1691	-359	-2069	697	-36	76	289	-184	538	1002.3	28.1	3.30609	
1429813496	147866	4	606	339	570	289	-207	288	-182	544	1002.23	28.09	3.22738	
1429813496	247885	1060	842	-1277	88	219	-228	295	-184	530	1002.13	28.09	3.22738	
1429813496	347870	-723	-1380	-4406	14	-143	84	299	-183	524	1002.21	28.1	3.22738	
1429813496	447857	-109	-1246	-2288	-331	-62	-165	286	-186	554	1002.32	28.11	3.22738	
1429813496	547863	252	-1011	-2827	-1063	-122	-104	292	-184	537	1002.33	28.1	3.22738	
1429813496	647859	-944	-1536	-2973	-972	-228	93	297	-186	539	1002.18	28.1	3.22738	
1429813496	747875	-1549	-6	-2686	-158	-268	175	303	-179	525	1002.2	28.11	3.22738	
1429813496	847885	-373	854	-2245	311	-65	133	289	-176	550	1002.13	28.09	3.22738	
1429813496	947839	-165	278	322	154	45	-17	296	-177	523	1002.04	28.1	3.22738	
1429813497	47857	1593	399	-2151	-565	90	-251	289	-181	551	1002.18	28.1	3.22738	
1429813497	147880	-134	-1151	-2225	-736	-202	-116	290	-178	544	1002.34	28.11	3.2941	
1429813497	247889	-569	651	-3030	187	91	3	288	-179	546	1002.27	28.12	3.2941	
1429813497	347850	904	-2808	-4714	-880	-53	-114	289	-180	546	1002.29	28.1	3.2941	
1429813497	447810	-1299	1481	-1728	622	-9	-32	289	-181	547	1002.26	28.1	3.2941	
1429813497	547847	533	-2432	-5026	-569	290	-64	289	-179	543	1002.07	28.1	3.2941	
1429813497	647830	176	1958	-519	260	-211	-67	290	-181	544	1002.23	28.11	3.2941	
1429813497	747825	-590	1465	-2131	285	373	-49	284	-183	547	1002.28	28.11	3.2941	
1429813497	847846	383	2071	-695	-18	-121	-63	285	-182	548	1002.44	28.12	3.2941	
1429813497	947815	18	74	-2229	284	260	8	288	-179	546	1002.24	28.09	3.2941	
1429813498	47851	501	2333	-681	4	-30	-124	290	-179	548	1002.19	28.1	3.2941	
1429813498	147819	-60	-665	-2361	-56	-24	87	288	-180	547	1002.16	28.11	3.30258	
1429813498	247869	663	664	-1166	-324	-168	-78	287	-178	550	1002.24	28.11	3.30258	
1429813498	347841	-659	1437	-2280	101	-48	52	286	-177	549	1002.28	28.11	3.30258	
1429813498	447826	532	580	-1416	-576	-66	15	285	-178	549	1002.28	28.09	3.30258	
1429813498	547919	374	1773	-2327	-208	-225	17	288	-175	547	1002.3	28.12	3.30258	
1429813498	647849	362	-1403	-2157	-507	-84	-10	286	-176	546	1002.36	28.12	3.30258	
1429813498	747842	461	89	-1109	-118	-223	24	288	-177	547	1002.37	28.12	3.30258	
1429813498	847868	887	973	-2676	-121	23	-106	290	-172	540	1002.18	28.1	3.30258	
1429813498	947849	-782	-730	-1894	-17	-28	8	292	-177	541	1002.18	28.12	3.30258	
1429813499	47875	-28	364	-2008	180	-289	193	300	-160	498	1002.44	28.12	3.30258	
1429813499	147908	602	738	-588	-51	-293	-7	303	-168	532	1002.29	28.12	3.31123	
1429813499	247947	1483	1734	-154	398	-86	-84	287	-181	529	1002.26	28.12	3.31123	
1429813499	347879	1360	341	-1309	-222	-107	-118	289	-179	543	1002.3	28.12	3.31123	
1429813499	447853	2086	1240	-561	-298	99	-142	297	-173	531	1002.22	28.12	3.31123	
1429813499	547872	366	-2615	-2286	-788	230	-187	284	-179	531	1002.4	28.13	3.31123	
1429813499	647878	2860	1386	-2105	-346	164	-335	301	-166	530	1002.12	28.12	3.31123	
1429813499	747888	2721	114	-2344	-799	142	-304	312	-163	497	1002.03	28.12	3.31123	
1429813499	847906	915	-2271	-2568	-876	232	-175	284	-187	563	1002.16	28.12	3.31123	
1429813499	947873	956	-696	-1612	-513	105	-116	297	-168	529	1002.13	28.13	3.31123	
1429813500	47888	-403	-784	-3000	-505	63	69	307	-162	498	1002.16	28.12	3.31123	
1429813500	147879	104	1020	-3328	-89	-199	90	283	-182	558	1002.18	28.12	3.30822	
1429813500	247915	-1726	-951	-3252	-223	-183	287	306	-171	507	1002.45	28.12	3.30822	
1429813500	347916	-1196	-527	-1038	504	-9	179	291	-186	539	1002.41	28.12	3.30822	
1429813500	447921	322	1623	-1150	875	47	70	297	-174	537	1002.31	28.13	3.30822	
1429813500	547950	1916	1804	-1251	-343	0	-128	280	-183	547	1002.25	28.13	3.30822	
1429813500	647959	2401	-1197	-1831	-516	310	-255	284	-179	556	1002.29	28.14	3.30822	
1429813500	747897	2018	1702	-635	280	114	-204	301	-173	526	1002.18	28.13	3.30822	
1429813500	847943	2104	-318	-2732	-527	10	-244	284	-180	550	1002.16	28.12	3.30822	
1429813500	947888	2261	835	-2658	-320	256	-339	307	-167	519	1002.22	28.14	3.30822	
1429813501	47932	1064	-696	-2646	-674	166	-187	314	-166	507	1002.28	28.13	3.30822	
1429813501	147919	1166	-61	-1222	-516	52	-195	284	-183	552	1002.18	28.13	3.30286	
1429813501	247975	408	-381	-3122	-619	60	-64	303	-168	511	1002.29	28.14	3.30286	
1429813501	347906	-162	-1296	-4439	-883	-159	47	298	-183	527	1002.15	28.12	3.30286	
1429813501	447907	-259	-621	-1867	-607	-148	167	296	-176	548	1002.29	28.14	3.30286	
1429813501	547923	-1104	288	-533	-199	-80	79	301	-193	543	1002.26	28.14	3.30286	
1429813501	647859	136	-475	-2204	403	89	-22	300	-193	551	1002.32	28.13	3.30286	
1429813501	747901	-40	-4456	-4387	-931	-60	-63	296	-194	549	1002.18	28.13	3.30286	
1429813501	847875	-435	-1014	-83	-148	74	232	292	-193	556	1002.24	28.13	3.30286	
1429813501	947885	414	-2412	-1683	-180	12	16	295	-202	554	1002.25	28.13	3.30286	
1429813502	47910	-210	2122	-2012	-339	-233	-61	294	-203	552	1002.34	28.14	3.30286	
1429813502	147902	442	1034	-3021	385	113	-117	295	-201	552	1002.25	28.13	3.31348	
1429813502	247896	-110	119	-3924	-344	-7	-140	294	-201	554	1002.41	28.14	3.31348	
1429813502	347906	-551	842	-2045	-477	-118	52	294	-202	551	1002.38	28.14	3.31348	
1429813502	447831	381	926	-2680	60	71	-80	297	-200	553	1002.29	28.13	3.31348	
1429813502	547870	133	-1330	-1560	-614	-124	-41	299	-203	553	1002.24	28.15	3.31348	
1429813502	647842	-119	677	307	-189	1	92	296	-199	553	1002.29	28.14	3.31348	
1429813502	747855	838	-1132	-1745	-57	-68	-53	297	-204	552	1002.23	28.14	3.31348	
1429813502	847867	247	-976	-1827	-458	-268	-4	297	-202	551	1002.32	28.13	3.31348	
1429813502	947820	-303	1806	-52	723	199	101	298	-204	549	1002.18	28.14	3.31348	
1429813503	47859	87	942	-4167	-42	-70	-78	293	-204	549	1002.29	28.14	3.31348	
1429813503	147824	-804	1215	-2704	-490	-130	65	297	-202	552	1002.18	28.14	3.33648	
1429813503	247833	-2	1541	-2839	743	313	15	297	-201	546	1002.23	28.14	3.33648	
1429813503	347851	8	883	-4179	-57	12	-98	298	-201	546	1002.29	28.14	3.33648	
1429813503	447836	314	846	-2866	-450	-200	93	289	-190	549	1002.32	28.15	3.33648	
1429813503	547951	485	1587	-861	300	13	72	297	-190	541	1002.2	28.15	3.33648	
1429813503	647907	-199	-552	-1521	185	93	-3	285	-190	553	1002.33	28.14	3.33648	
1429813503	747869	545	-924	-1989	-327	-33	-131	294	-192	548	1002.38	28.14	3.33648	
1429813503	847883	-557	-1649	-3190	-409	-140	84	301	-172	518	1002.28	28.15	3.33648	
1429813503	947877	-1117	-447	-942	575	-77	148	285	-180	539	1002.22	28.15	3.33648	
1429813504	47913	-683	-709	-3053	612	118	-42	301	-184	538	1002.38	28.14	3.33648	
1429813504	147915	626	-344	-2405	-14	118	-164	287	-186	545	1002.25	28.15	3.34974	
1429813504	247936	1753	558	-3628	-415	250	-319	296	-179	533	1002.23	28.14	3.34974	
1429813504	347919	385	-231	-4029	-849	5	-42	287	-185	544	1002.27	28.14	3.34974	
1429813504	447886	-2287	-928	-2917	-124	-127	240	304	-177	519	1002.22	28.14	3.34974	
1429813504	547912	118	920	-797	-395	-113	40	289	-193	538	1002.21	28.15	3.34974	
1429813504	647905	1612	-188	-2143	-797	-74	-42	303	-183	533	1002.3	28.14	3.34974	
1429813504	747938	722	681	-4224	-730	-29	-14	292	-181	550	1002.21	28.13	3.34974	
1429813504	847933	-572	1016	-3959	-316	-243	134	298	-187	536	1002.28	28.15	3.34974	
1429813504	947927	-1144	1210	-1203	531	-116	113	282	-188	548	1002.27	28.14	3.34974	
1429813505	47934	671	1140	1273	38	-37	-42	298	-184	520	1002.28	28.15	3.34974	
1429813505	147914	990	1327	639	-374	42	-56	291	-187	550	1002.27	28.14	3.33566	
1429813505	247949	25	71	-1678	-591	-178	162	298	-174	520	1002.26	28.14	3.33566	
1429813505	347940	-210	553	-1833	394	-121	195	286	-183	549	1002.3	28.14	3.33566	
1429813505	447847	1043	1177	308	299	74	-62	280	-185	542	1002.16	28.14	3.33566	
1429813505	547996	-642	51	-2385	-229	256	-19	292	-177	548	1002.23	28.14	3.33566	
1429813505	647935	-107	1953	-2721	785	-257	157	284	-189	561	1002.25	28.15	3.33566	
1429813505	747889	1375	1460	-523	301	-122	23	303	-183	525	1002.28	28.15	3.33566	
1429813505	847855	-199	1624	-1747	329	-16	-6	304	-185	534	1002.26	28.15	3.33566	
1429813505	947842	-666	249	-3461	-1	240	35	302	-183	534	1002.17	28.15	3.33566	
1429813506	47859	40	-624	-2698	-106	-29	30	303	-184	532	1002.41	28.16	3.33566	
1429813506	147881	-19	52	-2306	-109	38	2	305	-187	534	1002.28	28.15	3.30993	
1429813506	247884	57	-49	-1930	-93	-42	5	304	-185	532	1002.43	28.15	3.30993	
1429813506	347897	140	236	-2384	-124	-29	0	305	-185	531	1002.26	28.15	3.30993	
1429813506	447860	154	-17	-2099	-115	-19	0	303	-186	532	1002.16	28.15	3.30993	
1429813506	547871	41	215	-2040	-94	-34	5	305	-185	533	1002.27	28.16	3.30993	
1429813506	647877	95	163	-2012	-107	-45	-13	304	-185	532	1002.32	28.15	3.30993	
1429813506	747868	105	113	-2022	-11	-59	17	306	-183	533	1002.22	28.15	3.30993	
1429813506	847864	125	144	-2114	-122	-28	-46	306	-183	533	1002.23	28.14	3.30993	
1429813506	947830	115	-12	-2069	-88	-40	-23	306	-182	531	1002.24	28.16	3.30993	
1429813507	47848	119	327	-1959	-43	-28	-3	306	-183	532	1002.22	28.15	3.30993	
1429813507	147882	54	285	-2092	-168	-59	10	307	-184	531	1002.23	28.16	3.36142	
1429813507	247888	159	-82	-2214	-124	-18	31	308	-182	532	1002.28	28.15	3.36142	
1429813507	347849	-59	236	-1977	-38	-4	27	306	-183	532	1002.4	28.15	3.36142	
1429813507	447817	22	122	-2065	-145	-49	-25	307	-182	532	1002.24	28.15	3.36142	
1429813507	547821	182	78	-2091	-97	-21	-21	308	-183	532	1002.36	28.13	3.36142	
1429813507	647824	83	124	-2034	-83	-18	4	306	-182	531	1002.38	28.14	3.36142	
1429813507	747847	101	15	-2182	-131	-17	-29	309	-182	532	1002.22	28.14	3.36142	
1429813507	847826	121	38	-2080	-116	-39	4	307	-182	529	1002.26	28.15	3.36142	
1429813507	947810	82	94	-2118	-81	-20	-18	308	-182	530	1002.26	28.15	3.36142	
1429813508	47855	55	165	-2088	-98	-36	-6	307	-182	532	1002.12	28.14	3.36142	
1429813508	147815	170	176	-2094	-113	-28	-7	308	-182	530	1002.24	28.16	3.31853	
1429813508	247827	16	135	-2111	-133	-51	5	308	-180	531	1002.24	28.15	3.31853	
1429813508	347814	-178	141	-2225	-171	-6	-24	310	-181	530	1002.13	28.15	3.31853	
1429813508	447813	-3	87	-2102	-106	-74	-17	308	-181	529	1002.26	28.15	3.31853	
1429813508	547896	141	22	-2110	-138	-25	-71	309	-182	528	1002.34	28.16	3.31853	
1429813508	647855	121	-45	-2142	-103	-28	9	309	-180	531	1002.27	28.16	3.31853	
1429813508	747823	84	33	-2136	-111	-34	33	308	-182	529	1002.32	28.17	3.31853	
1429813508	847842	62	44	-2106	-82	-31	56	309	-181	530	1002.28	28.15	3.31853	
1429813508	947838	67	100	-2109	-83	-34	8	310	-179	530	1002.2	28.15	3.31853	
1429813509	47872	88	57	-2098	-104	-35	-11	311	-179	529	1002.25	28.15	3.31853	
1429813509	147891	73	90	-2104	-101	-29	-24	310	-181	530	1002.22	28.15	3.29732	
1429813509	247910	84	104	-2085	-106	-31	-27	311	-180	531	1002.26	28.15	3.29732	
1429813509	347879	80	115	-2092	-105	-30	-15	312	-178	529	1002.18	28.15	3.29732	
1429813509	447861	89	111	-2078	-103	-28	-9	310	-179	528	1002.36	28.17	3.29732	
1429813509	547886	84	104	-2091	-103	-25	1	311	-180	530	1002.15	28.15	3.29732	
1429813509	647877	95	94	-2099	-100	-27	5	313	-179	529	1002.23	28.16	3.29732	
1429813509	747899	105	95	-2099	-104	-30	11	310	-180	528	1002.31	28.15	3.29732	
1429813509	847904	90	94	-2095	-104	-26	3	311	-180	531	1002.27	28.14	3.29732	
1429813509	947873	82	110	-2094	-101	-25	-4	311	-179	529	1002.26	28.15	3.29732	
1429813510	47910	86	112	-2095	-101	-23	-10	309	-179	529	1002.28	28.15	3.29732	
1429813510	147883	80	107	-2096	-103	-26	-9	311	-181	530	1002.22	28.14	3.29727	
1429813510	247942	84	110	-2080	-109	-29	-13	312	-180	531	1002.39	28.17	3.29727	
1429813510	347904	86	103	-2100	-110	-24	-12	310	-179	529	1002.08	28.16	3.29727	
1429813510	447913	86	99	-2087	-107	-23	-9	310	-179	531	1002.27	28.16	3.29727	
1429813510	547934	94	95	-2087	-110	-28	-9	312	-181	529	1002.32	28.15	3.29727	
1429813510	647872	78	101	-2078	-105	-26	-3	310	-178	528	1002.28	28.15	3.29727	
1429813510	747842	79	99	-2086	-107	-27	0	310	-180	532	1002.26	28.15	3.29727	
1429813510	847890	75	109	-2069	-102	-27	0	310	-181	531	1002.24	28.16	3.29727	
1429813510	947833	85	99	-2085	-102	-26	-2	313	-179	530	1002.22	28.15	3.29727	
1429813511	47897	85	111	-2075	-110	-28	-1	310	-180	531	1002.21	28.15	3.29727	
1429813511	147875	81	109	-2081	-104	-23	-7	310	-181	530	1002.16	28.14	3.24369	
1429813511	247896	90	98	-2098	-102	-23	-9	309	-178	529	1002.25	28.15	3.24369	
1429813511	347898	93	107	-2083	-103	-28	-9	312	-180	530	1002.34	28.16	3.24369	
1429813511	447901	74	107	-2096	-101	-27	-5	309	-180	531	1002.27	28.16	3.24369	
1429813511	547888	84	100	-2074	-102	-22	-10	312	-179	529	1002.27	28.16	3.24369	
1429813511	647914	80	111	-2084	-104	-26	-8	309	-179	532	1002.25	28.17	3.24369	
1429813511	747841	77	104	-2083	-101	-28	-7	310	-180	530	1002.36	28.17	3.24369	
1429813511	847866	84	104	-2069	-109	-28	-5	310	-180	529	1002.29	28.15	3.24369	
1429813511	947853	89	112	-2075	-102	-21	-9	310	-179	531	1002.3	28.16	3.24369	
1429813512	47928	78	95	-2096	-102	-23	-5	311	-180	530	1002.21	28.17	3.24369	
1429813512	147893	81	116	-2089	-101	-25	1	311	-180	530	1002.26	28.15	3.3262	
1429813512	247918	86	104	-2094	-102	-24	-7	310	-180	531	1002.26	28.17	3.3262	
1429813512	347837	97	112	-2085	-102	-28	-10	312	-180	530	1002.33	28.17	3.3262	
1429813512	447827	81	93	-2104	-105	-22	-9	312	-179	530	1002.24	28.16	3.3262	
1429813512	547877	88	103	-2081	-108	-20	-7	311	-180	530	1002.17	28.17	3.3262	
1429813512	647820	86	109	-2087	-99	-25	-9	310	-180	531	1002.3	28.16	3.3262	
1429813512	747844	100	102	-2088	-101	-30	-2	311	-180	530	1002.28	28.17	3.3262	
1429813512	847865	83	110	-2074	-106	-23	-8	311	-180	529	1002.22	28.15	3.3262	
1429813512	947824	86	120	-2077	-104	-23	-10	312	-178	530	1002.28	28.17	3.3262	
1429813513	47872	81	117	-2073	-108	-21	-7	311	-180	531	1002.18	28.15	3.3262	
1429813513	147844	91	99	-2061	-100	-23	-8	309	-179	530	1002.31	28.16	3.25289	
1429813513	247859	73	95	-2077	-105	-26	-6	310	-180	530	1002.24	28.15	3.25289	
1429813513	347863	86	104	-2098	-104	-26	-10	311	-179	529	1002.27	28.16	3.25289	
1429813513	447857	83	98	-2097	-103	-23	-5	311	-180	529	1002.14	28.17	3.25289	
1429813513	547971	76	114	-2081	-105	-26	-8	311	-180	531	1002.19	28.16	3.25289	
1429813513	647894	78	103	-2059	-103	-25	-5	309	-179	530	1002.33	28.15	3.25289	
1429813513	747874	89	105	-2079	-101	-24	-4	310	-180	528	1002.26	28.17	3.25289	
1429813513	847882	78	110	-2077	-110	-25	-4	311	-180	530	1002.28	28.17	3.25289	
1429813513	947889	91	102	-2088	-108	-23	-11	311	-179	528	1002.17	28.17	3.25289	
1429813514	47929	86	115	-2084	-101	-24	-5	310	-180	529	1002.27	28.16	3.25289	
1429813514	147873	89	104	-2091	-106	-26	-6	311	-180	532	1002.28	28.17	3.34649	
1429813514	247897	73	112	-2091	-105	-25	-5	312	-179	529	1002.27	28.16	3.34649	
1429813514	347862	93	101	-2093	-103	-26	-6	310	-179	529	1002.2	28.16	3.34649	
1429813514	447841	85	115	-2096	-105	-24	-6	311	-181	531	1002.26	28.17	3.34649	
1429813514	547863	88	94	-2078	-101	-25	-5	310	-180	529	1002.28	28.17	3.34649	
1429813514	647883	94	111	-2081	-104	-25	-3	311	-181	530	1002.44	28.17	3.34649	
1429813514	747874	92	107	-2094	-103	-28	-6	313	-179	530	1002.28	28.17	3.34649	
1429813514	847890	85	98	-2071	-102	-28	-6	310	-180	531	1002.28	28.17	3.34649	
1429813514	947837	83	101	-2095	-100	-25	-4	310	-178	529	1002.31	28.16	3.34649	
1429813515	47876	82	106	-2077	-107	-27	-7	312	-180	531	1002.28	28.17	3.34649	
1429813515	147869	69	105	-2076	-100	-29	-3	311	-180	530	1002.25	28.17	3.32565	
1429813515	247883	73	103	-2075	-101	-25	-9	311	-179	531	1002.15	28.16	3.32565	
1429813515	347908	86	99	-2072	-106	-24	-7	311	-179	531	1002.28	28.17	3.32565	
1429813515	447879	94	96	-2087	-104	-29	-7	310	-180	530	1002.28	28.17	3.32565	
1429813515	547869	86	100	-2087	-105	-26	-5	310	-179	529	1002.25	28.17	3.32565	
1429813515	647875	88	103	-2092	-108	-25	-5	311	-179	530	1002.27	28.16	3.32565	
1429813515	747796	83	101	-2078	-103	-27	-4	311	-180	530	1002.13	28.16	3.32565	
1429813515	847811	80	101	-2102	-99	-20	-2	308	-180	530	1002.21	28.17	3.32565	
1429813515	947823	87	111	-2088	-102	-25	-5	310	-179	532	1002.15	28.18	3.32565	
1429813516	47856	76	107	-2091	-106	-28	-6	311	-179	531	1002.2	28.16	3.32565	
1429813516	147908	83	101	-2080	-100	-23	-8	310	-178	530	1002.12	28.16	3.40496	
1429813516	247941	92	105	-2109	-101	-27	-5	312	-179	531	1002.34	28.16	3.40496	
1429813516	347906	81	94	-2070	-108	-28	-5	310	-180	531	1002.39	28.19	3.40496	
1429813516	447845	92	93	-2089	-105	-23	-10	311	-178	530	1002.38	28.16	3.40496	
1429813516	547832	94	95	-2098	-105	-23	-8	311	-179	531	1002.14	28.17	3.40496	
1429813516	647846	93	99	-2087	-105	-27	-8	311	-179	529	1002.22	28.17	3.40496	
1429813516	747851	88	105	-2084	-102	-26	-6	312	-178	529	1002.24	28.16	3.40496	
1429813516	847860	89	102	-2087	-103	-25	-7	312	-179	530	1002.08	28.14	3.40496	
1429813516	947824	77	108	-2079	-103	-26	-12	311	-179	530	1002.27	28.16	3.40496	
1429813517	47860	89	99	-2094	-97	-26	-9	309	-181	528	1002.24	28.16	3.40496	
1429813517	147870	84	104	-2089	-107	-24	-7	309	-178	532	1002.24	28.16	3.28001	
1429813517	247883	87	102	-2104	-109	-23	-1	310	-180	528	1002.36	28.17	3.28001	
1429813517	347953	90	103	-2078	-104	-23	-3	311	-180	528	1002.28	28.17	3.28001	
1429813517	447810	88	98	-2080	-103	-22	-4	310	-182	530	1002.31	28.16	3.28001	
1429813517	547807	93	114	-2094	-105	-29	-9	310	-181	529	1002.22	28.17	3.28001	
1429813517	647825	80	100	-2081	-102	-23	-9	310	-179	528	1002.24	28.18	3.28001	
1429813517	747813	83	106	-2075	-106	-25	-4	310	-181	530	1002.26	28.17	3.28001	
1429813517	847829	89	107	-2097	-108	-32	-8	312	-179	530	1002.25	28.17	3.28001	
1429813517	947793	88	103	-2080	-105	-22	-8	312	-179	530	1002.37	28.17	3.28001	
1429813518	47850	94	103	-2082	-109	-25	-8	310	-180	530	1002.22	28.17	3.28001	
1429813518	147845	78	111	-2084	-103	-27	-5	310	-179	529	1002.17	28.17	3.34691	
1429813518	247823	85	103	-2089	-107	-24	-6	311	-180	528	1002.14	28.17	3.34691	
1429813518	347871	84	107	-2085	-107	-24	-7	311	-180	531	1002.32	28.17	3.34691	
1429813518	447834	91	109	-2082	-103	-27	-11	313	-180	529	1002.16	28.18	3.34691	
1429813518	547900	83	102	-2058	-106	-24	-10	309	-181	528	1002.24	28.18	3.34691	
1429813518	647842	81	102	-2075	-100	-24	-4	311	-180	530	1002.23	28.19	3.34691	
1429813518	747816	72	94	-2094	-102	-30	-2	311	-179	530	1002.19	28.18	3.34691	
1429813518	847849	86	94	-2086	-100	-24	-9	311	-179	529	1002.26	28.18	3.34691	
1429813518	947837	74	95	-2108	-101	-25	-7	312	-180	529	1002.23	28.18	3.34691	
1429813519	47860	71	97	-2072	-106	-25	-7	312	-179	530	1002.14	28.17	3.34691	
1429813519	147882	87	105	-2101	-103	-27	-7	312	-181	528	1002.19	28.18	3.27305	
1429813519	247903	76	102	-2094	-103	-26	-7	309	-181	530	1002.32	28.19	3.27305	
1429813519	347859	84	107	-2087	-101	-20	-8	310	-180	530	1002.34	28.19	3.27305	
1429813519	447840	96	111	-2089	-105	-26	-8	310	-178	527	1002.19	28.19	3.27305	
1429813519	547857	93	101	-2094	-103	-28	-5	311	-180	530	1002.3	28.19	3.27305	
1429813519	647874	85	101	-2095	-104	-28	-5	310	-179	530	1002.2	28.18	3.27305	
1429813519	747876	77	97	-2085	-103	-27	-7	312	-179	528	1002.31	28.18	3.27305	
1429813519	847887	84	101	-2085	-104	-25	-7	310	-179	531	1002.21	28.19	3.27305	
1429813519	947853	86	100	-2087	-101	-25	-7	310	-178	530	1002.25	28.19	3.27305	
1429813520	47931	71	100	-2077	-109	-24	-10	310	-179	529	1002.22	28.19	3.27305	
