time_s	time_us	ch_0	ch_1	ch_2	ch_3	ped_us	col_us	lon_us	lat_us	err_count
1429813407	173398	1404	1000	1504	1508	0	0	0	0	0
1429813407	273399	1404	1000	1504	1508	0	0	0	0	0
1429813407	373420	1404	996	1504	1512	0	0	0	0	0
1429813407	473406	1404	996	1508	1508	0	0	0	0	0
1429813407	573407	1404	996	1504	1508	0	0	0	0	0
1429813407	673413	1404	996	1504	1508	0	0	0	0	0
1429813407	773403	1404	996	1504	1512	0	0	0	0	0
1429813407	873416	1404	992	1508	1508	0	0	0	0	0
1429813407	973430	1404	996	1508	1508	0	0	0	0	0
1429813408	73432	1404	996	1504	1512	0	0	0	0	0
1429813408	173398	1404	996	1508	1508	0	0	0	0	0
1429813408	273388	1404	996	1504	1512	0	0	0	0	0
1429813408	373355	1404	992	1508	1508	0	0	0	0	0
1429813408	473539	1404	996	1504	1512	0	0	0	0	0
1429813408	573513	1404	996	1504	1512	0	0	0	0	0
1429813408	673371	1404	992	1504	1512	0	0	0	0	0
1429813408	773374	1400	996	1504	1512	0	0	0	0	0
1429813408	873368	1404	996	1504	1508	0	0	0	0	0
1429813408	973384	1400	1000	1504	1512	0	0	0	0	0
1429813409	73371	1404	996	1504	1508	0	0	0	0	0
1429813409	173373	1404	996	1504	1512	0	0	0	0	0
1429813409	273374	1404	992	1508	1508	0	0	0	0	0
1429813409	373379	1420	976	1508	1508	0	0	0	0	0
1429813409	473379	1404	996	1504	1508	0	0	0	0	0
1429813409	573359	1404	1000	1504	1508	0	0	0	0	0
1429813409	673373	1400	996	1508	1508	0	0	0	0	0
1429813409	773370	1404	996	1504	1504	0	0	0	0	0
1429813409	873369	1404	996	1508	1508	0	0	0	0	0
1429813409	973375	1400	1000	1504	1512	0	0	0	0	0
1429813410	73367	1400	1000	1504	1512	0	0	0	0	0
1429813410	173375	1404	996	1504	1512	0	0	0	0	0
1429813410	273362	1404	996	1508	1508	0	0	0	0	0
1429813410	373362	1400	1000	1504	1508	0	0	0	0	0
1429813410	473383	1404	996	1504	1512	0	0	0	0	0
1429813410	573371	1404	996	1508	1508	0	0	0	0	0
1429813410	673371	1404	996	1508	1512	0	0	0	0	0
1429813410	773375	1404	1000	1504	1508	0	0	0	0	0
1429813410	873355	1400	1000	1504	1520	0	0	0	0	0
1429813410	973378	1400	1000	1504	1512	0	0	0	0	0
1429813411	73365	1404	1000	1504	1508	0	0	0	0	0
1429813411	173367	1404	996	1508	1508	0	0	0	0	0
1429813411	273375	1404	996	1508	1508	0	0	0	0	0
1429813411	373373	1404	1000	1504	1508	0	0	0	0	0
1429813411	473386	1404	996	1504	1508	0	0	0	0	0
1429813411	573408	1404	996	1504	1512	0	0	0	0	0
1429813411	673379	1404	992	1508	1508	0	0	0	0	0
1429813411	773373	1404	996	1504	1508	0	0	0	0	0
1429813411	873373	1400	996	1504	1512	0	0	0	0	0
1429813411	973377	1400	996	1504	1512	0	0	0	0	0
1429813412	73389	1400	996	1504	1508	0	0	0	0	0
1429813412	173402	1404	996	1504	1512	0	0	0	0	0
1429813412	273423	1404	996	1508	1508	0	0	0	0	0
1429813412	373446	1404	992	1508	1508	0	0	0	0	0
1429813412	473427	1404	992	1504	1508	0	0	0	0	0
1429813412	573403	1400	996	1504	1512	0	0	0	0	0
1429813412	673414	1404	996	1504	1508	0	0	0	0	0
1429813412	773438	1404	992	1508	1508	0	0	0	0	0
1429813412	873429	1404	992	1508	1508	0	0	0	0	0
1429813412	973453	1404	996	1504	1508	0	0	0	0	0
1429813413	73429	1404	992	1508	1508	0	0	0	0	0
1429813413	173429	1404	996	1504	1512	0	0	0	0	0
1429813413	273441	1404	996	1504	1508	0	0	0	0	0
1429813413	373361	1404	992	1504	1512	0	0	0	0	0
1429813413	473508	1404	992	1508	1508	0	0	0	0	0
1429813413	573505	1404	992	1508	1508	0	0	0	0	0
1429813413	673379	1404	992	1508	1508	0	0	0	0	0
1429813413	773383	1404	992	1508	1508	0	0	0	0	0
1429813413	873381	1400	996	1504	1508	0	0	0	0	0
1429813413	973446	1400	996	1504	1508	0	0	0	0	0
1429813414	73358	1404	992	1508	1508	0	0	0	0	0
1429813414	173370	1404	992	1508	1508	0	0	0	0	0
1429813414	273382	1400	996	1504	1512	0	0	0	0	0
1429813414	373380	1404	992	1508	1508	0	0	0	0	0
1429813414	473385	1404	992	1508	1508	0	0	0	0	0
1429813414	573360	1404	992	1508	1508	0	0	0	0	0
1429813414	673369	1404	992	1504	1512	0	0	0	0	0
1429813414	773374	1404	996	1504	1512	0	0	0	0	0
1429813414	873369	1400	996	1504	1508	0	0	0	0	0
1429813414	973372	1404	992	1508	1508	0	0	0	0	0
1429813415	93397	1404	996	1504	1508	0	0	0	0	0
1429813415	193376	1404	992	1504	1512	0	0	0	0	0
1429813415	293374	1404	992	1508	1508	0	0	0	0	0
1429813415	393369	1404	992	1504	1512	0	0	0	0	0
1429813415	493374	1400	996	1504	1508	0	0	0	0	0
1429813415	593372	1404	992	1508	1508	0	0	0	0	0
1429813415	693371	1404	992	1508	1508	0	0	0	0	0
1429813415	793388	1404	992	1508	1508	0	0	0	0	0
1429813415	893393	1400	996	1504	1512	0	0	0	0	0
1429813415	993375	1404	992	1508	1508	0	0	0	0	0
1429813416	93373	1404	996	1504	1508	0	0	0	0	0
1429813416	193376	1400	996	1504	1512	0	0	0	0	0
1429813416	293367	1404	996	1504	1508	0	0	0	0	0
1429813416	393371	1404	992	1508	1508	0	0	0	0	0
1429813416	493360	1404	996	1504	1512	0	0	0	0	0
1429813416	593368	1404	992	1508	1508	0	0	0	0	0
1429813416	693368	1404	996	1508	1508	0	0	0	0	0
1429813416	793376	1404	996	1508	1508	0	0	0	0	0
1429813416	893386	1404	992	1508	1508	0	0	0	0	0
1429813416	993376	1400	1000	1504	1512	0	0	0	0	0
1429813417	93398	1404	996	1504	1512	0	0	0	0	0
1429813417	193411	1400	992	1508	1508	0	0	0	0	0
1429813417	293422	1404	992	1508	1508	0	0	0	0	0
1429813417	393404	1400	996	1504	1512	0	0	0	0	0
1429813417	493433	1400	996	1504	1512	0	0	0	0	0
1429813417	593419	1404	992	1508	1508	0	0	0	0	0
1429813417	693419	1404	992	1508	1508	0	0	0	0	0
1429813417	793424	1404	992	1508	1508	0	0	0	0	0
1429813417	893460	1400	1012	1508	1508	0	0	0	0	0
1429813417	993450	1404	992	1508	1508	0	0	0	0	0
1429813418	93431	1404	996	1504	1512	0	0	0	0	0
1429813418	193429	1404	992	1508	1508	0	0	0	0	0
1429813418	293453	1404	996	1504	1512	0	0	0	0	0
1429813418	393407	1404	992	1508	1508	0	0	0	0	0
1429813418	493483	1400	996	1504	1508	0	0	0	0	0
1429813418	593504	1404	996	1504	1508	0	0	0	0	0
1429813418	693423	1400	996	1504	1508	0	0	0	0	0
1429813418	793386	1400	996	1504	1512	0	0	0	0	0
1429813418	893385	1404	992	1508	1508	0	0	0	0	0
1429813418	993381	1404	992	1508	1508	0	0	0	0	0
1429813419	93402	1400	996	1504	1508	0	0	0	0	0
1429813419	193389	1404	992	1504	1512	0	0	0	0	0
1429813419	293379	1404	992	1504	1512	0	0	0	0	0
1429813419	393390	1404	992	1508	1508	0	0	0	0	0
1429813419	493388	1404	996	1504	1508	0	0	0	0	0
1429813419	593376	1404	992	1504	1512	0	0	0	0	0
1429813419	693375	1404	992	1508	1508	0	0	0	0	0
1429813419	793394	1404	992	1508	1508	0	0	0	0	0
1429813419	893382	1404	996	1504	1508	0	0	0	0	0
1429813419	993383	1404	996	1504	1508	0	0	0	0	0
1429813420	93376	1404	992	1508	1508	0	0	0	0	0
1429813420	193385	1404	992	1504	1512	0	0	0	0	0
1429813420	293374	1400	996	1504	1508	0	0	0	0	0
1429813420	393372	1404	992	1504	1512	0	0	0	0	0
1429813420	493381	1404	992	1508	1508	0	0	0	0	0
1429813420	593384	1404	992	1504	1508	0	0	0	0	0
1429813420	693388	1404	992	1508	1508	0	0	0	0	0
1429813420	793376	1404	992	1508	1508	0	0	0	0	0
1429813420	893387	1400	996	1504	1508	0	0	0	0	0
1429813420	993383	1404	992	1508	1508	0	0	0	0	0
1429813421	93385	1404	992	1508	1508	0	0	0	0	0
1429813421	193498	1400	996	1504	1508	0	0	0	0	0
1429813421	293397	1404	992	1508	1508	0	0	0	0	0
1429813421	393380	1404	992	1504	1512	0	0	0	0	0
1429813421	493393	1404	992	1508	1508	0	0	0	0	0
1429813421	593400	1404	992	1504	1512	0	0	0	0	0
1429813421	693390	1404	992	1508	1508	0	0	0	0	0
1429813421	793373	1400	996	1504	1508	0	0	0	0	0
1429813421	893411	1400	996	1504	1508	0	0	0	0	0
1429813421	993384	1404	992	1508	1508	0	0	0	0	0
1429813422	93400	1404	992	1504	1512	0	0	0	0	0
1429813422	193417	1404	992	1508	1508	0	0	0	0	0
1429813422	293428	1408	988	1504	1508	0	0	0	0	0
1429813422	393445	1404	996	1504	1508	0	0	0	0	0
1429813422	493427	1404	992	1508	1508	0	0	0	0	0
1429813422	593437	1404	992	1508	1508	0	0	0	0	0
1429813422	693425	1400	996	1504	1508	0	0	0	0	0
1429813422	793425	1404	996	1504	1508	0	0	0	0	0
1429813422	893459	1404	992	1504	1512	0	0	0	0	0
1429813422	993438	1404	992	1504	1512	0	0	0	0	0
1429813423	93433	1404	992	1504	1512	0	0	0	0	0
1429813423	193420	1404	992	1504	1512	0	0	0	0	0
1429813423	293431	1400	996	1504	1508	0	0	0	0	0
1429813423	393407	1404	992	1504	1512	0	0	0	0	0
1429813423	493496	1404	992	1508	1508	0	0	0	0	0
1429813423	593394	1404	996	1504	1508	0	0	0	0	0
1429813423	693378	1400	996	1504	1508	0	0	0	0	0
1429813423	793373	1404	992	1508	1508	0	0	0	0	0
1429813423	893387	1400	996	1504	1508	0	0	0	0	0
1429813423	993384	1400	992	1508	1508	0	0	0	0	0
1429813424	93367	1404	992	1508	1508	0	0	0	0	0
1429813424	193368	1404	996	1504	1512	0	0	0	0	0
1429813424	293401	1404	1000	1504	1508	0	0	0	0	0
1429813424	393379	1400	1000	1504	1508	0	0	0	0	0
1429813424	513387	1400	1000	1504	1508	0	0	0	0	0
1429813424	613399	1404	996	1504	1508	0	0	0	0	0
1429813424	713374	1400	996	1504	1508	0	0	0	0	0
1429813424	813372	1404	996	1504	1508	0	0	0	0	0
1429813424	913384	1400	1008	1504	1508	0	0	0	0	0
1429813425	13390	1400	1000	1504	1512	0	0	0	0	0
1429813425	113399	1404	996	1504	1508	0	0	0	0	0
1429813425	213375	1404	996	1504	1512	0	0	0	0	0
1429813425	313375	1404	996	1504	1508	0	0	0	0	0
1429813425	413383	1404	996	1504	1508	0	0	0	0	0
1429813425	513394	1404	1000	1500	1508	0	0	0	0	0
1429813425	613521	1404	996	1504	1508	0	0	0	0	0
1429813425	713389	1400	996	1504	1512	0	0	0	0	0
1429813425	813394	1404	996	1508	1508	0	0	0	0	0
1429813425	913389	1400	1000	1504	1508	0	0	0	0	0
1429813426	13391	1404	996	1504	1508	0	0	0	0	0
1429813426	113500	1400	1000	1504	1512	0	0	0	0	0
1429813426	213403	1404	1000	1504	1508	0	0	0	0	0
1429813426	313381	1404	1000	1504	1512	0	0	0	0	0
1429813426	413374	1412	992	1504	1508	0	0	0	0	0
1429813426	513391	1404	1000	1504	1508	0	0	0	0	0
1429813426	613530	1424	1000	1504	1512	0	0	0	0	0
1429813426	713393	1404	992	1504	1512	0	0	0	0	0
1429813426	813446	1400	1000	1504	1508	0	0	0	0	0
1429813426	913385	1388	992	1504	1512	0	0	0	0	0
1429813427	13391	1380	992	1504	1512	0	0	0	0	0
1429813427	113411	1376	996	1500	1512	0	0	0	0	0
1429813427	213420	1368	992	1500	1512	0	0	0	0	0
1429813427	313422	1452	992	1500	1512	0	0	0	0	0
1429813427	413418	1584	996	1500	1508	0	0	0	0	0
1429813427	513430	1864	992	1508	1508	0	0	0	0	0
1429813427	613426	2012	992	1508	1508	0	0	0	0	0
1429813427	713424	2012	992	1508	1508	0	0	0	0	0
1429813427	813434	2012	992	1508	1508	0	0	0	0	0
1429813427	913424	2012	996	1504	1508	0	0	0	0	0
1429813428	13442	2012	992	1504	1508	0	0	0	0	0
1429813428	113425	2012	992	1508	1508	0	0	0	0	0
1429813428	213437	2012	992	1504	1508	0	0	0	0	0
1429813428	313389	2012	996	1504	1508	0	0	0	0	0
1429813428	413363	1948	1004	1504	1508	0	0	0	0	0
1429813428	513537	1580	996	1504	1512	0	0	0	0	0
1429813428	613401	1408	1000	1500	1512	0	0	0	0	0
1429813428	713376	1404	996	1508	1512	0	0	0	0	0
1429813428	813392	1404	1000	1508	1508	0	0	0	0	0
1429813428	913383	1404	996	1508	1512	0	0	0	0	0
1429813429	13389	1404	1000	1508	1508	0	0	0	0	0
1429813429	113401	1404	996	1508	1512	0	0	0	0	0
1429813429	213393	1404	1000	1508	1508	0	0	0	0	0
1429813429	313399	1404	1000	1508	1512	0	0	0	0	0
1429813429	413383	1404	996	1508	1512	0	0	0	0	0
1429813429	513369	1404	996	1508	1512	0	0	0	0	0
1429813429	613388	1408	992	1508	1512	0	0	0	0	0
1429813429	713403	1404	996	1508	1508	0	0	0	0	0
1429813429	813373	1404	996	1508	1512	0	0	0	0	0
1429813429	913369	1404	996	1508	1508	0	0	0	0	0
1429813430	13389	1404	996	1504	1512	0	0	0	0	0
1429813430	113392	1404	996	1508	1508	0	0	0	0	0
1429813430	213385	1408	992	1508	1512	0	0	0	0	0
1429813430	313369	1404	992	1508	1512	0	0	0	0	0
1429813430	413381	1404	996	1508	1512	0	0	0	0	0
1429813430	513369	1404	996	1508	1512	0	0	0	0	0
1429813430	613388	1408	996	1504	1512	0	0	0	0	0
1429813430	713390	1404	996	1508	1508	0	0	0	0	0
1429813430	813402	1404	996	1508	1512	0	0	0	0	0
1429813430	913393	1388	996	1508	1508	0	0	0	0	0
1429813431	13381	1404	996	1508	1508	0	0	0	0	0
1429813431	113392	1404	992	1508	1512	0	0	0	0	0
1429813431	213389	1404	992	1508	1512	0	0	0	0	0
1429813431	313386	1404	996	1508	1508	0	0	0	0	0
1429813431	413394	1408	992	1508	1512	0	0	0	0	0
1429813431	513385	1404	996	1508	1512	0	0	0	0	0
1429813431	613375	1404	996	1508	1512	0	0	0	0	0
1429813431	713379	1404	996	1508	1508	0	0	0	0	0
1429813431	813391	1404	996	1508	1508	0	0	0	0	0
1429813431	913387	1404	996	1508	1508	0	0	0	0	0
1429813432	13386	1404	996	1508	1508	0	0	0	0	0
1429813432	113396	1404	996	1508	1512	0	0	0	0	0
1429813432	213424	1404	992	1508	1512	0	0	0	0	0
1429813432	313421	1404	996	1508	1512	0	0	0	0	0
1429813432	413441	1404	996	1508	1508	0	0	0	0	0
1429813432	513421	1404	996	1504	1512	0	0	0	0	0
1429813432	613451	1404	992	1508	1524	0	0	0	0	0
1429813432	713419	1404	992	1508	1512	0	0	0	0	0
1429813432	813434	1404	992	1508	1512	0	0	0	0	0
1429813432	913435	1404	992	1508	1512	0	0	0	0	0
1429813433	13458	1408	992	1508	1508	0	0	0	0	0
1429813433	113420	1404	996	1508	1508	0	0	0	0	0
1429813433	213469	1404	992	1508	1508	0	0	0	0	0
1429813433	313441	1404	996	1508	1512	0	0	0	0	0
1429813433	413484	1404	996	1508	1508	0	0	0	0	0
1429813433	513511	1404	1000	1508	1508	0	0	0	0	0
1429813433	613470	1404	1000	1508	1508	0	0	0	0	0
1429813433	713415	1404	1000	1508	1508	0	0	0	0	0
1429813433	813401	1404	1000	1508	1508	0	0	0	0	0
1429813433	913371	1404	996	1508	1512	0	0	0	0	0
1429813434	13404	1404	1000	1504	1512	0	0	0	0	0
1429813434	113374	1404	996	1508	1508	0	0	0	0	0
1429813434	213386	1404	996	1504	1512	0	0	0	0	0
1429813434	313388	1404	996	1508	1508	0	0	0	0	0
1429813434	413388	1404	996	1508	1508	0	0	0	0	0
1429813434	513387	1404	1004	1504	1512	0	0	0	0	0
1429813434	613376	1404	1012	1504	1512	0	0	0	0	0
1429813434	713401	1400	1068	1504	1512	0	0	0	0	0
1429813434	813397	1400	1156	1504	1512	0	0	0	0	0
1429813434	913376	1404	1208	1508	1508	0	0	0	0	0
1429813435	13386	1404	1268	1512	1504	0	0	0	0	0
1429813435	113371	1404	1280	1508	1508	0	0	0	0	0
1429813435	213388	1404	1292	1508	1508	0	0	0	0	0
1429813435	313371	1404	1304	1508	1512	0	0	0	0	0
1429813435	413384	1404	1320	1508	1512	0	0	0	0	0
1429813435	513391	1404	1340	1508	1512	0	0	0	0	0
1429813435	613402	1404	1380	1508	1512	0	0	0	0	0
1429813435	713406	1404	1400	1512	1508	0	0	0	0	0
1429813435	813377	1404	1424	1508	1508	0	0	0	0	0
1429813435	913360	1404	1448	1508	1508	0	0	0	0	0
1429813436	13370	1404	1472	1508	1512	0	0	0	0	0
1429813436	113387	1404	1504	1508	1512	0	0	0	0	0
1429813436	213389	1404	1524	1508	1508	0	0	0	0	0
1429813436	313385	1404	1564	1508	1512	0	0	0	0	0
1429813436	413385	1408	1572	1508	1512	0	0	0	0	0
1429813436	513383	1404	1588	1508	1512	0	0	0	0	0
1429813436	613373	1404	1604	1508	1512	0	0	0	0	0
1429813436	713382	1404	1616	1508	1512	0	0	0	0	0
1429813436	813377	1404	1624	1504	1512	0	0	0	0	0
1429813436	913383	1404	1628	1504	1516	0	0	0	0	0
1429813437	13390	1404	1628	1508	1512	0	0	0	0	0
1429813437	113412	1408	1628	1504	1512	0	0	0	0	0
1429813437	213413	1408	1628	1508	1512	0	0	0	0	0
1429813437	313427	1404	1632	1504	1512	0	0	0	0	0
1429813437	413432	1408	1636	1508	1512	0	0	0	0	0
1429813437	513427	1408	1640	1508	1508	0	0	0	0	0
1429813437	613418	1404	1644	1504	1512	0	0	0	0	0
1429813437	713433	1408	1640	1508	1512	0	0	0	0	0
1429813437	813432	1408	1640	1504	1512	0	0	0	0	0
1429813437	913426	1404	1640	1508	1512	0	0	0	0	0
1429813438	13441	1408	1640	1508	1508	0	0	0	0	0
1429813438	113461	1408	1640	1508	1508	0	0	0	0	0
1429813438	233453	1404	1640	1508	1512	0	0	0	0	0
1429813438	333419	1408	1640	1508	1508	0	0	0	0	0
1429813438	433459	1404	1640	1508	1508	0	0	0	0	0
1429813438	553490	1404	1640	1508	1508	0	0	0	0	0
1429813438	653396	1408	1640	1508	1508	0	0	0	0	0
1429813438	753420	1404	1640	1508	1508	0	0	0	0	0
1429813438	853386	1404	1640	1508	1508	0	0	0	0	0
1429813438	953390	1400	1640	1508	1508	0	0	0	0	0
1429813439	93366	1408	1640	1508	1508	0	0	0	0	0
1429813439	193385	1404	1640	1504	1508	0	0	0	0	0
1429813439	293405	1408	1640	1504	1512	0	0	0	0	0
1429813439	393393	1408	1640	1504	1512	0	0	0	0	0
1429813439	493401	1408	1640	1508	1508	0	0	0	0	0
1429813439	593416	1404	1640	1508	1508	0	0	0	0	0
1429813439	693416	1404	1640	1508	1508	0	0	0	0	0
1429813439	793408	1404	1640	1508	1508	0	0	0	0	0
1429813439	893447	1404	1640	1508	1508	0	0	0	0	0
1429813439	993411	1404	1644	1504	1508	0	0	0	0	0
1429813440	93420	1408	1640	1504	1508	0	0	0	0	0
1429813440	193374	1408	1640	1504	1508	0	0	0	0	0
1429813440	293385	1404	1640	1508	1508	0	0	0	0	0
1429813440	393376	1408	1640	1504	1512	0	0	0	0	0
1429813440	493385	1408	1640	1504	1508	0	0	0	0	0
1429813440	593385	1404	1640	1508	1508	0	0	0	0	0
1429813440	693386	1404	1640	1508	1508	0	0	0	0	0
1429813440	793386	1408	1644	1504	1508	0	0	0	0	0
1429813440	893379	1408	1640	1508	1508	0	0	0	0	0
1429813440	993366	1408	1640	1504	1512	0	0	0	0	0
1429813441	93391	1408	1640	1504	1508	0	0	0	0	0
1429813441	193384	1408	1640	1508	1508	0	0	0	0	0
1429813441	293374	1404	1640	1508	1508	0	0	0	0	0
1429813441	393392	1404	1640	1508	1508	0	0	0	0	0
1429813441	493375	1404	1640	1508	1508	0	0	0	0	0
1429813441	593369	1404	1644	1508	1508	0	0	0	0	0
1429813441	693387	1404	1640	1508	1512	0	0	0	0	0
1429813441	793380	1408	1640	1524	1512	0	0	0	0	0
1429813441	893386	1404	1644	1548	1508	0	0	0	0	0
1429813441	993386	1408	1640	1568	1508	0	0	0	0	0
1429813442	93396	1404	1640	1592	1512	0	0	0	0	0
1429813442	193409	1408	1640	1608	1508	0	0	0	0	0
1429813442	293426	1404	1640	1636	1508	0	0	0	0	0
1429813442	393426	1404	1640	1648	1512	0	0	0	0	0
1429813442	493426	1404	1640	1672	1508	0	0	0	0	0
1429813442	593431	1408	1640	1692	1508	0	0	0	0	0
1429813442	693426	1408	1640	1712	1508	0	0	0	0	0
1429813442	793428	1404	1644	1736	1512	0	0	0	0	0
1429813442	893421	1408	1636	1768	1508	0	0	0	0	0
1429813442	993439	1408	1640	1796	1516	0	0	0	0	0
1429813443	93447	1404	1644	1808	1508	0	0	0	0	0
1429813443	193424	1404	1644	1812	1508	0	0	0	0	0
1429813443	293454	1408	1640	1812	1512	0	0	0	0	0
1429813443	393453	1404	1640	1812	1512	0	0	0	0	0
1429813443	493488	1404	1640	1812	1508	0	0	0	0	0
1429813443	593493	1408	1640	1812	1508	0	0	0	0	0
1429813443	693375	1408	1640	1812	1512	0	0	0	0	0
1429813443	793388	1408	1640	1812	1508	0	0	0	0	0
1429813443	893391	1404	1640	1816	1508	0	0	0	0	0
1429813443	993388	1404	1640	1816	1508	0	0	0	0	0
1429813444	93363	1404	1640	1812	1508	0	0	0	0	0
1429813444	193390	1404	1640	1812	1512	0	0	0	0	0
1429813444	293379	1404	1640	1812	1512	0	0	0	0	0
1429813444	393390	1408	1636	1816	1508	0	0	0	0	0
1429813444	493389	1408	1640	1812	1508	0	0	0	0	0
1429813444	593387	1404	1640	1812	1512	0	0	0	0	0
1429813444	693366	1404	1640	1816	1508	0	0	0	0	0
1429813444	793404	1404	1640	1812	1508	0	0	0	0	0
1429813444	893394	1404	1640	1816	1508	0	0	0	0	0
1429813444	993392	1408	1640	1812	1512	0	0	0	0	0
1429813445	93385	1408	1636	1800	1512	0	0	0	0	0
1429813445	193381	1404	1640	1784	1512	0	0	0	0	0
1429813445	293389	1404	1644	1760	1512	0	0	0	0	0
1429813445	393406	1400	1640	1700	1512	0	0	0	0	0
1429813445	493403	1408	1640	1632	1512	0	0	0	0	0
1429813445	593398	1408	1640	1584	1512	0	0	0	0	0
1429813445	693393	1404	1640	1520	1508	0	0	0	0	0
1429813445	793391	1404	1644	1504	1512	0	0	0	0	0
1429813445	893384	1404	1644	1504	1508	0	0	0	0	0
1429813445	993377	1404	1640	1508	1508	0	0	0	0	0
1429813446	93395	1404	1640	1508	1508	0	0	0	0	0
1429813446	193385	1408	1636	1508	1508	0	0	0	0	0
1429813446	293397	1408	1640	1504	1508	0	0	0	0	0
1429813446	393389	1404	1640	1508	1508	0	0	0	0	0
1429813446	493393	1408	1640	1508	1508	0	0	0	0	0
1429813446	593397	1404	1640	1508	1508	0	0	0	0	0
1429813446	693375	1408	1640	1504	1508	0	0	0	0	0
1429813446	793394	1404	1640	1508	1508	0	0	0	0	0
1429813446	893390	1404	1640	1508	1508	0	0	0	0	0
1429813446	993388	1404	1640	1508	1508	0	0	0	0	0
1429813447	93457	1408	1640	1504	1508	0	0	0	0	0
1429813447	193426	1404	1640	1508	1508	0	0	0	0	0
1429813447	293428	1408	1640	1504	1508	0	0	0	0	0
1429813447	393443	1404	1640	1504	1512	0	0	0	0	0
1429813447	493453	1404	1644	1504	1508	0	0	0	0	0
1429813447	593438	1404	1640	1508	1508	0	0	0	0	0
1429813447	693443	1404	1640	1504	1508	0	0	0	0	0
1429813447	793430	1404	1644	1504	1508	0	0	0	0	0
1429813447	893437	1404	1640	1504	1508	0	0	0	0	0
1429813447	993453	1404	1640	1504	1512	0	0	0	0	0
1429813448	93436	1408	1640	1504	1508	0	0	0	0	0
1429813448	193465	1404	1640	1508	1508	0	0	0	0	0
1429813448	293458	1404	1640	1504	1508	0	0	0	0	0
1429813448	393463	1404	1640	1504	1508	0	0	0	0	0
1429813448	493551	1408	1640	1484	1508	0	0	0	0	0
1429813448	593427	1404	1640	1456	1508	0	0	0	0	0
1429813448	693456	1404	1640	1428	1508	0	0	0	0	0
1429813448	793400	1404	1640	1400	1508	0	0	0	0	0
1429813448	893404	1404	1640	1372	1512	0	0	0	0	0
1429813448	993397	1404	1640	1344	1508	0	0	0	0	0
1429813449	93406	1404	1640	1316	1512	0	0	0	0	0
1429813449	193370	1404	1640	1288	1508	0	0	0	0	0
1429813449	293462	1404	1640	1244	1508	0	0	0	0	0
1429813449	393376	1404	1644	1204	1508	0	0	0	0	0
1429813449	493378	1404	1640	1200	1512	0	0	0	0	0
1429813449	593370	1400	1640	1200	1512	0	0	0	0	0
1429813449	693384	1408	1640	1200	1508	0	0	0	0	0
1429813449	793363	1404	1640	1200	1508	0	0	0	0	0
1429813449	893367	1408	1640	1200	1508	0	0	0	0	0
1429813449	993377	1412	1640	1196	1512	0	0	0	0	0
1429813450	93377	1404	1640	1200	1508	0	0	0	0	0
1429813450	193374	1404	1640	1200	1508	0	0	0	0	0
1429813450	293358	1404	1640	1200	1508	0	0	0	0	0
1429813450	393359	1404	1640	1200	1508	0	0	0	0	0
1429813450	493399	1408	1636	1200	1508	0	0	0	0	0
1429813450	593381	1408	1640	1200	1508	0	0	0	0	0
1429813450	693380	1408	1640	1200	1508	0	0	0	0	0
1429813450	793394	1404	1640	1200	1508	0	0	0	0	0
1429813450	893379	1404	1640	1200	1508	0	0	0	0	0
1429813450	993376	1404	1640	1200	1512	0	0	0	0	0
1429813451	93362	1408	1640	1196	1512	0	0	0	0	0
1429813451	193373	1404	1640	1200	1512	0	0	0	0	0
1429813451	293371	1404	1640	1228	1512	0	0	0	0	0
1429813451	393375	1408	1640	1260	1512	0	0	0	0	0
1429813451	493376	1404	1640	1276	1512	0	0	0	0	0
1429813451	593390	1408	1640	1276	1512	0	0	0	0	0
1429813451	693375	1404	1640	1276	1512	0	0	0	0	0
1429813451	793382	1408	1640	1300	1516	0	0	0	0	0
1429813451	893379	1404	1644	1360	1508	0	0	0	0	0
1429813451	993397	1404	1640	1404	1512	0	0	0	0	0
1429813452	93386	1404	1640	1436	1508	0	0	0	0	0
1429813452	193398	1408	1640	1456	1512	0	0	0	0	0
1429813452	293411	1404	1640	1484	1508	0	0	0	0	0
1429813452	393437	1404	1640	1508	1508	0	0	0	0	0
1429813452	493422	1404	1640	1508	1508	0	0	0	0	0
1429813452	593423	1404	1644	1504	1512	0	0	0	0	0
1429813452	693414	1408	1640	1504	1508	0	0	0	0	0
1429813452	793415	1408	1640	1504	1508	0	0	0	0	0
1429813452	893426	1408	1640	1504	1512	0	0	0	0	0
1429813452	993441	1404	1640	1504	1512	0	0	0	0	0
1429813453	93420	1404	1640	1508	1508	0	0	0	0	0
1429813453	193427	1408	1640	1504	1508	0	0	0	0	0
1429813453	293430	1404	1640	1508	1508	0	0	0	0	0
1429813453	393475	1408	1640	1504	1508	0	0	0	0	0
1429813453	493521	1408	1640	1504	1512	0	0	0	0	0
1429813453	593381	1404	1640	1508	1508	0	0	0	0	0
1429813453	693388	1404	1640	1508	1508	0	0	0	0	0
1429813453	793390	1404	1640	1504	1512	0	0	0	0	0
1429813453	893379	1404	1640	1504	1512	0	0	0	0	0
1429813453	993394	1404	1640	1504	1508	0	0	0	0	0
1429813454	93361	1404	1640	1508	1508	0	0	0	0	0
1429813454	193374	1404	1640	1504	1512	0	0	0	0	0
1429813454	293372	1404	1640	1508	1508	0	0	0	0	0
1429813454	393370	1404	1640	1504	1512	0	0	0	0	0
1429813454	493379	1408	1644	1504	1508	0	0	0	0	0
1429813454	593370	1404	1644	1504	1508	0	0	0	0	0
1429813454	693384	1408	1640	1504	1508	0	0	0	0	0
1429813454	793366	1404	1640	1504	1508	0	0	0	0	0
1429813454	893376	1404	1640	1508	1512	0	0	0	0	0
1429813454	993375	1404	1640	1508	1508	0	0	0	0	0
1429813455	93377	1404	1644	1504	1508	0	0	0	0	0
1429813455	193372	1420	1628	1504	1508	0	0	0	0	0
1429813455	293356	1404	1640	1504	1512	0	0	0	0	0
1429813455	393376	1408	1640	1508	1512	0	0	0	0	0
1429813455	493371	1404	1640	1504	1520	0	0	0	0	0
1429813455	593374	1408	1640	1504	1536	0	0	0	0	0
1429813455	693371	1408	1640	1504	1572	0	0	0	0	0
1429813455	793391	1404	1644	1504	1592	0	0	0	0	0
1429813455	893375	1408	1640	1508	1612	0	0	0	0	0
1429813455	993371	1404	1644	1504	1640	0	0	0	0	0
1429813456	93362	1408	1640	1504	1668	0	0	0	0	0
1429813456	193374	1408	1640	1504	1700	0	0	0	0	0
1429813456	293399	1404	1640	1508	1720	0	0	0	0	0
1429813456	393372	1404	1644	1504	1756	0	0	0	0	0
1429813456	493376	1404	1644	1508	1788	0	0	0	0	0
1429813456	593391	1408	1640	1504	1816	0	0	0	0	0
1429813456	693361	1408	1640	1504	1812	0	0	0	0	0
1429813456	793376	1404	1640	1508	1812	0	0	0	0	0
1429813456	893376	1404	1644	1504	1812	0	0	0	0	0
1429813456	993375	1404	1644	1504	1812	0	0	0	0	0
1429813457	93381	1404	1640	1508	1812	0	0	0	0	0
1429813457	193389	1404	1640	1508	1812	0	0	0	0	0
1429813457	293408	1404	1640	1508	1812	0	0	0	0	0
1429813457	393402	1408	1640	1504	1816	0	0	0	0	0
1429813457	493413	1404	1640	1508	1812	0	0	0	0	0
1429813457	593409	1408	1640	1504	1812	0	0	0	0	0
1429813457	693409	1404	1640	1508	1812	0	0	0	0	0
1429813457	793412	1404	1640	1504	1816	0	0	0	0	0
1429813457	893424	1404	1644	1504	1812	0	0	0	0	0
1429813457	993411	1404	1640	1504	1816	0	0	0	0	0
1429813458	93415	1404	1644	1500	1768	0	0	0	0	0
1429813458	193432	1408	1640	1504	1692	0	0	0	0	0
1429813458	293416	1404	1640	1504	1636	0	0	0	0	0
1429813458	393393	1404	1640	1508	1592	0	0	0	0	0
1429813458	493522	1404	1640	1508	1552	0	0	0	0	0
1429813458	593477	1408	1640	1508	1516	0	0	0	0	0
1429813458	693379	1404	1640	1508	1508	0	0	0	0	0
1429813458	793378	1408	1640	1504	1512	0	0	0	0	0
1429813458	893387	1408	1640	1504	1512	0	0	0	0	0
1429813458	993375	1404	1640	1508	1508	0	0	0	0	0
1429813459	93390	1408	1640	1504	1512	0	0	0	0	0
1429813459	193353	1404	1640	1504	1512	0	0	0	0	0
1429813459	293376	1408	1640	1504	1512	0	0	0	0	0
1429813459	393373	1408	1640	1504	1508	0	0	0	0	0
1429813459	493377	1408	1640	1504	1512	0	0	0	0	0
1429813459	593393	1404	1640	1508	1508	0	0	0	0	0
1429813459	693379	1396	1640	1504	1512	0	0	0	0	0
1429813459	793373	1404	1640	1508	1508	0	0	0	0	0
1429813459	893377	1408	1640	1504	1512	0	0	0	0	0
1429813459	993372	1404	1640	1508	1508	0	0	0	0	0
1429813460	93379	1404	1640	1508	1508	0	0	0	0	0
1429813460	193371	1408	1640	1504	1508	0	0	0	0	0
1429813460	293375	1404	1640	1508	1512	0	0	0	0	0
1429813460	393366	1404	1640	1508	1508	0	0	0	0	0
1429813460	493415	1404	1640	1508	1508	0	0	0	0	0
1429813460	593375	1404	1640	1508	1508	0	0	0	0	0
1429813460	693376	1404	1640	1508	1508	0	0	0	0	0
1429813460	793376	1404	1640	1508	1508	0	0	0	0	0
1429813460	893381	1404	1644	1504	1508	0	0	0	0	0
1429813460	993399	1408	1640	1508	1508	0	0	0	0	0
1429813461	93381	1408	1640	1504	1508	0	0	0	0	0
1429813461	193367	1408	1640	1504	1508	0	0	0	0	0
1429813461	293378	1408	1640	1504	1508	0	0	0	0	0
1429813461	393370	1408	1640	1504	1504	0	0	0	0	0
1429813461	493375	1408	1640	1504	1496	0	0	0	0	0
1429813461	593366	1404	1644	1504	1484	0	0	0	0	0
1429813461	693375	1408	1640	1504	1472	0	0	0	0	0
1429813461	793466	1408	1640	1504	1456	0	0	0	0	0
1429813461	893377	1404	1640	1504	1436	0	0	0	0	0
1429813461	993378	1404	1644	1504	1408	0	0	0	0	0
1429813462	93379	1404	1640	1504	1388	0	0	0	0	0
1429813462	193394	1404	1640	1508	1344	0	0	0	0	0
1429813462	293408	1404	1640	1504	1300	0	0	0	0	0
1429813462	393417	1408	1640	1504	1268	0	0	0	0	0
1429813462	493450	1404	1640	1508	1216	0	0	0	0	0
1429813462	593428	1404	1644	1504	1200	0	0	0	0	0
1429813462	693409	1404	1640	1508	1200	0	0	0	0	0
1429813462	793411	1404	1640	1508	1200	0	0	0	0	0
1429813462	893425	1404	1644	1504	1200	0	0	0	0	0
1429813462	993417	1404	1640	1508	1200	0	0	0	0	0
1429813463	93428	1408	1640	1504	1200	0	0	0	0	0
1429813463	193426	1404	1640	1508	1200	0	0	0	0	0
1429813463	293420	1404	1640	1508	1200	0	0	0	0	0
1429813463	393384	1404	1644	1504	1200	0	0	0	0	0
1429813463	493515	1408	1640	1504	1200	0	0	0	0	0
1429813463	593424	1404	1640	1508	1200	0	0	0	0	0
1429813463	693379	1404	1640	1508	1200	0	0	0	0	0
1429813463	793374	1408	1640	1504	1200	0	0	0	0	0
1429813463	893372	1404	1640	1508	1200	0	0	0	0	0
1429813463	993376	1408	1640	1504	1200	0	0	0	0	0
1429813464	93362	1408	1640	1504	1200	0	0	0	0	0
1429813464	193366	1408	1640	1504	1208	0	0	0	0	0
1429813464	293379	1404	1640	1504	1280	0	0	0	0	0
1429813464	393376	1404	1640	1508	1348	0	0	0	0	0
1429813464	493376	1404	1640	1508	1396	0	0	0	0	0
1429813464	593366	1404	1640	1504	1432	0	0	0	0	0
1429813464	693354	1404	1640	1508	1464	0	0	0	0	0
1429813464	793376	1404	1644	1504	1492	0	0	0	0	0
1429813464	893383	1404	1640	1508	1508	0	0	0	0	0
1429813464	993372	1404	1640	1508	1508	0	0	0	0	0
1429813465	93380	1408	1640	1504	1512	0	0	0	0	0
1429813465	193378	1404	1640	1508	1508	0	0	0	0	0
1429813465	293371	1404	1644	1504	1512	0	0	0	0	0
1429813465	393373	1404	1644	1504	1512	0	0	0	0	0
1429813465	493380	1404	1640	1504	1512	0	0	0	0	0
1429813465	593375	1404	1640	1508	1508	0	0	0	0	0
1429813465	693379	1404	1640	1508	1508	0	0	0	0	0
1429813465	793368	1404	1640	1508	1508	0	0	0	0	0
1429813465	893380	1404	1640	1508	1512	0	0	0	0	0
1429813465	993393	1408	1636	1508	1508	0	0	0	0	0
1429813466	93364	1408	1640	1504	1512	0	0	0	0	0
1429813466	193374	1404	1640	1508	1508	0	0	0	0	0
1429813466	293391	1408	1640	1504	1512	0	0	0	0	0
1429813466	393375	1404	1640	1504	1512	0	0	0	0	0
1429813466	493402	1408	1640	1504	1512	0	0	0	0	0
1429813466	593361	1408	1640	1504	1512	0	0	0	0	0
1429813466	693399	1408	1640	1504	1512	0	0	0	0	0
1429813466	793372	1404	1640	1508	1508	0	0	0	0	0
1429813466	893373	1404	1640	1508	1508	0	0	0	0	0
1429813466	993372	1404	1640	1508	1508	0	0	0	0	0
1429813467	93378	1404	1640	1508	1508	0	0	0	0	0
1429813467	193393	1408	1640	1504	1512	0	0	0	0	0
1429813467	293404	1404	1640	1508	1508	0	0	0	0	0
1429813467	393425	1404	1644	1504	1512	0	0	0	0	0
1429813467	493448	1404	1640	1504	1512	0	0	0	0	0
1429813467	593431	1408	1640	1504	1512	0	0	0	0	0
1429813467	693413	1404	1640	1508	1512	0	0	0	0	0
1429813467	793418	1408	1640	1508	1508	0	0	0	0	0
1429813467	893422	1404	1640	1508	1508	0	0	0	0	0
1429813467	993414	1404	1640	1508	1508	0	0	0	0	0
1429813468	93430	1404	1640	1508	1508	0	0	0	0	0
1429813468	193425	1404	1640	1508	1508	0	0	0	0	0
1429813468	293469	1408	1640	1504	1512	0	0	0	0	0
1429813468	393385	1404	1644	1504	1512	0	0	0	0	0
1429813468	493521	1408	1640	1504	1512	0	0	0	0	0
1429813468	593454	1404	1640	1508	1508	0	0	0	0	0
1429813468	693394	1404	1644	1504	1512	0	0	0	0	0
1429813468	793378	1404	1652	1504	1512	0	0	0	0	0
1429813468	893379	1400	1656	1508	1508	0	0	0	0	0
1429813468	993376	1404	1688	1504	1512	0	0	0	0	0
1429813469	93382	1408	1704	1508	1508	0	0	0	0	0
1429813469	193362	1404	1724	1508	1508	0	0	0	0	0
1429813469	293375	1404	1740	1504	1512	0	0	0	0	0
1429813469	393371	1404	1764	1508	1508	0	0	0	0	0
1429813469	493372	1408	1812	1508	1512	0	0	0	0	0
1429813469	593377	1408	1824	1504	1512	0	0	0	0	0
1429813469	693380	1404	1848	1508	1508	0	0	0	0	0
1429813469	793367	1404	1868	1504	1512	0	0	0	0	0
1429813469	893376	1408	1880	1504	1512	0	0	0	0	0
1429813469	993367	1404	1896	1504	1512	0	0	0	0	0
1429813470	93372	1404	1912	1508	1508	0	0	0	0	0
1429813470	193379	1404	1920	1508	1508	0	0	0	0	0
1429813470	293374	1404	1944	1504	1512	0	0	0	0	0
1429813470	393362	1404	1956	1508	1508	0	0	0	0	0
1429813470	493378	1408	1964	1500	1512	0	0	0	0	0
1429813470	593365	1408	1960	1504	1512	0	0	0	0	0
1429813470	693377	1408	1960	1504	1512	0	0	0	0	0
1429813470	793372	1404	1964	1504	1512	0	0	0	0	0
1429813470	893374	1408	1960	1504	1512	0	0	0	0	0
1429813470	993387	1404	1964	1504	1512	0	0	0	0	0
1429813471	93376	1408	1960	1508	1508	0	0	0	0	0
1429813471	193384	1404	1960	1508	1508	0	0	0	0	0
1429813471	293376	1404	1960	1508	1508	0	0	0	0	0
1429813471	393376	1408	1960	1504	1512	0	0	0	0	0
1429813471	493394	1408	1960	1504	1512	0	0	0	0	0
1429813471	593379	1404	1964	1504	1512	0	0	0	0	0
1429813471	693366	1404	1960	1508	1508	0	0	0	0	0
1429813471	793374	1404	1964	1504	1512	0	0	0	0	0
1429813471	893375	1408	1960	1508	1508	0	0	0	0	0
1429813471	993371	1404	1988	1504	1512	0	0	0	0	0
1429813472	93378	1404	2012	1504	1512	0	0	0	0	0
1429813472	193399	1408	2008	1508	1512	0	0	0	0	0
1429813472	293406	1408	2008	1504	1512	0	0	0	0	0
1429813472	393397	1408	2008	1504	1512	0	0	0	0	0
1429813472	493434	1404	2008	1508	1508	0	0	0	0	0
1429813472	593423	1408	2008	1504	1512	0	0	0	0	0
1429813472	693425	1408	2008	1504	1512	0	0	0	0	0
1429813472	793411	1408	2008	1504	1512	0	0	0	0	0
1429813472	893427	1408	2008	1504	1508	0	0	0	0	0
1429813472	993412	1404	2008	1508	1508	0	0	0	0	0
1429813473	93441	1404	2008	1508	1508	0	0	0	0	0
1429813473	193443	1404	2008	1508	1512	0	0	0	0	0
1429813473	293450	1404	2008	1508	1512	0	0	0	0	0
1429813473	393387	1404	2008	1508	1508	0	0	0	0	0
1429813473	493517	1408	2008	1504	1512	0	0	0	0	0
1429813473	593425	1404	2008	1508	1508	0	0	0	0	0
1429813473	693390	1408	2008	1504	1512	0	0	0	0	0
1429813473	793374	1404	2008	1508	1508	0	0	0	0	0
1429813473	893382	1404	2012	1504	1508	0	0	0	0	0
1429813473	993375	1404	2008	1508	1508	0	0	0	0	0
1429813474	93388	1408	2008	1504	1512	0	0	0	0	0
1429813474	193474	1404	2008	1508	1508	0	0	0	0	0
1429813474	293373	1408	2008	1504	1512	0	0	0	0	0
1429813474	393373	1408	2008	1504	1512	0	0	0	0	0
1429813474	493373	1404	2008	1508	1508	0	0	0	0	0
1429813474	593382	1408	2008	1504	1512	0	0	0	0	0
1429813474	693380	1396	1964	1504	1512	0	0	0	0	0
1429813474	793365	1404	1844	1504	1512	0	0	0	0	0
1429813474	893356	1404	1752	1504	1512	0	0	0	0	0
1429813474	993387	1404	1748	1508	1508	0	0	0	0	0
1429813475	93376	1404	1748	1508	1508	0	0	0	0	0
1429813475	193380	1404	1748	1504	1512	0	0	0	0	0
1429813475	293376	1404	1748	1508	1508	0	0	0	0	0
1429813475	393361	1404	1732	1508	1512	0	0	0	0	0
1429813475	493368	1404	1664	1508	1508	0	0	0	0	0
1429813475	593375	1404	1596	1508	1508	0	0	0	0	0
1429813475	693377	1404	1428	1508	1508	0	0	0	0	0
1429813475	793381	1416	1252	1504	1512	0	0	0	0	0
1429813475	893386	1404	1092	1504	1512	0	0	0	0	0
1429813475	993359	1400	996	1508	1508	0	0	0	0	0
1429813476	93379	1400	996	1504	1512	0	0	0	0	0
1429813476	193369	1400	992	1508	1508	0	0	0	0	0
1429813476	293369	1400	992	1508	1512	0	0	0	0	0
1429813476	393380	1400	992	1508	1508	0	0	0	0	0
1429813476	493371	1404	992	1508	1508	0	0	0	0	0
1429813476	593355	1400	992	1508	1508	0	0	0	0	0
1429813476	693412	1400	996	1508	1508	0	0	0	0	0
1429813476	793371	1404	992	1504	1512	0	0	0	0	0
1429813476	893375	1404	992	1504	1512	0	0	0	0	0
1429813476	993373	1400	996	1504	1512	0	0	0	0	0
1429813477	93380	1404	992	1508	1508	0	0	0	0	0
1429813477	193384	1404	992	1504	1512	0	0	0	0	0
1429813477	293405	1400	992	1508	1508	0	0	0	0	0
1429813477	393390	1400	992	1504	1512	0	0	0	0	0
1429813477	493430	1400	992	1508	1508	0	0	0	0	0
1429813477	593420	1404	992	1508	1508	0	0	0	0	0
1429813477	693427	1400	996	1504	1512	0	0	0	0	0
1429813477	793414	1400	996	1504	1512	0	0	0	0	0
1429813477	893425	1404	992	1508	1508	0	0	0	0	0
1429813477	993418	1404	992	1508	1508	0	0	0	0	0
1429813478	93432	1400	992	1508	1508	0	0	0	0	0
1429813478	193420	1400	992	1508	1508	0	0	0	0	0
1429813478	293438	1404	992	1508	1508	0	0	0	0	0
1429813478	393408	1404	992	1508	1508	0	0	0	0	0
1429813478	493517	1404	992	1504	1512	0	0	0	0	0
1429813478	593377	1400	996	1504	1512	0	0	0	0	0
1429813478	693379	1404	992	1508	1508	0	0	0	0	0
1429813478	793370	1404	992	1508	1508	0	0	0	0	0
1429813478	893380	1404	992	1508	1512	0	0	0	0	0
1429813478	993368	1400	996	1504	1512	0	0	0	0	0
1429813479	93449	1404	992	1508	1508	0	0	0	0	0
1429813479	193365	1404	992	1504	1512	0	0	0	0	0
1429813479	293377	1400	996	1504	1512	0	0	0	0	0
1429813479	393367	1400	996	1508	1508	0	0	0	0	0
1429813479	493377	1404	992	1508	1508	0	0	0	0	0
1429813479	593382	1400	996	1504	1508	0	0	0	0	0
1429813479	693381	1404	992	1508	1508	0	0	0	0	0
1429813479	793361	1404	992	1508	1512	0	0	0	0	0
1429813479	893369	1396	996	1504	1512	0	0	0	0	0
1429813479	993384	1404	992	1508	1508	0	0	0	0	0
1429813480	93374	1400	992	1508	1512	0	0	0	0	0
1429813480	193378	1404	992	1508	1508	0	0	0	0	0
1429813480	293378	1404	992	1504	1512	0	0	0	0	0
1429813480	393394	1400	996	1504	1512	0	0	0	0	0
1429813480	493372	1404	992	1508	1512	0	0	0	0	0
1429813480	593376	1404	992	1508	1508	0	0	0	0	0
1429813480	693383	1404	992	1508	1512	0	0	0	0	0
1429813480	793381	1400	996	1504	1512	0	0	0	0	0
1429813480	893368	1404	996	1504	1512	0	0	0	0	0
1429813480	993359	1404	992	1508	1508	0	0	0	0	0
1429813481	93364	1404	992	1508	1512	0	0	0	0	0
1429813481	193426	1404	992	1508	1508	0	0	0	0	0
1429813481	293376	1392	996	1504	1512	0	0	0	0	0
1429813481	393377	1404	992	1508	1512	0	0	0	0	0
1429813481	493382	1404	992	1504	1512	0	0	0	0	0
1429813481	593379	1400	996	1504	1512	0	0	0	0	0
1429813481	693363	1404	992	1504	1512	0	0	0	0	0
1429813481	793386	1400	996	1504	1512	0	0	0	0	0
1429813481	893390	1400	1032	1504	1512	0	0	0	0	0
1429813481	993387	1400	1160	1504	1512	0	0	0	0	0
1429813482	93375	1404	1276	1504	1512	0	0	0	0	0
1429813482	193388	1404	1388	1508	1508	0	0	0	0	0
1429813482	293407	1404	1472	1508	1508	0	0	0	0	0
1429813482	393415	1404	1552	1504	1512	0	0	0	0	0
1429813482	493432	1404	1568	1504	1512	0	0	0	0	0
1429813482	593421	1400	1568	1504	1512	0	0	0	0	0
1429813482	693410	1404	1568	1508	1508	0	0	0	0	0
1429813482	793417	1404	1568	1504	1512	0	0	0	0	0
1429813482	893418	1404	1568	1504	1512	0	0	0	0	0
1429813482	993424	1404	1568	1504	1512	0	0	0	0	0
1429813483	93425	1400	1568	1508	1508	0	0	0	0	0
1429813483	193422	1404	1584	1504	1512	0	0	0	0	0
1429813483	293415	1400	1588	1504	1508	0	0	0	0	0
1429813483	393437	1404	1588	1504	1512	0	0	0	0	0
1429813483	493509	1400	1596	1504	1512	0	0	0	0	0
1429813483	593421	1404	1612	1504	1512	0	0	0	0	0
1429813483	693389	1404	1640	1504	1512	0	0	0	0	0
1429813483	793373	1404	1668	1504	1512	0	0	0	0	0
1429813483	893376	1404	1704	1504	1512	0	0	0	0	0
1429813483	993369	1404	1728	1504	1512	0	0	0	0	0
1429813484	93382	1404	1752	1508	1508	0	0	0	0	0
1429813484	193406	1400	1784	1508	1508	0	0	0	0	0
1429813484	293418	1404	1808	1508	1512	0	0	0	0	0
1429813484	393399	1404	1836	1508	1508	0	0	0	0	0
1429813484	493369	1404	1864	1508	1508	0	0	0	0	0
1429813484	593377	1404	1892	1504	1512	0	0	0	0	0
1429813484	693389	1404	1936	1504	1512	0	0	0	0	0
1429813484	793389	1404	1968	1504	1512	0	0	0	0	0
1429813484	893366	1400	1984	1504	1512	0	0	0	0	0
1429813484	993371	1404	1992	1504	1508	0	0	0	0	0
1429813485	93372	1404	2004	1508	1508	0	0	0	0	0
1429813485	193412	1408	2004	1508	1508	0	0	0	0	0
1429813485	293378	1404	2004	1508	1508	0	0	0	0	0
1429813485	393407	1404	2004	1508	1508	0	0	0	0	0
1429813485	493365	1404	2008	1508	1508	0	0	0	0	0
1429813485	593368	1404	2008	1504	1512	0	0	0	0	0
1429813485	693391	1404	2004	1504	1512	0	0	0	0	0
1429813485	793379	1408	2004	1512	1504	0	0	0	0	0
1429813485	893371	1404	2004	1508	1508	0	0	0	0	0
1429813485	993375	1404	2004	1504	1512	0	0	0	0	0
1429813486	93372	1404	2004	1508	1508	0	0	0	0	0
1429813486	193462	1404	2004	1508	1508	0	0	0	0	0
1429813486	293374	1404	2004	1508	1508	0	0	0	0	0
1429813486	393378	1404	2004	1508	1508	0	0	0	0	0
1429813486	493397	1404	2008	1504	1512	0	0	0	0	0
1429813486	593377	1404	2004	1508	1508	0	0	0	0	0
1429813486	693407	1404	2004	1508	1508	0	0	0	0	0
1429813486	793373	1404	2004	1508	1508	0	0	0	0	0
1429813486	893377	1416	1992	1508	1512	0	0	0	0	0
1429813486	993378	1404	2008	1508	1512	0	0	0	0	0
1429813487	93379	1404	2004	1508	1512	0	0	0	0	0
1429813487	193454	1404	2008	1508	1512	0	0	0	0	0
1429813487	293401	1404	2004	1524	1512	0	0	0	0	0
1429813487	393404	1404	2008	1560	1512	0	0	0	0	0
1429813487	493408	1404	2004	1588	1516	0	0	0	0	0
1429813487	593422	1404	2004	1636	1516	0	0	0	0	0
1429813487	693530	1404	2004	1692	1516	0	0	0	0	0
1429813487	793421	1404	2008	1772	1516	0	0	0	0	0
1429813487	893421	1404	2004	1812	1512	0	0	0	0	0
1429813487	993417	1404	2008	1812	1516	0	0	0	0	0
1429813488	93429	1404	2004	1816	1520	0	0	0	0	0
1429813488	193542	1404	2008	1812	1520	0	0	0	0	0
1429813488	293424	1404	2004	1816	1520	0	0	0	0	0
1429813488	393431	1404	2004	1816	1520	0	0	0	0	0
1429813488	493504	1404	2008	1812	1520	0	0	0	0	0
1429813488	593417	1408	2004	1816	1520	0	0	0	0	0
1429813488	693397	1404	2004	1812	1520	0	0	0	0	0
1429813488	793367	1408	2004	1812	1524	0	0	0	0	0
1429813488	893375	1404	2004	1816	1520	0	0	0	0	0
1429813488	993489	1404	2008	1812	1520	0	0	0	0	0
1429813489	93349	1404	2004	1816	1520	0	0	0	0	0
1429813489	193391	1408	2004	1812	1520	0	0	0	0	0
1429813489	293356	1408	2004	1812	1520	0	0	0	0	0
1429813489	393367	1404	2008	1808	1532	0	0	0	0	0
1429813489	493381	1404	2000	1716	1512	0	0	0	0	0
1429813489	593381	1404	2008	1572	1512	0	0	0	0	0
1429813489	693379	1404	2008	1516	1512	0	0	0	0	0
1429813489	793358	1408	2004	1504	1512	0	0	0	0	0
1429813489	893367	1404	2004	1508	1508	0	0	0	0	0
1429813489	993373	1404	2012	1512	1500	0	0	0	0	0
1429813490	93378	1404	2008	1504	1508	0	0	0	0	0
1429813490	193383	1404	2004	1508	1508	0	0	0	0	0
1429813490	293383	1408	2004	1508	1508	0	0	0	0	0
1429813490	393359	1404	2004	1508	1508	0	0	0	0	0
1429813490	493378	1404	2008	1504	1512	0	0	0	0	0
1429813490	593374	1408	2004	1504	1508	0	0	0	0	0
1429813490	693377	1404	2008	1504	1512	0	0	0	0	0
1429813490	793374	1404	2004	1508	1508	0	0	0	0	0
1429813490	893377	1404	2008	1504	1508	0	0	0	0	0
1429813490	993381	1404	2008	1504	1512	0	0	0	0	0
1429813491	93377	1404	2004	1508	1508	0	0	0	0	0
1429813491	193386	1404	2004	1508	1508	0	0	0	0	0
1429813491	293376	1404	2008	1504	1512	0	0	0	0	0
1429813491	393382	1404	2004	1508	1508	0	0	0	0	0
1429813491	493371	1404	2004	1508	1508	0	0	0	0	0
1429813491	593375	1408	2012	1496	1512	0	0	0	0	0
1429813491	693398	1408	2004	1504	1512	0	0	0	0	0
1429813491	793380	1408	2004	1504	1512	0	0	0	0	0
1429813491	893369	1404	2004	1508	1508	0	0	0	0	0
1429813491	993381	1404	2008	1504	1508	0	0	0	0	0
1429813492	93378	1404	2004	1456	1512	0	0	0	0	0
1429813492	193415	1404	2008	1400	1512	0	0	0	0	0
1429813492	293396	1404	2004	1344	1508	0	0	0	0	0
1429813492	393413	1404	2008	1280	1508	0	0	0	0	0
1429813492	493423	1404	2008	1220	1508	0	0	0	0	0
1429813492	593423	1404	2004	1200	1512	0	0	0	0	0
1429813492	693520	1404	2004	1200	1508	0	0	0	0	0
1429813492	793440	1404	2004	1200	1508	0	0	0	0	0
1429813492	893420	1404	2004	1200	1508	0	0	0	0	0
1429813492	993423	1404	2008	1196	1512	0	0	0	0	0
1429813493	93428	1404	2008	1200	1508	0	0	0	0	0
1429813493	193473	1404	2004	1200	1508	0	0	0	0	0
1429813493	293425	1404	2004	1200	1508	0	0	0	0	0
1429813493	393429	1404	2004	1200	1508	0	0	0	0	0
1429813493	493505	1408	2004	1200	1508	0	0	0	0	0
1429813493	593406	1404	2008	1196	1512	0	0	0	0	0
1429813493	693378	1404	2004	1200	1508	0	0	0	0	0
1429813493	793392	1404	2004	1200	1508	0	0	0	0	0
1429813493	893380	1404	2008	1196	1512	0	0	0	0	0
1429813493	993393	1404	2008	1196	1512	0	0	0	0	0
1429813494	93370	1408	2004	1200	1508	0	0	0	0	0
1429813494	193461	1404	2004	1200	1508	0	0	0	0	0
1429813494	293370	1404	2008	1200	1508	0	0	0	0	0
1429813494	393366	1404	2004	1304	1512	0	0	0	0	0
1429813494	493384	1404	2004	1416	1508	0	0	0	0	0
1429813494	593396	1404	2008	1484	1512	0	0	0	0	0
1429813494	693553	1404	2004	1508	1508	0	0	0	0	0
1429813494	793358	1404	2008	1504	1508	0	0	0	0	0
1429813494	893373	1404	2004	1508	1508	0	0	0	0	0
1429813494	993374	1404	2004	1508	1508	0	0	0	0	0
1429813495	93375	1404	2004	1508	1508	0	0	0	0	0
1429813495	193413	1404	2004	1508	1508	0	0	0	0	0
1429813495	293401	1408	2004	1508	1508	0	0	0	0	0
1429813495	393376	1404	2008	1504	1508	0	0	0	0	0
1429813495	493366	1404	2004	1508	1508	0	0	0	0	0
1429813495	593377	1408	2000	1508	1508	0	0	0	0	0
1429813495	693384	1404	2008	1504	1508	0	0	0	0	0
1429813495	793376	1408	2004	1504	1512	0	0	0	0	0
1429813495	893374	1404	2004	1508	1508	0	0	0	0	0
1429813495	993356	1408	2004	1504	1508	0	0	0	0	0
1429813496	93390	1404	2004	1504	1512	0	0	0	0	0
1429813496	193467	1408	2004	1504	1508	0	0	0	0	0
1429813496	293396	1408	2004	1504	1508	0	0	0	0	0
1429813496	393372	1404	2004	1508	1508	0	0	0	0	0
1429813496	493381	1404	2008	1504	1508	0	0	0	0	0
1429813496	593375	1404	2004	1508	1508	0	0	0	0	0
1429813496	693387	1404	2004	1508	1508	0	0	0	0	0
1429813496	793378	1404	2004	1504	1488	0	0	0	0	0
1429813496	893377	1408	2004	1508	1448	0	0	0	0	0
1429813496	993375	1404	2004	1508	1412	0	0	0	0	0
1429813497	93412	1404	2008	1504	1352	0	0	0	0	0
1429813497	193378	1404	2004	1496	1276	0	0	0	0	0
1429813497	293419	1404	2004	1500	1204	0	0	0	0	0
1429813497	393409	1404	2008	1504	1204	0	0	0	0	0
1429813497	493463	1404	2004	1504	1204	0	0	0	0	0
1429813497	593420	1404	2004	1508	1200	0	0	0	0	0
1429813497	693418	1404	2004	1508	1200	0	0	0	0	0
1429813497	793414	1404	2008	1504	1200	0	0	0	0	0
1429813497	893417	1404	2004	1504	1200	0	0	0	0	0
1429813497	993425	1404	2004	1504	1200	0	0	0	0	0
1429813498	93434	1404	2008	1500	1200	0	0	0	0	0
1429813498	193417	1404	2004	1504	1200	0	0	0	0	0
1429813498	293452	1404	2004	1500	1200	0	0	0	0	0
1429813498	393422	1404	2004	1500	1200	0	0	0	0	0
1429813498	493522	1404	2004	1500	1204	0	0	0	0	0
1429813498	593493	1404	2008	1500	1200	0	0	0	0	0
1429813498	693369	1404	2008	1504	1208	0	0	0	0	0
1429813498	793392	1404	2004	1508	1308	0	0	0	0	0
1429813498	893397	1404	2004	1504	1424	0	0	0	0	0
1429813498	993374	1404	2004	1508	1512	0	0	0	0	0
1429813499	93375	1404	2004	1508	1508	0	0	0	0	0
1429813499	193388	1404	2008	1504	1512	0	0	0	0	0
1429813499	293375	1408	2004	1504	1512	0	0	0	0	0
1429813499	393371	1404	2004	1508	1508	0	0	0	0	0
1429813499	493380	1404	2004	1508	1508	0	0	0	0	0
1429813499	593373	1404	2004	1508	1508	0	0	0	0	0
1429813499	693374	1404	2008	1504	1512	0	0	0	0	0
1429813499	793386	1404	2004	1508	1508	0	0	0	0	0
1429813499	893365	1400	2004	1508	1508	0	0	0	0	0
1429813499	993386	1404	2008	1504	1512	0	0	0	0	0
1429813500	93371	1404	2004	1508	1508	0	0	0	0	0
1429813500	193376	1408	2004	1504	1512	0	0	0	0	0
1429813500	293390	1404	2004	1508	1508	0	0	0	0	0
1429813500	393356	1404	2004	1508	1508	0	0	0	0	0
1429813500	493363	1404	2000	1508	1508	0	0	0	0	0
1429813500	593371	1408	2004	1504	1512	0	0	0	0	0
1429813500	693370	1404	2004	1508	1508	0	0	0	0	0
1429813500	793399	1404	2004	1508	1508	0	0	0	0	0
1429813500	893372	1404	2008	1504	1512	0	0	0	0	0
1429813500	993384	1404	2004	1508	1508	0	0	0	0	0
1429813501	93361	1404	2004	1508	1508	0	0	0	0	0
1429813501	193422	1404	2004	1508	1508	0	0	0	0	0
1429813501	293472	1404	2004	1508	1532	0	0	0	0	0
1429813501	393368	1404	2008	1504	1584	0	0	0	0	0
1429813501	493402	1404	2008	1504	1632	0	0	0	0	0
1429813501	593377	1404	2008	1508	1708	0	0	0	0	0
1429813501	693393	1404	2008	1504	1788	0	0	0	0	0
1429813501	793376	1408	2004	1508	1812	0	0	0	0	0
1429813501	893399	1404	2004	1508	1812	0	0	0	0	0
1429813501	993378	1404	2004	1508	1812	0	0	0	0	0
1429813502	93376	1404	2004	1504	1816	0	0	0	0	0
1429813502	193375	1404	2004	1504	1816	0	0	0	0	0
1429813502	293395	1404	2004	1504	1816	0	0	0	0	0
1429813502	393411	1404	2008	1504	1812	0	0	0	0	0
1429813502	493420	1404	2004	1504	1812	0	0	0	0	0
1429813502	593403	1404	2008	1504	1812	0	0	0	0	0
1429813502	693416	1404	2004	1508	1812	0	0	0	0	0
1429813502	793413	1404	2008	1504	1812	0	0	0	0	0
1429813502	893412	1404	2004	1508	1812	0	0	0	0	0
1429813502	993429	1408	2004	1504	1816	0	0	0	0	0
1429813503	93442	1404	2004	1508	1812	0	0	0	0	0
1429813503	193454	1404	2008	1504	1812	0	0	0	0	0
1429813503	293430	1404	2004	1508	1768	0	0	0	0	0
1429813503	393422	1404	2008	1504	1656	0	0	0	0	0
1429813503	493505	1404	2008	1504	1564	0	0	0	0	0
1429813503	593483	1404	2004	1508	1508	0	0	0	0	0
1429813503	693372	1404	2008	1504	1508	0	0	0	0	0
1429813503	793392	1404	2004	1508	1508	0	0	0	0	0
1429813503	893380	1404	2004	1508	1508	0	0	0	0	0
1429813503	993370	1404	2004	1508	1508	0	0	0	0	0
1429813504	93379	1404	2004	1508	1512	0	0	0	0	0
1429813504	193361	1404	2004	1508	1508	0	0	0	0	0
1429813504	293373	1404	2008	1508	1508	0	0	0	0	0
1429813504	393375	1408	2004	1508	1508	0	0	0	0	0
1429813504	493379	1404	2004	1508	1508	0	0	0	0	0
1429813504	593375	1404	2008	1504	1508	0	0	0	0	0
1429813504	693368	1404	2008	1504	1512	0	0	0	0	0
1429813504	793378	1404	2004	1508	1512	0	0	0	0	0
1429813504	893368	1404	2012	1504	1508	0	0	0	0	0
1429813504	993374	1404	2008	1504	1512	0	0	0	0	0
1429813505	93378	1404	2004	1508	1508	0	0	0	0	0
1429813505	193387	1404	2008	1508	1508	0	0	0	0	0
1429813505	293376	1404	2008	1504	1512	0	0	0	0	0
1429813505	393379	1404	2008	1504	1508	0	0	0	0	0
1429813505	493365	1404	2008	1504	1512	0	0	0	0	0
1429813505	593378	1400	1984	1504	1512	0	0	0	0	0
1429813505	693386	1404	1884	1508	1508	0	0	0	0	0
1429813505	793382	1404	1672	1508	1508	0	0	0	0	0
1429813505	893379	1400	1460	1508	1512	0	0	0	0	0
1429813505	993380	1400	1332	1508	1508	0	0	0	0	0
1429813506	93366	1404	1180	1504	1512	0	0	0	0	0
1429813506	193379	1404	992	1508	1508	0	0	0	0	0
1429813506	293370	1404	992	1508	1508	0	0	0	0	0
1429813506	393381	1400	996	1504	1512	0	0	0	0	0
1429813506	493384	1400	996	1504	1512	0	0	0	0	0
1429813506	593379	1404	992	1508	1508	0	0	0	0	0
1429813506	693363	1400	996	1504	1512	0	0	0	0	0
1429813506	793378	1404	996	1504	1512	0	0	0	0	0
1429813506	893378	1400	996	1504	1512	0	0	0	0	0
1429813506	993372	1400	996	1508	1508	0	0	0	0	0
1429813507	93381	1344	996	1504	1512	0	0	0	0	0
1429813507	193384	1092	996	1512	1504	0	0	0	0	0
1429813507	293409	996	992	1508	1508	0	0	0	0	0
1429813507	393414	992	992	1508	1512	0	0	0	0	0
1429813507	493452	992	992	1508	1508	0	0	0	0	0
1429813507	593410	992	996	1504	1512	0	0	0	0	0
1429813507	693413	992	992	1508	1508	0	0	0	0	0
1429813507	793416	992	992	1508	1508	0	0	0	0	0
1429813507	893466	992	992	1512	1512	0	0	0	0	0
1429813507	993422	992	996	1504	1512	0	0	0	0	0
1429813508	93425	992	992	1508	1508	0	0	0	0	0
1429813508	193458	992	996	1508	1508	0	0	0	0	0
1429813508	293423	1008	996	1508	1508	0	0	0	0	0
1429813508	393420	1152	992	1508	1508	0	0	0	0	0
1429813508	493511	1348	992	1508	1508	0	0	0	0	0
1429813508	593403	1400	992	1508	1508	0	0	0	0	0
1429813508	693423	1400	996	1504	1512	0	0	0	0	0
1429813508	793390	1400	992	1508	1508	0	0	0	0	0
1429813508	893374	1404	992	1508	1508	0	0	0	0	0
1429813508	993382	1404	992	1508	1508	0	0	0	0	0
1429813509	93370	1400	992	1508	1508	0	0	0	0	0
1429813509	193418	1400	992	1508	1508	0	0	0	0	0
1429813509	293382	1400	996	1508	1508	0	0	0	0	0
1429813509	393372	1400	992	1516	1508	0	0	0	0	0
1429813509	493383	1400	996	1504	1516	0	0	0	0	0
1429813509	593379	1404	992	1508	1508	0	0	0	0	0
1429813509	693382	1404	992	1504	1512	0	0	0	0	0
1429813509	793383	1400	992	1508	1508	0	0	0	0	0
1429813509	893366	1400	992	1508	1512	0	0	0	0	0
1429813509	993380	1400	992	1508	1508	0	0	0	0	0
1429813510	93381	1400	996	1504	1512	0	0	0	0	0
1429813510	193372	1400	992	1508	1508	0	0	0	0	0
1429813510	293390	1400	996	1504	1512	0	0	0	0	0
1429813510	393384	1400	996	1504	1512	0	0	0	0	0
1429813510	493368	1400	996	1504	1512	0	0	0	0	0
1429813510	593375	1400	996	1508	1508	0	0	0	0	0
1429813510	693378	1404	992	1508	1508	0	0	0	0	0
1429813510	793384	1400	992	1508	1512	0	0	0	0	0
1429813510	893373	1400	992	1508	1508	0	0	0	0	0
1429813510	993384	1404	992	1508	1508	0	0	0	0	0
1429813511	93384	1400	996	1504	1512	0	0	0	0	0
1429813511	193389	1404	992	1508	1508	0	0	0	0	0
1429813511	293372	1400	996	1508	1508	0	0	0	0	0
1429813511	393385	1400	992	1508	1508	0	0	0	0	0
1429813511	493397	1400	996	1508	1508	0	0	0	0	0
1429813511	593406	1404	992	1508	1508	0	0	0	0	0
1429813511	693383	1400	992	1508	1508	0	0	0	0	0
1429813511	793423	1404	992	1508	1508	0	0	0	0	0
1429813511	893376	1400	992	1508	1508	0	0	0	0	0
1429813511	993385	1404	992	1508	1508	0	0	0	0	0
1429813512	93377	1400	996	1504	1508	0	0	0	0	0
1429813512	193413	1400	992	1508	1512	0	0	0	0	0
1429813512	293392	1400	992	1508	1508	0	0	0	0	0
1429813512	393409	1400	992	1508	1508	0	0	0	0	0
1429813512	493430	1400	996	1504	1512	0	0	0	0	0
1429813512	593410	1400	996	1512	1512	0	0	0	0	0
1429813512	693426	1400	992	1508	1508	0	0	0	0	0
1429813512	793412	1400	996	1504	1512	0	0	0	0	0
1429813512	893425	1404	992	1508	1508	0	0	0	0	0
1429813512	993425	1400	992	1508	1508	0	0	0	0	0
1429813513	93443	1400	992	1508	1508	0	0	0	0	0
1429813513	193428	1400	992	1508	1512	0	0	0	0	0
1429813513	293455	1416	980	1504	1512	0	0	0	0	0
1429813513	393435	1400	992	1508	1508	0	0	0	0	0
1429813513	493524	1400	996	1504	1508	0	0	0	0	0
1429813513	593430	1400	992	1508	1508	0	0	0	0	0
1429813513	693449	1404	992	1508	1508	0	0	0	0	0
1429813513	793565	1400	992	1508	1508	0	0	0	0	0
1429813513	893417	1400	992	1508	1512	0	0	0	0	0
1429813513	993375	1400	992	1508	1508	0	0	0	0	0
1429813514	93404	1400	996	1504	1512	0	0	0	0	0
1429813514	193388	1400	996	1504	1512	0	0	0	0	0
1429813514	293377	1400	996	1504	1512	0	0	0	0	0
1429813514	393379	1404	992	1508	1512	0	0	0	0	0
1429813514	493383	1400	996	1504	1508	0	0	0	0	0
1429813514	593387	1404	992	1508	1508	0	0	0	0	0
1429813514	693381	1404	992	1508	1508	0	0	0	0	0
1429813514	793386	1404	992	1508	1508	0	0	0	0	0
1429813514	893371	1400	996	1504	1512	0	0	0	0	0
1429813514	993385	1400	996	1504	1512	0	0	0	0	0
1429813515	93383	1404	996	1504	1512	0	0	0	0	0
1429813515	193390	1400	996	1504	1512	0	0	0	0	0
1429813515	293488	1404	992	1508	1508	0	0	0	0	0
1429813515	393382	1400	992	1508	1512	0	0	0	0	0
1429813515	493543	1400	996	1504	1512	0	0	0	0	0
1429813515	593388	1400	992	1508	1508	0	0	0	0	0
1429813515	693385	1400	996	1508	1508	0	0	0	0	0
1429813515	793372	1400	996	1508	1508	0	0	0	0	0
1429813515	893403	1404	992	1508	1508	0	0	0	0	0
1429813515	993405	1400	992	1508	1512	0	0	0	0	0
1429813516	93389	1400	992	1508	1508	0	0	0	0	0
1429813516	193383	1400	996	1508	1508	0	0	0	0	0
1429813516	293393	1404	992	1508	1508	0	0	0	0	0
1429813516	393491	1404	992	1512	1508	0	0	0	0	0
1429813516	493392	1404	992	1508	1508	0	0	0	0	0
1429813516	593388	1400	992	1508	1508	0	0	0	0	0
1429813516	693390	1400	996	1504	1512	0	0	0	0	0
1429813516	793380	1400	996	1504	1512	0	0	0	0	0
1429813516	893382	1400	996	1504	1512	0	0	0	0	0
1429813516	993380	1400	996	1504	1512	0	0	0	0	0
1429813517	93392	1400	992	1508	1508	0	0	0	0	0
1429813517	193384	1400	996	1504	1512	0	0	0	0	0
1429813517	293400	1400	992	1508	1508	0	0	0	0	0
1429813517	393416	1400	992	1508	1508	0	0	0	0	0
1429813517	493420	1400	996	1508	1512	0	0	0	0	0
1429813517	593430	1404	992	1508	1508	0	0	0	0	0
1429813517	693451	1400	992	1508	1508	0	0	0	0	0
1429813517	793420	1400	992	1508	1508	0	0	0	0	0
1429813517	893492	1404	992	1508	1508	0	0	0	0	0
1429813517	993428	1400	996	1504	1512	0	0	0	0	0
1429813518	93437	1404	992	1508	1508	0	0	0	0	0
1429813518	193425	1404	992	1508	1512	0	0	0	0	0
1429813518	293427	1400	996	1504	1512	0	0	0	0	0
1429813518	393449	1404	992	1508	1508	0	0	0	0	0
1429813518	493518	1400	996	1504	1512	0	0	0	0	0
1429813518	593476	1404	992	1508	1508	0	0	0	0	0
1429813518	693420	1400	996	1504	1512	0	0	0	0	0
1429813518	793396	1404	992	1508	1508	0	0	0	0	0
1429813518	893392	1404	992	1508	1508	0	0	0	0	0
1429813518	993386	1404	992	1508	1508	0	0	0	0	0
1429813519	93373	1400	996	1508	1512	0	0	0	0	0
1429813519	193388	1400	996	1508	1508	0	0	0	0	0
1429813519	293380	1400	996	1504	1508	0	0	0	0	0
1429813519	393391	1404	992	1508	1508	0	0	0	0	0
1429813519	493398	1400	992	1508	1508	0	0	0	0	0
1429813519	593388	1400	996	1504	1512	0	0	0	0	0
1429813519	693373	1400	992	1508	1508	0	0	0	0	0
1429813519	793455	1400	996	1504	1512	0	0	0	0	0
1429813519	893370	1404	992	1508	1508	0	0	0	0	0
1429813519	993389	1404	992	1508	1508	0	0	0	0	0
1429813520	93388	1400	992	1508	1508	0	0	0	0	0
