time_s	time_us	ax	ay	az	gx	gy	gz	mx	my	mz	pressure	temp	runtime_average_ms	
1429813804	919197	7	23	-2092	-58	-17	623	-191	-17	557	1002.46	29.15	0	
1429813805	19181	15	14	-2086	-50	-15	623	-186	-5	557	1002.5	29.14	0	
1429813805	119198	1	27	-2091	-57	-19	625	-182	1	556	1002.51	29.15	0	
1429813805	219205	6	26	-2090	-64	-19	624	-178	10	555	1002.51	29.15	0	
1429813805	319222	6	28	-2083	-62	-23	632	-172	18	556	1002.4	29.16	0	
1429813805	419205	9	28	-2083	-65	-18	624	-168	24	556	1002.44	29.16	0	
1429813805	519199	18	16	-2081	-66	-18	632	-161	32	552	1002.29	29.16	0	
1429813805	619176	11	28	-2082	-66	-20	630	-157	38	554	1002.47	29.16	0	
1429813805	719177	7	28	-2080	-66	-19	625	-147	45	554	1002.59	29.16	0	
1429813805	819210	16	27	-2086	-71	-20	630	-145	52	551	1002.53	29.17	0	
1429813805	919218	8	25	-2100	-68	-22	630	-137	57	554	1002.6	29.17	3.45837	
1429813806	19300	6	30	-2070	-67	-22	631	-130	66	551	1002.41	29.17	3.45837	
1429813806	119309	-1	15	-2096	-66	-22	632	-124	68	550	1002.4	29.16	3.45837	
1429813806	219251	3	15	-2090	-60	-22	632	-117	75	551	1002.49	29.15	3.45837	
1429813806	319241	15	22	-2073	-59	-29	636	-109	80	549	1002.52	29.17	3.45837	
1429813806	419269	13	29	-2104	-65	-27	631	-100	87	549	1002.49	29.17	3.45837	
1429813806	519275	10	27	-2069	-63	-26	635	-92	92	547	1002.58	29.18	3.45837	
1429813806	619257	-1	30	-2085	-56	-26	633	-84	95	546	1002.69	29.18	3.45837	
1429813806	719256	14	28	-2060	-52	-25	636	-77	101	544	1002.4	29.16	3.45837	
1429813806	819247	12	7	-2068	-57	-27	640	-68	102	545	1002.47	29.18	3.45837	
1429813806	919262	11	27	-2081	-57	-26	639	-59	107	544	1002.63	29.18	3.46278	
1429813807	19246	22	13	-2108	-54	-23	641	-51	113	543	1002.53	29.17	3.46278	
1429813807	119264	4	24	-2090	-50	-18	640	-43	115	543	1002.41	29.17	3.46278	
1429813807	219290	5	32	-2081	-50	-23	641	-32	119	541	1002.59	29.17	3.46278	
1429813807	319295	9	11	-2094	-52	-17	638	-23	121	539	1002.58	29.18	3.46278	
1429813807	419250	11	28	-2078	-53	-16	637	-14	123	540	1002.55	29.18	3.46278	
1429813807	519267	-2	14	-2081	-58	-22	639	-6	126	538	1002.54	29.18	3.46278	
1429813807	619295	12	35	-2089	-59	-17	641	5	127	537	1002.52	29.18	3.46278	
1429813807	719308	15	25	-2069	-58	-12	641	13	130	537	1002.6	29.17	3.46278	
1429813807	819345	-4	21	-2073	-56	-15	645	22	130	535	1002.68	29.17	3.46278	
1429813807	919295	-6	18	-2084	-61	-16	639	30	131	535	1002.66	29.18	3.45618	
1429813808	19196	11	15	-2093	-68	-18	645	41	132	533	1002.6	29.17	3.45618	
1429813808	119220	27	24	-2085	-65	-17	643	50	132	533	1002.58	29.18	3.45618	
1429813808	219417	23	19	-2067	-63	-17	641	62	131	533	1002.57	29.17	3.45618	
1429813808	319375	6	30	-2086	-66	-18	645	70	130	531	1002.51	29.18	3.45618	
1429813808	419235	0	17	-2081	-62	-23	645	80	130	530	1002.56	29.18	3.45618	
1429813808	519239	9	33	-2077	-61	-20	645	88	129	529	1002.57	29.19	3.45618	
1429813808	619239	3	30	-2083	-71	-25	646	101	126	529	1002.59	29.18	3.45618	
1429813808	719265	8	18	-2087	-63	-19	652	108	124	527	1002.65	29.18	3.45618	
1429813808	819225	9	27	-2092	-60	-22	645	117	122	527	1002.46	29.18	3.45618	
1429813808	919239	16	27	-2079	-60	-26	651	129	119	526	1002.61	29.19	3.45748	
1429813809	19226	4	20	-2074	-58	-24	652	135	119	525	1002.64	29.19	3.45748	
1429813809	119226	7	33	-2075	-57	-22	655	144	114	523	1002.58	29.2	3.45748	
1429813809	219215	1	20	-2082	-61	-22	649	153	110	524	1002.56	29.21	3.45748	
1429813809	319215	16	35	-2064	-54	-28	652	163	107	522	1002.41	29.18	3.45748	
1429813809	419257	0	15	-2086	-51	-19	650	172	103	520	1002.51	29.2	3.45748	
1429813809	519249	-6	20	-2093	-50	-22	655	180	100	521	1002.65	29.21	3.45748	
1429813809	619210	19	19	-2094	-52	-19	651	189	92	521	1002.53	29.21	3.45748	
1429813809	719228	12	34	-2084	-54	-23	654	199	89	517	1002.53	29.21	3.45748	
1429813809	819192	5	11	-2087	-53	-21	653	207	85	520	1002.54	29.21	3.45748	
1429813809	919191	-3	21	-2086	-47	-15	653	215	78	518	1002.66	29.22	3.45768	
1429813810	19182	-1	27	-2102	-53	-20	658	223	73	515	1002.55	29.22	3.45768	
1429813810	119197	16	22	-2096	-56	-22	656	230	68	517	1002.56	29.22	3.45768	
1429813810	219476	0	-79	-2130	-70	-26	658	236	62	516	1002.64	29.22	3.45768	
1429813810	319223	-8	30	-2092	-50	-15	656	245	56	514	1002.59	29.22	3.45768	
1429813810	419198	3	20	-2092	-61	-16	657	251	49	513	1002.55	29.24	3.45768	
1429813810	519206	23	48	-2088	-62	-15	660	258	42	511	1002.5	29.23	3.45768	
1429813810	619175	19	12	-2082	-63	-18	659	265	34	511	1002.52	29.22	3.45768	
1429813810	719185	25	4	-2064	-62	-16	661	272	27	512	1002.5	29.23	3.45768	
1429813810	819193	3	43	-2092	-63	-18	657	276	18	511	1002.42	29.23	3.45768	
1429813810	919214	4	45	-2080	-57	-18	666	284	10	509	1002.57	29.25	3.40499	
1429813811	19221	10	19	-2069	-67	-23	663	287	4	509	1002.48	29.24	3.40499	
1429813811	119229	22	1	-2098	-58	-17	661	292	-9	510	1002.47	29.25	3.40499	
1429813811	219229	5	14	-2100	-62	-15	659	298	-17	509	1002.54	29.25	3.40499	
1429813811	319261	5	45	-2075	-56	-18	659	304	-24	508	1002.5	29.25	3.40499	
1429813811	419241	11	32	-2093	-58	-22	666	307	-32	507	1002.57	29.26	3.40499	
1429813811	519281	17	1	-2101	-58	-25	665	309	-41	507	1002.52	29.26	3.40499	
1429813811	619302	10	15	-2089	-54	-19	668	313	-51	508	1002.52	29.26	3.40499	
1429813811	719262	0	34	-2080	-49	-29	666	315	-60	506	1002.58	29.25	3.40499	
1429813811	819248	-4	29	-2086	-52	-23	665	320	-69	506	1002.5	29.27	3.40499	
1429813811	919270	6	14	-2089	-54	-25	663	324	-78	505	1002.52	29.26	3.44756	
1429813812	19276	20	23	-2076	-50	-22	669	325	-88	505	1002.46	29.26	3.44756	
1429813812	119269	1	40	-2097	-52	-26	667	326	-96	505	1002.47	29.27	3.44756	
1429813812	219287	8	25	-2065	-58	-29	665	327	-107	506	1002.57	29.28	3.44756	
1429813812	319259	15	23	-2076	-55	-20	668	330	-118	505	1002.48	29.25	3.44756	
1429813812	419239	10	24	-2085	-58	-20	671	330	-126	505	1002.45	29.26	3.44756	
1429813812	519265	-1	14	-2087	-59	-19	669	332	-135	506	1002.45	29.28	3.44756	
1429813812	619266	14	23	-2091	-61	-24	667	331	-145	506	1002.42	29.28	3.44756	
1429813812	719270	7	39	-2068	-58	-16	674	331	-155	505	1002.5	29.28	3.44756	
1429813812	819283	13	22	-2094	-59	-17	674	329	-165	506	1002.45	29.28	3.44756	
1429813812	919306	2	22	-2082	-61	-16	674	328	-175	507	1002.55	29.29	3.44732	
1429813813	19266	15	28	-2081	-55	-17	677	329	-185	504	1002.58	29.29	3.44732	
1429813813	119290	21	25	-2094	-54	-16	677	325	-193	505	1002.43	29.29	3.44732	
1429813813	219419	11	14	-2065	-58	-15	681	324	-205	505	1002.59	29.29	3.44732	
1429813813	319437	12	28	-2071	-56	-17	680	320	-215	506	1002.45	29.28	3.44732	
1429813813	419235	12	16	-2077	-52	-19	677	318	-221	508	1002.52	29.29	3.44732	
1429813813	519295	12	15	-2090	-55	-16	680	314	-234	505	1002.5	29.3	3.44732	
1429813813	619251	18	25	-2087	-49	-22	680	312	-240	506	1002.42	29.3	3.44732	
1429813813	719283	2	23	-2092	-60	-20	680	308	-250	508	1002.4	29.31	3.44732	
1429813813	819262	14	30	-2084	-53	-25	679	304	-258	507	1002.45	29.3	3.44732	
1429813813	919248	5	26	-2084	-54	-22	680	298	-267	508	1002.46	29.32	3.46737	
1429813814	19234	2	18	-2064	-54	-21	683	293	-278	510	1002.43	29.31	3.46737	
1429813814	119276	7	23	-2088	-57	-27	685	288	-285	509	1002.48	29.31	3.46737	
1429813814	219247	-1	26	-2084	-60	-29	688	283	-294	508	1002.52	29.31	3.46737	
1429813814	319251	21	16	-2092	-60	-26	684	277	-300	511	1002.43	29.31	3.46737	
1429813814	419219	1	26	-2090	-61	-27	682	271	-308	510	1002.53	29.32	3.46737	
1429813814	519289	10	13	-2091	-59	-17	687	262	-318	511	1002.33	29.31	3.46737	
1429813814	619275	1	25	-2095	-60	-19	687	256	-324	511	1002.42	29.32	3.46737	
1429813814	719303	7	11	-2087	-62	-21	686	251	-332	514	1002.37	29.31	3.46737	
1429813814	819239	17	26	-2099	-60	-23	690	245	-337	511	1002.53	29.31	3.46737	
1429813814	919212	11	29	-2081	-61	-20	691	237	-345	513	1002.42	29.32	3.51414	
1429813815	19275	12	24	-2081	-61	-19	688	229	-351	514	1002.46	29.32	3.51414	
1429813815	119202	18	26	-2078	-55	-15	693	220	-358	514	1002.51	29.32	3.51414	
1429813815	219207	10	28	-2090	-48	-20	691	211	-363	516	1002.48	29.33	3.51414	
1429813815	319229	7	27	-2082	-53	-19	696	204	-368	518	1002.36	29.32	3.51414	
1429813815	419418	19	32	-2076	-57	-20	692	194	-372	516	1002.39	29.32	3.51414	
1429813815	519202	0	14	-2087	-52	-18	698	183	-379	519	1002.45	29.33	3.51414	
1429813815	619207	21	23	-2083	-47	-16	698	176	-383	521	1002.62	29.32	3.51414	
1429813815	719217	12	24	-2093	-47	-18	695	166	-384	519	1002.48	29.33	3.51414	
1429813815	819214	15	23	-2086	-49	-21	690	156	-387	521	1002.56	29.33	3.51414	
1429813815	919223	-2	15	-2099	-54	-26	694	147	-393	523	1002.46	29.32	3.45083	
1429813816	19239	4	19	-2090	-53	-19	700	137	-395	523	1002.43	29.34	3.45083	
1429813816	119241	8	21	-2094	-53	-19	697	130	-398	526	1002.5	29.34	3.45083	
1429813816	219220	6	26	-2086	-51	-24	694	117	-401	528	1002.38	29.34	3.45083	
1429813816	319336	4	21	-2080	-55	-22	702	109	-402	525	1002.46	29.34	3.45083	
1429813816	419248	12	12	-2064	-59	-21	697	99	-404	528	1002.47	29.34	3.45083	
1429813816	519266	12	21	-2083	-61	-16	697	88	-404	528	1002.44	29.34	3.45083	
1429813816	619246	7	17	-2068	-59	-22	701	77	-406	527	1002.39	29.34	3.45083	
1429813816	719244	-3	9	-2068	-60	-19	701	67	-406	530	1002.5	29.34	3.45083	
1429813816	819232	9	19	-2105	-56	-18	699	58	-408	532	1002.44	29.33	3.45083	
1429813816	919262	6	33	-2073	-54	-21	705	45	-407	532	1002.45	29.33	3.42506	
1429813817	19272	7	29	-2095	-62	-21	704	35	-407	534	1002.42	29.32	3.42506	
1429813817	119305	7	19	-2079	-63	-16	708	27	-406	532	1002.54	29.34	3.42506	
1429813817	219294	11	20	-2078	-60	-18	708	14	-404	535	1002.42	29.35	3.42506	
1429813817	319294	3	29	-2091	-51	-17	705	4	-402	539	1002.48	29.34	3.42506	
1429813817	419244	4	25	-2087	-49	-17	709	-6	-401	536	1002.42	29.34	3.42506	
1429813817	519278	-3	14	-2071	-51	-22	707	-17	-396	538	1002.43	29.34	3.42506	
1429813817	619271	11	21	-2104	-52	-23	712	-26	-394	540	1002.42	29.35	3.42506	
1429813817	719291	2	19	-2099	-52	-18	706	-36	-392	540	1002.52	29.35	3.42506	
1429813817	819292	9	23	-2072	-50	-22	713	-50	-388	541	1002.46	29.35	3.42506	
1429813817	919303	13	34	-2087	-47	-23	708	-57	-382	543	1002.36	29.34	3.42555	
1429813818	19264	7	21	-2091	-52	-25	712	-66	-379	543	1002.54	29.36	3.42555	
1429813818	119245	13	14	-2071	-54	-23	711	-75	-374	544	1002.52	29.35	3.42555	
1429813818	219420	22	41	-2095	-54	-28	715	-85	-366	546	1002.48	29.34	3.42555	
1429813818	319455	11	17	-2080	-54	-26	708	-92	-362	546	1002.43	29.34	3.42555	
1429813818	419236	12	24	-2069	-56	-23	718	-99	-358	546	1002.41	29.35	3.42555	
1429813818	519340	17	19	-2078	-54	-23	713	-110	-350	548	1002.43	29.34	3.42555	
1429813818	619255	10	21	-2081	-56	-21	714	-119	-344	549	1002.52	29.35	3.42555	
1429813818	719277	6	14	-2078	-59	-21	715	-124	-337	549	1002.47	29.36	3.42555	
1429813818	819229	0	23	-2082	-49	-17	719	-134	-330	550	1002.49	29.35	3.42555	
1429813818	919263	7	26	-2097	-51	-15	717	-141	-323	551	1002.4	29.34	3.45535	
1429813819	19231	16	3	-2084	-58	-14	720	-148	-316	550	1002.41	29.35	3.45535	
1429813819	119459	21	7	-2075	-50	-14	714	-154	-307	555	1002.51	29.34	3.45535	
1429813819	219232	5	26	-2096	-58	-10	715	-163	-298	554	1002.56	29.35	3.45535	
1429813819	319276	7	26	-2067	-53	-14	717	-171	-291	553	1002.49	29.35	3.45535	
1429813819	419233	1	42	-2079	-57	-16	727	-175	-281	555	1002.41	29.35	3.45535	
1429813819	519291	3	25	-2079	-51	-11	722	-181	-272	556	1002.59	29.34	3.45535	
1429813819	619261	5	35	-2088	-50	-11	727	-187	-263	555	1002.44	29.34	3.45535	
1429813819	719236	7	29	-2095	-51	-18	720	-190	-253	556	1002.44	29.34	3.45535	
1429813819	819238	5	33	-2076	-56	-25	726	-197	-245	557	1002.36	29.34	3.45535	
1429813819	919240	9	31	-2097	-47	-21	724	-198	-235	556	1002.5	29.34	3.45553	
1429813820	19255	12	14	-2095	-54	-23	725	-203	-225	558	1002.5	29.34	3.45553	
1429813820	119225	6	32	-2088	-56	-19	723	-208	-215	559	1002.48	29.34	3.45553	
1429813820	219208	10	30	-2064	-61	-24	726	-211	-204	559	1002.42	29.35	3.45553	
1429813820	319234	6	17	-2066	-58	-25	728	-214	-194	558	1002.38	29.35	3.45553	
1429813820	419240	4	19	-2077	-57	-29	728	-215	-184	558	1002.43	29.34	3.45553	
1429813820	519215	18	24	-2108	-52	-29	729	-218	-173	557	1002.39	29.32	3.45553	
1429813820	619335	23	34	-2081	-58	-27	728	-217	-162	561	1002.39	29.34	3.45553	
1429813820	719193	22	31	-2085	-61	-23	727	-217	-153	560	1002.47	29.34	3.45553	
1429813820	819203	8	18	-2087	-51	-28	727	-221	-140	559	1002.32	29.34	3.45553	
1429813820	919213	7	26	-2090	-55	-23	723	-218	-132	561	1002.46	29.34	3.44549	
1429813821	19215	3	15	-2092	-54	-22	729	-218	-120	559	1002.39	29.34	3.44549	
1429813821	119326	2	24	-2080	-51	-23	730	-217	-109	559	1002.48	29.34	3.44549	
1429813821	219245	1	23	-2076	-53	-12	732	-214	-99	561	1002.55	29.33	3.44549	
1429813821	319350	13	33	-2078	-47	-17	731	-215	-89	560	1002.49	29.33	3.44549	
1429813821	419248	14	29	-2089	-51	-17	738	-212	-77	558	1002.56	29.33	3.44549	
1429813821	519270	8	23	-2065	-48	-21	739	-209	-68	559	1002.55	29.33	3.44549	
1429813821	619272	14	26	-2094	-46	-14	735	-209	-57	558	1002.54	29.34	3.44549	
1429813821	719260	3	34	-2101	-48	-12	736	-204	-48	557	1002.49	29.33	3.44549	
1429813821	819242	13	24	-2079	-54	-17	740	-202	-36	558	1002.48	29.33	3.44549	
1429813821	919263	16	22	-2078	-54	-22	731	-197	-27	558	1002.52	29.33	3.43891	
1429813822	19264	4	22	-2081	-49	-22	736	-193	-18	556	1002.5	29.32	3.43891	
1429813822	119261	5	22	-2072	-54	-23	738	-187	-6	555	1002.47	29.32	3.43891	
1429813822	219275	9	32	-2090	-55	-17	743	-182	2	556	1002.4	29.33	3.43891	
1429813822	319295	4	21	-2081	-52	-18	737	-178	12	555	1002.34	29.31	3.43891	
1429813822	419261	2	25	-2097	-52	-16	742	-171	20	554	1002.6	29.33	3.43891	
1429813822	519264	5	27	-2067	-50	-23	743	-165	27	555	1002.45	29.3	3.43891	
1429813822	619259	3	15	-2088	-55	-19	739	-156	36	552	1002.44	29.31	3.43891	
1429813822	719276	21	20	-2073	-57	-18	740	-151	43	553	1002.51	29.33	3.43891	
1429813822	819287	-3	23	-2100	-58	-20	740	-142	52	553	1002.6	29.31	3.43891	
1429813822	919312	20	25	-2077	-57	-18	738	-134	59	550	1002.51	29.31	3.44246	
1429813823	19312	10	28	-2074	-53	-22	740	-128	65	552	1002.49	29.31	3.44246	
1429813823	119217	11	16	-2099	-58	-25	742	-118	73	552	1002.41	29.31	3.44246	
1429813823	219419	4	35	-2081	-47	-21	747	-110	80	548	1002.6	29.31	3.44246	
1429813823	319436	3	32	-2069	-56	-21	745	-99	86	550	1002.42	29.32	3.44246	
1429813823	419305	17	27	-2102	-54	-19	746	-93	91	548	1002.66	29.31	3.44246	
1429813823	519256	13	20	-2073	-45	-20	747	-80	97	546	1002.55	29.31	3.44246	
1429813823	619242	6	14	-2081	-49	-19	748	-73	101	547	1002.48	29.31	3.44246	
1429813823	719366	12	22	-2079	-48	-19	749	-63	107	547	1002.53	29.31	3.44246	
1429813823	819241	3	26	-2081	-46	-17	749	-52	110	543	1002.5	29.3	3.44246	
1429813823	919243	12	26	-2072	-46	-22	750	-42	114	542	1002.4	29.31	3.43129	
1429813824	19224	-7	19	-2093	-47	-22	754	-32	119	541	1002.55	29.31	3.43129	
1429813824	119267	9	26	-2079	-51	-16	750	-19	121	539	1002.52	29.29	3.43129	
1429813824	219243	9	19	-2069	-48	-20	749	-10	125	539	1002.5	29.3	3.43129	
1429813824	319248	45	108	-1971	-23	-20	750	2	126	538	1002.48	29.29	3.43129	
1429813824	419262	3	4	-2088	-43	-21	759	12	129	536	1002.44	29.31	3.43129	
1429813824	519304	7	1	-2094	-46	-19	749	24	130	536	1002.63	29.29	3.43129	
1429813824	619273	7	46	-2064	-55	-16	750	33	131	536	1002.55	29.29	3.43129	
1429813824	719240	20	23	-2085	-56	-21	750	43	132	534	1002.55	29.29	3.43129	
1429813824	819253	13	22	-2090	-54	-20	755	56	131	531	1002.61	29.3	3.43129	
1429813824	919205	-2	17	-2084	-59	-16	756	66	130	532	1002.58	29.31	3.42987	
1429813825	19175	20	20	-2084	-54	-16	758	77	129	528	1002.49	29.3	3.42987	
1429813825	119198	1	20	-2087	-54	-13	753	91	128	529	1002.48	29.29	3.42987	
1429813825	219196	0	21	-2083	-59	-18	758	101	127	529	1002.55	29.31	3.42987	
1429813825	319224	-4	22	-2083	-59	-24	756	112	125	526	1002.48	29.29	3.42987	
1429813825	419276	1	16	-2098	-53	-20	757	123	122	524	1002.6	29.31	3.42987	
1429813825	519223	7	23	-2082	-58	-18	760	132	119	526	1002.53	29.3	3.42987	
1429813825	619197	9	27	-2092	-54	-16	761	143	116	523	1002.54	29.3	3.42987	
1429813825	719180	41	-45	-2085	-77	-33	758	154	110	523	1002.6	29.31	3.42987	
1429813825	819199	-7	41	-2101	-31	-11	762	165	106	522	1002.71	29.31	3.42987	
1429813825	919224	18	-21	-2108	-52	-21	756	175	102	520	1002.76	29.32	3.42112	
1429813826	19216	20	72	-2075	-38	-15	767	184	96	519	1002.48	29.31	3.42112	
1429813826	119228	10	4	-2104	-41	-17	760	195	92	518	1002.48	29.31	3.42112	
1429813826	219215	11	7	-2116	-62	-22	759	204	85	517	1002.52	29.33	3.42112	
1429813826	319260	9	51	-2072	-45	-26	763	214	80	517	1002.61	29.32	3.42112	
1429813826	419244	9	-4	-2108	-39	-30	766	224	72	516	1002.43	29.32	3.42112	
1429813826	519272	3	38	-2082	-54	-21	761	232	66	515	1002.49	29.33	3.42112	
1429813826	619285	17	37	-2077	-40	-23	764	241	59	515	1002.54	29.31	3.42112	
1429813826	719254	12	4	-2087	-53	-21	764	248	50	514	1002.48	29.33	3.42112	
1429813826	819235	21	16	-2084	-49	-18	762	256	42	513	1002.62	29.32	3.42112	
1429813826	919256	12	38	-2101	-54	-24	760	264	34	513	1002.53	29.34	3.41892	
1429813827	19243	14	23	-2084	-49	-19	766	272	25	510	1002.61	29.34	3.41892	
1429813827	119292	11	20	-2095	-54	-24	761	278	15	509	1002.51	29.33	3.41892	
1429813827	219270	3	23	-2092	-48	-16	763	284	7	509	1002.64	29.34	3.41892	
1429813827	319255	18	21	-2082	-51	-21	768	291	-1	510	1002.54	29.34	3.41892	
1429813827	419242	10	39	-2070	-44	-17	769	296	-12	507	1002.49	29.33	3.41892	
1429813827	519256	11	25	-2081	-52	-15	768	301	-23	508	1002.5	29.34	3.41892	
1429813827	619254	7	24	-2076	-59	-16	766	309	-33	508	1002.56	29.33	3.41892	
1429813827	719286	17	17	-2103	-61	-8	767	310	-44	507	1002.43	29.34	3.41892	
1429813827	819286	9	16	-2089	-53	-18	765	313	-52	507	1002.51	29.34	3.41892	
1429813827	919308	19	32	-2096	-55	-13	771	317	-65	507	1002.55	29.34	3.4192	
1429813828	19264	5	18	-2081	-57	-13	770	319	-75	507	1002.48	29.34	3.4192	
1429813828	119284	12	27	-2064	-56	-18	767	322	-87	505	1002.5	29.34	3.4192	
1429813828	219405	11	30	-2075	-54	-18	770	325	-96	507	1002.48	29.35	3.4192	
1429813828	319425	9	17	-2084	-51	-18	771	322	-109	506	1002.49	29.35	3.4192	
1429813828	419219	7	19	-2089	-50	-20	764	329	-119	503	1002.34	29.35	3.4192	
1429813828	519238	10	32	-2102	-51	-23	773	329	-131	506	1002.54	29.36	3.4192	
1429813828	619261	18	31	-2090	-52	-22	773	330	-140	504	1002.52	29.35	3.4192	
1429813828	719254	7	26	-2074	-45	-21	776	331	-152	505	1002.49	29.35	3.4192	
1429813828	819276	14	25	-2085	-50	-18	772	327	-163	506	1002.56	29.37	3.4192	
1429813828	919258	12	23	-2086	-52	-26	776	327	-174	505	1002.5	29.36	3.43255	
1429813829	19253	0	20	-2070	-52	-24	775	325	-186	505	1002.44	29.36	3.43255	
1429813829	119342	9	26	-2077	-56	-25	770	327	-196	506	1002.47	29.36	3.43255	
1429813829	219245	9	25	-2085	-52	-26	780	323	-208	505	1002.54	29.36	3.43255	
1429813829	319254	10	23	-2073	-55	-19	777	317	-219	505	1002.41	29.37	3.43255	
1429813829	419229	6	21	-2094	-49	-16	785	316	-229	506	1002.46	29.37	3.43255	
1429813829	519241	8	32	-2084	-54	-23	778	312	-239	507	1002.35	29.37	3.43255	
1429813829	619263	1	29	-2086	-51	-21	781	306	-250	507	1002.39	29.37	3.43255	
1429813829	719283	12	44	-2091	-53	-19	783	303	-262	508	1002.44	29.36	3.43255	
1429813829	819218	1	23	-2076	-52	-17	778	297	-270	508	1002.54	29.39	3.43255	
1429813829	919209	-4	31	-2082	-47	-12	782	291	-279	509	1002.5	29.39	3.41553	
1429813830	19196	21	28	-2082	-47	-12	786	285	-290	509	1002.44	29.38	3.41553	
1429813830	119219	11	26	-2091	-47	-16	788	278	-299	508	1002.35	29.37	3.41553	
1429813830	219211	17	24	-2092	-44	-14	784	271	-308	511	1002.41	29.38	3.41553	
1429813830	319221	5	18	-2080	-46	-14	787	262	-317	512	1002.42	29.39	3.41553	
1429813830	419232	-7	25	-2071	-46	-21	796	255	-325	510	1002.42	29.39	3.41553	
1429813830	519206	14	23	-2064	-45	-18	791	248	-333	512	1002.39	29.39	3.41553	
1429813830	619193	20	18	-2087	-45	-18	787	239	-341	514	1002.38	29.39	3.41553	
1429813830	719213	16	24	-2095	-48	-17	791	230	-347	514	1002.43	29.39	3.41553	
1429813830	819234	7	13	-2071	-50	-19	793	221	-354	516	1002.45	29.41	3.41553	
1429813830	919206	9	16	-2069	-51	-25	791	214	-360	517	1002.39	29.39	3.41921	
1429813831	19222	-5	21	-2102	-48	-21	799	202	-367	518	1002.36	29.4	3.41921	
1429813831	119225	20	30	-2082	-55	-25	795	192	-373	518	1002.32	29.4	3.41921	
1429813831	219228	2	22	-2088	-51	-20	795	183	-377	520	1002.45	29.41	3.41921	
1429813831	319252	4	15	-2076	-52	-22	804	172	-383	521	1002.52	29.4	3.41921	
1429813831	419244	11	29	-2085	-55	-20	799	161	-388	520	1002.53	29.41	3.41921	
1429813831	519276	-18	18	-2081	-54	-12	782	151	-393	523	1002.53	29.41	3.41921	
1429813831	619276	9	31	-2080	-47	-15	801	138	-396	521	1002.49	29.41	3.41921	
1429813831	719284	14	-12	-2084	-49	-11	803	126	-399	523	1002.29	29.4	3.41921	
1429813831	819263	13	32	-2063	-56	-23	799	115	-401	525	1002.4	29.41	3.41921	
1429813831	919268	0	32	-2075	-51	-18	801	103	-404	525	1002.41	29.4	3.42166	
1429813832	19266	9	34	-2087	-49	-16	807	92	-405	526	1002.4	29.4	3.42166	
1429813832	119264	15	13	-2095	-42	-13	809	81	-406	530	1002.45	29.41	3.42166	
1429813832	219274	19	15	-2096	-44	-15	807	70	-407	529	1002.39	29.39	3.42166	
1429813832	319302	10	31	-2097	-41	-19	806	55	-406	530	1002.38	29.41	3.42166	
1429813832	419259	17	22	-2081	-40	-27	812	43	-407	532	1002.41	29.41	3.42166	
1429813832	519265	19	18	-2081	-48	-18	808	34	-405	532	1002.41	29.4	3.42166	
1429813832	619275	7	13	-2074	-45	-23	811	19	-405	534	1002.36	29.4	3.42166	
1429813832	719297	13	24	-2106	-40	-23	805	11	-402	536	1002.45	29.41	3.42166	
1429813832	819298	13	33	-2084	-46	-26	812	-1	-399	536	1002.51	29.4	3.42166	
1429813832	919329	-5	23	-2068	-51	-25	813	-16	-397	537	1002.29	29.4	3.37946	
1429813833	19261	10	26	-2074	-49	-20	809	-27	-393	540	1002.26	29.4	3.37946	
1429813833	119380	3	23	-2085	-49	-18	810	-38	-390	540	1002.44	29.4	3.37946	
1429813833	219405	-1	30	-2066	-55	-20	809	-48	-384	542	1002.34	29.39	3.37946	
1429813833	319438	11	23	-2085	-49	-17	811	-59	-381	543	1002.52	29.4	3.37946	
1429813833	419231	5	7	-2086	-50	-14	810	-71	-376	544	1002.41	29.41	3.37946	
1429813833	519773	-1	24	-2097	-49	-18	815	-81	-370	544	1002.35	29.41	3.37946	
1429813833	619258	7	21	-2106	-54	-13	809	-93	-362	546	1002.38	29.39	3.37946	
1429813833	719434	1	24	-2093	-54	-13	812	-101	-357	546	1002.46	29.39	3.37946	
1429813833	819276	3	24	-2084	-47	-14	812	-112	-350	547	1002.49	29.41	3.37946	
1429813833	919364	12	25	-2069	-46	-12	810	-119	-343	549	1002.43	29.4	3.48697	
1429813834	19253	10	22	-2083	-55	-17	807	-130	-336	550	1002.47	29.4	3.48697	
1429813834	119274	3	20	-2067	-50	-15	813	-139	-326	550	1002.43	29.4	3.48697	
1429813834	219265	16	28	-2078	-51	-22	806	-148	-318	553	1002.49	29.41	3.48697	
1429813834	319240	11	8	-2076	-43	-19	812	-154	-309	552	1002.43	29.4	3.48697	
1429813834	419227	13	27	-2085	-52	-21	814	-162	-299	551	1002.47	29.4	3.48697	
1429813834	519313	5	15	-2088	-49	-22	811	-171	-289	555	1002.39	29.39	3.48697	
1429813834	619269	8	21	-2106	-47	-22	811	-176	-280	554	1002.35	29.39	3.48697	
1429813834	719237	21	19	-2065	-46	-21	806	-183	-268	554	1002.45	29.39	3.48697	
1429813834	819298	-3	32	-2088	-47	-19	806	-190	-260	557	1002.4	29.38	3.48697	
1429813834	919234	12	22	-2092	-48	-25	807	-194	-249	557	1002.43	29.39	3.47266	
1429813835	19171	1	27	-2072	-50	-26	805	-197	-237	556	1002.42	29.39	3.47266	
1429813835	119195	6	15	-2070	-55	-26	809	-202	-227	558	1002.45	29.39	3.47266	
1429813835	219241	6	35	-2088	-49	-20	807	-205	-215	558	1002.44	29.38	3.47266	
1429813835	319255	4	34	-2071	-47	-18	809	-209	-204	558	1002.43	29.4	3.47266	
1429813835	419252	1	14	-2079	-52	-21	801	-213	-192	560	1002.43	29.39	3.47266	
1429813835	519238	4	22	-2101	-49	-18	802	-214	-183	559	1002.44	29.38	3.47266	
1429813835	619210	-5	19	-2086	-51	-21	802	-218	-169	558	1002.5	29.37	3.47266	
1429813835	719214	14	33	-2082	-48	-16	798	-217	-158	560	1002.46	29.37	3.47266	
1429813835	819235	10	17	-2088	-50	-14	798	-220	-147	560	1002.35	29.37	3.47266	
1429813835	919230	5	21	-2087	-48	-12	799	-220	-135	558	1002.41	29.38	3.42026	
1429813836	19225	4	7	-2103	-47	-16	794	-219	-124	558	1002.39	29.39	3.42026	
1429813836	119219	17	28	-2094	-52	-18	795	-218	-112	562	1002.51	29.38	3.42026	
1429813836	219218	5	20	-2085	-51	-13	797	-216	-102	558	1002.43	29.37	3.42026	
1429813836	319333	15	33	-2071	-47	-17	795	-216	-89	559	1002.45	29.37	3.42026	
1429813836	419244	1	23	-2073	-43	-14	795	-214	-77	560	1002.33	29.38	3.42026	
1429813836	519293	2	32	-2071	-45	-16	791	-210	-66	558	1002.37	29.38	3.42026	
1429813836	619289	7	30	-2081	-48	-20	789	-207	-55	558	1002.5	29.37	3.42026	
1429813836	719300	4	34	-2077	-51	-20	796	-204	-44	560	1002.35	29.37	3.42026	
1429813836	819345	12	24	-2082	-46	-19	787	-200	-33	556	1002.47	29.36	3.42026	