time_s	time_us	phi_deg	theta_deg	psi_deg	p_deg_s	q_deg_s	r_deg_s	ax_ms2	ay_ms2	az_ms2	
1429813804	880655	-0.0750632	-0.00703285	0.611451	-2.74717	-0.217836	22.7363	0.0718506	0.134121	-9.94891	
1429813804	930744	-0.200647	-0.02285	1.71795	-2.10406	-0.301193	22.0694	0.00479004	0.0670606	-9.9058	
1429813804	980702	-0.311821	-0.029413	2.82755	-2.48745	0.429078	22.3234	0.0431104	0.177231	-9.86748	
1429813805	30783	-0.424538	-0.0257559	3.91908	-2.051	-0.00144165	21.5746	0.0622705	0.134121	-9.92017	
1429813805	80720	-0.507558	-0.0163161	4.9832	-1.19647	-0.312252	21.3608	0.129331	0.0526904	-9.96807	
1429813805	130809	-0.596439	-0.00780203	6.04258	-2.00619	-0.586827	21.0889	0.0335303	0.0862207	-10.0016	
1429813805	180711	-0.680541	-0.010995	7.0847	-1.59684	-0.530099	20.6587	0.0287402	0.114961	-9.9537	
1429813805	230803	-0.773646	-0.0082623	8.12416	-1.91336	-0.501356	20.6334	0.0431104	0.114961	-10.0112	
1429813805	280764	-0.853311	-0.00888926	9.13853	-1.36181	-0.0854016	20.4197	-0.00958008	0.162861	-10.0064	
1429813805	330864	-0.929336	-0.00645365	10.1454	-0.794779	-0.206725	20.2192	0.0287402	0.0862207	-9.97765	
1429813805	380676	-1.01278	-0.00473527	11.1289	-1.79511	-0.622992	19.5038	0.0479004	0.143701	-10.0256	
1429813805	430678	-1.08111	-0.00122052	12.1079	-1.1145	-0.587072	19.581	0.0526904	0.105381	-9.97286	
1429813805	480625	-1.15096	0.00210888	13.0677	-1.23176	-0.13883	19.0775	0.0335303	0.148491	-10.0351	
1429813805	530773	-1.22291	0.0177579	14.0053	-1.58238	0.0595657	18.757	0.00958008	0.0862207	-9.99681	
1429813805	580647	-1.27812	0.0358104	14.9362	-1.25293	0.0524769	18.3968	0.00958008	0.0622705	-9.94891	
1429813805	630722	-1.33159	0.0475173	15.85	-1.13082	-0.196614	18.3433	0.0479004	0.182021	-9.97765	
1429813805	680864	-1.38722	0.0628991	16.7432	-0.902844	0.0371496	17.8006	0.105381	0.129331	-9.9537	
1429813805	730747	-1.42668	0.0776544	17.6123	-0.58314	-0.0642272	17.0506	0.0191602	0.114961	-9.93933	
1429813805	780683	-1.4662	0.0828827	18.4671	-0.461999	-0.246896	17.1466	0.0479004	0.138911	-9.99202	
1429813805	830866	-1.51575	0.0928978	19.3173	-1.27702	-0.268118	16.9018	0.124541	0.0479004	-9.95849	
1429813805	880690	-1.55282	0.108863	20.1428	-1.04822	-0.238284	16.2646	0.0143701	0.138911	-10.0208	
1429813805	930702	-1.59221	0.112391	20.9573	-1.02292	-0.324386	16.0075	0.0574805	0.196392	-10.0303	
1429813805	980728	-1.62221	0.122782	21.7482	-0.356316	-0.189145	15.4237	0.0622705	0.129331	-9.92975	
1429813806	30724	-1.64886	0.143205	22.5338	-0.696752	-0.0665091	15.5082	0.0479004	0.0862207	-9.96807	
1429813806	80756	-1.66618	0.145235	23.2775	-0.2322	-0.372046	15.0381	0.0239502	0.148491	-10.0543	
1429813806	130677	-1.6898	0.154234	24.0211	-0.507006	-0.164642	14.7014	-0.0191602	0.105381	-9.93454	
1429813806	180633	-1.70498	0.151262	24.7441	-0.125151	-0.596548	14.229	0.00479004	0.0862207	-9.97765	
1429813806	230673	-1.7092	0.152539	25.4482	0.232768	-0.226857	13.9018	-0.00479004	0.134121	-9.91059	
1429813806	280761	-1.71965	0.149151	26.1259	-0.204093	-0.495177	13.532	0.0287402	0.0766406	-9.93933	
1429813806	330755	-1.71845	0.151108	26.7937	0.0880402	-0.423825	13.4531	0.0670606	0.153281	-10.0016	
1429813806	380683	-1.72799	0.154964	27.4294	0.0979948	-0.32204	12.7059	0.0383203	0.100591	-9.88664	
1429813806	430769	-1.74804	0.150915	28.0529	-0.398449	-0.482525	12.1966	0.0287402	0.124541	-9.97765	
1429813806	480694	-1.76053	0.158373	28.638	-0.16497	-0.162072	11.7167	0.0335303	0.143701	-9.98244	
1429813806	530779	-1.75939	0.15313	29.2149	-0.307184	-0.383756	11.3929	0.0670606	0.134121	-9.94412	
1429813806	580708	-1.75749	0.155942	29.7542	0.254497	0.19728	10.6385	0	0.119751	-9.97765	
1429813806	630823	-1.75063	0.144882	30.28	0.154674	-0.783615	10.3435	0.0431104	0.0910107	-9.92017	
1429813806	680639	-1.75137	0.148607	30.7769	0.116704	0.0280842	9.84268	-0.00958008	0.0958008	-9.92496	
1429813806	730877	-1.74934	0.149172	31.2618	0.132145	-0.252671	9.86901	0.0191602	0.0958008	-9.98723	
1429813806	780721	-1.7387	0.15373	31.7168	0.253443	-0.304958	8.78035	0.0479004	0.0814307	-9.94891	
1429813806	830822	-1.73326	0.143985	32.1573	0.0544217	-0.643565	8.8376	0.0383203	0.143701	-10.016	
1429813806	880667	-1.72237	0.147419	32.5564	-0.258864	-0.332971	8.16224	0.0574805	0.167651	-10.0016	
1429813806	930772	-1.71949	0.153636	32.9319	-0.324755	0.0172539	7.51901	0	0.0622705	-9.96807	
1429813806	980685	-1.72673	0.153851	33.285	-0.469302	-0.0239489	6.63352	0.0143701	0.148491	-9.91538	
1429813807	30771	-1.73331	0.14999	33.612	0.318476	-0.326638	6.34014	0.0622705	0.143701	-9.97286	
1429813807	80709	-1.73804	0.163224	33.9026	-0.110895	0.0528461	5.58886	0.0670606	0.0862207	-10.0256	
1429813807	130775	-1.72871	0.169489	34.1737	0.136861	-0.0065279	5.24179	0.0287402	0.110171	-10.0112	
1429813807	180715	-1.71715	0.171363	34.4225	0.325009	-0.154312	4.76586	0.0143701	0.148491	-10.0064	
1429813807	230822	-1.70957	0.159981	34.6411	0.680036	-0.372042	4.55532	0.0143701	0.124541	-9.99681	
1429813807	280751	-1.70872	0.158899	34.8233	-0.00502734	0.0629238	3.63791	0.0766406	0.134121	-10.0447	
1429813807	330813	-1.69839	0.160957	34.9832	0.458811	0.053264	3.00347	0.0479004	0.124541	-9.97286	
1429813807	380731	-1.68987	0.170219	35.1155	0.212119	-0.148904	2.55117	0.0718506	0.114961	-9.9537	
1429813807	430705	-1.68087	0.193336	35.2186	-0.138388	0.358681	1.50166	0.0431104	0.110171	-10.083	
1429813807	480672	-1.67654	0.196645	35.2907	0.603313	0.0669673	1.25881	-0.00958008	0.105381	-10.0256	
1429813807	530780	-1.67014	0.191814	35.3458	0.311391	-0.211931	0.854122	0.00479004	0.100591	-9.98723	
1429813807	580728	-1.67209	0.191765	35.3722	-0.0323229	-0.0941311	0.584637	0.0574805	0.105381	-9.97765	
1429813807	630866	-1.67834	0.196765	35.3676	0.0605737	0.214804	-0.354193	0.0766406	0.0814307	-9.98723	
1429813807	680664	-1.68272	0.214315	35.3318	-0.279939	0.340582	-0.782506	0.0670606	0.0574805	-9.9537	
1429813807	730764	-1.67777	0.220604	35.2729	0.187375	0.242014	-1.29575	0.0143701	0.0958008	-10.0399	
1429813807	780726	-1.67869	0.227932	35.18	0.277879	0.22123	-2.07354	0.0431104	0.0910107	-9.92496	
1429813807	830770	-1.6778	0.233809	35.0635	0.074142	0.293122	-2.64522	0.0335303	0.138911	-9.91538	
1429813807	880703	-1.67531	0.240304	34.9148	0.430906	-0.230937	-3.05741	0.00958008	0.100591	-10.0016	
1429813807	930786	-1.67237	0.244758	34.7507	0.337503	0.264544	-3.40826	0.0670606	0.114961	-9.93454	
1429813807	980707	-1.67295	0.245723	34.5576	-0.06767	0.0092667	-4.38025	0.0526904	0.0862207	-9.89622	
1429813808	30817	-1.67274	0.248207	34.3311	0.0899094	-0.0462543	-4.5783	-0.0143701	0.134121	-9.86748	
1429813808	80672	-1.67816	0.243923	34.0933	-0.262881	0.309228	-5.15564	0.0718506	0.105381	-9.97286	
1429813808	130802	-1.69695	0.25335	33.8272	-0.85016	0.492327	-5.46245	0.0574805	0.114961	-10.0256	
1429813808	180674	-1.70266	0.269764	33.5356	0.248243	0.477877	-5.76605	0.0287402	0.0766406	-9.99681	
1429813808	231035	-1.71046	0.27066	33.2159	-0.258233	0.39108	-6.73599	0.0910107	0.119751	-9.94891	
1429813808	281040	-1.71308	0.281432	32.8771	-0.306357	0.509173	-6.80783	0.0814307	0.114961	-9.93933	
1429813808	330758	-1.71175	0.296713	32.5221	-0.0403271	0.593038	-7.48929	0.0287402	0.119751	-9.98723	
1429813808	380723	-1.71644	0.289923	32.1473	0.0591192	-0.0953218	-7.3777	0.0526904	0.105381	-9.94412	
1429813808	430777	-1.70871	0.292324	31.749	0.33674	0.139234	-8.07603	0.0479004	0.0766406	-10.016	
1429813808	480745	-1.702	0.283999	31.3349	0.284282	-0.330959	-8.37702	0.0335303	0.100591	-9.99681	
1429813808	530817	-1.70572	0.278029	30.912	-0.0748592	0.0252293	-8.71641	0	0.158071	-9.92975	
1429813808	580763	-1.72229	0.257597	30.4664	0.0954947	-0.508791	-9.11442	0.0670606	0.153281	-10.0016	
1429813808	630818	-1.73411	0.250422	30.0151	-0.344143	-0.0996273	-9.29325	0.0287402	0.0718506	-10.0399	
1429813808	680779	-1.74037	0.238514	29.5459	0.313562	0.205186	-9.46623	0.0622705	0.148491	-10.0447	
1429813808	730714	-1.73244	0.237391	29.0725	0.2636	0.518604	-9.4005	0.0143701	0.172441	-10.0016	
1429813808	780838	-1.73564	0.221752	28.5983	0.233353	-0.0836674	-9.52316	0.0670606	0.124541	-9.98723	
1429813808	830843	-1.73263	0.228535	28.1083	0.482029	0.45094	-10.0287	0.0191602	0.138911	-9.96328	
1429813808	880697	-1.7322	0.21645	27.6164	0.197562	0.318153	-9.91198	0.0526904	0.167651	-9.93454	
1429813808	930740	-1.72869	0.202569	27.1133	0.526148	0.0506189	-10.1173	0.0143701	0.100591	-9.93454	
1429813808	980720	-1.71957	0.205383	26.6077	0.0888444	0.424213	-9.9011	0.0287402	0.110171	-9.96807	
1429813809	30765	-1.71368	0.195631	26.0972	0.0058253	-0.410417	-10.1204	0.0574805	0.119751	-9.90101	
1429813809	80776	-1.7108	0.191843	25.5921	0.038286	0.114205	-10.1202	0.0287402	0.110171	-9.98723	
1429813809	130751	-1.71003	0.184221	25.0862	-0.129658	0.393995	-10.2016	0.0383203	0.114961	-9.95849	
1429813809	180737	-1.70882	0.168572	24.5846	-0.199382	-0.300471	-10.0917	-0.0766406	0.220342	-9.93933	
1429813809	230749	-1.71833	0.155677	24.0774	-0.529799	-0.0179557	-10.0059	0.153281	0.205972	-9.86748	
1429813809	280786	-1.70801	0.166451	23.5804	0.662937	1.00915	-10.0555	0.0191602	0.0670606	-9.97765	
1429813809	330768	-1.69304	0.163751	23.0962	0.390806	0.0901043	-9.55018	0.0862207	0.110171	-9.89143	
1429813809	380763	-1.69221	0.178441	22.613	0.237932	0.753552	-9.59529	0.105381	0.0910107	-9.94891	
1429813809	430802	-1.67202	0.178182	22.1388	0.661735	-0.0224015	-9.55305	0.0526904	0.158071	-10.0351	
1429813809	480734	-1.65699	0.180845	21.6808	0.404202	0.59149	-9.19434	0.00479004	0.124541	-9.92975	
1429813809	530824	-1.63509	0.179283	21.2369	0.251883	0.0415714	-8.72924	0.0670606	0.0814307	-9.98723	
1429813809	580780	-1.62115	0.177239	20.797	0.0809011	0.650271	-8.81524	0.0287402	0.129331	-10.0495	
1429813809	630821	-1.60927	0.16451	20.3713	0.310519	-0.147662	-8.42617	0.00479004	0.0958008	-9.99202	
1429813809	680770	-1.59272	0.161608	19.9751	0.264866	-0.149093	-7.94651	-0.00958008	0.0814307	-10.0064	
1429813809	730698	-1.58188	0.165254	19.5771	0.21642	0.54073	-7.87946	0.0143701	0.143701	-10.0639	
1429813809	780715	-1.57275	0.163243	19.2103	0.13887	0.119154	-7.2003	0.0862207	0.205972	-9.99202	
1429813809	830816	-1.56947	0.169784	18.8577	0.432744	0.0779454	-6.7549	0.0431104	0.105381	-9.86748	
1429813809	880811	-1.55657	0.175954	18.5167	0.336415	0.503859	-7.04036	0.0239502	0.100591	-9.97765	
1429813809	930730	-1.54263	0.191549	18.1974	-0.0406392	0.570686	-6.37575	-0.0479004	0.119751	-9.95849	
1429813809	980696	-1.53582	0.182035	17.9056	-0.126524	-0.471072	-5.56313	-0.00958008	0.0862207	-10.0447	
1429813810	30734	-1.53574	0.176118	17.6335	-0.277518	0.122666	-5.12165	0.0287402	0.143701	-9.97286	
1429813810	80725	-1.53883	0.174876	17.3792	-0.108758	-0.305609	-5.07461	0.0143701	0.0766406	-9.98723	
1429813810	130776	-1.52607	0.171471	17.1502	0.387287	0.0475494	-4.43855	0.0431104	0.0335303	-9.9537	
1429813810	180752	-1.51081	0.163443	16.9571	-0.11687	-0.800391	-3.8429	0.0766406	0.186812	-10.0735	
1429813810	230776	-1.53119	0.194863	16.7555	-0.638435	1.48898	-3.47977	0.0479004	0.244292	-9.87227	
1429813810	280767	-1.51295	0.204881	16.5942	0.452826	1.43186	-2.73792	0.0335303	0.234712	-9.79084	
1429813810	330793	-1.52888	0.202724	16.4547	0.194581	0.057481	-2.89403	0.134121	-0.143701	-10.0256	
1429813810	380979	-1.53901	0.20205	16.3262	-1.10301	-0.240643	-2.28109	0.114961	-0.0479004	-9.87227	
1429813810	430636	-1.52416	0.216663	16.2313	-0.895578	0.250325	-1.83313	0.0143701	0.110171	-10.0064	
1429813810	480801	-1.51771	0.219528	16.1594	-0.747729	-0.345443	-1.27872	0.0766406	0.158071	-9.89622	
1429813810	530768	-1.51438	0.228594	16.1122	0.0674292	0.328068	-0.800708	-0.0287402	0.215552	-10.0543	
1429813810	580628	-1.51867	0.228317	16.081	0.783552	0.237246	-0.464308	-0.0526904	0.249082	-10.0112	
1429813810	630682	-1.53701	0.223359	16.0694	0.897331	0.775479	-0.176084	0.0335303	0.196392	-9.98723	
1429813810	680641	-1.54361	0.236945	16.0849	1.11514	0.696878	0.544528	0.0574805	0.0814307	-9.94412	
1429813810	730878	-1.55737	0.226255	16.1287	-0.34795	0.223091	1.07209	0.0526904	0.0191602	-10.0782	
1429813810	780666	-1.55497	0.226103	16.1825	-0.46555	-0.591972	1.40621	0.114961	0	-10.0303	
1429813810	830721	-1.55075	0.231003	16.2706	-0.8292	-0.44029	1.71339	0.0239502	0.0574805	-9.99202	
1429813810	880687	-1.54798	0.232244	16.3789	-0.0671434	-0.143354	2.35403	0.0287402	0.119751	-9.97286	
1429813810	930774	-1.54523	0.235376	16.5132	-0.0732777	-0.227647	2.95917	0.0574805	0.182021	-10.0064	
1429813810	980694	-1.54611	0.231337	16.6621	0.815413	-0.223855	3.21048	0.0526904	0.148491	-9.97286	
1429813811	30855	-1.54844	0.233072	16.8264	0.471905	0.133531	3.36538	0.0431104	0.172441	-9.95849	
1429813811	80622	-1.5461	0.237611	17.0171	0.464402	0.300451	4.1436	0.00479004	0.153281	-10.0399	
1429813811	130889	-1.54708	0.220972	17.2241	0.912564	-0.578512	4.39525	0.0143701	0.105381	-9.98723	
1429813811	180616	-1.54974	0.219534	17.4631	-0.572179	0.0628683	4.81313	-0.00479004	0.0239502	-9.97765	
1429813811	230796	-1.54724	0.217881	17.71	-0.857093	0.392251	4.89047	0.0622705	0.0383203	-10.0735	
1429813811	280771	-1.54015	0.220079	17.9895	-0.869871	0.205576	5.8237	0.0431104	0.0958008	-10.0303	
1429813811	330756	-1.52456	0.231476	18.2781	-0.256132	-0.0614217	5.66447	0.0239502	0.0766406	-9.96807	
1429813811	380686	-1.50911	0.228339	18.5863	0.272006	-0.453983	6.35669	0.0143701	0.143701	-9.94891	
1429813811	430754	-1.50364	0.234394	18.9024	0.305065	-0.0948729	6.58399	0.0670606	0.186812	-10.0016	
1429813811	480682	-1.49999	0.230247	19.2322	0.634382	-0.288883	6.92929	0.0958008	0.162861	-9.96328	
1429813811	530771	-1.49429	0.229632	19.5839	0.257464	-0.235381	7.07586	0.0766406	0.153281	-9.96807	
1429813811	580706	-1.49459	0.22686	19.9495	-0.0156599	-0.18801	7.54988	0.0766406	0.0670606	-9.96328	
1429813811	630787	-1.48067	0.215426	20.3336	0.320614	-0.731229	7.81794	0.0479004	0.0814307	-10.016	
1429813811	680722	-1.4624	0.203623	20.7354	0.0246353	-0.737334	8.1069	0.0910107	0.0383203	-9.91538	
1429813811	730771	-1.44804	0.197729	21.1569	-0.170704	-0.605418	8.63937	0.00958008	0.0862207	-9.96807	
1429813811	780734	-1.43801	0.187777	21.5815	0.204613	-0.542049	8.73942	-0.0239502	0.119751	-9.96328	
1429813811	830832	-1.4249	0.175207	22.0311	0.268574	-0.358421	9.00382	-0.0479004	0.172441	-10.0447	
1429813811	880756	-1.42526	0.156336	22.4765	0.335014	-0.464583	9.28038	0.00958008	0.186812	-9.96807	
1429813811	930733	-1.42125	0.155709	22.9419	-9.41285e-05	-0.278548	9.07446	0.0335303	0.153281	-9.93933	
1429813811	980703	-1.4124	0.145622	23.4173	0.408055	-0.20714	9.83974	0.0335303	0.105381	-9.96328	
1429813812	30751	-1.40533	0.136627	23.9045	0.264	-0.128263	9.63299	0.0431104	0.0191602	-9.91059	
1429813812	80712	-1.39413	0.133285	24.3931	-0.220034	-0.180304	9.87098	0.124541	0.0958008	-9.96807	
1429813812	130965	-1.39129	0.133841	24.8893	-0.383159	-0.583028	10.0326	0.0526904	0.110171	-9.97286	
1429813812	180721	-1.39382	0.127057	25.3977	-0.374604	-0.121431	10.2659	0.0335303	0.0910107	-10.0303	
1429813812	230929	-1.38752	0.12049	25.9138	0.16138	-0.739367	10.1328	0.0383203	0.110171	-10.0926	
1429813812	280811	-1.38281	0.119713	26.4538	0.0828617	-0.196932	10.9129	0.0622705	0.0766406	-9.92975	
1429813812	330823	-1.37164	0.119342	26.9849	0.36371	-0.62879	10.4571	0.0239502	0.153281	-9.90101	
1429813812	380768	-1.36879	0.116963	27.5305	0.314981	-0.645757	10.862	0.0143701	0.148491	-9.94891	
1429813812	430841	-1.38039	0.122974	28.0829	-0.237691	-0.0814449	11.1008	0.0191602	0.0526904	-9.99681	
1429813812	480770	-1.37316	0.128894	28.6436	-0.0225299	-0.0808744	11.1914	0.0479004	0.0958008	-10.0495	
1429813812	530976	-1.3702	0.131068	29.2081	-0.27354	-0.344826	11.051	0.0143701	0.110171	-9.92017	
1429813812	580736	-1.36361	0.133567	29.7754	-0.116775	0.146378	11.7921	0.0766406	0.143701	-10.0735	
1429813812	630892	-1.36866	0.149802	30.355	-0.369636	0.268382	11.3788	0.00479004	0.186812	-9.99202	
1429813812	680684	-1.38155	0.158235	30.9352	0.0717686	0.0824916	11.4478	0.0335303	0.148491	-10.0303	
1429813812	730718	-1.38903	0.165789	31.5205	-0.240854	0.57534	12.0296	0.0383203	0.110171	-10.0591	
1429813812	780737	-1.40058	0.165481	32.1115	0.228927	-0.277489	11.9602	0.0383203	0.124541	-9.94412	
1429813812	830744	-1.39637	0.18062	32.7112	-0.0908217	0.0692812	12.0763	0.0670606	0.0958008	-10.0543	
1429813812	880774	-1.39099	0.188205	33.3162	0.454296	-0.17527	12.1817	-0.0479004	0.119751	-9.94412	
1429813812	930739	-1.39566	0.182356	33.9266	-0.0239317	-0.262594	12.2697	0.0191602	0.124541	-10.0208	
1429813812	980733	-1.4019	0.186467	34.5396	-0.447445	-0.736944	12.6236	0.0143701	0.138911	-9.93454	
1429813813	30822	-1.39789	0.200026	35.1679	0.295522	-0.242722	12.5838	-0.00479004	0.105381	-9.94891	
1429813813	80748	-1.39082	0.204047	35.7853	-0.0336378	-0.44342	12.531	0.0287402	0.110171	-10.0303	
1429813813	130707	-1.37911	0.211018	36.4102	-0.135084	-0.156042	12.6866	0.0143701	0.110171	-9.99681	
1429813813	180768	-1.36752	0.225055	37.0379	0.783469	-0.331016	12.8752	0.0191602	0.0718506	-10.016	
1429813813	231232	-1.35511	0.222348	37.6887	0.199395	-0.266451	12.9633	0.0191602	0.129331	-9.97765	
1429813813	281043	-1.35595	0.219311	38.3198	-0.182019	-0.393746	12.8593	0.00479004	0.0862207	-9.99202	
1429813813	330865	-1.35243	0.21974	38.9637	-0.261729	-0.404091	12.7979	0.0335303	0.110171	-9.93933	
1429813813	380810	-1.34679	0.221904	39.6127	-0.215821	-0.137067	13.0524	0.0574805	0.138911	-9.99681	
1429813813	430742	-1.34756	0.218941	40.2592	0.103058	-0.348707	12.8931	-0.0383203	0.119751	-9.92496	
1429813813	480771	-1.34169	0.211107	40.9082	-0.0452793	-0.397809	13.3628	0.0862207	0.129331	-9.93933	
1429813813	530792	-1.33372	0.214951	41.5734	0.0766522	-0.174778	13.2575	0.0718506	0.105381	-9.81958	
1429813813	580802	-1.31775	0.215753	42.2295	0.059388	-0.44902	12.902	0.0191602	0.186812	-9.91538	
1429813813	630800	-1.31568	0.223152	42.8842	0.24259	-0.175541	13.1398	0.0958008	0.0862207	-9.92975	
1429813813	680743	-1.30972	0.228742	43.5482	0.14361	-0.48556	13.7749	0.0335303	0.134121	-9.98723	
1429813813	730713	-1.31795	0.223726	44.2152	-0.250635	-0.236651	13.3072	0.0574805	0.138911	-10.0351	
1429813813	780776	-1.30511	0.209413	44.8793	0.70614	-1.07976	13.4406	0.0862207	0.138911	-10.0399	
1429813813	830761	-1.29263	0.194904	45.5401	0.135599	-0.507741	13.0064	0.0431104	0.148491	-9.94891	
1429813813	880826	-1.29424	0.197599	46.2047	0.119801	0.248178	13.5096	0.0287402	0.162861	-10.0256	
1429813813	930740	-1.30818	0.206899	46.882	-0.962563	0.096616	13.1341	0.0335303	0.205972	-9.96807	
1429813813	980753	-1.3116	0.195456	47.5492	0.511785	-0.21906	13.5563	0.0479004	0.143701	-9.95849	
1429813814	30765	-1.30617	0.187184	48.2208	0.535424	-0.614358	13.3201	0.114961	0.0526904	-10.0016	
1429813814	80774	-1.30759	0.179072	48.8963	-0.5804	-0.372846	13.4915	0.0814307	0.124541	-9.94891	
1429813814	130776	-1.31406	0.176101	49.5731	-0.55545	-0.4259	13.7453	0.0287402	0.105381	-9.9537	
1429813814	180787	-1.31202	0.162897	50.2459	-0.230875	-0.673127	13.3898	0.0191602	0.119751	-10.0351	
1429813814	230801	-1.31332	0.145407	50.9218	-0.358142	-1.04424	13.5294	0.0239502	0.0814307	-9.98244	
1429813814	281008	-1.29955	0.132654	51.6008	0.545299	-0.191359	13.5915	-0.0479004	0.119751	-10.0543	
1429813814	330726	-1.28687	0.119845	52.2799	0.700472	-0.309011	13.414	0.0431104	0.177231	-9.93933	
1429813814	380869	-1.30002	0.11548	52.9591	-0.179513	-0.586898	13.517	0.0574805	0.0910107	-10.0016	
1429813814	430778	-1.29938	0.105312	53.6331	0.281286	-0.719068	13.2444	0.0335303	0.100591	-10.0591	
1429813814	480844	-1.31627	0.094331	54.3227	-0.534595	-0.373272	13.9057	0.00479004	0.0862207	-10.0591	
1429813814	530783	-1.31175	0.0917295	55.0177	-0.157034	-0.195674	13.7756	0.0574805	0.105381	-9.99202	
1429813814	580865	-1.30212	0.0917095	55.7117	0.226982	-0.432747	13.9074	0.0862207	0.143701	-9.98244	
1429813814	630777	-1.30413	0.0935985	56.4026	-0.667561	-0.416843	13.5397	0.0383203	0.0766406	-9.97765	
1429813814	680952	-1.30158	0.0900404	57.0995	0.35764	-0.481341	13.9865	0.0526904	0.110171	-9.99202	
1429813814	730780	-1.30406	0.100099	57.7876	-0.00288554	-0.367586	13.6283	0.0670606	0.186812	-9.96807	
1429813814	780861	-1.30658	0.107862	58.4732	-0.163905	-0.276633	13.6663	0.0766406	0.0958008	-9.93933	
1429813814	830739	-1.30443	0.11948	59.1607	-0.173852	0.105739	13.4902	0.00958008	0.162861	-9.97765	
1429813814	880825	-1.32064	0.1237	59.8465	-0.377044	-0.207013	14.0674	0.0191602	0.0622705	-9.96807	
1429813814	930704	-1.30888	0.135842	60.5334	0.251743	0.421135	13.7447	0.124541	0.0718506	-9.94412	
1429813814	980721	-1.30854	0.157459	61.2197	-0.213264	-0.353654	13.7528	-0.0574805	0.100591	-10.0399	
1429813815	30763	-1.30409	0.152675	61.9099	-0.0253018	-0.214763	13.8045	0.0814307	0.148491	-9.9537	
1429813815	80735	-1.30679	0.169834	62.5978	-0.231382	-0.0802168	13.7275	0.0287402	0.162861	-9.95849	
1429813815	130740	-1.30779	0.173399	63.2938	0.0922232	-0.654619	14.0599	0.110171	0.119751	-9.92017	
1429813815	180756	-1.3021	0.196008	63.9833	-0.000873624	-0.0810474	13.7808	0.0670606	0.114961	-9.89143	
1429813815	230777	-1.28919	0.206059	64.6781	0.089196	-0.527792	13.8134	0.0479004	0.0670606	-10.0256	
1429813815	280782	-1.27379	0.211647	65.3716	0.412586	-0.470754	13.9385	-0.00958008	0.114961	-10.0303	
1429813815	330810	-1.2733	0.209052	66.0663	-0.00260732	-0.426966	14.1972	0.0287402	0.0718506	-10.0303	
1429813815	380792	-1.2558	0.203691	66.7574	0.293862	-0.702078	13.7294	0.0862207	0.00958008	-9.91538	
1429813815	430870	-1.23956	0.209086	67.4314	-0.290143	-0.33003	13.6191	0.0143701	0.158071	-10.0064	
1429813815	480793	-1.23423	0.205897	68.127	0.34617	-0.497191	14.1512	0.0287402	0.110171	-9.99202	
1429813815	530775	-1.22421	0.203114	68.8238	0.00969898	-0.18732	14.0527	0.0526904	0.134121	-9.97765	
1429813815	580660	-1.21218	0.202726	69.5377	-0.113437	-0.396802	14.3463	0.00479004	0.143701	-10.0974	
1429813815	630785	-1.20835	0.198815	70.2542	0.632772	-0.247903	14.3807	0.0191602	0.143701	-9.93933	
1429813815	680670	-1.2036	0.200958	70.963	0.00780424	-0.0714565	14.5366	0.100591	0.100591	-9.98244	
1429813815	730665	-1.20332	0.206507	71.6724	-0.175977	0.120606	14.0793	0.0574805	0.0479004	-9.95849	
1429813815	780674	-1.18862	0.209091	72.3748	0.379848	-0.210289	14.1481	0.0526904	0.100591	-9.9537	
1429813815	830892	-1.17714	0.209191	73.0853	-0.0317268	-0.495635	13.8018	0.0622705	0.143701	-9.94891	
1429813815	880701	-1.16915	0.210874	73.8032	0.0213616	-0.675172	14.1304	0.0670606	0.134121	-9.94412	
1429813815	930595	-1.16992	0.206679	74.4976	0.131448	-0.567327	14.0121	0.0574805	0.114961	-9.98244	
1429813815	980712	-1.15711	0.195363	75.2147	0.455193	-0.299349	14.4838	0.100591	0.114961	-9.98723	
1429813816	30822	-1.16172	0.199981	75.9306	-0.0483671	-0.34041	14.1777	0.0287402	0.100591	-9.92496	
1429813816	80633	-1.16212	0.198402	76.6363	-0.167298	-0.437581	14.2517	0.0287402	0.153281	-9.96328	
1429813816	130630	-1.1575	0.193701	77.3444	0.0725622	-0.768876	13.9377	0.0814307	0.119751	-10.0208	
1429813816	180632	-1.16066	0.196994	78.0486	-0.312911	-0.494579	13.9063	0.00958008	0.114961	-10.0016	
1429813816	230781	-1.16368	0.191592	78.758	-0.0533749	-0.0864927	14.0629	0.0526904	0.0862207	-10.0735	
1429813816	280783	-1.15174	0.190019	79.4722	0.544247	-0.0285299	14.3344	0.0574805	0.0718506	-10.0591	
1429813816	330803	-1.15533	0.186125	80.1942	0.0549899	-0.297083	14.4608	0.00958008	0.124541	-10.0016	
1429813816	380751	-1.16047	0.178459	80.9151	-0.221747	-0.185502	14.3548	0.00479004	0.119751	-10.0399	
1429813816	430683	-1.16209	0.169708	81.6283	0.0587498	-0.132018	14.349	0.00479004	0.124541	-9.97286	
1429813816	480750	-1.15831	0.163892	82.3413	-0.060533	-0.114673	14.6214	0.0383203	0.119751	-10.0399	
1429813816	530696	-1.16888	0.170212	83.0559	-0.0626659	-0.203138	14.2184	0.0622705	0.138911	-9.97765	
1429813816	580701	-1.17375	0.170334	83.7845	-0.349113	-0.281841	14.8068	0.0143701	0.143701	-9.91059	
1429813816	630806	-1.17386	0.167253	84.4965	0.251511	-0.613386	13.7974	0.0574805	0.0766406	-10.016	
1429813816	680720	-1.17901	0.166344	85.2174	-0.557082	-0.18984	14.3502	0.0335303	0.0670606	-9.97765	
1429813816	730745	-1.18037	0.153294	85.9348	-0.124828	-0.826143	13.9869	-0.0622705	0.114961	-9.93933	
1429813816	780734	-1.17348	0.145951	86.6698	0.21345	-0.400275	14.9026	0.0814307	0.143701	-9.96328	
1429813816	830786	-1.17736	0.15134	87.3986	-0.0012234	-0.517576	14.2259	0.0670606	0.129331	-9.95849	
1429813816	880768	-1.18104	0.167481	88.1428	-0.0962025	0.366284	15.0634	0.0814307	0.0670606	-9.91538	
1429813816	930746	-1.17329	0.165368	88.8708	0.540466	-0.431484	14.5236	-0.0239502	0.114961	-10.0016	
1429813816	980730	-1.17793	0.167269	89.6062	-0.0631336	0.0626972	14.6261	0.00479004	0.0862207	-10.0064	
1429813817	30798	-1.17539	0.170571	90.3413	-0.0552014	-0.396526	14.4592	0.0526904	0.143701	-10.0447	
1429813817	80754	-1.17928	0.178429	91.0853	-0.283749	0.0482697	15.0366	0.0670606	0.0718506	-9.98244	
1429813817	130711	-1.18363	0.186108	91.8297	-0.506776	-0.0339478	14.864	0.0431104	0.148491	-9.99202	
1429813817	180716	-1.18282	0.194347	92.5601	-0.0413661	-0.337654	14.8499	0.0143701	0.114961	-9.96807	
1429813817	230792	-1.18763	0.194052	93.3108	0.118481	-0.220097	14.9938	0.0431104	0.105381	-10.0064	
1429813817	280840	-1.18391	0.203023	94.0623	0.0663711	-0.0374583	15.3002	0.0574805	0.153281	-9.9537	
1429813817	330739	-1.18324	0.20262	94.8084	-0.174787	-0.20054	14.8654	0.0143701	0.0766406	-10.0016	
1429813817	380765	-1.17026	0.206181	95.5568	0.342753	-0.0268536	15.1222	0.0431104	0.148491	-9.95849	
1429813817	430702	-1.16799	0.206361	96.3024	-0.160307	-0.173906	15.0002	0.0526904	0.162861	-9.94891	
1429813817	480870	-1.16118	0.207556	97.0522	-0.0151642	-0.175283	15.1269	0.0383203	0.0814307	-9.99681	
1429813817	530702	-1.15101	0.193366	97.8011	0.318422	-0.632228	14.957	0.0431104	0.0958008	-9.98244	
1429813817	580783	-1.13352	0.187156	98.5648	0.322812	-0.239131	15.5204	0.0670606	0.153281	-9.99681	
1429813817	630729	-1.129	0.189146	99.3304	0.458461	-0.421623	15.3023	0.0431104	0.0958008	-9.9537	
1429813817	680838	-1.12751	0.187847	100.086	-0.218519	-0.284566	15.0162	0.0143701	0.124541	-9.92496	
1429813817	730690	-1.12255	0.190458	100.843	0.212069	-0.0707138	15.0348	0.0335303	0.177231	-9.92975	
1429813817	780728	-1.11506	0.175291	101.604	-0.00136961	-0.894591	15.292	0.0383203	0.162861	-9.92496	
1429813817	830887	-1.10125	0.155217	102.38	0.284547	-0.871645	15.6438	0.0191602	0.129331	-10.016	
1429813817	880902	-1.0963	0.149056	103.161	0.354505	-0.329385	15.7144	0.0862207	0.119751	-10.0016	
1429813817	930698	-1.08494	0.145255	103.933	0.196934	-0.762465	15.0817	0.0143701	0.100591	-9.98244	
1429813817	980733	-1.08406	0.142487	104.699	0.077882	-0.614322	15.5531	-0.00958008	0.0814307	-9.91538	
1429813818	30714	-1.07488	0.130009	105.474	-0.0101806	-0.204537	15.3952	0.0479004	0.105381	-9.86269	
1429813818	80750	-1.07382	0.118858	106.249	-0.106077	-0.752569	15.5432	0.0143701	0.0958008	-10.0447	
1429813818	130700	-1.07103	0.117896	107.039	0.125401	-0.243828	15.5327	0.0958008	0.129331	-10.0112	
1429813818	180745	-1.07016	0.118058	107.823	-0.390198	-0.530443	16.1578	0.0431104	0.0479004	-9.95849	
1429813818	231017	-1.06799	0.120289	108.602	0.126373	0.0175946	15.2958	0.0862207	0.148491	-9.98244	
1429813818	281062	-1.07546	0.117173	109.389	0.27144	-0.579085	15.7794	0.0718506	0.0766406	-9.9058	
1429813818	330820	-1.07925	0.118267	110.18	0.186058	-0.781458	15.6723	0.0814307	0.162861	-10.0208	
1429813818	380958	-1.08445	0.128978	110.959	0.149412	-0.221245	15.8955	0.0766406	0.0479004	-9.88664	
1429813818	430726	-1.0799	0.127081	111.758	-0.237007	-0.173568	16.15	0.0574805	0.167651	-9.87227	
1429813818	480800	-1.08759	0.12894	112.528	0.164855	-0.394732	15.6547	0.00958008	0.0718506	-9.98723	
1429813818	530755	-1.09067	0.105308	113.323	0.00625512	-0.912415	15.9365	-0.00479004	0.100591	-9.9058	
1429813818	580770	-1.08453	0.101499	114.112	0.445464	-0.17221	15.8091	0.0239502	0.153281	-9.9058	
1429813818	630800	-1.08361	0.109994	114.91	0.100782	-0.329849	15.9668	-0.0239502	0.0670606	-9.97286	
1429813818	680788	-1.08388	0.0979432	115.707	-0.296513	-0.802116	15.8012	0.0670606	0.119751	-10.0112	
1429813818	730837	-1.08779	0.111989	116.499	-0.344568	-0.208326	15.8599	0.0910107	0.134121	-9.94412	
1429813818	780807	-1.08621	0.11453	117.294	-0.249108	-0.466164	16.075	-0.0526904	0.138911	-9.90101	
1429813818	830720	-1.08787	0.106043	118.096	0.373189	-0.600476	16.0184	0.0526904	0.114961	-9.95849	
1429813818	881123	-1.08452	0.113569	118.899	0.499695	-0.181702	16.169	0.0670606	0.105381	-9.9537	
1429813818	930739	-1.07433	0.123615	119.707	-0.183447	0.272319	16.1552	0.0239502	0.0958008	-10.0208	
1429813818	980747	-1.07313	0.142015	120.517	-0.155956	0.561739	16.4488	-0.0239502	0.172441	-10.0016	
1429813819	30777	-1.07289	0.151703	121.333	0.0451313	0.15383	16.2019	0.0718506	0.134121	-9.98244	
1429813819	80762	-1.0728	0.163785	122.147	0.049631	-0.324843	16.6689	0.0479004	0.0958008	-9.96807	
1429813819	130771	-1.06453	0.163943	122.972	0.00365484	-0.599344	16.2699	-0.00958008	0.0622705	-9.98244	
1429813819	180782	-1.06418	0.173245	123.8	0.331865	-0.463216	17.1116	0.0287402	0.129331	-10.016	
1429813819	230755	-1.08103	0.186185	124.632	-0.0131674	-0.104343	16.4552	0.0287402	0.0814307	-10.0112	
1429813819	280804	-1.08294	0.195627	125.461	0.0626711	-0.0354127	16.7828	0.0239502	0.0239502	-9.92017	
1429813819	330724	-1.07005	0.207126	126.298	0.0503758	-0.502912	16.5175	0.0814307	0.0766406	-10.0926	
1429813819	380922	-1.06211	0.214123	127.135	-0.202202	-0.177561	16.8208	0.105381	0.0814307	-10.0974	
1429813819	430731	-1.05465	0.224003	127.972	-0.60878	-0.465431	16.6726	0.0239502	0.158071	-10.0543	
1429813819	480753	-1.05916	0.222272	128.819	-0.0370901	-0.283185	17.0544	0.0622705	0.129331	-9.95849	
1429813819	530760	-1.05774	0.228098	129.671	-0.0951928	0.160173	16.7916	0.0383203	0.186812	-10.0303	
1429813819	580821	-1.06453	0.233757	130.52	-0.0841652	-0.0236674	17.3265	0.129331	0.138911	-9.99202	
1429813819	630806	-1.06449	0.236243	131.378	0.108509	-0.136572	17.2246	0.0910107	0.0383203	-10.0351	
1429813819	680770	-1.06089	0.230114	132.235	0.183403	-0.41024	17.3247	0.0526904	0.0479004	-10.016	
1429813819	730662	-1.05577	0.229848	133.096	-0.0100908	-0.305766	16.9804	0.0431104	0.119751	-10.0208	
1429813819	780794	-1.06363	0.225005	133.952	-0.752889	0.00424491	17.4235	0.0670606	0.110171	-10.0208	
1429813819	830860	-1.05936	0.215511	134.83	-0.0400463	-0.78955	17.6192	0.0574805	0.129331	-9.92017	
1429813819	881064	-1.05298	0.213633	135.701	0.571934	-0.182769	17.3962	0.134121	0.0574805	-9.90101	
1429813819	930746	-1.04429	0.217589	136.581	0.219927	-0.183958	17.5708	0.0383203	0.138911	-10.0208	
1429813819	980883	-1.0441	0.216406	137.449	-0.166231	-0.792578	17.6673	0.0670606	0.172441	-10.0112	
1429813820	30712	-1.04648	0.204067	138.338	0.211286	-0.469918	17.7847	0.0766406	0.0910107	-9.95849	
1429813820	80734	-1.0444	0.204461	139.224	-0.157035	-0.0711154	18.1328	0.0766406	0.0910107	-10.016	
1429813820	130730	-1.04379	0.20001	140.122	-0.2969	-0.183172	17.8854	0.00958008	0.0910107	-9.96328	
1429813820	180738	-1.05051	0.185224	141.021	-0.0990665	-0.593701	18.32	0	0.129331	-9.93933	
1429813820	230763	-1.05292	0.18103	141.92	-0.0312339	-0.463362	17.7486	0.0479004	0.105381	-10.0351	
1429813820	280769	-1.0559	0.179594	142.824	-0.501298	-0.179998	18.1665	-0.00479004	0.215552	-10.0016	
1429813820	330737	-1.06792	0.166839	143.737	-0.0378746	-0.287494	18.4874	0.0718506	0.114961	-10.0016	
1429813820	381286	-1.07119	0.156536	144.648	-0.0509156	-0.761512	18.2911	0.0143701	0.148491	-10.0064	
1429813820	430794	-1.0825	0.151978	145.569	-0.347296	-0.217248	18.1615	0.0670606	0.119751	-9.96328	
1429813820	480796	-1.08283	0.143518	146.491	0.141666	-0.542132	18.6959	0.0239502	0.153281	-9.96328	
1429813820	530613	-1.08594	0.126104	147.42	-0.145808	-0.953724	18.5487	0.0287402	0.0910107	-9.98723	
1429813820	580742	-1.08564	0.125326	148.347	-0.411749	-0.860686	18.7492	0.0143701	0.0766406	-9.97286	
1429813820	630641	-1.08357	0.115821	149.279	0.0321302	-0.470467	18.2861	0.0431104	0.158071	-10.0208	
1429813820	680650	-1.09024	0.114478	150.213	0.16085	-0.556567	18.5832	0.0335303	0.153281	-9.99202	
1429813820	730660	-1.09511	0.113275	151.152	0.0800336	-0.42562	18.6707	0.0335303	0.124541	-9.97765	
1429813820	780671	-1.09183	0.116268	152.093	0.417402	-0.266476	18.9353	0.0479004	0.105381	-9.96807	
1429813820	830691	-1.09134	0.105844	153.058	-0.107928	-1.1553	19.2451	0.0383203	0.0526904	-10.0447	
1429813820	881335	-1.08882	0.0967308	154.028	-0.329373	-0.692964	19.3978	0.00479004	0.124541	-9.9058	
1429813820	930904	-1.08184	0.0834637	154.985	0.130221	-0.471968	19.0757	0.0479004	0.148491	-10.0112	
1429813820	980703	-1.07492	0.0925391	155.946	0.143797	-0.34568	19.4936	0.0431104	0.153281	-9.96328	
1429813821	30934	-1.07047	0.0956242	156.919	0.230605	-0.704909	19.4236	0.0143701	0.134121	-9.99202	
1429813821	80616	-1.05295	0.0915676	157.897	0.658601	-0.383952	19.3545	0.0143701	0.105381	-9.94412	
1429813821	130625	-1.04985	0.0955892	158.881	0.0976184	-0.0954559	19.3191	0.0766406	0.134121	-9.99681	
1429813821	180624	-1.04292	0.107205	159.869	0.30772	0.0959692	19.9486	0.0143701	0.114961	-9.92017	
1429813821	230764	-1.03673	0.113389	160.857	0.261435	-0.14108	19.7972	0.0287402	0.129331	-10.0303	
1429813821	280788	-1.02808	0.120688	161.849	-0.215228	0.159856	20.3629	0.0814307	0.0910107	-10.0782	
1429813821	330651	-1.01854	0.129348	162.854	0.0585772	-0.202665	20.022	0.0958008	0.0622705	-9.92496	
1429813821	381487	-1.003	0.13398	163.86	0.401745	-0.675343	20.4263	0.0431104	0.0958008	-10.0447	
1429813821	430683	-0.993643	0.140671	164.881	-0.016019	-0.185822	20.5737	0.0718506	0.143701	-10.0351	
1429813821	480693	-0.993882	0.152806	165.918	0.0273311	-0.293718	21.0294	0.0526904	0.119751	-9.94412	
1429813821	530687	-0.986544	0.156116	166.947	0.391381	-0.3782	20.6373	0.0814307	0.134121	-9.98723	
1429813821	580705	-0.98734	0.159026	167.977	0.12167	-0.279616	20.7757	0.0526904	0.105381	-9.97765	
1429813821	630704	-0.981323	0.158146	169.019	0.172018	-0.0895515	20.7225	0.0479004	0.0958008	-9.92975	
1429813821	680694	-0.975386	0.167808	170.068	0.157099	-0.289592	20.9226	0.0335303	0.110171	-9.9537	
1429813821	730672	-0.970685	0.172655	171.118	-0.232776	-0.0838843	20.967	0.0383203	0.105381	-9.94891	
1429813821	780723	-0.971921	0.179272	172.181	-0.398089	-0.47498	21.4175	0.0526904	0.129331	-9.98723	
1429813821	830724	-0.959257	0.188406	173.254	-0.0641889	-0.192343	21.3983	-0.0239502	0.105381	-9.99681	
1429813821	880805	-0.957397	0.191394	174.347	-0.102367	-0.0528477	22.1676	0.0191602	0.138911	-9.98723	
1429813821	930666	-0.961607	0.188232	175.445	-0.387479	-0.637443	21.9255	0.0287402	0.138911	-9.98723	
1429813821	980781	-0.954778	0.181821	176.545	0.182285	-0.615737	22.1156	0.0766406	0.0814307	-10.016	
1429813822	30727	-0.942371	0.178381	177.65	0.18751	-0.701317	21.9084	0.0479004	0.0814307	-9.93933	
1429813822	80711	-0.941628	0.169112	178.764	0.00464669	-0.0245694	22.3949	0.0335303	0.105381	-9.96807	
1429813822	130702	-0.940883	0.167336	179.893	-0.249657	-0.763005	22.3768	0.0239502	0.143701	-9.99202	
1429813822	180712	-0.945265	0.161546	-178.959	-0.0911081	-0.816828	23.3384	0.0431104	0.129331	-9.93933	
1429813822	230717	-0.94409	0.16384	-177.803	0.128344	-0.379105	23.1632	0.0431104	0.114961	-9.94412	
1429813822	280852	-0.942059	0.179107	-176.639	0.238657	0.642159	23.2027	0.0766406	0.134121	-9.99681	
1429813822	330748	-0.942302	0.188393	-175.488	0.459532	-0.25298	23.345	0.0622705	0.0814307	-9.92496	
1429813822	380758	-0.934843	0.188675	-174.311	0.191586	-0.470837	23.493	0.0431104	0.119751	-9.94412	
1429813822	430704	-0.930817	0.198787	-173.127	0.245784	-0.0488006	23.6445	0.0526904	0.0766406	-9.9537	
1429813822	480780	-0.931406	0.186378	-171.939	-0.122318	-0.911206	24.1649	0.00479004	0.0431104	-10.0447	
1429813822	530712	-0.928079	0.180359	-170.733	-0.334563	-0.363379	24.1253	-0.0143701	0.148491	-10.0303	
1429813822	580786	-0.935581	0.168166	-169.528	0.0117301	-0.379027	24.3083	0.0670606	0.114961	-10.0208	
1429813822	630703	-0.939229	0.174518	-168.306	-0.439316	-0.109408	24.4434	0.00479004	0.0862207	-9.92496	
1429813822	680741	-0.93274	0.167021	-167.064	0.203583	-0.447764	24.6763	0.00958008	0.110171	-9.92975	
1429813822	730688	-0.940987	0.148782	-165.825	-0.00650389	-0.213347	24.7711	-0.00479004	0.100591	-9.97765	
1429813822	780722	-0.936199	0.149909	-164.574	0.0582283	-0.0952807	25.5052	0.0431104	0.119751	-9.97765	
1429813822	830735	-0.950382	0.142157	-163.31	-0.79192	-0.633016	25.1554	0.0622705	0.0862207	-9.92496	
1429813822	880777	-0.954303	0.136723	-162.025	-0.0871056	-0.548051	26.0684	-0.00958008	0.143701	-9.90101	
1429813822	930701	-0.967636	0.127266	-160.727	-0.0437528	-0.601741	25.7548	0.0766406	0.191602	-9.96328	
1429813822	980731	-0.976948	0.127379	-159.428	0.0234439	-1.04294	26.2126	0.00958008	0.0862207	-9.98723	
1429813823	30710	-0.968511	0.125947	-158.116	0.324946	-0.927888	26.0996	0.0479004	0.0958008	-9.96328	
1429813823	80788	-0.96806	0.127284	-156.795	0.0476724	-0.202462	26.7236	0.0670606	0.110171	-9.94891	
1429813823	130748	-0.970079	0.127086	-155.451	0.261194	-0.664086	26.6445	0.0766406	0.110171	-9.96328	
1429813823	180851	-0.970235	0.12623	-154.108	0.00572439	-0.714497	27.3143	-0.00958008	0.0910107	-9.9537	
1429813823	230980	-0.970677	0.115747	-152.716	0.277637	-1.34278	27.8263	0.0622705	0.143701	-9.94412	
1429813823	281073	-0.979353	0.117845	-151.334	0.109486	-0.520265	27.8892	0.0814307	0.0239502	-10.016	
1429813823	330801	-0.974791	0.124881	-149.944	-0.518791	-0.10919	27.7347	0.0383203	0.138911	-10.016	
1429813823	380956	-0.979668	0.124521	-148.546	0.00244323	-0.359093	28.1347	0.0191602	0.205972	-9.99681	
1429813823	430718	-0.977896	0.128094	-147.124	-0.207913	-0.142724	28.3449	0.0335303	0.0479004	-9.94891	
1429813823	480769	-0.974081	0.130667	-145.696	-0.28031	-0.595531	28.9099	0.0239502	0.158071	-9.96807	
1429813823	530781	-0.973854	0.127805	-144.243	0.0657104	-0.303468	29.0046	0.0431104	0.138911	-9.94891	
1429813823	580824	-0.967802	0.141838	-142.776	0.224049	-0.607102	29.779	0.119751	0.114961	-10.0687	
1429813823	630944	-0.959464	0.157534	-141.297	0.323242	-0.525774	29.7312	0.0383203	0.124541	-9.92975	
1429813823	680725	-0.948956	0.159836	-139.816	0.166739	-0.416899	29.8435	-0.00958008	0.119751	-9.97765	
1429813823	730790	-0.942832	0.15415	-138.308	-0.350541	-0.687876	30.2571	0.0670606	0.0910107	-9.92975	
1429813823	780784	-0.931572	0.148565	-136.801	0.346902	-0.71037	30.878	0.0287402	0.100591	-9.97765	
1429813823	830800	-0.919326	0.149608	-135.266	0.199895	-0.41737	30.522	0.00958008	0.0526904	-9.98723	
1429813823	881074	-0.910118	0.140458	-133.715	0.410846	-0.651912	31.3799	0.0239502	0.0910107	-9.90101	
1429813823	930751	-0.88984	0.140661	-132.139	0.161324	-0.575839	31.6776	0.0383203	0.138911	-9.9537	
1429813823	980746	-0.886366	0.144707	-130.565	0.0177166	-0.326049	31.9295	0.0910107	0.0862207	-10.0351	
1429813824	30760	-0.881484	0.140439	-128.967	0.0753779	-0.900822	32.1727	0.0335303	0.0814307	-9.94891	
1429813824	80775	-0.871149	0.136006	-127.349	0.0207471	-0.234176	32.709	0.0670606	0.138911	-9.9537	
1429813824	130772	-0.873734	0.141073	-125.711	-0.139494	-0.327013	33.2054	0.0958008	0.100591	-9.97286	
1429813824	180783	-0.869476	0.145866	-124.066	-0.0995068	-0.551909	33.2121	0.0431104	0.138911	-10.0064	
1429813824	230794	-0.861193	0.148348	-122.393	0.257547	-0.786024	33.4872	0.0143701	-0.110171	-10.2172	
1429813824	280846	-0.841463	0.180926	-120.72	-3.0647	2.00313	34.049	0.249082	0.531694	-9.61361	
1429813824	330754	-0.816712	0.234633	-119.028	0.600505	-0.110236	33.8778	0	-0.138911	-10.0543	
1429813824	381211	-0.823282	0.267542	-117.318	-1.8418	0.658796	34.5399	0.0622705	0.138911	-9.98244	
1429813824	430747	-0.797413	0.275298	-115.582	0.904258	0.211608	34.8172	0.110171	0.182021	-9.92496	
1429813824	480798	-0.806099	0.265543	-113.843	-0.980408	-0.783907	35.1479	0.0239502	0.268242	-9.87706	
1429813824	530854	-0.817467	0.261885	-112.079	0.158384	-0.21523	35.1729	0.0191602	0.0383203	-9.97765	
1429813824	580801	-0.815859	0.243397	-110.3	-0.438773	-0.154455	36.0131	0.0814307	0.0814307	-10.0256	
1429813824	630800	-0.809593	0.244447	-108.508	-0.21351	-0.816222	35.904	0.0622705	0.110171	-9.97286	
1429813824	680699	-0.819962	0.250864	-106.712	-0.539843	-0.0939007	36.3867	0.0718506	0.148491	-9.96328	
1429813824	730844	-0.825125	0.250218	-104.884	-0.69922	-0.788717	36.4547	0.0479004	0.124541	-10.107	
1429813824	780780	-0.815315	0.240148	-103.061	0.220403	-0.928345	37.1772	0.0431104	0.119751	-9.91059	
1429813824	830795	-0.821697	0.237746	-101.2	0.117454	-0.469447	37.0952	0	0.129331	-9.97765	
1429813824	881194	-0.828594	0.232188	-99.3551	0.130235	-0.852448	37.2291	0.0479004	0.191602	-10.0208	
1429813824	930883	-0.84001	0.230636	-97.4751	-0.288783	-0.30562	37.7145	0.0431104	0.138911	-9.97286	
1429813824	980706	-0.846646	0.223367	-95.6123	-0.368038	-0.690492	37.7151	0.0431104	0.0814307	-9.92017	
1429813825	30714	-0.854585	0.231254	-93.7211	-0.475484	-0.78492	37.4735	0.0383203	0.100591	-9.94891	
1429813825	80755	-0.846415	0.233358	-91.8401	0.0587744	-0.651332	37.7923	0.0431104	0.0910107	-9.99202	
1429813825	130783	-0.85323	0.221297	-89.9361	-0.354405	-0.445489	37.9916	0.0191602	0.105381	-10.0208	
1429813825	180749	-0.860398	0.214095	-88.0295	-0.440893	-0.401706	38.6437	0.0239502	0.0526904	-9.89143	
1429813825	230764	-0.853569	0.216692	-86.1032	0.219505	-0.481013	38.4501	0.0335303	0.162861	-10.0735	
1429813825	281445	-0.871834	0.212179	-84.1734	-0.390481	-0.837442	38.9758	-0.0143701	0.0383203	-10.016	
1429813825	330948	-0.872802	0.200119	-82.2316	-0.0298734	-1.13684	38.7844	0.0622705	0.0479004	-9.89622	
1429813825	381416	-0.871175	0.19659	-80.2994	0.0650047	-0.496356	38.5147	0.0574805	0.172441	-9.98723	
1429813825	430805	-0.887027	0.18757	-78.3548	-0.496418	-0.512349	38.6844	0.0335303	0.124541	-9.92975	
1429813825	480642	-0.899193	0.176317	-76.4158	-0.35476	-0.831756	39.4628	0.0239502	0.114961	-9.97765	
1429813825	530640	-0.907364	0.17972	-74.4578	-0.0187237	-0.528912	39.1559	0.0335303	0.105381	-9.9537	
1429813825	580661	-0.904397	0.186642	-72.5138	0.19035	-0.540197	39.3295	0.0431104	0.0622705	-10.0208	
1429813825	630649	-0.902564	0.192282	-70.5506	-0.0651119	-0.276223	39.1597	0.0766406	0.0862207	-9.96328	
1429813825	680671	-0.90664	0.196325	-68.596	-0.070805	-0.620929	39.52	0.0622705	0.143701	-10.0208	
1429813825	730658	-0.911412	0.190346	-66.6337	-0.804033	-1.49231	39.1104	0.00479004	0.148491	-9.8579	
1429813825	780665	-0.839032	0.153121	-64.6888	3.12863	-3.05344	38.6339	-0.344883	0.119751	-9.91538	
1429813825	830683	-0.853756	0.0820874	-62.7379	-0.521446	-0.351517	38.9295	-0.0718506	0.162861	-9.86269	
1429813825	880792	-0.829383	0.0854453	-60.7886	3.96945	0.768306	39.3254	0	-0.378413	-10.289	
1429813825	930695	-0.845052	0.0564674	-58.8464	-2.68277	-0.906104	38.7828	0.0479004	0.273032	-9.9058	
1429813825	980710	-0.825824	0.0443511	-56.9119	0.911525	-1.36959	38.8702	0.0143701	0.268242	-9.89622	
1429813826	30861	-0.844947	0.0444626	-54.9748	1.65134	-0.0604954	38.677	0.0287402	-0.0239502	-10.0112	
1429813826	80635	-0.85553	0.0409342	-53.0689	-1.35264	-1.30486	38.5801	0.0287402	0.138911	-10.0543	
1429813826	130645	-0.845743	0.0502828	-51.1539	-0.264949	-0.108052	37.8986	0.0670606	0.167651	-9.95849	
1429813826	180709	-0.821562	0.0559617	-49.253	1.71775	-0.747202	38.3779	0.0622705	-0.0287402	-10.1118	
1429813826	230661	-0.829913	0.0588433	-47.3552	-0.96317	-0.360279	37.952	0.0526904	0.182021	-9.91538	
1429813826	280898	-0.818838	0.0651281	-45.4772	-0.319933	-0.257987	37.7599	0.0287402	0.229922	-9.88664	
1429813826	330713	-0.816144	0.0675588	-43.595	1.13189	-1.04887	37.5597	0.100591	-0.0239502	-10.0974	
1429813826	380679	-0.826213	0.0722481	-41.7448	-0.897055	-0.383075	37.0239	0.0526904	0.110171	-9.94412	
1429813826	430680	-0.825637	0.0689135	-39.8898	-0.632726	-0.677193	36.9677	0.0383203	0.253872	-9.97286	
1429813826	480707	-0.811526	0.0681413	-38.0527	1.43849	-0.553536	36.7611	0.0622705	0.0479004	-9.96807	
1429813826	530722	-0.807425	0.0622571	-36.2277	0.46055	-0.507544	36.6031	0.0383203	0.0479004	-9.97286	
1429813826	580703	-0.816751	0.0636027	-34.4216	-0.473085	-0.38169	36.2686	0.0431104	0.186812	-9.88664	
1429813826	630712	-0.806234	0.0865953	-32.6305	1.00924	0.605819	35.7519	0.0287402	0.0622705	-9.87706	
1429813826	680732	-0.807373	0.0928122	-30.8551	-0.644264	-0.448737	35.5109	0.0191602	0.124541	-9.86269	
1429813826	730730	-0.806962	0.102469	-29.0919	-0.587017	-0.297333	34.8522	0.0287402	0.158071	-9.93933	
1429813826	780750	-0.791164	0.106596	-27.3526	0.24122	-0.0683184	34.9066	0.0383203	0.0431104	-9.98723	
1429813826	830738	-0.793092	0.110362	-25.627	-0.521218	-0.164513	34.2505	0.0622705	0.0766406	-10.0064	
1429813826	880751	-0.780592	0.11762	-23.9147	0.756899	-0.281801	34.1399	0.0143701	0.134121	-9.88185	
1429813826	930669	-0.785489	0.113662	-22.2187	0.188819	-0.336942	33.7661	0.100591	0.0766406	-9.97765	
1429813826	980696	-0.794013	0.110636	-20.5463	-0.483776	-0.341466	33.3079	0.0526904	0.153281	-9.92017	
1429813827	30723	-0.797635	0.117717	-18.8867	-0.0803535	-0.378577	32.9664	0.0574805	0.119751	-9.98244	
1429813827	80734	-0.800916	0.117576	-17.2606	-0.0521023	-0.786943	32.3187	-0.00479004	0.138911	-9.97765	
1429813827	130809	-0.80082	0.108728	-15.6504	-0.227531	-0.624042	31.6533	-0.00479004	0.153281	-9.91538	
1429813827	180728	-0.809055	0.110099	-14.0635	0.0444199	-0.302782	31.9491	0.0287402	0.110171	-9.92496	
1429813827	230742	-0.813251	0.11467	-12.5	-0.17606	-0.538001	31.0061	0.0431104	0.110171	-10.0208	
1429813827	280844	-0.819906	0.122367	-10.9573	-0.0128488	-0.165011	30.8076	0.0718506	0.0958008	-9.95849	
1429813827	330797	-0.80732	0.120659	-9.42056	0.243475	-1.01564	30.6088	-0.0143701	0.110171	-10.0782	
1429813827	380794	-0.819332	0.11225	-7.90452	-1.17973	-1.07708	30.3252	0	0.162861	-10.0974	
1429813827	430696	-0.815576	0.1286	-6.41169	0.633744	0.0265362	29.6872	0.0335303	0.148491	-10.0399	
1429813827	480841	-0.820602	0.142536	-4.94348	-0.0604141	-0.178358	29.4526	0.0479004	0.129331	-10.0543	
1429813827	530719	-0.822658	0.138954	-3.48287	0.120225	-0.226888	28.8927	0.0670606	0.0766406	-10.0064	
1429813827	580725	-0.823964	0.15815	-2.04781	0.072063	-0.330528	28.5996	0.0574805	0.148491	-10.0064	
1429813827	630687	-0.827814	0.162804	-0.637587	-0.129017	-0.275744	27.9863	0.0814307	0.0814307	-9.87706	
1429813827	680665	-0.828195	0.172664	0.759571	-0.443112	-0.382258	27.873	0.124541	0.0383203	-9.99202	
1429813827	730697	-0.83537	0.19193	2.13203	-0.338872	0.388997	27.1729	0.0622705	0.153281	-9.90101	
1429813827	780683	-0.83021	0.205452	3.49102	-0.137046	-0.135287	27.2248	0.0526904	0.105381	-9.92975	
1429813827	830698	-0.833436	0.211385	4.83043	-0.376443	-0.347587	26.6057	0.00958008	0.105381	-10.0687	
1429813827	880704	-0.830629	0.216782	6.15324	0.133005	-0.0431263	26.7114	-0.0191602	0.182021	-9.97286	
1429813827	930718	-0.830902	0.204347	7.46494	0.408239	-0.652446	26.024	-0.0143701	0.158071	-9.93933	
1429813827	980720	-0.835608	0.203416	8.74868	0.140333	-0.234433	25.7235	0.0143701	0.0910107	-9.97765	
1429813828	30800	-0.835765	0.217504	10.0228	-0.489068	0.349314	25.3588	0	0.0670606	-9.97286	
1429813828	80726	-0.82791	0.22187	11.2716	-0.101035	-0.243256	25.1308	0.0239502	0.0814307	-10.0064	
1429813828	130748	-0.814464	0.220053	12.5092	-0.23281	-0.448221	24.2114	0.0670606	0.0574805	-9.96807	
1429813828	180708	-0.809475	0.210912	13.7186	0.361123	-1.19537	24.3926	-0.00958008	0.129331	-9.93454	
1429813828	230997	-0.814642	0.205566	14.9304	-0.894875	-0.905474	23.8829	0.0526904	0.0814307	-9.99202	
1429813828	281048	-0.815566	0.200768	16.1088	0.0102014	-0.925006	23.4193	0.0479004	0.138911	-10.0208	
1429813828	330802	-0.81057	0.191305	17.2774	0.244853	-0.226372	23.0998	0.0479004	0.158071	-9.87706	
1429813828	380746	-0.806184	0.18786	18.4273	0.185357	-0.4376	23.2213	0.0431104	0.105381	-9.89143	
1429813828	430760	-0.797506	0.18558	19.5646	0.540973	-0.438044	22.4984	0.0670606	0.134121	-10.0351	
1429813828	480770	-0.792927	0.180443	20.6808	-0.0949946	-0.406407	22.751	-0.00479004	0.143701	-10.0303	
1429813828	530915	-0.802668	0.166554	21.8022	-0.447208	-0.777732	22.2778	0.0335303	0.124541	-9.98723	
1429813828	580784	-0.803971	0.166937	22.8966	-0.372324	-0.378155	21.8873	0.0526904	0.158071	-10.0256	
1429813828	630832	-0.805097	0.172806	23.9671	-0.10383	-0.264029	21.5155	0.0143701	0.158071	-9.94891	
1429813828	680778	-0.801259	0.168432	25.0232	0.396233	-0.433598	21.1895	0.0479004	0.148491	-9.95849	
1429813828	730794	-0.805682	0.161462	26.0762	-0.555659	-0.440871	20.9252	0.100591	0.143701	-10.0303	
1429813828	780797	-0.810999	0.162231	27.1066	0.165426	-0.0793955	21.0078	0.0143701	0.119751	-9.91059	
1429813828	830773	-0.817258	0.154676	28.1364	-0.553606	-0.0901817	20.478	0.0766406	0.129331	-9.94891	
1429813828	880718	-0.813809	0.156274	29.1545	0.139316	-0.358594	20.4882	0.0335303	0.119751	-9.93933	
1429813828	930800	-0.812855	0.145077	30.1659	-0.452954	-0.640965	20.1419	0.0670606	0.114961	-9.94891	
1429813828	980744	-0.80677	0.134201	31.1619	-0.0501364	-0.647965	20.0028	0.0431104	0.0958008	-9.99202	
1429813829	30760	-0.805017	0.127118	32.1438	-0.383687	-0.138642	19.4315	0.0862207	0.0910107	-10.0399	
1429813829	80768	-0.800481	0.119357	33.1257	-0.0643424	-0.658546	19.7981	0.0526904	0.0862207	-10.0639	
1429813829	130899	-0.802293	0.10634	34.0882	-0.478754	-0.288196	18.7216	0.0383203	0.105381	-10.0351	
1429813829	180747	-0.813301	0.100763	35.0369	-0.182994	-0.141182	19.1468	0	0.0574805	-10.0399	
1429813829	230938	-0.810209	0.0971942	35.9875	-0.236557	-0.787923	18.9493	-0.0239502	0.0910107	-9.94891	
1429813829	280816	-0.812244	0.0902892	36.9311	0.287971	-0.0354428	19.0991	0.0718506	0.177231	-10.0591	
1429813829	330815	-0.818228	0.0867838	37.8745	0.111777	-0.268857	18.4321	0.0670606	0.0910107	-9.97765	
1429813829	380818	-0.812151	0.0872782	38.7992	0.34601	-0.285808	18.4979	0.0239502	0.114961	-10.0208	
1429813829	430785	-0.817147	0.0989649	39.7249	0.0508798	0.0168191	18.5677	0.0287402	0.114961	-9.98723	
1429813829	480767	-0.816062	0.102302	40.6398	0.237983	-0.138682	18.4037	0.0335303	0.167651	-9.98244	
1429813829	530856	-0.821819	0.0992166	41.5489	-0.370438	-0.647332	18.1123	0.0287402	0.0814307	-9.92975	
1429813829	580761	-0.824395	0.106518	42.4484	-0.139703	0.0850118	17.7919	-0.00958008	0.158071	-9.99202	
1429813829	630833	-0.825467	0.105578	43.3355	0.174287	-0.29981	17.5009	0.0287402	0.0718506	-10.0112	
1429813829	680766	-0.814989	0.102345	44.2282	0.335163	-0.742269	17.3636	0.0526904	0.124541	-9.97765	
1429813829	730782	-0.800919	0.110465	45.1048	-0.041633	0.0768966	17.4685	0.0287402	0.148491	-10.0399	
1429813829	780780	-0.806267	0.127958	45.9938	0.199174	0.230618	17.864	0.0526904	0.119751	-9.97765	
1429813829	830925	-0.812168	0.145218	46.8786	-0.191313	-0.0693492	17.228	0.0670606	0.172441	-9.98723	
1429813829	880689	-0.817615	0.159282	47.7435	0.332745	0.269509	17.2825	0.0239502	0.119751	-9.99202	
1429813829	930706	-0.818034	0.16679	48.6069	0.499402	-0.02763	17.2886	0.0383203	0.134121	-10.0256	
1429813829	980713	-0.811444	0.175944	49.4656	0.429455	0.0403999	17.4249	0.0383203	0.134121	-9.9537	
1429813830	30724	-0.807545	0.173956	50.3282	-0.232319	-0.153653	17.1268	-0.00958008	0.100591	-9.91059	
1429813830	80735	-0.797979	0.174774	51.1851	0.3436	-0.143393	17.4172	0.0862207	0.0766406	-10.0208	
1429813830	130738	-0.796481	0.183103	52.0477	-0.297351	0.280257	17.0647	0.0766406	0.119751	-9.98244	
1429813830	180757	-0.794806	0.189706	52.8897	-0.210687	-0.278895	16.8053	0.0718506	0.0814307	-10.0016	
1429813830	230778	-0.78244	0.199862	53.741	0.0313048	-0.0149049	17.0101	0.0622705	0.105381	-10.016	
1429813830	280779	-0.775536	0.20709	54.5839	0.115199	0.199958	16.9454	0.0526904	0.143701	-9.94891	
1429813830	330784	-0.768015	0.205134	55.4252	0.592409	-0.336165	16.6038	-0.0191602	0.0766406	-9.92496	
1429813830	380800	-0.765109	0.19198	56.266	0.16239	-0.210325	16.8568	0	0.119751	-9.9537	
1429813830	430810	-0.758444	0.181294	57.0966	0.537958	-0.558071	16.6035	0.0431104	0.124541	-10.0064	
1429813830	480810	-0.754615	0.171413	57.9381	-0.0157183	-0.658837	16.9676	0.0191602	0.114961	-9.92496	
1429813830	530737	-0.758753	0.17042	58.7729	-0.377318	-0.204565	16.4659	0.0335303	0.124541	-10.0064	
1429813830	580642	-0.750876	0.176359	59.5966	-0.174259	-0.194335	16.4202	0.0910107	0.110171	-9.99202	
1429813830	630636	-0.739793	0.179129	60.4275	-0.0688182	-0.304779	16.5792	0.0526904	0.0622705	-9.93933	
1429813830	680653	-0.728969	0.187075	61.2575	0.105885	0.0393263	16.8004	0.0287402	0.129331	-9.97286	
1429813830	730678	-0.723233	0.18221	62.0812	-0.142094	-0.312377	16.0836	0.0239502	0.129331	-9.95849	
1429813830	780671	-0.719511	0.170512	62.9004	0.0667987	-0.483901	16.4688	0.0383203	0.0574805	-9.96807	
1429813830	830867	-0.712421	0.168935	63.7252	-0.0146576	0.164231	16.3866	0.0958008	0.143701	-9.93454	
1429813830	880688	-0.716496	0.168497	64.5417	-0.393785	-0.345986	16.2939	0.0143701	0.0958008	-9.92975	
1429813830	930699	-0.716687	0.157472	65.3611	-0.2018	-0.730153	16.3735	0.0287402	0.134121	-10.0351	
1429813830	980722	-0.720129	0.142217	66.1741	-0.0396405	-0.279946	16.3003	0.00479004	0.0910107	-10.0208	
1429813831	30716	-0.728034	0.136708	66.9899	-0.216242	-0.167854	16.4797	0.0862207	0.0862207	-9.9537	
1429813831	80664	-0.731186	0.133272	67.81	-0.309761	-0.328575	16.5889	0.0431104	0.100591	-10.0735	
1429813831	130723	-0.751194	0.121766	68.6312	-0.801288	-0.350246	16.4784	0.0862207	0.0910107	-10.0735	
1429813831	180681	-0.753443	0.123593	69.4526	0.000619253	-0.588146	16.4629	0.0958008	0.148491	-10.0112	
1429813831	230772	-0.752682	0.133833	70.2708	0.172955	-0.166678	16.3506	0.0574805	0.0814307	-9.97286	
1429813831	280997	-0.7558	0.1317	71.0852	-0.375818	0.0610079	16.338	0.0718506	0.0910107	-9.97765	
1429813831	330670	-0.760602	0.129459	71.8957	-0.172129	-0.745839	16.4135	0.0383203	0.134121	-10.0447	
1429813831	380679	-0.760908	0.133163	72.7175	0.0211838	-0.30811	16.7738	0	0.0910107	-9.93454	
1429813831	430765	-0.762562	0.126797	73.5312	-0.094938	0.0175328	15.7838	0.0766406	0.0766406	-9.93454	
1429813831	480693	-0.767716	0.132242	74.3451	-0.367058	0.157322	16.6293	0.0622705	0.114961	-9.93454	
1429813831	530709	-0.757006	0.128787	75.1655	-0.911314	-0.0671537	15.5661	0.186812	0.234712	-9.99202	
1429813831	580731	-0.74463	0.123956	75.9881	1.92063	-0.129286	16.5998	0.201182	0.234712	-10.0303	
1429813831	630713	-0.764869	0.144184	76.8078	1.32815	0.625792	16.2883	0.0670606	0.110171	-9.96807	
1429813831	680757	-0.77268	0.143933	77.6223	0.781241	-0.42902	16.5626	0.00958008	0.0862207	-9.91059	
1429813831	730742	-0.777411	0.131746	78.4517	-0.296305	-0.284174	16.5119	0.0670606	0.0958008	-9.92496	
1429813831	780756	-0.772886	0.14396	79.2843	0.17097	-0.255987	16.8447	0.162861	-0.00479004	-10.0782	
1429813831	830729	-0.773355	0.15368	80.1086	-0.468976	-0.564374	16.4017	0.0479004	0.0335303	-10.0351	
1429813831	880694	-0.760779	0.16057	80.9315	-0.0841293	-0.140427	16.8347	0.0622705	0.114961	-9.9537	
1429813831	930708	-0.767929	0.16715	81.7588	-0.48066	-0.0641148	16.5455	0.00479004	0.143701	-10.0256	
1429813831	980726	-0.757745	0.159554	82.5814	0.614022	-0.253823	16.5281	0	0.119751	-10.0782	
1429813832	30746	-0.763279	0.165804	83.4069	0.0700428	0.116289	16.4659	0.0431104	0.210762	-9.99202	
1429813832	80736	-0.77651	0.175773	84.2369	0.650333	0.433547	16.8723	-0.00958008	0.0622705	-10.0064	
1429813832	130775	-0.770065	0.174871	85.0686	0.253176	-0.0401627	16.6651	0.0574805	0.0910107	-10.0064	
1429813832	180727	-0.762006	0.1736	85.8825	-0.0790731	-0.209705	16.4084	-0.00479004	0.0910107	-9.9537	
1429813832	230840	-0.759223	0.167062	86.7019	-0.105665	-0.334598	16.5454	0.0383203	0.0431104	-10.0543	
1429813832	280827	-0.73661	0.172259	87.5269	0.00950746	-0.400261	16.6834	0.0431104	0.0862207	-9.99202	
1429813832	330755	-0.725186	0.170579	88.3699	-0.213648	-0.23124	16.7376	0.0862207	0.162861	-9.94412	
1429813832	380747	-0.712815	0.167298	89.2069	0.463531	-0.614114	16.8536	0.0143701	0.138911	-9.94412	
1429813832	430711	-0.698524	0.157351	90.0445	0.933278	-0.775934	16.632	0.0958008	0.167651	-9.97286	
1429813832	480757	-0.700503	0.155414	90.8913	0.465478	-0.690416	17.2003	-0.00479004	0.143701	-10.0399	
1429813832	530718	-0.69953	0.149285	91.7322	0.288091	-0.369523	16.7338	0.0287402	0.143701	-9.97765	
1429813832	580803	-0.704607	0.153641	92.5716	-0.173355	0.0848652	16.9661	0.00958008	0.0431104	-10.0782	
1429813832	630781	-0.700012	0.154869	93.4255	-0.707103	-0.492825	16.8746	0.0479004	0.0622705	-10.0303	
1429813832	680726	-0.681273	0.153177	94.2668	-0.0547921	-0.177185	16.6948	0.0958008	0.0862207	-9.96328	
1429813832	730748	-0.679487	0.148552	95.1045	0.187019	-0.688323	16.9435	-0.0479004	0.0910107	-9.93933	
1429813832	780746	-0.668859	0.135395	95.9395	0.675867	-0.241148	17.295	0.00479004	0.105381	-9.94412	
1429813832	830732	-0.672394	0.131922	96.7953	-0.740615	-0.558521	17.1674	0.0479004	0.119751	-10.0447	
1429813832	880709	-0.670377	0.136774	97.6417	0.0192575	-0.00410724	17.4855	-0.00479004	0.114961	-9.97286	
1429813832	930875	-0.669614	0.124989	98.4986	0.432793	-0.633389	16.9323	0.0143701	0.114961	-9.93933	
1429813832	980725	-0.67272	0.107133	99.3634	0.0333072	-0.522411	17.3886	0.0431104	0.0526904	-9.98723	
1429813833	30717	-0.677769	0.0970244	100.231	-0.379086	-0.600726	17.1451	0.0526904	0.191602	-10.0016	
1429813833	80725	-0.692279	0.101762	101.111	-0.248043	-0.229774	17.3507	0.0574805	0.0718506	-10.0303	
1429813833	130833	-0.698845	0.112666	101.975	0.0480434	-0.236839	17.3189	0.0766406	0.138911	-10.0399	
1429813833	180706	-0.698702	0.114897	102.837	0.209231	-0.37187	17.3294	0.0766406	0.162861	-10.0447	
1429813833	230973	-0.705995	0.128539	103.706	-0.326084	-0.115409	17.0786	0.0670606	0.143701	-9.99202	
1429813833	281063	-0.706176	0.130708	104.578	0.740728	-0.436261	17.6456	0.0814307	0.129331	-10.0495	
1429813833	330835	-0.713278	0.133855	105.45	-0.046176	0.0871188	17.4109	0.0574805	0.158071	-9.94412	
1429813833	380741	-0.727167	0.142034	106.312	-0.698251	0.233974	17.8132	0.0287402	0.100591	-9.91059	
1429813833	430773	-0.732132	0.152624	107.186	-0.168424	-0.0856643	17.4626	0.0191602	0.0910107	-9.97765	
1429813833	480764	-0.726822	0.150381	108.057	-0.14061	-0.141951	17.7466	0.0191602	0.0958008	-9.96807	
1429813833	530954	-0.731767	0.138996	108.942	0.0651258	-0.23575	17.9636	0.0143701	0.0814307	-9.97765	
1429813833	580798	-0.727838	0.135113	109.816	-0.127806	0.225669	17.6366	0.00479004	0.105381	-10.0016	
1429813833	630793	-0.725066	0.131176	110.698	-0.346833	-0.0262314	17.5891	-0.0191602	0.110171	-9.9537	
1429813833	680781	-0.722373	0.128418	111.592	0.068994	-0.0984169	17.9406	0.0574805	0.114961	-10.0782	
1429813833	730821	-0.71834	0.137762	112.473	0.0132426	-0.112573	17.2357	0.00958008	0.100591	-9.96328	
1429813833	780790	-0.716081	0.134369	113.355	-0.411701	-0.154162	18.1227	0.0526904	0.134121	-9.91538	
1429813833	830973	-0.715876	0.151798	114.241	0.268922	0.149517	17.7411	0.0814307	0.0958008	-9.98723	
1429813833	880770	-0.718946	0.155355	115.14	-0.0519923	-0.38997	17.9425	0.00958008	0.0766406	-9.99681	
1429813833	930730	-0.714345	0.161304	116.041	-0.261952	0.0360151	17.7963	0.00958008	0.114961	-9.92496	
1429813833	980745	-0.717435	0.170119	116.921	-0.12615	0.248877	17.6881	0.0287402	0.124541	-9.94412	
1429813834	30747	-0.718778	0.173528	117.812	-0.177532	0.0753094	17.5893	0.0766406	0.114961	-9.97765	
1429813834	80763	-0.723529	0.185337	118.711	-0.186534	-0.102159	18.2921	0.00958008	0.119751	-9.92975	
1429813834	130818	-0.730362	0.186634	119.624	0.00281677	-0.176695	18.3412	-0.0239502	0.114961	-9.90101	
1429813834	180780	-0.726958	0.179212	120.535	-0.582493	0.0262715	18.3071	-0.00479004	0.0958008	-10.0303	
1429813834	230765	-0.731553	0.179938	121.449	-0.523118	-0.870102	18.0256	0.0814307	0.0862207	-10.0591	
1429813834	280800	-0.734809	0.184552	122.358	0.331919	-0.353201	18.0725	0.0718506	0.0814307	-10.0064	
1429813834	330755	-0.73355	0.1961	123.281	0.0256687	0.00292612	18.5208	0.0574805	0.134121	-10.0016	
1429813834	380792	-0.730904	0.203776	124.202	-0.178553	-0.127389	18.7577	0.00479004	0.0526904	-9.98723	
1429813834	430782	-0.718423	0.196971	125.13	-0.352706	-0.102707	18.6126	0	0.105381	-9.96807	
1429813834	480765	-0.722574	0.18425	126.05	-0.410496	-0.748275	18.5898	0.0431104	0.158071	-10.0016	
1429813834	530856	-0.718783	0.15865	126.977	-0.262834	-0.717053	18.5423	0.110171	0.100591	-9.9537	
1429813834	580837	-0.7132	0.159528	127.92	0.302933	-0.195207	18.871	0.0335303	0.0862207	-10.0112	
1429813834	630780	-0.716668	0.160356	128.868	-0.090773	-0.40207	18.8702	0.0287402	0.148491	-9.99202	
1429813834	680771	-0.715591	0.157174	129.813	0.0123747	-0.0270369	19.192	-0.00479004	0.148491	-9.99681	
1429813834	730695	-0.719647	0.148469	130.753	0.144874	-0.390895	18.5608	0.0526904	0.134121	-10.0016	
1429813834	780802	-0.716079	0.157142	131.702	-0.323074	-0.179277	19.1633	0.100591	0.0814307	-9.88185	
1429813834	830831	-0.713116	0.159907	132.656	-0.142825	-0.148956	19.2696	0.0287402	0.0718506	-10.1357	
1429813834	880689	-0.710245	0.14991	133.608	-0.215272	-0.451868	19.0918	-0.0191602	0.0862207	-9.97765	
1429813834	930707	-0.699473	0.136088	134.556	-0.0307022	-0.540605	18.8544	0.0239502	0.177231	-9.88664	
1429813834	980713	-0.703385	0.131395	135.513	0.0189156	-0.354083	19.3781	0.0958008	0.124541	-10.0351	
1429813835	30714	-0.709637	0.134527	136.482	-0.11703	-0.328547	19.2352	0.0670606	0.129331	-9.98244	
1429813835	80717	-0.716493	0.13038	137.434	0.360523	-0.585118	19.4085	0.0431104	0.100591	-10.016	
1429813835	130759	-0.724236	0.133236	138.406	0.0356789	-0.368348	19.4029	0.0862207	0.138911	-9.91538	
1429813835	180732	-0.725494	0.137181	139.372	0.312565	-0.186593	19.456	0.0143701	0.119751	-9.95849	
1429813835	230742	-0.72929	0.129394	140.343	-0.289692	-0.297521	19.4807	0.0718506	0.124541	-9.99681	
1429813835	280773	-0.738764	0.130273	141.319	0.0141006	-0.559545	19.4509	0.0143701	0.0862207	-9.97286	
1429813835	330778	-0.739761	0.128811	142.301	-0.0572501	-0.0689685	19.425	-0.00479004	0.0766406	-10.0303	
1429813835	380784	-0.739032	0.124616	143.284	0.332776	-0.297269	20.2535	0.0670606	0.119751	-9.98723	
1429813835	430835	-0.738349	0.139664	144.272	0.107307	0.0638476	19.7228	0.0958008	0.143701	-9.91538	
1429813835	480635	-0.741398	0.142527	145.261	-0.228962	-0.0836518	19.8735	0.0335303	0.114961	-9.9537	
1429813835	530629	-0.734482	0.13873	146.252	0.237315	-0.45291	19.8835	-0.0239502	0.0910107	-9.91059	
1429813835	580801	-0.731633	0.129141	147.25	0.154415	-0.211356	19.9535	-0.0383203	0.0862207	-9.90101	
1429813835	630647	-0.725814	0.122466	148.247	0.162376	-0.31623	19.5636	0.0526904	0.0574805	-9.95849	
1429813835	680752	-0.718224	0.123901	149.256	-0.0337514	-0.194784	20.3063	0.0574805	0.110171	-9.83874	
1429813835	730670	-0.71941	0.123612	150.268	-0.358103	-0.614472	19.8791	0.0143701	0.177231	-9.92975	
1429813835	780666	-0.717795	0.12435	151.285	0.503417	-0.256511	20.3746	0.0143701	0.119751	-9.97286	
1429813835	830674	-0.72252	0.132284	152.315	-0.550258	0.15701	20.7685	0.0431104	0.0862207	-10.016	
1429813835	880702	-0.708434	0.148236	153.342	0.0752659	0.183529	20.4898	0.0335303	0.0383203	-9.92975	
1429813835	930713	-0.696879	0.155187	154.378	0.0951435	0.0228935	20.4832	-0.0383203	0.119751	-9.93454	
1429813835	980963	-0.688758	0.156246	155.408	0.132446	0.110251	20.8321	0.0239502	0.124541	-9.95849	
1429813836	30711	-0.685442	0.160712	156.454	0.0751775	-0.198363	20.6844	0.0287402	0.134121	-9.99202	
1429813836	80622	-0.669827	0.174986	157.486	1.07737	-0.0871455	20.9284	0.0239502	0.114961	-9.99681	
1429813836	130745	-0.669876	0.174635	158.543	0.217724	-1.00702	21.119	0.0239502	0.0814307	-10.0112	
1429813836	180619	-0.665768	0.176275	159.587	-0.497866	-0.497065	21.1522	0.00479004	0.0766406	-9.9537	
1429813836	230685	-0.661833	0.175433	160.644	-0.208559	0.0320878	21.1599	-0.00479004	0.0814307	-9.98723	
1429813836	280762	-0.657386	0.173896	161.704	-0.0182633	-0.336822	21.4543	0.110171	0.138911	-9.9537	
1429813836	331019	-0.65811	0.187801	162.772	-0.414516	-0.517174	21.3264	0.00479004	0.143701	-10.0256	
1429813836	380667	-0.65377	0.192449	163.855	0.346568	-0.138724	21.9011	0.0670606	0.138911	-10.0112	
1429813836	430992	-0.648943	0.202691	164.947	0.345545	-0.248033	21.7108	0.0574805	0.0670606	-9.97765	
1429813836	480672	-0.643163	0.20498	166.045	0.0760884	0.247907	21.9909	0.0287402	0.105381	-10.0256	
1429813836	530706	-0.636889	0.205606	167.149	-0.302847	-0.281231	22.2535	0.0526904	0.0862207	-9.95849	
1429813836	580699	-0.632669	0.204209	168.254	0.193598	-0.0283756	22.5053	0.0335303	0.129331	-9.9537	
1429813836	630712	-0.638109	0.19895	169.367	-0.276102	-0.474391	22.0487	0.0526904	0.114961	-9.92496	
1429813836	680699	-0.636628	0.198109	170.494	0.215866	-0.380023	22.8827	0.0383203	0.182021	-10.0064	
1429813836	730717	-0.646153	0.196556	171.617	-0.151906	-0.231787	22.6362	0.00479004	0.134121	-9.98244	
1429813836	780721	-0.661667	0.180888	172.748	0.033007	-0.519608	22.9773	0.0287402	0.182021	-9.93454	
1429813836	830776	-0.668406	0.185696	173.895	-0.379245	-0.0656708	22.9459	0.0287402	0.119751	-9.99681	
1429813836	880705	-0.667309	0.180363	175.046	0.0493674	-0.731266	23.2854	-0.0191602	0.124541	-9.93933	
1429813836	930656	-0.669732	0.173546	176.21	0.340422	-0.343726	23.5367	0.0574805	0.100591	-10.0735	
1429813836	980716	-0.68212	0.171572	177.376	-0.32199	-0.464207	23.8161	0.0143701	0.0862207	-10.016	
1429813837	30775	-0.692687	0.181448	178.565	-0.441	-0.188831	23.4379	0.0622705	0.124541	-10.0447	
1429813837	80689	-0.698255	0.185257	179.744	-0.589324	-0.0344307	23.831	0.0287402	0.148491	-9.89622	
1429813837	130702	-0.709006	0.179792	-179.064	-0.383691	-0.477479	23.9855	0.0622705	0.105381	-10.0208	
1429813837	180694	-0.715495	0.174097	-177.862	-0.315521	-0.707586	24.2397	-0.0143701	0.124541	-9.96807	
1429813837	230808	-0.722992	0.169686	-176.642	-0.103128	-0.288226	24.3177	0.0574805	0.0910107	-10.0303	
1429813837	280747	-0.724556	0.16748	-175.424	-0.297102	-0.0726312	24.5571	0.00958008	0.134121	-9.95849	
1429813837	330745	-0.740897	0.167796	-174.183	0.345396	-0.11179	24.6591	0.0670606	0.134121	-10.0543	
1429813837	380747	-0.743242	0.167887	-172.952	-0.172943	-0.40177	25.1294	0.00958008	0.0814307	-10.0639	
1429813837	430655	-0.751652	0.159682	-171.703	-0.377356	-0.0831702	25.1916	0.0383203	0.129331	-9.98244	
1429813837	480748	-0.7593	0.159479	-170.441	-0.062451	-0.0755907	25.3388	0.0431104	0.119751	-9.99681	
1429813837	530764	-0.760974	0.16637	-169.176	-0.100281	0.0202476	25.3834	0.0143701	0.0958008	-9.97765	
1429813837	580713	-0.759558	0.164218	-167.905	-0.156223	-0.59586	25.6837	0.0191602	0.143701	-9.97765	
1429813837	630713	-0.766122	0.155219	-166.616	-0.0374838	-0.699874	25.7623	0.0191602	0.138911	-10.0351	
1429813837	680663	-0.776159	0.15412	-165.328	-0.196543	-0.579917	26.0614	0.0766406	0.110171	-9.99681	
1429813837	730711	-0.786344	0.141168	-164.013	-0.600841	-0.563887	26.3196	-0.0191602	0.0670606	-10.0303	
1429813837	780725	-0.781952	0.146515	-162.698	0.300489	-0.483324	26.8097	0.0814307	0.124541	-10.0208	
1429813837	830693	-0.789952	0.134757	-161.347	0.245543	-1.11751	27.3212	-0.00958008	0.134121	-9.97286	
1429813837	880707	-0.781129	0.12933	-160	-0.0404492	-0.525306	26.9329	0.0862207	0.0958008	-10.0256	
1429813837	930709	-0.783268	0.128843	-158.646	-0.0922439	-0.413853	27.0561	-0.0431104	0.0862207	-10.0495	
1429813837	980729	-0.777632	0.129118	-157.278	-0.49873	-0.279535	27.6845	0.0814307	0.158071	-10.0064	
1429813838	30819	-0.77902	0.132801	-155.894	-0.173167	-0.535	27.4319	0.0526904	0.0958008	-9.98723	
1429813838	80705	-0.770782	0.142952	-154.499	0.0886339	-0.368985	28.264	0.0239502	0.0910107	-9.92496	
1429813838	130966	-0.757173	0.14739	-153.085	0.0278244	-0.36033	28.1242	0.0431104	0.114961	-9.90101	
1429813838	180737	-0.750925	0.142712	-151.673	-0.11746	-0.354235	28.5656	0.0622705	0.0910107	-10.016	
1429813838	231051	-0.752205	0.148443	-150.532	-0.0765736	0.161719	28.6552	0.0287402	0.100591	-10.0399	
1429813838	281058	-0.747147	0.144292	-149.08	0.063608	-0.651346	29.0278	-0.0143701	0.0910107	-10.0064	
1429813838	330799	-0.742074	0.145706	-147.621	-0.0346769	-0.494435	29.1987	0.0862207	0.143701	-9.85311	
1429813838	380796	-0.752391	0.138934	-146.156	-0.253557	-0.740019	30.0408	0.0479004	0.124541	-9.93933	
1429813838	430715	-0.751644	0.141027	-144.664	0.0165782	-0.207457	29.6578	0.00479004	0.148491	-9.93454	
1429813838	480742	-0.752678	0.143786	-143.163	0.0353544	-0.231969	30.215	0.0335303	0.124541	-9.96328	
1429813838	530749	-0.751015	0.146058	-141.646	-0.474741	-0.00581361	30.4286	0.0862207	0.0910107	-9.94891	
1429813838	580831	-0.737072	0.134695	-140.125	0.360969	-0.324439	30.5293	0.162861	0.143701	-10.0351	
1429813838	630798	-0.72626	0.153587	-138.585	0.524201	1.07164	31.2585	0.0574805	0.225132	-9.86269	
1429813838	680766	-0.728669	0.161784	-137.036	-0.301066	0.324502	31.3927	0.0526904	0.210762	-9.88664	
1429813838	730774	-0.715996	0.157471	-135.46	0.964035	0.0476227	31.7262	-0.0287402	0.0431104	-9.99202	
1429813838	780790	-0.715369	0.15733	-133.88	-0.22618	-0.0267162	31.9036	0.0383203	0.0814307	-10.016	
1429813838	830793	-0.715195	0.161454	-132.281	0.278528	-0.844322	31.9901	0.0526904	0.162861	-9.95849	
1429813838	880743	-0.727908	0.16436	-130.664	-0.390841	-0.440566	32.7961	0.0287402	0.114961	-9.99202	
1429813838	930705	-0.725473	0.164064	-129.034	-0.0849463	-0.451642	32.8177	0.00958008	0.0862207	-9.96807	
1429813838	980804	-0.722076	0.16374	-127.389	-0.29521	-0.404865	33.3474	0.0431104	0.110171	-9.90101	
1429813839	30742	-0.724368	0.179462	-125.722	0.0426623	0.1041	32.9857	0.0191602	0.100591	-9.99681	
1429813839	80727	-0.723989	0.174655	-124.053	-0.0807134	-0.378329	33.7766	0	0.114961	-9.97286	
1429813839	130789	-0.722495	0.175264	-122.358	0.0114472	-0.279678	34.3144	0.0335303	0.105381	-10.0351	
1429813839	180777	-0.718925	0.176652	-120.667	-0.0201479	0.24872	34.1636	0.0622705	0.114961	-10.0208	
1429813839	230763	-0.720826	0.180882	-118.941	-0.0484171	-0.445542	34.3927	0.00958008	0.110171	-9.95849	
1429813839	280838	-0.711798	0.179797	-117.223	-0.38697	-0.0863241	35.1473	0.0862207	0.105381	-9.98723	
1429813839	331233	-0.722919	0.187257	-115.468	-0.457414	-0.373433	35.1121	0.0479004	0.114961	-9.94412	
1429813839	380828	-0.729354	0.189752	-113.714	-0.224567	-0.0781996	35.6368	0.0191602	0.148491	-9.97286	
1429813839	430824	-0.74614	0.19572	-111.93	-0.38647	-0.380098	35.5642	0.0622705	0.0670606	-9.94412	
1429813839	480855	-0.749149	0.203373	-110.148	-0.213676	-0.0870268	36.3639	0.0622705	0.114961	-10.0016	
1429813839	530816	-0.760908	0.209353	-108.343	0.259965	-0.923999	36.1912	0.0718506	0.143701	-9.94891	
1429813839	580836	-0.75865	0.207094	-106.524	0.237777	-1.15388	36.6087	0.00479004	0.0958008	-10.0256	
1429813839	630796	-0.762693	0.204795	-104.69	-0.300804	-0.478156	36.4922	0.0335303	0.0958008	-9.95849	
1429813839	680751	-0.772935	0.206168	-102.849	-0.136409	-0.749631	37.3156	0.0910107	0.0958008	-9.9537	
1429813839	730764	-0.77325	0.212107	-100.991	-0.518364	-0.525786	37.3127	0.0526904	0.0718506	-9.99202	
1429813839	780899	-0.778025	0.21855	-99.1339	-0.670496	-0.474097	37.4997	-0.0143701	0.0910107	-9.93933	
1429813839	830866	-0.781214	0.205541	-97.2581	-0.256903	-0.571385	37.5883	0.0287402	0.105381	-10.0112	
1429813839	880880	-0.786945	0.204365	-95.3956	0.000236068	-0.349982	37.6359	0.00958008	0.0479004	-9.99681	
1429813839	930690	-0.788263	0.209065	-93.5038	-0.320388	-0.616021	38.4177	0.00958008	0.129331	-10.0495	
1429813839	980819	-0.791526	0.200493	-91.6131	-0.46837	-0.621484	38.1997	-0.00479004	0.134121	-9.97765	
1429813840	30711	-0.79752	0.188723	-89.7121	0.140758	-0.752779	37.8525	0.00958008	0.129331	-9.97765	
1429813840	80726	-0.811453	0.186996	-87.8121	-0.82772	-0.0226338	38.518	0.0574805	0.124541	-9.99202	
1429813840	130778	-0.812611	0.188432	-85.8828	0.0556056	-0.689655	38.485	0.0287402	0.0191602	-9.99681	
1429813840	180741	-0.796348	0.178553	-83.9716	0.129262	-0.599725	38.4232	0.0718506	0.0862207	-9.98244	
1429813840	230757	-0.792114	0.181171	-82.0368	0.186054	-0.44366	38.6746	0.0526904	0.105381	-10.0303	
1429813840	280871	-0.794525	0.189185	-80.1111	-0.218975	-1.05939	38.4064	0.0526904	0.148491	-9.92496	
1429813840	330764	-0.795565	0.183121	-78.1783	-0.180707	-0.728502	38.2827	-0.00479004	0.177231	-9.93454	
1429813840	380802	-0.796434	0.172179	-76.251	0.0941774	-0.511187	38.915	0.0670606	0.0814307	-9.96328	
1429813840	430624	-0.791591	0.178224	-74.3076	-0.132155	-0.198696	38.7567	0.0670606	0.0766406	-10.0447	
1429813840	480678	-0.79245	0.175096	-72.373	-0.494207	-0.756279	38.9107	0.105381	0.191602	-9.94412	
1429813840	530762	-0.805821	0.182495	-70.4207	-0.342673	-0.72835	38.9194	0.0431104	0.114961	-10.0687	
1429813840	580634	-0.80294	0.1809	-68.502	-0.140762	-0.233515	38.958	0.0622705	0.153281	-9.9537	
1429813840	630654	-0.812848	0.185393	-66.5601	-0.589799	-0.203819	38.5712	0.0718506	0.134121	-9.98244	
1429813840	680643	-0.819247	0.186287	-64.6372	-0.129148	-0.643669	38.7268	0.0958008	0.124541	-9.94891	
1429813840	730653	-0.811192	0.190696	-62.7072	-0.0273315	-0.663376	38.5233	0.0479004	0.114961	-9.93454	
1429813840	780688	-0.807118	0.193567	-60.7844	0.163697	-0.241144	38.4461	0.00958008	0.100591	-10.0447	
1429813840	830675	-0.796079	0.197369	-58.8685	0.164731	-0.963346	38.0668	-0.00479004	0.143701	-9.98244	
1429813840	881505	-0.796017	0.192718	-57.3383	-0.0691168	-0.486969	38.4937	0.0143701	0.0814307	-9.92975	
