time_s	time_us	ax	ay	az	gx	gy	gz	mx	my	mz	pressure	temp	runtime_average_ms	
1429809819	209519	14	9	-2158	-23	-33	231	182	-81	403	1011.97	30.94	0	
1429809819	309559	13	14	-2159	-27	-32	238	178	-81	404	1011.92	30.95	0	
1429809819	409541	11	6	-2178	-25	-31	234	175	-82	403	1011.94	30.96	0	
1429809819	509561	8	15	-2176	-24	-29	228	173	-83	402	1012.08	30.97	0	
1429809819	609578	8	19	-2168	-25	-28	220	165	-86	403	1011.98	30.97	0	
1429809819	709550	16	25	-2164	-22	-35	221	166	-84	405	1012	30.97	0	
1429809819	809587	14	15	-2165	-35	-34	223	164	-84	403	1011.97	30.97	0	
1429809819	909535	1	20	-2166	-33	-28	214	160	-84	404	1012.04	30.98	0	
1429809820	9558	7	12	-2182	-25	-30	218	157	-84	404	1012.06	30.99	0	
1429809820	109590	13	25	-2158	-26	-33	220	153	-86	404	1012.03	31	0	
1429809820	209576	15	16	-2156	-24	-34	223	154	-86	405	1012.03	30.99	3.31792	
1429809820	309554	16	19	-2162	-22	-33	233	148	-86	403	1011.89	30.98	3.31792	
1429809820	409560	13	24	-2184	-19	-28	227	145	-87	405	1012.02	30.98	3.31792	
1429809820	509563	13	16	-2166	-20	-34	224	144	-86	403	1011.95	30.98	3.31792	
1429809820	609584	2	16	-2172	-24	-32	220	142	-86	404	1011.93	30.98	3.31792	
1429809820	709599	2	25	-2158	-20	-35	225	140	-86	406	1012.01	30.99	3.31792	
1429809820	809619	16	21	-2182	-15	-33	218	136	-87	403	1011.98	30.99	3.31792	
1429809820	909564	13	4	-2176	-23	-35	217	132	-86	404	1012.04	30.99	3.31792	
1429809821	9569	15	10	-2171	-13	-39	207	129	-86	407	1012	31	3.31792	
1429809821	109605	20	16	-2161	-14	-30	213	126	-87	404	1012.05	31	3.31792	
1429809821	209532	15	15	-2163	-18	-30	208	125	-85	405	1012.01	30.99	3.35821	
1429809821	309514	-2	7	-2167	-17	-33	209	123	-85	406	1011.91	30.99	3.35821	
1429809821	409534	-3	24	-2165	-20	-34	207	119	-86	405	1011.91	30.99	3.35821	
1429809821	509548	9	14	-2178	-25	-28	211	119	-86	405	1012.1	31	3.35821	
1429809821	609568	13	27	-2161	-22	-34	218	115	-86	406	1012	31	3.35821	
1429809821	709593	2	14	-2170	-25	-33	205	111	-84	406	1012.02	31	3.35821	
1429809821	809607	4	20	-2174	-24	-27	201	109	-86	407	1011.88	30.99	3.35821	
1429809821	909735	8	26	-2166	-25	-28	204	106	-85	408	1011.99	31	3.35821	
1429809822	9558	19	18	-2167	-25	-26	211	103	-84	406	1012.01	31	3.35821	
1429809822	109549	12	6	-2165	-25	-41	197	98	-85	406	1012.13	31.01	3.35821	
1429809822	209551	3	20	-2166	-27	-24	196	98	-84	407	1011.95	30.99	3.4147	
1429809822	309560	5	29	-2173	-31	-35	201	94	-85	407	1012.01	30.99	3.4147	
1429809822	409563	12	8	-2167	-21	-32	195	94	-85	406	1012	31	3.4147	
1429809822	509550	0	17	-2164	-26	-29	193	93	-84	408	1011.95	30.99	3.4147	
1429809822	609571	8	28	-2173	-25	-38	192	86	-83	407	1011.96	31	3.4147	
1429809822	709523	4	30	-2153	-26	-30	204	86	-82	407	1012.05	31	3.4147	
1429809822	809537	12	12	-2158	-23	-38	196	83	-83	408	1011.93	31	3.4147	
1429809822	909496	2	12	-2168	-18	-30	198	78	-83	407	1011.97	31	3.4147	
1429809823	9527	16	14	-2164	-12	-30	190	78	-83	406	1012.02	31.01	3.4147	
1429809823	109532	6	23	-2164	-18	-35	208	76	-81	406	1012.01	30.99	3.4147	
1429809823	209520	23	1	-2162	-15	-35	208	74	-82	405	1012.03	31	3.39882	
1429809823	309587	13	13	-2170	-20	-43	207	71	-80	408	1011.94	31	3.39882	
1429809823	409536	18	21	-2175	-13	-32	203	68	-78	409	1011.99	31	3.39882	
1429809823	509530	23	23	-2186	-17	-31	205	66	-79	408	1012.04	30.99	3.39882	
1429809823	609513	-1	25	-2169	-24	-30	215	65	-76	408	1011.94	30.99	3.39882	
1429809823	709521	3	12	-2161	-20	-41	218	57	-78	407	1012.07	30.99	3.39882	
1429809823	809508	2	24	-2171	-16	-37	219	58	-76	407	1011.87	30.99	3.39882	
1429809823	909520	15	9	-2175	-20	-38	231	53	-76	406	1011.93	30.98	3.39882	
1429809824	9534	17	29	-2165	-23	-39	223	53	-75	410	1011.96	30.98	3.39882	
1429809824	109564	4	5	-2156	-28	-33	240	48	-73	409	1012.01	31	3.39882	
1429809824	209567	12	12	-2163	-26	-31	237	48	-74	409	1012.03	30.99	3.349	
1429809824	309547	1	21	-2165	-22	-27	235	43	-73	409	1011.97	30.99	3.349	
1429809824	409556	3	20	-2157	-23	-34	252	41	-73	409	1011.98	30.99	3.349	
1429809824	509566	0	15	-2163	-25	-35	255	38	-71	409	1011.95	30.98	3.349	
1429809824	609583	26	19	-2167	-26	-28	260	34	-70	412	1012.05	30.98	3.349	
1429809824	709559	11	25	-2170	-32	-27	272	31	-68	409	1011.94	30.99	3.349	
1429809824	809568	8	-2	-2165	-21	-40	289	28	-68	409	1011.96	30.98	3.349	
1429809824	909567	-6	16	-2180	-21	-21	281	23	-67	409	1011.97	30.99	3.349	
1429809825	9572	-9	15	-2160	-26	-34	281	20	-66	411	1012	30.99	3.349	
1429809825	109604	-1	22	-2167	-16	-27	288	15	-63	409	1011.98	30.99	3.349	
1429809825	209618	10	-2	-2181	-25	-33	293	14	-62	411	1012.02	31	3.38569	
1429809825	309588	5	13	-2166	-22	-32	312	11	-60	411	1011.88	30.99	3.38569	
1429809825	409565	11	13	-2163	-17	-36	306	6	-58	410	1012.03	31	3.38569	
1429809825	509563	5	11	-2166	-17	-40	317	3	-56	411	1012.04	30.99	3.38569	
1429809825	609580	7	20	-2159	-15	-39	329	2	-52	413	1011.97	31	3.38569	
1429809825	709589	-6	6	-2167	-20	-39	331	-5	-50	411	1012.02	31	3.38569	
1429809825	809616	2	22	-2165	-22	-36	327	-7	-49	413	1011.96	31	3.38569	
1429809825	909624	10	20	-2172	-25	-36	333	-13	-48	411	1011.97	31	3.38569	
1429809826	9598	5	-4	-2158	-12	-29	333	-15	-45	412	1011.97	31	3.38569	
1429809826	109632	13	13	-2163	-17	-35	340	-21	-43	413	1011.96	30.98	3.38569	
1429809826	209535	3	18	-2167	-13	-30	332	-23	-39	412	1011.95	31	3.38338	
1429809826	309549	13	19	-2162	-19	-21	332	-29	-38	412	1011.91	31	3.38338	
1429809826	409531	6	10	-2168	-31	-28	329	-33	-36	413	1011.99	31.01	3.38338	
1429809826	509536	7	15	-2157	-19	-21	326	-33	-32	414	1011.96	31	3.38338	
1429809826	609570	17	31	-2174	-21	-31	323	-37	-28	413	1011.98	31	3.38338	
1429809826	709569	10	14	-2155	-17	-25	327	-42	-26	415	1012.02	31.01	3.38338	
1429809826	809578	13	7	-2182	-28	-26	313	-46	-24	413	1012.05	31.01	3.38338	
1429809826	909781	16	24	-2172	-31	-33	324	-51	-21	411	1011.98	31	3.38338	
1429809827	9562	6	19	-2156	-30	-25	315	-52	-19	414	1012.01	31	3.38338	
1429809827	109552	11	10	-2169	-24	-36	315	-55	-16	413	1012.04	31.02	3.38338	
1429809827	209565	9	6	-2169	-26	-38	313	-57	-13	412	1012	31.01	3.43505	
1429809827	309559	4	9	-2183	-24	-28	314	-62	-12	413	1011.99	31.01	3.43505	
1429809827	409562	10	18	-2162	-35	-30	321	-66	-7	415	1012	31	3.43505	
1429809827	509554	14	9	-2174	-32	-34	320	-68	-3	412	1011.98	31	3.43505	
1429809827	609565	13	22	-2174	-23	-36	317	-70	-3	413	1012	31	3.43505	
1429809827	709536	13	21	-2170	-18	-43	320	-71	1	415	1012.02	31.01	3.43505	
1429809827	809536	15	13	-2178	-17	-39	310	-80	2	413	1011.96	31.01	3.43505	
1429809827	909501	13	9	-2170	-24	-33	311	-78	8	414	1011.94	31	3.43505	
1429809828	9510	11	15	-2155	-24	-32	306	-83	9	414	1011.99	31	3.43505	
1429809828	109529	6	21	-2170	-20	-26	309	-83	13	413	1011.98	31	3.43505	
1429809828	209517	10	23	-2170	-6	-32	302	-84	18	415	1012.03	31	3.38548	
1429809828	309514	7	8	-2162	-14	-45	298	-90	20	416	1012	31	3.38548	
1429809828	409550	9	24	-2172	-16	-39	308	-90	24	414	1012.02	31	3.38548	
1429809828	509598	3	18	-2171	-24	-27	297	-93	28	415	1012.04	30.99	3.38548	
1429809828	609579	-3	5	-2160	-22	-30	311	-96	31	416	1011.96	31	3.38548	
1429809828	709496	2	10	-2166	-13	-25	297	-98	34	415	1012.04	30.99	3.38548	
1429809828	809510	5	13	-2177	-25	-38	301	-100	36	415	1011.99	31	3.38548	
1429809828	909519	19	21	-2175	-24	-40	294	-102	42	415	1012.07	30.99	3.38548	
1429809829	9554	12	4	-2167	-29	-28	304	-103	45	416	1011.96	30.98	3.38548	
1429809829	109550	9	22	-2159	-26	-25	292	-105	48	416	1012.07	31	3.38548	
1429809829	209535	-2	18	-2171	-29	-25	295	-109	50	417	1012.02	31	3.33846	
1429809829	309584	6	12	-2177	-25	-28	287	-111	53	415	1012.04	30.99	3.33846	
1429809829	409563	13	12	-2166	-22	-30	287	-112	57	415	1012.01	30.99	3.33846	
1429809829	509593	1	4	-2159	-26	-32	284	-114	62	417	1012.07	30.99	3.33846	
1429809829	609625	9	8	-2173	-30	-22	298	-114	64	415	1012.01	30.99	3.33846	
1429809829	709566	22	18	-2163	-22	-30	289	-118	67	415	1012.05	31	3.33846	
1429809829	809564	4	18	-2172	-21	-26	287	-121	70	417	1011.96	31	3.33846	
1429809829	909561	19	12	-2159	-22	-38	274	-121	73	416	1012.09	30.98	3.33846	
1429809830	9582	9	12	-2176	-16	-38	293	-120	77	417	1011.98	30.98	3.33846	
1429809830	109614	7	12	-2176	-19	-38	278	-127	81	417	1012.04	30.99	3.33846	
1429809830	209608	8	28	-2162	-21	-32	290	-124	86	416	1012.04	30.99	3.38802	
1429809830	309608	12	15	-2160	-17	-31	285	-125	87	415	1012.04	30.99	3.38802	
1429809830	409573	6	16	-2167	-13	-42	281	-128	92	417	1012.1	30.99	3.38802	
1429809830	509566	15	21	-2161	-16	-47	273	-129	95	417	1012.05	30.98	3.38802	
1429809830	609576	8	18	-2160	-19	-35	281	-128	99	416	1012.05	30.98	3.38802	
1429809830	709566	3	23	-2154	-16	-34	274	-131	101	417	1011.98	30.98	3.38802	
1429809830	809582	-1	19	-2160	-20	-26	269	-131	105	415	1011.99	30.98	3.38802	
1429809830	909589	0	27	-2174	-20	-39	292	-131	110	416	1011.95	30.98	3.38802	
1429809831	9580	3	9	-2165	-22	-37	279	-134	113	417	1012.04	30.98	3.38802	
1429809831	109573	8	18	-2166	-18	-39	279	-134	115	418	1012.03	30.97	3.38802	
1429809831	209531	6	18	-2164	-25	-25	271	-134	119	417	1012.01	30.98	3.36957	
1429809831	309509	6	15	-2176	-31	-29	265	-137	122	417	1011.92	30.98	3.36957	
1429809831	409566	6	4	-2161	-20	-28	275	-139	125	418	1012.01	30.98	3.36957	
1429809831	509549	0	18	-2178	-24	-32	274	-139	129	417	1012.02	30.97	3.36957	
1429809831	609572	19	7	-2175	-28	-27	267	-138	133	418	1012.03	30.97	3.36957	
1429809831	709570	11	16	-2176	-24	-22	267	-141	136	418	1012.05	30.97	3.36957	
1429809831	809593	6	32	-2185	-23	-21	269	-138	138	416	1011.96	30.97	3.36957	
1429809831	909826	6	27	-2171	-20	-22	262	-142	142	419	1011.98	30.97	3.36957	
1429809832	9565	0	24	-2156	-20	-33	263	-141	145	417	1012.04	30.98	3.36957	
1429809832	109548	5	22	-2165	-22	-39	267	-142	149	416	1012.03	30.96	3.36957	
1429809832	209590	1	11	-2178	-16	-29	271	-144	153	418	1012.03	30.96	3.41219	
1429809832	309569	2	21	-2165	-21	-28	264	-145	155	417	1012.03	30.96	3.41219	
1429809832	409545	9	10	-2158	-16	-27	258	-143	159	416	1012.01	30.97	3.41219	
1429809832	509593	6	10	-2159	-17	-35	264	-141	163	418	1012.07	30.96	3.41219	
1429809832	609600	13	17	-2166	-20	-40	266	-144	165	418	1012.06	30.96	3.41219	
1429809832	709609	-10	13	-2160	-19	-39	241	-144	169	416	1012.02	30.96	3.41219	
1429809832	809632	13	29	-2160	-26	-38	255	-143	173	418	1012.06	30.96	3.41219	
1429809832	909612	3	23	-2169	-18	-27	250	-144	178	419	1011.98	30.95	3.41219	
1429809833	9521	7	30	-2148	-20	-37	266	-142	180	418	1011.97	30.95	3.41219	
1429809833	109529	7	13	-2166	-23	-43	253	-145	184	418	1012.07	30.96	3.41219	
1429809833	209542	10	9	-2149	-24	-33	246	-142	187	422	1011.91	30.95	3.37833	
1429809833	309540	7	15	-2159	-26	-35	258	-143	190	417	1011.95	30.95	3.37833	
1429809833	409578	5	18	-2173	-20	-28	253	-143	193	418	1011.96	30.94	3.37833	
1429809833	509533	4	20	-2166	-23	-29	245	-141	198	417	1012.04	30.95	3.37833	
1429809833	609513	-1	16	-2154	-24	-30	258	-141	200	417	1011.95	30.94	3.37833	
1429809833	709532	17	15	-2179	-25	-37	249	-143	203	418	1012.03	30.95	3.37833	
1429809833	809574	7	12	-2167	-23	-28	239	-143	204	416	1011.96	30.94	3.37833	
1429809833	909513	9	22	-2171	-23	-22	251	-140	209	417	1011.93	30.94	3.37833	
1429809834	9551	12	13	-2166	-23	-24	248	-140	211	419	1012.01	30.93	3.37833	
1429809834	109554	11	13	-2150	-14	-23	240	-141	216	418	1012.06	30.94	3.37833	
1429809834	209523	-3	4	-2170	-20	-27	236	-140	218	416	1012	30.94	3.3891	
1429809834	309562	2	18	-2164	-20	-33	241	-142	221	417	1012	30.94	3.3891	
1429809834	409581	-8	3	-2181	-15	-25	238	-141	223	417	1012.02	30.94	3.3891	
1429809834	509632	-10	25	-2152	-11	-25	237	-140	226	416	1012	30.94	3.3891	
1429809834	609610	10	8	-2169	-14	-31	232	-137	230	418	1012.01	30.94	3.3891	
1429809834	709553	11	9	-2161	-21	-29	240	-138	233	418	1012.1	30.94	3.3891	
1429809834	809569	5	14	-2165	-26	-40	233	-137	235	416	1012.06	30.94	3.3891	
1429809834	909561	9	21	-2161	-26	-31	229	-137	239	417	1011.96	30.94	3.3891	
1429809835	9583	7	19	-2161	-25	-31	223	-136	244	416	1012.05	30.94	3.3891	
1429809835	109582	15	14	-2167	-19	-32	230	-137	245	415	1012	30.94	3.3891	
1429809835	209600	17	17	-2170	-20	-33	222	-133	249	417	1011.99	30.94	3.38125	
1429809835	309587	5	13	-2166	-32	-43	228	-133	250	417	1012.05	30.94	3.38125	
1429809835	409730	7	15	-2162	-24	-36	223	-132	254	416	1012	30.94	3.38125	
1429809835	509551	8	11	-2157	-31	-38	225	-133	254	416	1012.09	30.93	3.38125	
1429809835	609623	-7	12	-2168	-24	-34	217	-134	258	417	1012	30.94	3.38125	
1429809835	709584	11	24	-2159	-24	-41	215	-131	260	415	1012.01	30.94	3.38125	
1429809835	809604	2	9	-2155	-27	-35	226	-129	265	418	1012.05	30.94	3.38125	
1429809835	909597	8	25	-2166	-30	-40	219	-130	266	418	1012.15	30.93	3.38125	
1429809836	9607	5	13	-2156	-32	-28	225	-126	269	415	1012.06	30.93	3.38125	
1429809836	109593	5	27	-2178	-17	-33	221	-127	271	419	1011.96	30.93	3.38125	
1429809836	209578	18	23	-2150	-15	-25	220	-126	274	417	1012	30.94	3.42315	
1429809836	309508	15	26	-2171	-18	-24	220	-124	276	417	1011.95	30.93	3.42315	
1429809836	409595	15	25	-2144	-19	-27	211	-125	280	418	1012.02	30.93	3.42315	
1429809836	509543	12	22	-2172	-22	-32	218	-122	282	416	1012.12	30.94	3.42315	
1429809836	609635	16	14	-2169	-16	-27	211	-124	282	415	1012.06	30.93	3.42315	
1429809836	709573	-2	18	-2159	-16	-24	204	-122	286	418	1012.06	30.93	3.42315	
1429809836	809596	1	26	-2162	-14	-27	220	-120	290	416	1011.97	30.94	3.42315	
1429809836	909770	0	17	-2167	-18	-41	204	-120	291	414	1012.11	30.94	3.42315	
1429809837	9625	-3	23	-2160	-21	-36	211	-117	295	417	1012.07	30.94	3.42315	
1429809837	109601	4	16	-2166	-20	-32	205	-118	298	416	1012.03	30.95	3.42315	
1429809837	209597	19	10	-2160	-14	-25	210	-117	300	415	1012.02	30.93	3.42683	
1429809837	309554	14	13	-2161	-23	-27	214	-114	301	415	1011.97	30.94	3.42683	
1429809837	409533	11	22	-2163	-25	-37	209	-116	305	417	1012.02	30.93	3.42683	
1429809837	509577	-1	16	-2182	-25	-42	203	-112	307	416	1011.99	30.93	3.42683	
1429809837	609567	4	7	-2172	-31	-34	212	-111	310	417	1012	30.94	3.42683	
1429809837	709533	17	12	-2169	-25	-36	198	-110	311	415	1012	30.94	3.42683	
1429809837	809536	2	4	-2182	-25	-33	205	-109	314	414	1011.94	30.94	3.42683	
1429809837	909481	19	23	-2166	-21	-32	203	-108	314	415	1012.17	30.94	3.42683	
1429809838	9507	12	20	-2176	-29	-37	206	-103	318	417	1012.06	30.94	3.42683	
1429809838	109542	-1	13	-2187	-30	-40	204	-104	318	415	1011.97	30.94	3.42683	
1429809838	209537	4	20	-2182	-25	-36	193	-103	322	416	1012.03	30.94	3.42077	
1429809838	309555	4	19	-2179	-25	-33	201	-102	323	416	1012.02	30.94	3.42077	
1429809838	409533	-13	12	-2182	-19	-31	191	-100	325	414	1012.12	30.93	3.42077	
1429809838	509529	4	15	-2168	-18	-40	202	-99	328	416	1011.97	30.92	3.42077	
1429809838	609525	11	20	-2147	-25	-40	194	-97	330	416	1011.99	30.93	3.42077	
1429809838	709545	22	19	-2160	-23	-34	189	-94	331	415	1012.1	30.95	3.42077	
1429809838	809549	10	22	-2170	-19	-29	190	-94	333	416	1012.01	30.94	3.42077	
1429809838	909549	20	21	-2178	-15	-26	199	-93	337	415	1012.1	30.95	3.42077	
1429809839	9527	2	10	-2163	-12	-28	193	-91	337	414	1012.03	30.94	3.42077	
1429809839	109556	10	17	-2166	-19	-30	194	-89	340	414	1011.96	30.93	3.42077	
1429809839	209531	5	24	-2162	-24	-29	182	-87	342	416	1012.08	30.94	3.38587	
1429809839	309551	11	8	-2155	-21	-22	180	-90	343	414	1012.07	30.95	3.38587	
1429809839	409558	25	9	-2172	-13	-26	187	-86	345	416	1011.99	30.94	3.38587	
1429809839	509563	11	23	-2168	-12	-22	187	-86	348	415	1011.98	30.94	3.38587	
1429809839	609581	2	22	-2172	-23	-29	186	-83	349	414	1012.02	30.94	3.38587	
1429809839	709585	5	21	-2190	-28	-34	176	-84	352	415	1012.09	30.94	3.38587	
1429809839	809584	13	15	-2182	-24	-32	192	-81	352	414	1012.09	30.94	3.38587	
1429809839	909566	19	13	-2161	-23	-35	184	-78	355	413	1012.17	30.94	3.38587	
1429809840	9572	10	15	-2177	-26	-30	178	-77	356	414	1011.99	30.94	3.38587	
1429809840	109591	22	13	-2175	-25	-29	192	-76	358	415	1012.02	30.93	3.38587	
1429809840	209578	14	7	-2167	-25	-37	176	-76	359	415	1011.99	30.94	3.36839	
1429809840	309590	17	15	-2175	-27	-34	182	-73	359	414	1012	30.95	3.36839	
1429809840	409604	0	11	-2178	-25	-41	167	-73	362	415	1012.06	30.94	3.36839	
1429809840	509565	5	13	-2158	-25	-33	181	-68	364	414	1012.05	30.94	3.36839	
1429809840	609577	5	4	-2173	-20	-37	175	-70	365	413	1011.97	30.95	3.36839	
1429809840	709585	11	11	-2170	-22	-37	171	-66	367	415	1011.99	30.94	3.36839	
1429809840	809618	19	27	-2173	-26	-35	177	-65	368	414	1011.99	30.94	3.36839	
1429809840	909619	15	22	-2153	-34	-37	190	-62	369	414	1012.17	30.95	3.36839	
1429809841	9631	13	26	-2184	-20	-37	201	-59	372	416	1012.03	30.95	3.36839	
1429809841	109691	6	14	-2166	-12	-23	213	-60	372	412	1011.96	30.94	3.36839	
1429809841	209658	11	7	-2169	-18	-23	218	-57	375	414	1012.04	30.95	3.36074	
1429809841	309509	3	20	-2153	-26	-33	227	-56	377	414	1012.03	30.96	3.36074	
1429809841	409565	6	18	-2178	-39	-35	253	-54	379	413	1012.04	30.95	3.36074	
1429809841	509551	10	16	-2175	-27	-32	269	-50	381	416	1011.98	30.95	3.36074	
1429809841	609566	11	43	-2146	-11	-19	283	-47	384	414	1012.11	30.97	3.36074	
1429809841	709567	7	19	-2165	-3	-21	285	-45	387	413	1012.08	30.97	3.36074	
1429809841	809585	5	0	-2161	-18	-32	303	-44	388	412	1012.18	30.96	3.36074	
1429809841	909746	2	25	-2168	-34	-38	313	-41	390	413	1011.99	30.96	3.36074	
1429809842	9554	-2	28	-2175	-26	-44	316	-38	394	412	1012.03	30.96	3.36074	
1429809842	109574	12	13	-2178	-21	-31	342	-35	396	413	1011.97	30.95	3.36074	
1429809842	209585	8	19	-2178	-12	-28	340	-29	398	413	1012.04	30.97	3.38278	
1429809842	309605	9	22	-2176	-9	-46	352	-27	402	412	1011.92	30.97	3.38278	
1429809842	409553	8	6	-2172	-24	-48	366	-23	405	412	1012.01	30.97	3.38278	
1429809842	509585	9	17	-2169	-35	-46	353	-19	407	411	1011.99	30.97	3.38278	
1429809842	609606	13	17	-2173	-30	-40	370	-12	408	412	1012	30.96	3.38278	
1429809842	709610	-6	-1	-2206	-24	-34	368	-8	412	412	1011.99	30.97	3.38278	
1429809842	809538	20	37	-2151	-13	-39	388	-3	414	412	1011.98	30.98	3.38278	
1429809842	909571	-2	8	-2159	-24	-34	389	1	417	410	1011.95	30.98	3.38278	
1429809843	9559	12	14	-2168	-41	-34	405	5	419	411	1012.05	30.97	3.38278	
1429809843	109597	12	34	-2153	-28	-21	408	13	421	411	1012.09	30.98	3.38278	
1429809843	209513	-3	14	-2155	-19	-25	422	17	423	410	1012.09	30.98	3.36908	
1429809843	309526	-1	7	-2174	-14	-23	419	22	425	410	1011.96	30.98	3.36908	
1429809843	409548	0	18	-2155	-15	-25	426	26	427	411	1011.99	30.97	3.36908	
1429809843	509556	0	41	-2159	-20	-28	440	31	429	410	1012.07	30.97	3.36908	
1429809843	609532	24	15	-2158	-29	-30	432	38	432	408	1012.03	30.97	3.36908	
1429809843	709518	6	28	-2147	-23	-24	442	42	434	411	1012.03	30.97	3.36908	
1429809843	809503	2	28	-2156	-11	-22	442	49	434	409	1011.82	30.98	3.36908	
1429809843	909556	8	26	-2155	4	-32	456	55	437	408	1011.98	30.97	3.36908	
1429809844	9530	-5	6	-2149	-13	-36	459	60	439	409	1011.98	30.97	3.36908	
1429809844	109549	10	6	-2159	-28	-44	486	67	441	406	1012.09	30.98	3.36908	
1429809844	209554	18	3	-2153	-32	-25	478	70	442	406	1012.05	30.98	3.40444	
1429809844	309556	0	14	-2172	-24	-30	495	78	443	409	1011.94	30.97	3.40444	
1429809844	409567	21	23	-2152	-9	-38	499	84	444	406	1012.05	30.98	3.40444	
1429809844	509569	16	14	-2158	-19	-43	502	93	446	407	1012	30.97	3.40444	
1429809844	609588	1	17	-2176	-18	-38	519	102	446	407	1012.03	30.99	3.40444	
1429809844	709562	0	7	-2164	-18	-27	505	106	447	405	1012.08	30.98	3.40444	
1429809844	809574	13	16	-2170	-16	-25	508	114	448	405	1011.95	30.98	3.40444	
1429809844	909561	10	14	-2178	-22	-46	515	122	447	406	1011.92	30.98	3.40444	
1429809845	9578	3	14	-2165	-25	-51	492	131	448	404	1012.05	30.97	3.40444	
1429809845	109596	0	24	-2172	-25	-35	511	136	446	405	1012.09	30.97	3.40444	
1429809845	209571	5	19	-2167	-19	-19	492	143	447	404	1011.98	30.98	3.37411	
1429809845	309633	1	22	-2166	-14	-25	497	149	447	403	1012	30.97	3.37411	
1429809845	409631	12	24	-2174	-25	-34	506	154	447	403	1011.99	30.97	3.37411	
1429809845	509628	6	16	-2163	-22	-33	500	164	445	404	1012	30.97	3.37411	
1429809845	609575	15	26	-2177	-20	-23	491	170	444	404	1011.96	30.97	3.37411	
1429809845	709584	12	18	-2169	-20	-20	502	177	443	403	1012.01	30.98	3.37411	
1429809845	809589	1	0	-2183	-10	-16	490	183	441	404	1012	30.97	3.37411	
1429809845	909605	8	21	-2163	-19	-36	491	190	441	402	1011.81	30.97	3.37411	
1429809846	9620	8	21	-2160	-17	-42	491	195	439	402	1011.97	30.97	3.37411	
1429809846	109622	2	11	-2167	-23	-30	475	202	438	403	1011.99	30.96	3.37411	
1429809846	209533	-10	12	-2160	-19	-22	487	209	436	401	1012.07	30.97	3.36541	
1429809846	309549	13	22	-2154	-22	-27	490	215	433	401	1012.02	30.97	3.36541	
1429809846	409560	1	33	-2163	-14	-42	486	220	432	402	1011.95	30.97	3.36541	
1429809846	509549	6	16	-2164	-19	-48	484	226	430	399	1012.07	30.97	3.36541	
1429809846	609561	-3	6	-2172	-24	-40	484	232	427	399	1012	30.96	3.36541	
1429809846	709569	9	15	-2173	-22	-29	478	240	424	401	1012	30.97	3.36541	
1429809846	809585	7	16	-2155	-24	-30	480	244	422	400	1012.02	30.97	3.36541	
1429809846	909788	21	32	-2165	-26	-40	485	249	416	402	1011.98	30.98	3.36541	
1429809847	9614	26	27	-2178	-21	-46	474	257	417	401	1011.96	30.97	3.36541	
1429809847	109596	15	2	-2171	-17	-37	482	263	412	398	1012.01	30.97	3.36541	
1429809847	209583	25	-7	-2165	-20	-15	478	268	409	397	1012.02	30.97	3.43873	
1429809847	309615	5	32	-2167	-21	-20	470	276	407	399	1012.04	30.97	3.43873	
1429809847	409583	2	13	-2176	-20	-32	479	279	403	398	1011.99	30.97	3.43873	
1429809847	509570	-11	7	-2167	-18	-41	457	284	400	398	1012.02	30.97	3.43873	
1429809847	609608	3	12	-2164	-16	-33	463	290	396	399	1011.98	30.97	3.43873	
1429809847	709582	9	21	-2172	-12	-13	467	295	393	397	1012	30.97	3.43873	
1429809847	809537	8	17	-2165	-20	-12	463	301	388	397	1012.14	30.97	3.43873	
1429809847	909564	8	21	-2140	-24	-29	462	305	385	396	1012.03	30.97	3.43873	
1429809848	9538	11	2	-2172	-16	-39	469	310	379	398	1011.94	30.96	3.43873	
1429809848	109532	3	30	-2158	-13	-33	455	312	377	395	1012.01	30.97	3.43873	
1429809848	209530	4	13	-2163	-12	-25	458	317	372	397	1012.05	30.97	3.35448	
1429809848	309523	17	13	-2151	-25	-21	458	320	367	395	1012.04	30.98	3.35448	
1429809848	409547	1	7	-2166	-31	-26	456	324	364	395	1011.93	30.97	3.35448	
1429809848	509545	9	19	-2176	-28	-43	453	332	358	397	1012.04	30.97	3.35448	
1429809848	609563	6	30	-2150	-24	-40	444	334	354	396	1012.03	30.96	3.35448	
1429809848	709519	1	4	-2176	-16	-32	446	338	349	395	1011.97	30.97	3.35448	
1429809848	809506	20	15	-2154	-24	-30	455	340	345	395	1011.99	30.97	3.35448	
1429809848	909522	10	18	-2188	-35	-33	449	345	339	395	1011.96	30.97	3.35448	
1429809849	9532	9	12	-2156	-27	-44	442	350	334	395	1012.05	30.97	3.35448	
1429809849	109551	11	14	-2185	-15	-38	449	352	332	397	1011.98	30.97	3.35448	
1429809849	209556	13	21	-2148	-7	-35	442	355	323	395	1012.01	30.97	3.35119	
1429809849	309558	2	26	-2161	-16	-25	439	360	319	393	1012.07	30.97	3.35119	
1429809849	409561	5	21	-2171	-30	-21	444	363	315	396	1011.88	30.97	3.35119	
1429809849	509584	4	25	-2175	-22	-30	453	366	308	394	1012.04	30.97	3.35119	
1429809849	609579	4	12	-2173	-16	-33	439	369	304	394	1012.02	30.97	3.35119	
1429809849	709588	9	20	-2151	-8	-29	435	372	299	395	1011.91	30.96	3.35119	
1429809849	809581	10	17	-2181	-6	-30	445	376	294	393	1012.05	30.97	3.35119	
1429809849	909562	10	21	-2182	-19	-20	426	375	290	392	1011.94	30.96	3.35119	
1429809850	9580	14	19	-2160	-28	-23	433	379	284	395	1012.09	30.97	3.35119	
1429809850	109576	5	35	-2161	-15	-34	428	379	280	394	1012	30.96	3.35119	
1429809850	209589	9	15	-2161	-13	-32	427	382	273	393	1012.02	30.97	3.37128	
1429809850	309781	5	11	-2159	-13	-31	433	387	269	394	1012.01	30.97	3.37128	
1429809850	409595	-1	27	-2166	-24	-28	429	385	263	393	1011.96	30.97	3.37128	
1429809850	509576	6	19	-2176	-30	-29	425	386	258	393	1011.94	30.97	3.37128	
1429809850	609574	10	32	-2173	-26	-30	414	388	252	395	1012.04	30.97	3.37128	
1429809850	709581	6	22	-2185	-24	-33	413	391	246	394	1012.04	30.98	3.37128	
1429809850	809593	-2	17	-2173	-18	-34	429	393	242	391	1011.87	30.97	3.37128	
1429809850	909604	8	22	-2184	-26	-30	421	395	235	394	1011.99	30.97	3.37128	
1429809851	9610	6	18	-2176	-31	-27	418	393	229	394	1011.92	30.98	3.37128	
1429809851	109622	19	21	-2159	-25	-35	410	396	224	392	1012.03	30.97	3.37128	
1429809851	209531	6	15	-2164	-20	-31	411	397	217	393	1011.96	30.98	3.33558	
1429809851	309592	3	18	-2164	-16	-45	413	400	214	393	1011.98	30.98	3.33558	
1429809851	409620	3	7	-2188	-23	-37	416	399	207	392	1011.97	30.97	3.33558	
1429809851	509587	-1	26	-2172	-29	-26	404	398	201	393	1012.1	30.99	3.33558	
1429809851	609605	10	14	-2170	-26	-33	411	398	196	394	1012.03	30.97	3.33558	
1429809851	709672	20	13	-2167	-22	-37	404	398	191	392	1011.98	30.98	3.33558	
1429809851	809592	3	18	-2153	-4	-37	408	400	186	393	1011.91	30.99	3.33558	
1429809851	909734	6	15	-2179	-13	-33	410	397	180	393	1011.9	30.99	3.33558	
1429809852	9558	11	23	-2171	-25	-24	403	398	176	391	1012.03	30.99	3.33558	
1429809852	109581	9	32	-2168	-20	-34	399	399	168	393	1011.98	30.99	3.33558	
1429809852	209537	0	28	-2166	-17	-32	390	399	163	394	1011.98	30.99	3.42838	
1429809852	309553	-3	25	-2171	-15	-38	398	399	158	392	1012.02	31	3.42838	
1429809852	409558	7	15	-2169	-20	-35	401	396	153	395	1011.97	31	3.42838	
1429809852	509566	16	18	-2172	-24	-26	402	397	149	392	1011.96	31	3.42838	
1429809852	609567	2	11	-2165	-27	-22	399	400	144	394	1011.97	30.97	3.42838	
1429809852	709594	11	20	-2165	-20	-21	398	396	138	394	1011.96	31	3.42838	
1429809852	809556	4	20	-2182	-23	-33	401	394	134	394	1011.99	31.01	3.42838	
1429809852	909555	-3	11	-2177	-21	-28	386	394	128	392	1011.84	31	3.42838	
1429809853	9565	7	18	-2166	-34	-26	387	392	122	394	1012	31	3.42838	
1429809853	109541	-3	13	-2173	-31	-21	390	392	119	393	1012.11	31	3.42838	
1429809853	209530	13	18	-2159	-28	-31	390	389	112	392	1012.06	31	3.37354	
1429809853	309551	23	15	-2169	-24	-34	388	387	105	394	1012.01	31	3.37354	
1429809853	409529	11	8	-2149	-25	-37	386	388	102	394	1011.91	31	3.37354	
1429809853	509552	-2	25	-2157	-24	-31	387	384	96	393	1012.06	31	3.37354	
1429809853	609526	8	16	-2164	-23	-29	377	385	92	394	1011.93	31	3.37354	
1429809853	709513	13	16	-2160	-17	-34	376	381	86	394	1011.96	31	3.37354	
1429809853	809547	6	19	-2170	-11	-39	382	381	84	393	1011.91	31	3.37354	
1429809853	909552	6	16	-2174	-14	-37	373	379	80	394	1011.76	31.01	3.37354	
1429809854	9582	3	12	-2161	-25	-41	380	375	74	396	1011.95	31	3.37354	
1429809854	109539	15	15	-2170	-28	-33	375	375	70	394	1011.98	30.99	3.37354	
1429809854	209527	7	17	-2178	-17	-30	384	375	64	396	1011.97	31	3.34344	
1429809854	309570	1	25	-2168	-10	-39	378	371	62	395	1012.06	31.01	3.34344	
1429809854	409559	-1	20	-2173	-12	-35	391	370	57	394	1011.85	31	3.34344	
1429809854	509561	7	1	-2156	-28	-27	365	366	52	393	1011.98	31.02	3.34344	
1429809854	609573	23	18	-2171	-29	-26	365	364	48	396	1011.94	31.01	3.34344	
1429809854	709584	11	11	-2167	-23	-24	363	359	44	393	1012.08	31.01	3.34344	
1429809854	809602	8	15	-2160	-19	-28	372	360	40	397	1011.99	31.02	3.34344	
1429809854	909562	6	19	-2161	-16	-29	367	359	35	396	1012.06	31.01	3.34344	
1429809855	9574	7	23	-2181	-22	-27	354	352	31	395	1011.97	31.01	3.34344	
1429809855	109593	7	24	-2167	-35	-21	365	348	28	397	1011.91	31	3.34344	
1429809855	209582	12	27	-2180	-25	-24	358	347	24	395	1011.95	31	3.35411	
1429809855	309598	20	24	-2160	-15	-35	370	343	19	394	1011.99	31.01	3.35411	
1429809855	409612	0	11	-2160	-16	-32	353	341	16	396	1011.99	31.02	3.35411	
1429809855	509576	3	30	-2160	-20	-25	354	337	12	398	1011.94	31.01	3.35411	
1429809855	609574	4	16	-2171	-24	-31	357	333	10	395	1012.06	31.03	3.35411	
1429809855	709605	-4	27	-2164	-21	-35	353	329	7	397	1011.9	31	3.35411	
1429809855	809609	-3	30	-2180	-22	-32	353	328	1	396	1012	31.01	3.35411	
1429809855	909631	11	22	-2165	-12	-34	359	328	-2	396	1011.87	31.01	3.35411	
1429809856	9619	11	17	-2150	-18	-34	354	320	-6	399	1011.98	31.02	3.35411	
1429809856	109621	4	4	-2163	-24	-35	354	321	-8	397	1011.89	31.01	3.35411	
1429809856	209576	7	24	-2155	-22	-38	354	316	-10	395	1012.04	31.02	3.37657	
1429809856	309571	3	38	-2173	-23	-46	343	313	-16	397	1012.07	31.02	3.37657	
1429809856	409523	17	8	-2160	-7	-42	350	310	-18	397	1012.03	31.03	3.37657	
1429809856	509634	6	12	-2168	-22	-28	351	305	-19	396	1011.96	31.02	3.37657	
1429809856	609601	17	23	-2166	-25	-31	347	305	-24	398	1011.95	31	3.37657	
1429809856	709584	26	24	-2152	-35	-36	347	298	-27	398	1011.9	31.03	3.37657	
1429809856	809583	5	7	-2161	-23	-38	346	295	-29	397	1011.97	31.03	3.37657	
1429809856	909810	9	17	-2167	-20	-28	350	290	-33	398	1011.84	31.03	3.37657	
1429809857	9580	-1	20	-2168	-17	-24	334	289	-35	400	1012.04	31.03	3.37657	
1429809857	109578	3	22	-2185	-23	-20	341	288	-36	397	1011.93	31.03	3.37657	
1429809857	209553	-2	35	-2164	-30	-28	330	281	-39	399	1012	31.03	3.37455	
1429809857	309565	11	13	-2171	-26	-41	340	277	-43	400	1011.93	31.03	3.37455	
1429809857	409573	16	23	-2169	-18	-31	334	272	-46	397	1011.93	31.03	3.37455	
1429809857	509562	2	17	-2175	-16	-30	327	268	-47	398	1011.92	31.02	3.37455	
1429809857	609583	5	15	-2158	-14	-21	335	265	-50	400	1011.99	31.02	3.37455	
1429809857	709575	7	9	-2164	-24	-35	324	261	-52	399	1011.96	31.03	3.37455	
1429809857	809572	2	7	-2164	-24	-36	327	257	-53	400	1012.01	31.03	3.37455	
1429809857	909570	12	23	-2167	-23	-42	326	254	-57	401	1011.91	31.03	3.37455	
1429809858	9579	15	24	-2160	-22	-33	325	250	-57	398	1011.99	31.03	3.37455	
1429809858	109566	4	1	-2166	-24	-31	324	247	-60	402	1011.96	31.03	3.37455	
1429809858	209541	11	18	-2179	-22	-33	321	242	-60	402	1011.97	31.04	3.38157	
1429809858	309545	7	29	-2157	-21	-45	319	237	-63	399	1012.02	31.03	3.38157	
1429809858	409528	10	9	-2174	-27	-43	326	236	-65	401	1011.9	31.04	3.38157	
1429809858	509544	3	9	-2175	-15	-36	324	230	-66	402	1011.89	31.03	3.38157	
1429809858	609557	8	23	-2159	-18	-22	318	226	-68	400	1011.89	31.02	3.38157	
1429809858	709522	17	12	-2158	-20	-27	306	222	-70	402	1012.03	31.04	3.38157	
1429809858	809523	17	14	-2168	-25	-33	318	219	-70	401	1012	31.04	3.38157	
1429809858	909541	20	17	-2181	-24	-33	310	215	-72	401	1011.93	31.04	3.38157	
1429809859	9573	19	15	-2159	-27	-27	314	211	-74	401	1011.98	31.04	3.38157	
1429809859	109548	9	21	-2182	-23	-22	317	207	-75	401	1011.96	31.03	3.38157	
1429809859	209537	1	14	-2165	-17	-23	311	200	-76	401	1011.95	31.03	3.29689	
1429809859	309542	15	15	-2170	-21	-38	304	198	-78	402	1012.06	31.04	3.29689	
1429809859	409558	21	5	-2168	-17	-34	315	196	-78	402	1011.93	31.04	3.29689	
1429809859	509568	21	6	-2166	-21	-25	305	190	-82	402	1011.93	31.04	3.29689	
1429809859	609580	14	-2	-2166	-15	-29	306	187	-80	404	1012.01	31.03	3.29689	
1429809859	709591	1	13	-2174	-18	-31	299	181	-83	404	1012	31.05	3.29689	
1429809859	809601	11	24	-2182	-18	-39	304	178	-81	403	1011.98	31.04	3.29689	
1429809859	909578	24	14	-2157	-21	-40	300	175	-82	404	1011.98	31.04	3.29689	
1429809860	9583	16	15	-2155	-26	-32	302	172	-82	403	1012	31.04	3.29689	
1429809860	109615	13	6	-2162	-23	-28	306	168	-82	403	1012.01	31.04	3.29689	
1429809860	209623	7	31	-2163	-16	-32	300	163	-84	404	1011.99	31.03	3.31255	
1429809860	309591	8	12	-2170	-16	-42	291	159	-85	405	1012.03	31.04	3.31255	
1429809860	409608	17	18	-2156	-20	-41	292	155	-84	403	1011.85	31.04	3.31255	
1429809860	509584	0	8	-2168	-22	-30	288	153	-85	403	1011.93	31.04	3.31255	
1429809860	609570	11	20	-2167	-22	-29	300	149	-83	405	1012.03	31.04	3.31255	
1429809860	709583	2	12	-2175	-26	-35	302	143	-86	404	1012	31.04	3.31255	
1429809860	809598	9	6	-2166	-20	-37	293	140	-85	405	1011.98	31.04	3.31255	
1429809860	909610	14	19	-2163	-22	-37	289	136	-86	406	1011.98	31.04	3.31255	
1429809861	9634	7	20	-2169	-22	-23	283	133	-86	405	1012	31.05	3.31255	
1429809861	109614	8	25	-2165	-29	-26	288	131	-86	407	1011.94	31.04	3.31255	
1429809861	209572	0	10	-2158	-23	-29	284	124	-87	405	1011.95	31.03	3.31332	
1429809861	309535	1	13	-2162	-22	-29	297	120	-85	406	1012.02	31.05	3.31332	
1429809861	409564	3	16	-2172	-15	-32	283	117	-86	407	1011.91	31.04	3.31332	
1429809861	509615	-8	6	-2150	-19	-32	278	113	-86	407	1011.92	31.05	3.31332	
1429809861	609558	1	17	-2177	-17	-28	279	108	-86	405	1012.06	31.04	3.31332	
1429809861	709617	9	3	-2177	-30	-30	280	101	-88	405	1011.93	31.04	3.31332	
1429809861	809580	-7	20	-2175	-29	-37	277	103	-85	410	1012.02	31.05	3.31332	
1429809861	909743	5	27	-2173	-22	-42	280	93	-88	405	1011.92	31.05	3.31332	
1429809862	9592	1	20	-2150	-20	-31	279	94	-84	407	1011.93	31.05	3.31332	
1429809862	109570	6	8	-2167	-17	-28	271	91	-82	407	1011.98	31.04	3.31332	
1429809862	209596	6	31	-2178	-19	-38	264	88	-84	406	1012.04	31.06	3.48644	
1429809862	309566	7	13	-2178	-20	-39	276	87	-83	406	1012.03	31.05	3.48644	
1429809862	409613	8	10	-2164	-21	-41	271	82	-82	409	1011.87	31.05	3.48644	
1429809862	509645	5	20	-2161	-22	-39	268	78	-82	408	1011.87	31.05	3.48644	
1429809862	609582	10	24	-2166	-17	-37	263	75	-81	408	1012.01	31.04	3.48644	
1429809862	709577	-2	15	-2183	-20	-28	256	72	-81	408	1012	31.05	3.48644	
1429809862	809615	-4	14	-2170	-20	-31	272	69	-80	408	1011.91	31.04	3.48644	
1429809862	909546	1	11	-2173	-25	-30	270	68	-80	408	1011.97	31.05	3.48644	
1429809863	9546	-7	27	-2169	-18	-31	255	62	-78	408	1011.97	31.05	3.48644	
1429809863	109531	18	24	-2167	-10	-27	264	57	-77	408	1011.99	31.05	3.48644	
1429809863	209533	18	21	-2167	-18	-26	252	56	-75	409	1011.94	31.04	3.50165	
1429809863	309551	6	23	-2173	-22	-26	253	52	-74	410	1012.01	31.06	3.50165	
1429809863	409529	11	23	-2143	-26	-30	260	48	-74	408	1011.97	31.05	3.50165	
1429809863	509541	-12	19	-2151	-22	-33	253	47	-73	407	1011.93	31.05	3.50165	
1429809863	609562	14	26	-2164	-18	-27	247	44	-71	411	1011.98	31.04	3.50165	
1429809863	709517	20	17	-2170	-20	-30	254	38	-70	409	1011.91	31.06	3.50165	
1429809863	809522	-12	30	-2162	-25	-28	254	36	-72	410	1011.97	31.05	3.50165	
1429809863	909538	9	9	-2187	-26	-34	248	32	-68	411	1011.97	31.05	3.50165	
1429809864	9541	18	12	-2160	-25	-33	248	29	-68	409	1012	31.05	3.50165	
1429809864	109601	1	19	-2175	-23	-32	245	28	-65	409	1011.93	31.05	3.50165	
1429809864	209574	-1	34	-2158	-21	-37	230	23	-64	410	1011.98	31.04	3.50639	
1429809864	309533	0	22	-2163	-27	-34	238	20	-63	410	1012.06	31.05	3.50639	
1429809864	409567	7	6	-2184	-27	-44	232	18	-62	410	1012	31.05	3.50639	
1429809864	509563	8	14	-2160	-29	-33	239	15	-61	411	1012	31.05	3.50639	
1429809864	609581	11	24	-2173	-15	-27	250	13	-62	412	1011.99	31.05	3.50639	
1429809864	709614	13	17	-2164	-20	-32	241	9	-61	409	1012.02	31.05	3.50639	
1429809864	809606	7	9	-2152	-18	-36	241	7	-58	412	1011.97	31.05	3.50639	
1429809864	909566	-1	14	-2159	-23	-36	239	2	-57	412	1011.92	31.05	3.50639	
1429809865	9590	15	20	-2165	-22	-32	225	1	-56	410	1011.97	31.05	3.50639	
1429809865	109592	3	24	-2180	-14	-22	234	-1	-53	412	1012.02	31.05	3.50639	
1429809865	209607	7	26	-2160	-14	-28	221	-2	-52	411	1011.93	31.05	3.45837	
1429809865	309750	5	11	-2167	-18	-33	234	-7	-48	410	1012.09	31.05	3.45837	
1429809865	409608	-1	17	-2160	-22	-34	225	-10	-48	413	1011.97	31.05	3.45837	
1429809865	509579	7	20	-2168	-22	-28	226	-12	-49	411	1011.98	31.06	3.45837	
1429809865	609576	25	30	-2170	-21	-29	226	-14	-45	412	1011.99	31.03	3.45837	
1429809865	709592	14	13	-2163	-18	-28	227	-17	-45	413	1011.94	31.04	3.45837	
1429809865	809610	4	12	-2171	-18	-33	225	-19	-43	412	1012.01	31.06	3.45837	
1429809865	909604	-7	19	-2159	-23	-37	226	-22	-41	411	1011.92	31.05	3.45837	
1429809866	9607	12	22	-2158	-23	-32	218	-22	-40	412	1011.95	31.05	3.45837	
1429809866	109631	12	19	-2158	-20	-29	217	-27	-38	413	1011.95	31.05	3.45837	
1429809866	209601	-2	17	-2156	-27	-33	220	-28	-36	410	1011.99	31.05	3.36276	
1429809866	309538	0	9	-2165	-24	-36	226	-30	-35	412	1012	31.05	3.36276	
1429809866	409549	10	16	-2167	-32	-39	202	-33	-33	413	1011.92	31.05	3.36276	
1429809866	509574	6	20	-2182	-23	-33	212	-34	-32	412	1012.03	31.05	3.36276	
1429809866	609551	0	17	-2174	-26	-34	216	-37	-31	413	1011.99	31.05	3.36276	
1429809866	709619	10	35	-2157	-24	-32	213	-40	-29	412	1011.92	31.05	3.36276	
1429809866	809589	17	22	-2170	-18	-31	211	-43	-27	412	1012	31.05	3.36276	
1429809866	909729	5	19	-2157	-19	-39	203	-45	-26	412	1011.95	31.05	3.36276	
1429809867	9572	6	18	-2182	-25	-34	203	-46	-24	412	1012.05	31.05	3.36276	
1429809867	109560	7	18	-2163	-14	-33	209	-49	-23	412	1012.02	31.05	3.36276	
1429809867	209586	28	15	-2168	-19	-28	201	-51	-24	413	1012.03	31.05	3.37124	
1429809867	309554	23	17	-2148	-15	-40	206	-52	-18	414	1011.97	31.05	3.37124	
1429809867	409541	19	14	-2173	-19	-38	196	-53	-18	412	1011.97	31.05	3.37124	
1429809867	509549	15	38	-2177	-15	-33	197	-54	-16	414	1011.95	31.05	3.37124	
1429809867	609569	15	21	-2173	-22	-35	199	-58	-13	414	1011.98	31.04	3.37124	
1429809867	709607	15	19	-2167	-25	-34	201	-60	-12	414	1011.97	31.04	3.37124	
1429809867	809570	7	14	-2154	-23	-29	192	-63	-9	412	1011.97	31.05	3.37124	
1429809867	909542	11	26	-2162	-24	-36	201	-63	-8	414	1012.05	31.05	3.37124	
1429809868	9545	26	8	-2170	-24	-27	195	-65	-7	413	1011.99	31.05	3.37124	
1429809868	109523	5	12	-2155	-23	-25	183	-65	-4	415	1011.97	31.05	3.37124	
1429809868	209556	19	14	-2186	-29	-30	203	-67	-4	413	1012.02	31.05	3.31664	
1429809868	309545	14	20	-2179	-29	-31	186	-69	-1	411	1011.98	31.04	3.31664	
1429809868	409528	7	12	-2173	-28	-31	191	-71	1	416	1011.91	31.04	3.31664	
1429809868	509581	5	18	-2158	-25	-33	184	-73	2	413	1011.94	31.04	3.31664	
1429809868	609564	9	15	-2173	-21	-27	183	-74	4	413	1011.97	31.04	3.31664	
1429809868	709589	15	28	-2152	-18	-30	179	-77	6	414	1012.01	31.04	3.31664	
1429809868	809546	13	13	-2171	-26	-30	183	-77	7	415	1011.91	31.04	3.31664	
1429809868	909536	5	18	-2153	-26	-24	181	-78	9	413	1011.98	31.04	3.31664	
1429809869	9527	8	15	-2169	-21	-36	182	-82	10	415	1012.09	31.04	3.31664	
1429809869	109541	7	10	-2162	-18	-30	175	-82	11	414	1011.97	31.04	3.31664	
1429809869	209567	9	30	-2163	-19	-25	181	-84	13	414	1011.99	31.03	3.29328	
1429809869	309531	17	20	-2167	-18	-29	176	-86	16	416	1011.99	31.03	3.29328	
1429809869	409558	15	17	-2177	-25	-28	175	-88	18	415	1012	31.04	3.29328	
1429809869	509580	4	21	-2181	-21	-35	179	-87	21	414	1011.97	31.04	3.29328	
1429809869	609596	-2	25	-2167	-16	-38	175	-90	22	415	1011.98	31.03	3.29328	
1429809869	709598	14	12	-2163	-19	-37	171	-89	21	415	1011.95	31.03	3.29328	
1429809869	809595	15	8	-2157	-21	-32	170	-92	25	414	1012.06	31.04	3.29328	
1429809869	909567	11	20	-2167	-20	-35	168	-91	27	415	1011.95	31.03	3.29328	
1429809870	9567	4	25	-2152	-22	-42	169	-94	28	415	1012.17	31.03	3.29328	
1429809870	109584	17	18	-2146	-18	-35	169	-95	30	415	1012.05	31.03	3.29328	
1429809870	209613	20	6	-2178	-24	-30	169	-96	31	417	1011.93	31.03	3.35273	
1429809870	309582	3	28	-2168	-26	-36	168	-96	32	415	1012.01	31.03	3.35273	
1429809870	409606	13	18	-2163	-32	-36	175	-98	34	414	1011.91	31.03	3.35273	
1429809870	509577	4	10	-2156	-23	-37	158	-99	36	416	1011.97	31.03	3.35273	
1429809870	609575	11	15	-2165	-26	-37	159	-102	39	415	1012.02	31.02	3.35273	
1429809870	709717	13	26	-2160	-27	-35	164	-102	39	415	1011.94	31.01	3.35273	
1429809870	809592	4	7	-2172	-26	-33	151	-104	41	415	1011.97	31.03	3.35273	
1429809870	909609	14	10	-2180	-25	-30	152	-104	42	416	1011.99	31.02	3.35273	
1429809871	9613	3	17	-2173	-23	-31	156	-106	44	415	1011.94	31.01	3.35273	
1429809871	109634	-7	10	-2169	-20	-33	149	-106	45	414	1012.02	31.02	3.35273	
1429809871	209938	16	34	-2173	-12	-37	159	-107	48	417	1011.96	31.01	3.36437	
1429809871	309540	13	11	-2157	-21	-28	154	-109	49	414	1011.98	31.02	3.36437	
1429809871	409561	6	26	-2171	-21	-36	153	-108	50	417	1011.91	31.02	3.36437	
1429809871	509570	5	29	-2166	-24	-32	150	-110	52	416	1011.86	31.01	3.36437	
1429809871	609589	4	30	-2175	-21	-33	148	-111	54	415	1011.92	31.01	3.36437	
1429809871	709947	13	24	-2182	-13	-33	149	-112	55	417	1011.99	31	3.36437	
1429809871	809582	10	4	-2172	-17	-29	159	-113	57	416	1012	31.01	3.36437	
1429809871	909777	16	10	-2160	-19	-33	145	-114	59	416	1012.02	31.01	3.36437	
1429809872	9590	9	25	-2170	-23	-36	146	-114	61	416	1011.97	31	3.36437	
1429809872	109564	6	9	-2173	-23	-35	142	-114	62	416	1012	31	3.36437	
1429809872	209595	7	13	-2169	-25	-40	139	-116	64	415	1011.99	31	3.37031	
1429809872	309563	5	8	-2168	-25	-38	144	-116	66	415	1011.93	31	3.37031	
1429809872	409620	3	16	-2171	-25	-37	135	-117	66	417	1011.93	31	3.37031	
1429809872	509559	11	20	-2166	-30	-22	133	-117	69	420	1012.03	31	3.37031	
1429809872	609572	1	16	-2155	-28	-35	126	-119	71	416	1012.03	31	3.37031	
1429809872	709597	13	9	-2172	-29	-34	134	-120	70	417	1012	31.01	3.37031	
1429809872	809570	12	19	-2175	-23	-32	129	-120	74	417	1012.09	31	3.37031	
1429809872	909618	7	12	-2164	-25	-32	132	-120	74	417	1012	31	3.37031	
1429809873	9664	21	1	-2163	-32	-27	139	-122	74	417	1011.91	30.99	3.37031	
1429809873	109566	16	26	-2172	-28	-21	134	-121	77	417	1011.96	31	3.37031	
1429809873	209544	-2	19	-2167	-19	-23	125	-123	78	415	1011.94	30.99	3.36074	
1429809873	309569	8	13	-2151	-16	-29	125	-123	78	418	1012.04	30.99	3.36074	
1429809873	409570	-4	-1	-2162	-17	-34	124	-123	83	416	1011.93	31	3.36074	
1429809873	509539	11	22	-2182	-24	-35	128	-123	83	416	1012.07	30.99	3.36074	
1429809873	609565	13	26	-2175	-25	-27	112	-126	85	417	1011.98	30.99	3.36074	
1429809873	709557	15	23	-2171	-22	-29	127	-124	85	415	1011.97	30.99	3.36074	
1429809873	809526	4	21	-2170	-16	-31	124	-127	86	417	1011.97	30.99	3.36074	
1429809873	909534	1	16	-2168	-14	-27	118	-124	88	417	1012.03	30.99	3.36074	
1429809874	9558	8	17	-2180	-18	-35	114	-126	89	415	1011.96	30.98	3.36074	
1429809874	109542	4	19	-2159	-23	-35	120	-127	91	414	1012.05	30.98	3.36074	
1429809874	209553	13	10	-2163	-23	-34	111	-127	93	418	1012.04	30.98	3.31232	
1429809874	309541	14	23	-2176	-24	-36	113	-129	93	416	1012.01	30.98	3.31232	
1429809874	409574	0	13	-2162	-25	-39	113	-127	95	416	1011.94	30.97	3.31232	
1429809874	509555	0	30	-2172	-31	-38	113	-129	96	418	1012.05	30.98	3.31232	
1429809874	609576	15	12	-2173	-27	-39	112	-131	98	416	1012	30.97	3.31232	
1429809874	709594	1	10	-2163	-25	-34	110	-129	98	415	1011.96	30.97	3.31232	
1429809874	809624	5	30	-2159	-23	-32	114	-131	99	418	1011.96	30.97	3.31232	
1429809874	909584	6	32	-2159	-28	-41	109	-129	100	417	1012	30.97	3.31232	
1429809875	9575	1	24	-2175	-21	-30	101	-130	100	416	1011.94	30.96	3.31232	
1429809875	109589	6	11	-2169	-26	-30	115	-130	102	417	1011.95	30.97	3.31232	
1429809875	209595	9	20	-2173	-25	-38	106	-131	102	417	1012.02	30.96	3.35318	
1429809875	309590	10	26	-2176	-19	-29	106	-132	105	415	1012.01	30.97	3.35318	
1429809875	409632	-5	23	-2171	-25	-31	101	-133	106	419	1011.97	30.96	3.35318	
1429809875	509576	11	21	-2176	-19	-34	105	-131	106	417	1011.97	30.96	3.35318	
1429809875	609626	13	18	-2154	-20	-23	103	-133	108	415	1012.02	30.96	3.35318	
1429809875	709596	2	13	-2157	-21	-25	98	-134	109	418	1012.02	30.96	3.35318	
1429809875	809607	38	25	-2159	-16	-27	94	-133	111	423	1012.02	30.96	3.35318	
1429809875	909610	0	6	-2165	-17	-34	96	-134	112	416	1011.97	30.96	3.35318	
1429809876	9628	7	3	-2179	-17	-36	89	-134	113	418	1011.82	30.95	3.35318	
1429809876	109655	3	19	-2159	-22	-38	92	-135	114	416	1011.99	30.96	3.35318	
1429809876	209669	19	22	-2171	-29	-27	103	-134	115	416	1011.95	30.95	3.36524	
1429809876	309591	7	27	-2180	-24	-33	96	-137	116	416	1012	30.95	3.36524	
1429809876	409671	14	19	-2169	-22	-27	89	-134	118	417	1011.99	30.96	3.36524	
1429809876	509626	13	23	-2168	-24	-38	97	-137	118	416	1011.98	30.95	3.36524	
1429809876	609673	12	28	-2166	-28	-38	88	-137	119	417	1011.97	30.95	3.36524	
1429809876	709675	-5	27	-2173	-27	-35	79	-136	118	417	1012	30.95	3.36524	
1429809876	809683	10	10	-2163	-24	-34	87	-136	123	416	1012.08	30.97	3.36524	
1429809876	909842	10	6	-2170	-19	-32	87	-138	119	418	1011.95	30.95	3.36524	
1429809877	9675	7	17	-2184	-29	-33	80	-137	122	416	1011.98	30.95	3.36524	
1429809877	109646	11	17	-2183	-28	-33	82	-137	122	415	1011.87	30.95	3.36524	
1429809877	209645	4	23	-2167	-25	-37	83	-136	124	417	1012	30.95	3.37015	
1429809877	309619	12	28	-2169	-23	-34	79	-137	124	417	1011.93	30.94	3.37015	
1429809877	409646	22	18	-2172	-21	-35	80	-138	123	416	1012.03	30.95	3.37015	
1429809877	509575	1	9	-2154	-17	-35	71	-137	126	417	1012	30.95	3.37015	
1429809877	609597	11	20	-2165	-18	-33	82	-136	127	416	1012.03	30.95	3.37015	
1429809877	709632	16	21	-2165	-18	-34	71	-138	127	417	1012.08	30.95	3.37015	
1429809877	809622	7	17	-2150	-16	-31	70	-137	127	417	1011.96	30.94	3.37015	
1429809877	909607	13	18	-2165	-17	-27	72	-138	128	417	1012.02	30.96	3.37015	
1429809878	9611	18	10	-2173	-16	-33	78	-138	131	416	1011.94	30.95	3.37015	
1429809878	109692	12	14	-2176	-25	-31	71	-138	129	417	1012	30.95	3.37015	
1429809878	209541	0	21	-2165	-24	-32	70	-140	131	416	1011.94	30.94	3.36026	
1429809878	309547	13	15	-2169	-18	-37	74	-138	131	417	1011.96	30.94	3.36026	
1429809878	409538	13	16	-2177	-30	-29	70	-140	133	417	1011.96	30.94	3.36026	
1429809878	509576	11	15	-2153	-18	-23	66	-138	133	417	1011.95	30.95	3.36026	
1429809878	609602	1	11	-2157	-25	-27	61	-139	133	417	1011.97	30.95	3.36026	
1429809878	709576	17	24	-2164	-24	-37	62	-139	135	418	1012.03	30.95	3.36026	
1429809878	809529	18	22	-2186	-23	-34	60	-139	135	418	1012.02	30.96	3.36026	
1429809878	909548	-1	15	-2163	-30	-29	53	-139	137	416	1011.95	30.95	3.36026	
1429809879	9552	14	14	-2152	-27	-33	55	-140	135	417	1011.94	30.95	3.36026	
1429809879	109571	9	20	-2163	-23	-29	59	-138	135	417	1011.98	30.95	3.36026	
1429809879	209565	11	8	-2167	-26	-39	55	-139	137	417	1012.02	30.94	3.30045	
1429809879	309556	7	22	-2167	-29	-38	64	-142	137	417	1012.02	30.94	3.30045	
1429809879	409575	15	33	-2181	-25	-35	60	-140	136	417	1012.09	30.96	3.30045	
1429809879	509589	0	16	-2161	-16	-33	55	-138	137	416	1011.99	30.94	3.30045	
1429809879	609605	7	6	-2178	-24	-33	55	-140	136	418	1011.98	30.95	3.30045	
1429809879	709630	21	10	-2163	-26	-34	53	-139	137	418	1011.98	30.95	3.30045	
1429809879	809630	9	6	-2159	-23	-34	39	-140	138	416	1011.89	30.94	3.30045	
1429809879	909617	6	18	-2177	-19	-38	46	-140	139	423	1011.95	30.95	3.30045	
1429809880	9606	10	9	-2176	-19	-33	49	-138	140	417	1011.95	30.95	3.30045	
1429809880	109612	11	31	-2164	-19	-27	44	-139	139	417	1012.02	30.96	3.30045	
1429809880	209632	15	16	-2180	-26	-30	36	-138	140	417	1012	30.95	3.35466	
1429809880	309612	5	21	-2147	-25	-36	47	-140	140	418	1011.98	30.95	3.35466	
1429809880	409623	13	11	-2175	-22	-40	38	-140	140	421	1012.03	30.96	3.35466	
1429809880	509621	11	11	-2163	-24	-30	45	-139	140	418	1011.99	30.96	3.35466	
1429809880	609602	6	21	-2159	-21	-28	41	-139	141	417	1012.03	30.96	3.35466	
1429809880	709624	22	19	-2169	-22	-34	50	-140	141	416	1011.96	30.96	3.35466	
1429809880	809621	17	14	-2175	-30	-31	34	-139	142	417	1012.06	30.96	3.35466	
1429809880	909630	17	17	-2156	-22	-31	57	-140	142	418	1012	30.96	3.35466	
1429809881	9643	-9	11	-2179	-23	-29	35	-139	142	416	1011.94	30.96	3.35466	
1429809881	109667	-1	19	-2167	-26	-31	38	-141	142	418	1011.97	30.96	3.35466	
1429809881	209684	5	6	-2151	-27	-34	27	-140	142	418	1012.01	30.97	3.38642	
1429809881	309632	5	21	-2155	-21	-28	33	-140	142	417	1012.01	30.97	3.38642	
1429809881	409563	-1	19	-2179	-22	-37	25	-140	141	417	1011.97	30.96	3.38642	
1429809881	509655	0	20	-2179	-23	-35	30	-139	143	419	1012.07	30.96	3.38642	
1429809881	609608	7	16	-2179	-22	-29	28	-142	142	417	1012.07	30.96	3.38642	
1429809881	709685	0	29	-2168	-20	-29	25	-142	143	418	1011.94	30.96	3.38642	
1429809881	809571	2	17	-2175	-19	-36	16	-139	142	418	1012	30.96	3.38642	
1429809881	909794	8	11	-2166	-18	-34	23	-141	142	416	1012.01	30.97	3.38642	
1429809882	9701	2	7	-2160	-17	-38	23	-142	142	419	1011.97	30.96	3.38642	
1429809882	109579	0	13	-2166	-18	-35	23	-142	143	418	1012.01	30.97	3.38642	
1429809882	209596	12	24	-2164	-27	-32	19	-141	143	417	1011.98	30.97	3.41664	
1429809882	309595	11	18	-2168	-25	-37	25	-142	145	418	1012.04	30.97	3.41664	
1429809882	409610	13	21	-2184	-26	-36	12	-141	143	417	1011.96	30.97	3.41664	
1429809882	509542	7	21	-2170	-27	-41	26	-137	145	417	1011.95	30.97	3.41664	
1429809882	609559	7	20	-2171	-23	-33	17	-140	142	418	1011.95	30.97	3.41664	
1429809882	709644	13	12	-2165	-26	-30	13	-138	143	417	1012.02	30.97	3.41664	
1429809882	809581	20	21	-2161	-25	-34	22	-140	143	417	1011.98	30.97	3.41664	
1429809882	909542	8	27	-2152	-24	-30	14	-141	144	418	1011.99	30.97	3.41664	
1429809883	9560	7	22	-2166	-28	-38	10	-141	142	417	1012.04	30.97	3.41664	
1429809883	109547	15	13	-2174	-32	-29	6	-138	142	415	1011.92	30.97	3.41664	
1429809883	209765	10	16	-2183	-25	-31	13	-140	143	418	1011.98	30.97	3.35008	
1429809883	309538	-4	15	-2165	-21	-33	13	-140	143	418	1011.98	30.97	3.35008	
1429809883	409525	21	15	-2170	-21	-30	10	-141	141	416	1011.96	30.97	3.35008	
1429809883	509586	9	25	-2158	-15	-30	10	-140	141	418	1012.02	30.97	3.35008	
1429809883	609548	11	8	-2132	-21	-37	12	-140	141	417	1011.99	30.97	3.35008	
1429809883	709956	17	13	-2159	-22	-39	1	-142	140	418	1011.96	30.97	3.35008	
1429809883	809527	9	14	-2169	-24	-36	-1	-138	142	417	1011.91	30.96	3.35008	
1429809883	909509	5	11	-2174	-23	-32	-7	-142	139	417	1012.02	30.97	3.35008	
1429809884	9524	1	20	-2159	-23	-37	10	-142	140	417	1011.93	30.97	3.35008	
1429809884	109539	16	23	-2175	-22	-38	-8	-137	140	417	1012.02	30.97	3.35008	
1429809884	209747	10	4	-2167	-21	-33	-13	-140	140	417	1011.93	30.97	3.37399	
1429809884	309534	13	15	-2170	-21	-40	-13	-141	138	417	1011.94	30.97	3.37399	