time_s	time_us	ax	ay	az	gx	gy	gz	mx	my	mz	pressure	temp	runtime_average_ms	
1429812253	430793	18	0	-2178	-21	-43	22	387	184	403	1010.21	32.75	0	
1429812253	530750	4	5	-2203	-32	-60	30	389	186	402	1010.12	32.75	0	
1429812253	630762	29	0	-2194	-26	-30	12	389	184	404	1010.26	32.76	0	
1429812253	730759	23	-4	-2177	-29	-24	16	386	186	403	1010.19	32.75	0	
1429812253	830762	12	-32	-2153	-31	-27	9	389	186	402	1010.15	32.73	0	
1429812253	930785	25	-42	-2175	-28	-28	6	387	185	403	1010.21	32.76	0	
1429812254	30751	42	-26	-2159	-32	-44	12	387	184	402	1010.22	32.77	0	
1429812254	130780	11	-11	-2191	-23	-30	36	389	183	403	1010.07	32.76	0	
1429812254	230787	24	-10	-2163	-26	-33	20	388	184	404	1010.15	32.76	0	
1429812254	330805	23	-4	-2176	-26	-42	25	389	184	403	1010.23	32.76	0	
1429812254	430815	31	-34	-2138	-29	-38	25	387	183	403	1010.24	32.76	3.28414	
1429812254	530839	32	8	-2184	-27	-29	31	388	184	404	1010.07	32.76	3.28414	
1429812254	630808	3	56	-2151	-33	-40	20	388	184	403	1010.22	32.75	3.28414	
1429812254	730832	17	4	-2195	-21	-34	38	387	184	402	1010.28	32.75	3.28414	
1429812254	830807	8	-20	-2179	-23	-42	20	387	184	404	1010.23	32.76	3.28414	
1429812254	930828	18	-22	-2156	-27	-38	32	387	184	402	1010.19	32.75	3.28414	
1429812255	30809	28	-25	-2178	-25	-27	34	385	184	404	1010.11	32.75	3.28414	
1429812255	130868	24	-95	-2074	-29	-14	11	386	184	405	1010.23	32.74	3.28414	
1429812255	230857	35	0	-2178	-22	-38	34	386	183	405	1010.19	32.74	3.28414	
1429812255	330824	33	13	-2206	-26	-42	28	386	183	404	1010.24	32.73	3.28414	
1429812255	430812	16	9	-2174	-24	-40	22	390	185	403	1010.26	32.74	3.30287	
1429812255	530817	26	8	-2194	-22	-48	35	385	184	404	1010.2	32.74	3.30287	
1429812255	630831	31	27	-2152	-21	-31	35	388	183	404	1010.19	32.73	3.30287	
1429812255	730851	39	-6	-2170	-19	-36	24	387	183	405	1010.21	32.73	3.30287	
1429812255	830835	-2	2	-2174	-21	-44	5	387	185	404	1010.24	32.73	3.30287	
1429812255	930871	30	-2	-2166	-20	-40	30	387	184	406	1010.23	32.73	3.30287	
1429812256	30818	28	-19	-2152	-29	-37	34	385	183	405	1010.22	32.73	3.30287	
1429812256	130946	12	3	-2166	-30	-33	17	386	184	404	1010.21	32.72	3.30287	
1429812256	230870	-5	2	-2181	-27	-26	25	383	183	404	1010.23	32.72	3.30287	
1429812256	330823	2	-34	-2242	-4	-34	36	387	184	404	1010.24	32.73	3.30287	
1429812256	430844	40	6	-2176	-23	-33	26	387	184	404	1010.23	32.72	3.31825	
1429812256	530820	17	4	-2188	-25	-35	8	386	184	403	1010.22	32.71	3.31825	
1429812256	630839	29	-15	-2160	-23	-40	23	388	184	405	1010.28	32.72	3.31825	
1429812256	730857	3	15	-2182	-31	-35	32	388	184	405	1010.15	32.72	3.31825	
1429812256	830838	35	-8	-2177	-25	-37	28	389	184	403	1010.17	32.7	3.31825	
1429812256	930837	26	-17	-2175	-13	-21	13	387	183	404	1010.22	32.71	3.31825	
1429812257	30833	29	-13	-2189	-21	-29	21	387	185	405	1010.06	32.71	3.31825	
1429812257	130811	38	-12	-2172	-25	-34	22	388	184	404	1010.18	32.71	3.31825	
1429812257	230832	11	9	-2190	-21	-30	20	387	184	408	1010.16	32.71	3.31825	
1429812257	330827	-8	10	-2179	-11	-30	14	388	183	403	1010.17	32.7	3.31825	
1429812257	430816	12	5	-2180	-26	-26	-2	388	185	403	1010.17	32.7	3.35934	
1429812257	530813	43	-7	-2172	-24	-33	32	389	184	405	1010.08	32.71	3.35934	
1429812257	630834	15	-27	-2185	-22	-27	6	387	183	405	1010.16	32.7	3.35934	
1429812257	730841	45	-11	-2195	-22	-35	22	387	185	404	1010.17	32.7	3.35934	
1429812257	830809	36	-9	-2144	-37	-25	13	389	183	404	1010.15	32.7	3.35934	
1429812257	930832	7	-82	-2147	-20	-36	62	388	184	404	1010.26	32.7	3.35934	
1429812258	30769	6	-23	-2167	-34	-45	61	386	184	403	1010.17	32.7	3.35934	
1429812258	130917	35	0	-2166	-13	-33	24	385	183	402	1010.26	32.7	3.35934	
1429812258	230805	20	20	-2188	-25	-37	1	388	184	403	1010.18	32.68	3.35934	
1429812258	330788	40	10	-2173	-24	-33	11	386	184	404	1010.26	32.7	3.35934	
1429812258	430776	30	-24	-2154	-25	-32	13	390	184	402	1010.18	32.7	3.37656	
1429812258	530762	14	-5	-2175	-27	-31	27	389	184	404	1010.18	32.7	3.37656	
1429812258	630760	44	-1	-2192	-29	-26	19	386	184	403	1010.14	32.69	3.37656	
1429812258	730757	36	-14	-2199	-23	-25	27	387	183	403	1010.27	32.7	3.37656	
1429812258	830773	26	-30	-2182	-22	-25	6	387	183	404	1010.21	32.7	3.37656	
1429812258	930782	-3	-28	-2168	-22	-34	14	388	182	404	1010.19	32.69	3.37656	
1429812259	30777	26	-14	-2176	-22	-27	6	389	183	403	1010.1	32.69	3.37656	
1429812259	130809	18	-5	-2174	-17	-42	47	386	179	412	1010.14	32.69	3.37656	
1429812259	230780	32	-39	-2146	-37	-17	-32	387	182	410	1010.25	32.68	3.37656	
1429812259	330814	35	-25	-2206	-21	-25	67	386	184	404	1010.21	32.68	3.37656	
1429812259	430813	35	-9	-2160	-33	-46	60	389	183	404	1010.18	32.68	3.32797	
1429812259	530895	30	-19	-2171	-28	-33	35	385	183	403	1010.18	32.68	3.32797	
1429812259	630837	46	-21	-2176	-19	-45	36	388	183	405	1010.25	32.68	3.32797	
1429812259	730822	25	1	-2178	-23	-49	23	386	183	404	1010.17	32.67	3.32797	
1429812259	830810	38	-3	-2187	-25	-41	17	387	182	405	1010.24	32.68	3.32797	
1429812259	930813	26	-1	-2161	-28	-40	18	387	182	404	1010.27	32.68	3.32797	
1429812260	30803	35	10	-2169	-20	-36	16	387	183	404	1010.13	32.67	3.32797	
1429812260	130823	26	-45	-2194	-24	-30	25	387	183	403	1010.24	32.68	3.32797	
1429812260	230833	14	-35	-2176	-34	-32	21	389	182	402	1010.25	32.67	3.32797	
1429812260	330832	26	-5	-2190	-21	-33	10	383	182	405	1010.25	32.67	3.32797	
1429812260	430817	14	-10	-2178	-20	-37	29	387	182	405	1010.22	32.67	3.29838	
1429812260	530832	39	10	-2139	-28	-37	30	384	182	402	1010.15	32.67	3.29838	
1429812260	630832	-23	-19	-2168	-38	-33	47	387	183	406	1010.15	32.67	3.29838	
1429812260	730853	7	70	-2158	-17	-43	70	384	182	407	1010.17	32.67	3.29838	
1429812260	830888	6	-14	-2191	-29	-22	54	384	182	405	1010.21	32.67	3.29838	
1429812260	930867	26	-10	-2201	-27	-31	27	386	183	405	1010.21	32.67	3.29838	
1429812261	30877	25	15	-2181	-16	-33	26	386	182	406	1010.13	32.66	3.29838	
1429812261	130835	22	-7	-2186	-20	-36	22	387	182	404	1010.13	32.66	3.29838	
1429812261	230854	37	-1	-2177	-23	-31	20	386	184	405	1010.23	32.66	3.29838	
1429812261	330874	81	-71	-2163	-18	-35	21	385	185	404	1010.15	32.66	3.29838	
1429812261	430843	-27	-15	-2237	-24	-38	39	385	183	404	1010.15	32.66	3.29842	
1429812261	530856	-14	-29	-2229	-31	-47	-23	391	171	428	1010.23	32.65	3.29842	
1429812261	630830	24	22	-2211	-30	-53	20	389	178	425	1010.17	32.65	3.29842	
1429812261	730853	31	-20	-2168	-24	-36	25	392	176	417	1010.11	32.65	3.29842	
1429812261	830840	11	-22	-2170	-25	-31	29	389	176	425	1010.16	32.65	3.29842	
1429812261	930798	56	-9	-2039	-43	67	137	393	171	422	1010.22	32.66	3.29842	
1429812262	30775	55	184	-2363	-88	-55	-34	389	145	420	1010.18	32.66	3.29842	
1429812262	130792	65	-28	-2226	-27	-17	-21	391	154	425	1010.17	32.65	3.29842	
1429812262	230806	33	-52	-2203	-32	-30	25	391	161	419	1010.2	32.65	3.29842	
1429812262	330807	-11	-51	-2196	-21	-41	41	390	155	425	1010.11	32.65	3.29842	
1429812262	430795	-5	-34	-2215	-13	-31	27	386	161	428	1010.16	32.65	3.33721	
1429812262	530761	18	-39	-2151	-17	-36	36	387	161	408	1010.27	32.65	3.33721	
1429812262	630789	31	-7	-2247	-18	-56	1	387	165	409	1010.25	32.66	3.33721	
1429812262	730790	60	-157	-2271	-32	1	-47	385	167	409	1010.25	32.66	3.33721	
1429812262	830731	56	-23	-2206	-14	-39	10	382	165	407	1010.13	32.66	3.33721	
1429812262	930758	42	-90	-2212	-26	-17	39	384	167	408	1010.17	32.65	3.33721	
1429812263	30746	74	-61	-2170	-28	-28	29	382	167	409	1010.3	32.65	3.33721	
1429812263	130921	45	-75	-2174	-19	-28	31	383	166	407	1010.15	32.66	3.33721	
1429812263	230777	59	-59	-2211	-25	-28	15	385	167	406	1010.22	32.66	3.33721	
1429812263	330787	7	-23	-2194	-30	-41	19	383	168	410	1010.19	32.66	3.33721	
1429812263	430737	-4	-34	-2201	-22	-17	17	385	166	406	1010.15	32.66	3.36473	
1429812263	530760	73	-64	-2120	-14	-31	16	385	166	407	1010.14	32.67	3.36473	
1429812263	630739	81	18	-2159	-42	-31	21	387	168	407	1010.25	32.66	3.36473	
1429812263	730813	40	34	-2127	-34	-34	14	383	165	408	1010.26	32.66	3.36473	
1429812263	830759	6	-46	-2198	-18	-36	22	385	166	407	1010.29	32.66	3.36473	
1429812263	930782	-14	22	-2165	-35	-40	27	387	168	407	1010.14	32.67	3.36473	
1429812264	30747	50	-40	-2144	-36	-27	13	383	166	407	1010.25	32.67	3.36473	
1429812264	130783	26	1	-2192	-33	-45	25	384	169	407	1010.19	32.66	3.36473	
1429812264	230759	25	-17	-2163	-23	-30	29	385	166	408	1010.27	32.67	3.36473	
1429812264	330799	-8	-15	-2160	-19	-48	13	383	168	407	1010.22	32.67	3.36473	
1429812264	430833	29	-47	-2194	-31	-33	1	385	167	408	1010.15	32.67	3.37717	
1429812264	530829	27	42	-2155	-26	-42	23	385	167	408	1010.22	32.67	3.37717	
1429812264	630810	-43	10	-2151	-16	-27	10	381	166	410	1010.23	32.66	3.37717	
1429812264	730856	20	-76	-2168	-20	-44	31	383	165	408	1010.27	32.67	3.37717	
1429812264	830799	42	-46	-2199	-31	-23	19	383	167	408	1010.18	32.67	3.37717	
1429812264	930807	14	19	-2178	-21	-30	4	384	168	408	1010.22	32.67	3.37717	
1429812265	30816	-36	6	-2196	-35	-37	30	382	165	407	1010.25	32.67	3.37717	
1429812265	130832	62	-55	-2185	-21	-36	20	385	167	408	1010.24	32.68	3.37717	
1429812265	230785	97	-39	-2217	-19	-25	23	384	166	408	1010.23	32.67	3.37717	
1429812265	330911	16	42	-2154	-22	-37	32	384	169	408	1010.23	32.67	3.37717	
1429812265	430800	-31	-18	-2154	-24	-45	16	384	166	410	1010.17	32.68	3.33158	
1429812265	530816	90	-11	-2224	-27	-33	19	384	166	407	1010.32	32.67	3.33158	
1429812265	630825	-20	21	-2200	-18	-24	25	383	167	409	1010.25	32.68	3.33158	
1429812265	730843	46	-66	-2162	-20	-37	13	383	160	411	1010.18	32.68	3.33158	
1429812265	830842	60	-56	-2116	2	-30	21	383	152	419	1010.21	32.68	3.33158	
1429812265	930737	5	28	-2164	-20	-37	35	382	150	428	1010.18	32.68	3.33158	
1429812266	30757	20	10	-2097	-30	-49	25	382	149	422	1010.09	32.67	3.33158	
1429812266	130735	-18	67	-2120	-35	-49	41	382	150	422	1010.21	32.68	3.33158	
1429812266	230755	-52	-3	-2167	-53	-61	17	383	157	421	1010.16	32.7	3.33158	
1429812266	330773	-29	26	-2211	-52	-23	5	383	155	421	1010.25	32.68	3.33158	
1429812266	430791	-17	0	-2076	-42	-28	29	384	156	422	1010.15	32.7	3.27747	
1429812266	530800	87	-36	-2167	-48	5	23	382	154	421	1010.21	32.7	3.27747	
1429812266	630809	89	-1	-2169	0	-27	8	383	156	421	1010.13	32.69	3.27747	
1429812266	730825	124	-40	-2286	-23	14	33	382	146	419	1010.23	32.69	3.27747	
1429812266	830810	142	-37	-2328	-18	51	-7	381	144	424	1010.2	32.69	3.27747	
1429812266	930791	46	43	-1967	14	3	38	385	154	431	1010.16	32.69	3.27747	
1429812267	30784	126	-105	-2238	-3	-13	46	384	150	428	1010.1	32.69	3.27747	
1429812267	130836	16	27	-2216	-45	-54	4	383	138	427	1010.21	32.7	3.27747	
1429812267	230807	60	30	-2206	-47	-45	15	382	148	432	1010.13	32.69	3.27747	
1429812267	330800	-37	65	-2321	-49	-44	60	383	145	430	1010.26	32.7	3.27747	
1429812267	430798	76	-30	-2261	-50	-9	6	381	136	426	1010.17	32.69	3.31083	
1429812267	530839	56	-61	-2169	-12	-52	8	380	139	429	1010.25	32.7	3.31083	
1429812267	630787	-22	27	-2056	0	-23	-33	380	135	429	1010.18	32.7	3.31083	
1429812267	730845	20	-231	-2066	6	-43	-55	383	142	435	1010.18	32.7	3.31083	
1429812267	830742	51	-179	-2203	-62	-37	-23	376	128	436	1010.27	32.7	3.31083	
1429812267	930794	283	453	-2808	-70	27	65	380	117	446	1010.12	32.7	3.31083	
1429812268	30733	116	-374	-1508	26	-53	-57	376	102	456	1010.26	32.7	3.31083	
1429812268	130852	-66	-514	-1751	25	-48	119	374	113	455	1010.25	32.7	3.31083	
1429812268	230756	322	-262	-1821	88	11	30	385	112	449	1010.24	32.71	3.31083	
1429812268	330797	243	-198	-1810	-49	-112	-89	380	101	444	1010.25	32.7	3.31083	
1429812268	430753	338	-161	-1959	17	29	83	366	55	454	1010.2	32.7	3.30947	
1429812268	530745	-129	-29	-2660	148	78	205	378	106	492	1010.23	32.7	3.30947	
1429812268	630734	1012	-737	-3293	40	159	68	362	57	461	1010.2	32.69	3.30947	
1429812268	730750	-21	494	-1840	-261	98	-54	359	61	487	1010.23	32.7	3.30947	
1429812268	830765	-69	424	-1927	-56	-65	245	365	54	460	1010.19	32.7	3.30947	
1429812268	930745	730	-332	-2489	-88	139	-249	374	69	480	1010.19	32.7	3.30947	
1429812269	30789	862	-98	-2234	72	2	266	397	124	532	1010.21	32.7	3.30947	
1429812269	130778	213	1293	-2047	-98	-88	205	366	36	475	1010.25	32.7	3.30947	
1429812269	230780	-64	-412	-2663	-85	56	-3	364	57	481	1010.15	32.7	3.30947	
1429812269	330789	148	630	-1508	21	-148	2	384	94	496	1010.28	32.7	3.30947	
1429812269	430807	629	-243	-3058	-28	-205	-108	383	96	490	1010.16	32.69	3.2828	
1429812269	530857	-147	716	-2080	96	-128	229	366	31	459	1010.28	32.7	3.2828	
1429812269	630806	589	-77	-2398	-204	176	-170	373	57	478	1010.2	32.68	3.2828	
1429812269	730816	111	65	-2085	31	-127	307	394	120	539	1010.25	32.7	3.2828	
1429812269	830810	81	-100	-2141	-23	74	-76	382	102	509	1010.23	32.69	3.2828	
1429812269	930815	-467	-629	-2006	3	-209	-9	369	45	463	1010.27	32.68	3.2828	
1429812270	30812	-457	668	-2050	-17	72	258	366	32	462	1010.17	32.68	3.2828	
1429812270	130930	20	-20	-2167	-88	141	-190	375	58	461	1010.15	32.66	3.2828	
1429812270	230835	7	-323	-2277	-20	-85	120	378	65	474	1010.12	32.66	3.2828	
1429812270	330817	69	81	-2018	-176	144	-146	375	79	517	1010.17	32.67	3.2828	
1429812270	430801	397	-327	-2534	73	-28	266	386	108	527	1010.1	32.66	3.30543	
1429812270	530818	-533	245	-1744	-83	-24	-60	385	104	480	1010.24	32.67	3.30543	
1429812270	630823	72	-761	-2262	109	-29	102	372	51	459	1010.26	32.66	3.30543	
1429812270	730840	-323	262	-2288	-123	6	-60	368	45	477	1010.25	32.64	3.30543	
1429812270	830850	-354	-802	-2099	31	-33	-46	384	77	498	1010.21	32.65	3.30543	
1429812270	930899	-480	955	-1544	52	-202	168	387	83	487	1010.2	32.65	3.30543	
1429812271	30805	836	-626	-2777	-137	121	-138	369	29	466	1010.22	32.64	3.30543	
1429812271	130923	-796	703	-1898	-15	-306	225	359	54	485	1010.24	32.64	3.30543	
1429812271	230755	-371	-89	-1834	-137	123	-159	390	114	533	1010.22	32.63	3.30543	
1429812271	330816	-58	-1231	-2183	192	-53	123	375	68	460	1010.22	32.63	3.30543	
1429812271	430785	230	946	-1693	94	-171	98	377	66	502	1010.24	32.63	3.2867	
1429812271	530814	-279	-1003	-2541	-32	18	-149	386	107	541	1010.17	32.62	3.2867	
1429812271	630819	-90	338	-1994	-37	-152	234	385	56	494	1010.22	32.63	3.2867	
1429812271	730806	-604	1051	-2045	-24	-6	212	368	30	493	1010.2	32.61	3.2867	
1429812271	830829	-264	1050	-2161	-100	3	197	371	10	478	1010.22	32.62	3.2867	
1429812271	930960	-50	272	-2001	70	-144	233	381	58	499	1010.16	32.61	3.2867	
1429812272	30787	457	-897	-2092	-20	-121	-111	382	52	556	1010.14	32.61	3.2867	
1429812272	130897	-100	110	-2461	37	170	-56	373	14	517	1010.2	32.61	3.2867	
1429812272	230782	-357	-119	-1970	-12	-284	-37	375	-10	494	1010.23	32.61	3.2867	
1429812272	330790	765	-257	-3011	131	-14	71	376	-29	528	1010.28	32.61	3.2867	
1429812272	430797	-58	175	-2470	-15	158	54	364	-12	603	1010.12	32.61	3.29972	
1429812272	530930	-964	826	-1507	237	-32	74	362	-33	534	1010.26	32.61	3.29972	
1429812272	630818	-1851	571	-1511	-279	-399	276	353	-72	515	1010.2	32.6	3.29972	
1429812272	730795	2102	-205	-4122	-112	-271	398	347	-104	513	1010.2	32.6	3.29972	
1429812272	830782	-1431	210	-717	-190	-1007	524	383	-35	757	1010.25	32.62	3.29972	
1429812272	930740	-2779	690	132	35	-609	38	360	-16	681	1010.2	32.6	3.29972	
1429812273	30764	-1065	1142	-1477	-451	-453	101	373	-77	530	1010.28	32.59	3.29972	
1429812273	130979	1534	-1432	-2530	82	499	-150	355	-131	507	1010.23	32.6	3.29972	
1429812273	230755	-955	1560	-2581	-361	96	150	368	-51	655	1010.22	32.59	3.29972	
1429812273	330793	2302	-1419	-3185	143	438	-26	374	-13	698	1010.2	32.6	3.29972	
1429812273	430783	-2151	679	-47	-370	35	40	369	-15	721	1010.17	32.6	3.39762	
1429812273	530806	2515	-772	-4022	-638	-196	159	384	-103	640	1010.2	32.6	3.39762	
1429812273	630753	293	-275	-1679	355	-12	-172	401	23	725	1010.14	32.57	3.39762	
1429812273	730804	-1379	1427	-2196	-436	-296	81	403	8	769	1010.21	32.59	3.39762	
1429812273	830805	1677	459	-4766	-540	14	153	361	-72	598	1010.26	32.58	3.39762	
1429812273	930796	-95	-73	-3039	-311	371	-272	349	-142	494	1010.19	32.59	3.39762	
1429812274	30778	-2200	1233	-350	-243	-579	217	366	-126	498	1010.21	32.59	3.39762	
1429812274	130790	1075	-2645	-1289	447	408	-96	360	-154	501	1010.26	32.58	3.39762	
1429812274	230780	-1093	1675	-758	56	-219	72	327	-202	558	1010.17	32.58	3.39762	
1429812274	330796	2782	-787	-3103	-107	315	250	373	-54	684	1010.17	32.58	3.39762	
1429812274	430800	-850	270	-2194	-104	179	76	357	-87	590	1010	32.58	3.31264	
1429812274	530843	-696	2018	-2657	-765	-665	291	398	-54	731	1010.22	32.58	3.31264	
1429812274	630806	1157	-492	-3022	42	303	204	381	-16	765	1010.2	32.57	3.31264	
1429812274	730814	1873	-940	-3759	542	601	-217	350	-20	628	1010.24	32.58	3.31264	
1429812274	830816	1674	-1350	-4273	457	552	-361	379	-46	555	1010.17	32.58	3.31264	
1429812274	930815	1494	-1211	-2485	175	362	-309	411	38	690	1010.06	32.57	3.31264	
1429812275	30794	-8	109	-1897	-136	-574	-102	359	-88	473	1010.19	32.57	3.31264	
1429812275	130824	-2526	1200	-261	71	-561	-31	396	9	747	1010.25	32.58	3.31264	
1429812275	230831	1879	-1597	-3717	509	961	-218	349	-177	496	1010.14	32.57	3.31264	
1429812275	330808	2385	-886	-5039	230	516	-188	390	8	738	1010.22	32.58	3.31264	
1429812275	430793	1558	-1027	-3258	-431	-314	43	352	-190	485	1010.18	32.56	3.42507	
1429812275	530812	-84	-666	-1494	-618	-720	-200	406	59	548	1010.23	32.56	3.42507	
1429812275	630807	-2276	860	-408	-74	-760	-258	370	-82	473	1010.12	32.56	3.42507	
1429812275	730837	78	151	-2447	153	258	-291	455	120	870	1010.2	32.56	3.42507	
1429812275	830887	1670	-1003	-3335	794	682	-173	386	-1	529	1010.2	32.57	3.42507	
1429812275	930868	1387	295	-3878	-451	-130	372	419	48	683	1010.14	32.57	3.42507	
1429812276	30758	-747	837	-2559	-720	-237	37	373	-102	474	1010.17	32.56	3.42507	
1429812276	130827	-2513	738	-903	84	358	-51	398	101	683	1010.16	32.55	3.42507	
1429812276	230737	2308	-1087	-2737	90	-561	80	411	43	483	1010.18	32.55	3.42507	
1429812276	330812	-1409	-163	-764	245	305	-109	382	-14	462	1010.15	32.56	3.42507	
1429812276	430793	589	12	-2877	-997	-806	152	356	-182	461	1010.16	32.55	3.31272	
1429812276	530845	236	1062	-1986	236	906	15	397	36	501	1010.21	32.55	3.31272	
1429812276	630808	-470	-836	-1556	-705	-495	141	389	112	794	1010.19	32.55	3.31272	
1429812276	730829	1790	-1032	-2827	552	407	20	395	26	768	1010.23	32.55	3.31272	
1429812276	830792	-1683	-854	-1288	-755	-226	169	434	92	542	1010.21	32.55	3.31272	
1429812276	930886	1573	-1367	-3224	110	460	-172	378	-1	453	1010.2	32.55	3.31272	
1429812277	30768	-194	126	-446	773	154	173	371	-14	456	1010.2	32.53	3.31272	
1429812277	130843	-1784	1040	-1718	-778	-461	262	384	29	528	1010.17	32.53	3.31272	
1429812277	230769	222	-986	-1963	-79	-593	246	383	-43	462	1010.14	32.53	3.31272	
1429812277	330793	532	1293	-4633	354	371	-30	371	-41	461	1010.24	32.53	3.31272	
1429812277	430794	-813	93	-1357	-687	-608	15	386	12	456	1010.13	32.53	3.33734	
1429812277	530787	7	1316	-2415	309	723	-101	361	-74	499	1010.21	32.52	3.33734	
1429812277	630776	1088	-201	-3046	-371	-23	26	404	51	735	1010.25	32.52	3.33734	
1429812277	730761	591	-622	-1977	-49	-158	-127	368	61	651	1010.17	32.52	3.33734	
1429812277	830748	478	19	-2630	205	255	-240	366	-11	511	1010.2	32.52	3.33734	
1429812277	930736	-226	-346	-2410	-294	-92	-229	374	42	471	1010.18	32.51	3.33734	
1429812278	30739	-1012	174	-1272	-123	-283	146	374	42	522	1010.14	32.51	3.33734	
1429812278	130880	-335	684	-2722	32	156	110	400	105	605	1010.15	32.51	3.33734	
1429812278	230751	302	-152	-2781	-86	-115	-42	363	9	492	1010.22	32.51	3.33734	
1429812278	330776	-1260	207	-1302	-7	-370	223	362	11	479	1010.21	32.51	3.33734	
1429812278	430770	-420	519	-2829	183	9	57	377	39	491	1010.23	32.52	3.40741	
1429812278	530744	526	-662	-2361	146	-89	-129	377	44	497	1010.28	32.51	3.40741	
1429812278	630753	-716	-410	-1506	95	-188	248	370	39	541	1010.17	32.51	3.40741	
1429812278	730778	-295	811	-2721	277	127	32	362	-16	482	1010.16	32.5	3.40741	
1429812278	830758	235	-472	-2904	-120	-112	-157	371	30	512	1010.13	32.5	3.40741	
1429812278	930743	-1096	-456	-1464	-221	-141	151	392	67	614	1010.15	32.5	3.40741	
1429812279	30779	-176	714	-2140	89	210	7	363	-23	484	1010.13	32.5	3.40741	
1429812279	130779	484	-70	-2740	-10	147	-96	363	32	502	1010.15	32.5	3.40741	
1429812279	230772	-1570	485	-1394	-112	-55	223	403	110	589	1010.16	32.5	3.40741	
1429812279	330788	632	66	-2605	80	228	-54	363	11	512	1010.21	32.51	3.40741	
1429812279	430805	695	-678	-2359	93	-80	-128	375	47	544	1010.28	32.5	3.32183	
1429812279	530808	-952	-417	-1532	-106	-149	135	368	20	484	1010.2	32.49	3.32183	
1429812279	630806	186	601	-2782	-60	177	78	393	83	612	1010.16	32.49	3.32183	
1429812279	730815	279	-1548	-2163	100	89	-170	382	66	629	1010.16	32.49	3.32183	
1429812279	830795	-170	-739	-452	149	-446	103	355	-29	512	1010.14	32.49	3.32183	
1429812279	930831	-811	498	-218	369	-17	73	380	70	542	1010.23	32.49	3.32183	
1429812280	30802	78	-496	-2439	-153	176	29	388	56	582	1010.16	32.49	3.32183	
1429812280	130825	1038	-153	-3572	-265	91	-69	368	39	473	1010.19	32.49	3.32183	
1429812280	230827	-902	-64	-1503	-210	-465	154	387	48	545	1010.21	32.49	3.32183	
1429812280	330781	-961	1025	-2104	-16	-10	101	356	-5	488	1010.28	32.49	3.32183	
1429812280	430818	-63	-22	-3079	-309	-62	-147	382	86	603	1010.21	32.49	3.31531	
1429812280	530804	-785	696	-2223	-306	-104	178	379	52	496	1010.2	32.49	3.31531	
1429812280	630816	217	-30	-2426	291	51	4	372	36	498	1010.2	32.49	3.31531	
1429812280	730839	184	-817	-1349	10	-480	40	391	79	640	1010.3	32.49	3.31531	
1429812280	830844	-2233	217	-472	-421	-488	238	358	-43	470	1010.19	32.49	3.31531	
1429812280	930844	-303	-37	-1666	-373	-279	246	394	66	564	1010.12	32.49	3.31531	
1429812281	30750	-571	-427	-1504	-25	-239	81	371	39	568	1010.21	32.48	3.31531	
1429812281	130804	-79	564	-1477	111	-24	57	376	48	490	1010.21	32.48	3.31531	
1429812281	230785	120	-926	-3145	-129	-40	-243	360	-5	476	1010.15	32.49	3.31531	
1429812281	330863	1097	-501	-2908	-72	-90	-59	395	82	590	1010.15	32.49	3.31531	
1429812281	430788	-1020	528	-2218	-49	10	242	356	-8	475	1010.21	32.48	3.2913	
1429812281	530996	223	41	-2224	22	339	-113	384	61	570	1010.11	32.48	3.2913	
1429812281	630810	365	77	-3307	-206	-147	74	389	48	480	1010.14	32.46	3.2913	
1429812281	730797	1511	-668	-3126	23	325	-82	410	89	694	1010.2	32.48	3.2913	
1429812281	830803	221	312	-2391	43	-16	-243	371	23	598	1010.22	32.47	3.2913	
1429812281	930929	402	-313	-3502	-299	154	48	373	10	560	1010.23	32.48	3.2913	
1429812282	30784	122	1015	-2330	-530	-708	220	382	71	637	1010.26	32.46	3.2913	
1429812282	130791	-507	381	-1711	-389	-489	153	352	-95	476	1010.25	32.47	3.2913	
1429812282	230785	330	-903	-1990	80	-141	-154	370	23	467	1010.12	32.47	3.2913	
1429812282	330929	-800	172	-1221	-32	-76	-30	378	53	633	1010.13	32.48	3.2913	
1429812282	430807	-2275	121	-509	-4	-570	-53	361	-30	467	1010.19	32.46	3.27786	
1429812282	530915	1024	-317	-2087	81	-272	169	376	39	529	1010.21	32.47	3.27786	
1429812282	630824	-727	254	-2472	-202	-20	109	381	58	575	1010.27	32.46	3.27786	
1429812282	730766	828	53	-2680	108	187	-136	381	47	497	1010.28	32.46	3.27786	
1429812282	830791	551	-674	-2218	42	-271	95	359	-22	476	1010.19	32.46	3.27786	
1429812282	930763	-534	212	-1513	231	100	248	396	86	664	1010.24	32.46	3.27786	
1429812283	30758	563	244	-2989	-78	268	-128	369	25	497	1010.22	32.45	3.27786	
1429812283	130871	448	-525	-2320	-196	-112	-161	379	66	525	1010.27	32.46	3.27786	
1429812283	230756	-176	538	-1465	-31	-138	183	376	40	554	1010.24	32.46	3.27786	
1429812283	330779	1239	-758	-3617	93	344	-110	370	-5	468	1010.17	32.45	3.27786	
1429812283	430795	1290	-209	-2793	205	96	13	398	74	666	1010.15	32.44	3.35377	
1429812283	530737	1140	-647	-3443	376	328	-35	366	-20	476	1010.25	32.45	3.35377	
1429812283	630755	1791	-163	-2744	714	706	23	371	-30	463	1010.25	32.45	3.35377	
1429812283	730805	-420	629	-313	726	278	262	368	29	452	1010.2	32.44	3.35377	
1429812283	830760	-1838	1331	-1014	-641	-555	131	382	51	563	1010.21	32.44	3.35377	
1429812283	930851	591	-788	-2347	-282	96	-92	366	29	466	1010.28	32.45	3.35377	
1429812284	30786	-590	247	-2165	-61	14	-128	372	62	533	1010.23	32.44	3.35377	
1429812284	130792	487	-449	-2427	-157	-80	-390	384	91	609	1010.25	32.43	3.35377	
1429812284	230818	-344	19	-1264	180	-66	186	386	86	527	1010.13	32.44	3.35377	
1429812284	330902	613	-333	-2879	73	-247	-372	365	8	476	1010.19	32.43	3.35377	
1429812284	430799	-1066	23	-915	-151	-144	100	367	29	503	1010.16	32.42	3.26438	
1429812284	530844	467	1024	-2331	-166	109	6	389	95	612	1010.22	32.42	3.26438	
1429812284	630844	348	-239	-2908	-101	-124	-95	364	5	485	1010.23	32.44	3.26438	
1429812284	730893	200	606	-1746	61	-27	227	373	37	476	1010.15	32.43	3.26438	
1429812284	830766	-122	-42	-3102	-270	-45	-78	380	66	571	1010.19	32.43	3.26438	
1429812284	930788	-130	918	-1714	-217	-195	209	375	45	517	1010.33	32.44	3.26438	
1429812285	30807	335	-51	-2376	126	-133	-86	364	8	482	1010.21	32.43	3.26438	
1429812285	130806	-462	-257	-1348	94	-155	124	381	62	527	1010.18	32.43	3.26438	
1429812285	230845	-181	464	-2672	-137	-26	66	397	119	621	1010.24	32.43	3.26438	
1429812285	330924	1009	54	-2999	-153	-99	-47	359	12	484	1010.19	32.43	3.26438	
1429812285	430817	-285	428	-2449	8	-71	248	368	38	467	1010.21	32.43	3.27459	
1429812285	530807	923	501	-2372	-152	-156	-86	396	99	593	1010.28	32.43	3.27459	
1429812285	630818	418	-371	-2885	-219	-181	8	359	-2	479	1010.15	32.43	3.27459	
1429812285	730830	-88	1335	-1796	-7	-59	231	365	6	467	1010.28	32.43	3.27459	
1429812285	830879	-106	422	-2128	-3	-189	-50	392	105	595	1010.15	32.43	3.27459	
1429812285	930962	26	-330	-1372	41	-186	116	363	12	491	1010.18	32.43	3.27459	
1429812286	30827	-151	347	-2539	-200	-113	-29	364	11	476	1010.22	32.43	3.27459	
1429812286	130764	611	-28	-2249	-282	-253	-116	386	87	574	1010.22	32.42	3.27459	
1429812286	230780	-714	739	-2062	-11	-222	199	382	80	577	1010.09	32.43	3.27459	
1429812286	330799	387	85	-1571	-82	-233	-141	362	-7	475	1010.18	32.43	3.27459	
1429812286	430789	-228	-283	-1513	-95	-216	47	383	82	559	1010.16	32.43	3.24797	
1429812286	530794	135	1050	-1997	-11	16	-26	380	81	580	1010.17	32.42	3.24797	
1429812286	630814	-58	-786	-1932	-7	-82	-107	366	21	475	1010.14	32.42	3.24797	
1429812286	730960	12	359	-1259	31	-76	157	382	63	549	1010.24	32.44	3.24797	
1429812286	830856	-35	-141	-2268	-96	-5	-163	378	75	509	1010.25	32.43	3.24797	
1429812286	930803	159	-577	-1122	117	-95	41	370	18	491	1010.26	32.44	3.24797	
1429812287	30824	187	498	-1882	49	93	67	382	85	594	1010.2	32.42	3.24797	
1429812287	130957	-230	-182	-2521	-61	63	-64	371	45	509	1010.15	32.42	3.24797	
1429812287	230851	765	-826	-2011	82	10	-28	365	20	493	1010.21	32.44	3.24797	
1429812287	330777	-593	519	-2257	114	54	129	379	76	537	1010.2	32.44	3.24797	
1429812287	430796	1003	-747	-2507	-5	84	-113	372	52	512	1010.19	32.43	3.31855	
1429812287	530806	-874	335	-2048	10	-15	222	370	31	505	1010.19	32.43	3.31855	
1429812287	630853	257	153	-2517	-79	-14	-12	374	60	537	1010.2	32.44	3.31855	
1429812287	730801	-298	566	-1944	-21	-7	151	377	54	523	1010.24	32.44	3.31855	
1429812287	830813	1775	-1011	-3452	0	-101	-8	377	49	516	1010.26	32.44	3.31855	
1429812287	930758	-393	29	-2028	-404	-286	381	421	118	751	1010.19	32.45	3.31855	
1429812288	30765	644	-1121	-2530	193	396	-187	419	103	805	1010.2	32.44	3.31855	
1429812288	130872	3269	-1814	-3826	-105	128	154	387	66	568	1010.24	32.44	3.31855	
1429812288	230769	2506	-2436	-3196	335	523	-57	424	129	740	1010.21	32.44	3.31855	
1429812288	330767	-1686	1078	-1963	-247	-181	-53	398	55	663	1010.31	32.44	3.31855	
1429812288	430792	-610	-1319	-261	289	-329	-254	404	88	644	1010.2	32.44	3.31465	
1429812288	530782	-172	-2015	-500	486	-47	-183	419	154	668	1010.32	32.43	3.31465	
1429812288	630755	51	-2188	-1277	445	199	-96	422	162	672	1010.2	32.42	3.31465	
1429812288	730774	424	-2209	-1714	395	319	-60	421	156	668	1010.24	32.44	3.31465	
1429812288	830768	694	-2239	-1972	384	369	-87	419	159	674	1010.24	32.44	3.31465	
1429812288	930806	1305	-2276	-2342	391	412	-71	423	159	658	1010.27	32.44	3.31465	
1429812289	30786	1857	-1966	-2432	335	504	10	421	163	662	1010.27	32.44	3.31465	
1429812289	130874	2255	-1500	-2637	266	589	45	415	152	661	1010.32	32.45	3.31465	
1429812289	230784	1403	-2120	-2174	267	534	63	419	162	669	1010.2	32.45	3.31465	
1429812289	330816	1939	-2041	-2611	187	565	146	421	161	667	1010.25	32.45	3.31465	
1429812289	430798	2341	-1774	-2802	119	544	170	416	152	676	1010.26	32.45	3.29762	
1429812289	530925	2554	-1284	-2956	-26	468	213	421	161	672	1010.26	32.44	3.29762	
1429812289	630844	2414	-636	-3125	-150	415	247	422	163	665	1010.22	32.45	3.29762	
1429812289	730850	1909	-108	-3306	-201	328	253	420	154	666	1010.2	32.45	3.29762	
1429812289	830791	1325	541	-3213	-286	229	335	421	162	671	1010.22	32.45	3.29762	
1429812289	930816	611	1119	-3268	-335	145	364	420	159	666	1010.26	32.45	3.29762	
1429812290	30803	-114	1601	-3334	-468	33	356	420	158	666	1010.27	32.44	3.29762	
1429812290	130821	-517	1929	-3147	-509	-8	334	419	161	662	1010.19	32.45	3.29762	
1429812290	230841	-532	1868	-1640	-286	-310	351	396	32	682	1010.2	32.44	3.29762	
1429812290	330802	-1051	768	-1389	108	-288	-224	390	36	561	1010.21	32.44	3.29762	
1429812290	430826	-117	1155	-1876	-363	-270	409	402	37	561	1010.31	32.44	3.2924	
1429812290	530830	-2428	1153	-953	60	-102	-104	366	51	547	1010.23	32.42	3.2924	
1429812290	630815	-373	488	-1792	-40	94	16	364	25	509	1010.18	32.44	3.2924	
1429812290	730851	-100	203	-2660	50	24	68	369	34	532	1010.22	32.43	3.2924	
1429812290	830839	-102	-758	-2892	-98	-4	28	374	32	507	1010.12	32.43	3.2924	
1429812290	930886	-250	778	-1979	179	30	134	378	64	555	1010.2	32.44	3.2924	
1429812291	30834	999	-383	-2467	52	-19	-62	371	44	533	1010.22	32.43	3.2924	
1429812291	130926	-945	570	-2578	-3	59	171	367	22	506	1010.26	32.42	3.2924	
1429812291	230835	1574	-684	-2299	-3	18	-39	376	40	560	1010.26	32.44	3.2924	
1429812291	330984	162	496	-2662	40	100	119	370	38	518	1010.12	32.43	3.2924	
1429812291	430848	-389	-885	-2287	18	-54	31	379	42	506	1010.27	32.43	3.29589	
1429812291	530999	733	577	-2692	-82	82	16	379	59	552	1010.23	32.42	3.29589	
1429812291	630827	-5	-481	-2157	-40	-170	-70	371	37	516	1010.19	32.43	3.29589	
1429812291	730938	-404	952	-1893	-92	-170	22	366	5	489	1010.17	32.42	3.29589	
1429812291	830820	757	-260	-2677	-39	-196	-45	387	73	563	1010.21	32.43	3.29589	
1429812291	930917	-656	178	-1915	132	-54	161	377	58	517	1010.19	32.42	3.29589	
1429812292	30777	45	-263	-2231	-110	-119	-32	370	31	491	1010.16	32.42	3.29589	
1429812292	130860	221	749	-2088	27	-87	183	370	32	531	1010.32	32.43	3.29589	
1429812292	230773	-264	-57	-2176	-51	9	-119	374	61	529	1010.25	32.42	3.29589	
1429812292	330757	-278	-60	-1679	23	-49	198	378	59	521	1010.24	32.42	3.29589	
1429812292	430821	658	66	-1925	-85	-19	-180	368	32	527	1010.19	32.42	3.30898	
1429812292	530801	245	-438	-1619	50	-22	43	357	0	482	1010.26	32.41	3.30898	
1429812292	630827	-289	-418	-2275	-5	20	-87	379	68	555	1010.26	32.41	3.30898	
1429812292	730779	-225	-814	-1316	186	-52	23	381	64	534	1010.2	32.41	3.30898	
1429812292	830784	387	225	-2155	39	15	-38	374	31	516	1010.24	32.42	3.30898	
1429812292	930738	-184	-699	-2098	-31	-130	25	376	43	536	1010.18	32.42	3.30898	
1429812293	30752	-670	625	-2446	61	48	198	372	45	535	1010.18	32.4	3.30898	
1429812293	131089	958	2	-2911	-164	7	-130	378	58	531	1010.31	32.42	3.30898	
1429812293	230764	-693	263	-2683	-107	-97	161	382	70	565	1010.26	32.41	3.30898	
1429812293	330768	-187	-212	-2104	56	-134	-72	365	18	481	1010.15	32.4	3.30898	
1429812293	430777	-40	-776	-1043	189	-146	94	381	63	541	1010.27	32.4	3.36133	
1429812293	530732	-471	563	-2467	-149	-90	9	381	62	532	1010.2	32.41	3.36133	
1429812293	630746	524	-162	-1667	-28	-206	-64	370	24	500	1010.2	32.39	3.36133	
1429812293	730850	-280	537	-2549	-101	-118	29	375	35	544	1010.23	32.4	3.36133	
1429812293	830757	580	-46	-1048	16	-172	14	377	75	544	1010.21	32.39	3.36133	
1429812293	930755	-322	237	-2146	-122	-140	-5	370	51	509	1010.27	32.39	3.36133	
1429812294	30783	-448	920	-2210	-148	-144	232	375	33	489	1010.18	32.39	3.36133	
1429812294	130798	-404	991	-1508	45	-182	209	366	40	500	1010.22	32.38	3.36133	
1429812294	230792	-119	-84	-2620	-137	243	-91	358	-47	472	1010.09	32.38	3.36133	
1429812294	330818	616	-228	-1963	47	-29	-42	363	29	465	1010.15	32.38	3.36133	
1429812294	430802	-511	29	-2469	-289	-37	-41	350	-87	474	1010.29	32.39	3.26138	
1429812294	530814	631	141	-2036	212	-99	40	333	-118	468	1010.27	32.39	3.26138	
1429812294	630835	-373	100	-1477	8	-17	48	331	-145	472	1010.26	32.37	3.26138	
1429812294	730857	-677	211	-1671	-125	-16	105	333	-180	476	1010.13	32.38	3.26138	
1429812294	830796	-79	-257	-2159	-183	107	-5	319	-152	478	1010.13	32.37	3.26138	
1429812294	930820	-1316	746	-2266	133	-199	193	310	-165	480	1010.13	32.38	3.26138	
1429812295	30804	-741	-42	-2983	29	-45	32	326	-179	484	1010.24	32.37	3.26138	
1429812295	130830	-175	-661	-1724	-17	96	-6	321	-173	488	1010.14	32.37	3.26138	
1429812295	230828	218	-8	-1825	0	-91	27	316	-179	484	1010.14	32.36	3.26138	
1429812295	330917	100	406	-2179	-88	-2	110	321	-182	488	1010.21	32.36	3.26138	
1429812295	430810	245	105	-1834	-140	-17	-15	323	-164	476	1010.15	32.36	3.31984	
1429812295	530799	1250	-402	-1961	122	70	-12	329	-170	476	1010.16	32.36	3.31984	
1429812295	630813	792	7	-1717	116	-39	57	324	-175	476	1010.24	32.36	3.31984	
1429812295	730841	-773	99	-2199	1	-109	-50	321	-168	484	1010.24	32.36	3.31984	
1429812295	830827	580	-545	-2523	23	56	-90	323	-178	490	1010.17	32.35	3.31984	
1429812295	930882	-432	343	-2206	-30	-89	42	320	-166	479	1010.13	32.36	3.31984	
1429812296	30830	-1252	660	-2819	-236	-81	-5	324	-186	484	1010.17	32.33	3.31984	
1429812296	130929	-577	-388	-2590	-104	-16	58	323	-180	485	1010.17	32.33	3.31984	
1429812296	230774	-235	-312	-1939	45	-26	108	322	-178	486	1010.1	32.34	3.31984	
1429812296	330968	-549	423	-2459	-54	-83	70	325	-171	481	1010.26	32.34	3.31984	
1429812296	430782	-424	128	-2203	-177	55	37	323	-167	482	1010.08	32.33	3.30221	
1429812296	531002	1242	-573	-1828	15	32	-30	324	-172	479	1010.21	32.33	3.30221	
1429812296	630852	649	260	-2028	27	-61	78	327	-185	485	1010.23	32.33	3.30221	
1429812296	730964	736	254	-2050	0	-14	-6	321	-171	477	1010.07	32.33	3.30221	
1429812296	830857	574	-260	-2835	31	-46	-55	324	-184	479	1010.15	32.33	3.30221	
1429812296	930917	-136	-487	-1421	156	-4	50	325	-169	479	1010.17	32.32	3.30221	
1429812297	30773	622	-25	-2056	104	-134	0	325	-182	480	1010.22	32.31	3.30221	
1429812297	130857	614	302	-1941	-82	116	-37	327	-170	478	1010.23	32.32	3.30221	
1429812297	230797	587	323	-2078	-89	-53	-23	324	-179	485	1010.16	32.32	3.30221	
1429812297	330779	-235	502	-2466	-110	-93	64	324	-190	483	1010.2	32.32	3.30221	
1429812297	430775	-126	113	-1890	-111	-72	41	325	-189	488	1010.12	32.31	3.34815	
1429812297	530923	859	-67	-2379	-67	-48	-41	320	-189	485	1010.21	32.32	3.34815	
1429812297	630810	222	522	-2383	-110	-8	83	315	-161	474	1010.17	32.32	3.34815	
1429812297	730754	384	359	-2072	-186	16	39	329	-169	484	1010.27	32.32	3.34815	
1429812297	830784	1123	-312	-2344	-12	31	-43	325	-163	482	1010.18	32.31	3.34815	
1429812297	930748	-84	-153	-1992	-22	-128	25	338	-71	490	1010.13	32.32	3.34815	
1429812298	30747	154	-738	-2028	72	-105	32	351	-19	471	1010.19	32.31	3.34815	
1429812298	130906	910	-8	-1851	-105	22	-59	352	3	513	1010.24	32.32	3.34815	
1429812298	230752	448	-506	-1523	48	131	57	363	29	510	1010.24	32.31	3.34815	
1429812298	330762	72	-377	-1478	-4	206	-3	379	75	574	1010.19	32.31	3.34815	
1429812298	430784	683	-344	-2551	-65	-17	152	376	59	482	1010.22	32.31	3.3996	
1429812298	530734	117	1026	-2176	195	-137	177	368	43	533	1010.14	32.31	3.3996	
1429812298	630748	-796	606	-1759	-147	-224	4	372	40	488	1010.24	32.3	3.3996	
1429812298	730766	-501	283	-1456	-120	-180	-87	368	43	523	1010.19	32.31	3.3996	
1429812298	830781	-135	-930	-1810	15	77	-78	368	22	477	1010.19	32.3	3.3996	
1429812298	930757	338	-506	-2531	-40	239	-188	381	78	561	1010.24	32.31	3.3996	
1429812299	30783	462	-88	-2897	-31	109	-207	364	-3	509	1010.28	32.3	3.3996	
1429812299	130773	597	222	-3369	-154	-74	-348	366	21	514	1010.15	32.3	3.3996	
1429812299	230762	-242	9	-2894	-270	87	-298	374	42	527	1010.2	32.3	3.3996	
1429812299	330778	-183	846	-1690	69	-79	217	369	29	491	1010.22	32.3	3.3996	
1429812299	430791	17	-267	-1683	77	-78	202	362	17	495	1010.11	32.3	3.30413	
1429812299	530838	270	394	-2376	-116	-135	65	376	61	538	1010.18	32.3	3.30413	
1429812299	630819	-712	-17	-1967	-165	-2	112	384	78	587	1010.23	32.3	3.30413	
1429812299	730844	443	71	-2990	-251	-16	-161	365	20	489	1010.15	32.3	3.30413	
1429812299	830792	-1118	-165	-1857	-12	-53	263	361	-9	475	1010.16	32.29	3.30413	
1429812299	930779	188	211	-2209	-30	54	29	378	75	551	1010.21	32.31	3.30413	
1429812300	30797	-739	-560	-1946	-5	-44	192	378	51	550	1010.3	32.3	3.30413	
1429812300	130805	249	347	-2596	9	32	-14	369	21	493	1010.22	32.3	3.30413	
1429812300	230831	-646	-200	-1771	6	-118	82	372	33	490	1010.17	32.3	3.30413	
1429812300	330813	41	393	-2388	-58	43	-33	374	37	517	1010.17	32.29	3.30413	
1429812300	430814	624	-634	-1997	-62	-96	6	378	55	517	1010.2	32.29	3.31841	
1429812300	530798	-583	629	-2345	-2	-72	163	370	34	505	1010.18	32.3	3.31841	
1429812300	630810	752	-631	-2654	-98	-95	-121	367	30	534	1010.14	32.3	3.31841	
1429812300	730839	-673	479	-1902	22	-90	156	375	50	510	1010.19	32.3	3.31841	
1429812300	830828	830	-209	-2781	-143	21	-123	381	61	532	1010.24	32.3	3.31841	
1429812300	930858	-436	758	-1881	-40	-83	189	382	62	543	1010.29	32.3	3.31841	
1429812301	30846	130	129	-2116	-172	-70	-155	364	17	508	1010.15	32.3	3.31841	
1429812301	130816	18	591	-2359	-130	-100	162	374	50	534	1010.22	32.3	3.31841	
1429812301	230895	-174	-99	-2244	-192	5	-125	374	54	527	1010.13	32.29	3.31841	
1429812301	330796	505	80	-2247	76	17	140	374	37	511	1010.18	32.31	3.31841	
1429812301	430771	69	-86	-2957	-118	-55	-45	360	2	499	1010.19	32.3	3.31673	
1429812301	530802	-52	-480	-1688	2	-100	56	353	-29	519	1010.23	32.29	3.31673	
1429812301	630804	-429	307	-2640	-88	-50	66	363	13	557	1010.21	32.31	3.31673	
1429812301	730812	286	-568	-2002	63	11	83	360	-5	563	1010.24	32.3	3.31673	
1429812301	830817	20	-77	-2320	57	-33	-38	351	-32	525	1010.21	32.3	3.31673	
1429812301	930788	60	-881	-1459	-23	-73	23	339	-91	544	1010.28	32.29	3.31673	
1429812302	30801	-191	293	-1774	-220	68	21	349	-66	557	1010.21	32.3	3.31673	
1429812302	130775	981	14	-1840	90	-242	-116	334	-102	516	1010.12	32.29	3.31673	
1429812302	230789	-278	-734	-1249	51	-193	39	343	-93	535	1010.13	32.29	3.31673	
1429812302	330795	-82	-420	-1241	-70	-55	-100	337	-81	489	1010.06	32.29	3.31673	
1429812302	430812	-724	952	-2310	124	-281	227	338	-93	514	1010.13	32.29	3.33041	
1429812302	530803	64	-81	-3026	84	15	205	335	-88	491	1010.25	32.29	3.33041	
1429812302	630811	810	-717	-2300	65	175	26	342	-85	567	1010.2	32.29	3.33041	
1429812302	730781	-289	-47	-1239	21	-38	-24	346	-89	584	1010.26	32.29	3.33041	
1429812302	830789	-298	-103	-2003	-186	-45	-147	335	-95	545	1010.27	32.28	3.33041	
1429812302	930744	-808	728	-2118	-191	-142	-46	338	-100	537	1010.23	32.29	3.33041	
1429812303	30746	814	149	-2288	21	-17	141	332	-89	486	1010.11	32.28	3.33041	
1429812303	130890	529	-1221	-2790	71	169	-51	328	-99	487	1010.25	32.29	3.33041	
1429812303	230768	1039	-380	-3339	-308	124	-116	335	-92	495	1010.18	32.28	3.33041	
1429812303	330807	-459	377	-1406	-321	-313	-49	328	-100	484	1010.19	32.29	3.33041	
1429812303	430770	170	508	-2088	-59	-19	250	332	-100	483	1010.2	32.28	3.38248	
1429812303	530752	52	-201	-1253	168	44	56	334	-87	478	1010.11	32.28	3.38248	
1429812303	630755	-559	243	-2462	-210	-215	-109	331	-104	492	1010.24	32.28	3.38248	
1429812303	730779	-606	1155	-2002	201	-308	236	332	-89	486	1010.16	32.27	3.38248	
1429812303	830736	57	-131	-826	332	147	192	329	-101	481	1010.2	32.28	3.38248	
1429812303	930770	-200	-573	-1674	258	217	-108	335	-103	490	1010.22	32.27	3.38248	
1429812304	30782	354	-609	-2770	-223	4	-205	344	-103	601	1010.24	32.27	3.38248	
1429812304	130780	-110	-31	-1669	-334	-54	-274	338	-90	546	1010.15	32.27	3.38248	
1429812304	230766	138	626	-2530	-52	-67	114	343	-100	622	1010.11	32.27	3.38248	
1429812304	330794	644	-665	-3583	-133	204	209	331	-84	598	1010.24	32.27	3.38248	
1429812304	430790	627	286	-2216	-443	-94	-169	334	-100	517	1010.21	32.27	3.31179	
1429812304	530820	-792	1608	-1834	-36	-334	262	342	-89	638	1010.21	32.27	3.31179	
1429812304	630821	477	165	-2118	29	-104	-41	361	-23	574	1010.07	32.27	3.31179	
1429812304	730810	72	540	-1102	-8	-86	111	380	69	571	1010.25	32.27	3.31179	
1429812304	830804	726	-609	-2944	15	55	-140	381	57	531	1010.22	32.27	3.31179	
1429812304	930805	-971	565	-2258	-15	-91	100	381	50	541	1010.3	32.27	3.31179	
1429812305	30797	780	-937	-2513	-118	-94	-22	369	26	507	1010.23	32.27	3.31179	
1429812305	130808	-372	644	-2113	-101	35	31	368	21	523	1010.27	32.27	3.31179	
1429812305	230814	221	-612	-2306	-26	-140	16	362	14	496	1010.09	32.27	3.31179	
1429812305	330797	572	164	-2125	25	40	-22	387	76	562	1010.14	32.27	3.31179	
1429812305	430857	301	-509	-1910	47	-115	17	380	58	516	1010.26	32.27	3.38755	
1429812305	530795	-657	496	-2371	24	-22	76	370	21	523	1010.26	32.27	3.38755	
1429812305	630806	731	-506	-2341	-48	-36	-76	371	26	509	1010.2	32.27	3.38755	
1429812305	730830	-477	862	-1755	-14	-86	44	381	50	541	1010.3	32.28	3.38755	
1429812305	830821	1152	-999	-2612	55	17	-2	381	70	566	1010.22	32.27	3.38755	
1429812305	930829	-476	760	-1705	134	-41	176	374	47	517	1010.33	32.27	3.38755	
1429812306	30810	238	-819	-3162	-79	51	-56	373	41	547	1010.35	32.27	3.38755	
1429812306	130758	371	437	-2265	98	-12	192	367	37	514	1010.26	32.27	3.38755	
1429812306	230773	-898	-111	-2598	-109	16	-74	378	56	526	1010.11	32.27	3.38755	
1429812306	330761	144	-413	-1678	98	-61	167	379	57	533	1010.29	32.26	3.38755	
1429812306	430810	630	401	-2114	-173	-16	-131	369	31	543	1010.24	32.26	3.37024	
1429812306	530800	-1114	-371	-2269	-117	-138	140	368	43	532	1010.14	32.25	3.37024	
1429812306	630808	943	200	-2230	-86	64	-242	372	50	525	1010.24	32.27	3.37024	
1429812306	730814	-1263	-407	-1910	-27	-110	126	378	64	540	1010.03	32.26	3.37024	
1429812306	830808	442	75	-1743	-12	-17	-118	372	43	523	1010.32	32.26	3.37024	
1429812306	930832	-572	-295	-1953	180	-47	153	359	0	490	1010.19	32.25	3.37024	
1429812307	30775	-61	56	-1764	4	4	-117	371	37	512	1010.29	32.25	3.37024	
1429812307	130817	35	234	-2368	-46	-27	219	374	37	517	1010.31	32.26	3.37024	
1429812307	230834	-307	-264	-2625	-177	28	-153	377	62	508	1010.14	32.25	3.37024	
1429812307	330880	-575	3	-2835	-66	-93	173	375	41	540	1010.25	32.25	3.37024	
1429812307	430827	899	-361	-1943	-36	-22	-81	379	40	498	1010.19	32.24	3.34754	
1429812307	530832	-664	145	-2448	-55	-65	186	371	13	499	1010.16	32.22	3.34754	
1429812307	630809	-216	142	-1956	-69	-41	-110	368	35	535	1010.2	32.24	3.34754	
1429812307	730787	473	65	-2253	59	61	157	380	69	532	1010.18	32.24	3.34754	
1429812307	830804	-935	-231	-2064	-124	-55	-188	377	46	544	1010.24	32.24	3.34754	
1429812307	930791	1082	-20	-1868	76	-17	123	368	24	509	1010.12	32.22	3.34754	
1429812308	30750	19	-59	-2206	-88	-13	-153	375	43	538	1010.18	32.23	3.34754	
1429812308	130988	1048	123	-2226	37	19	99	377	49	520	1010.31	32.23	3.34754	
1429812308	230754	608	-192	-2153	-130	-25	-170	380	60	530	1010.2	32.23	3.34754	
1429812308	330763	114	-314	-2404	-164	-80	0	376	44	492	1010.23	32.24	3.34754	
1429812308	430783	-8	430	-1873	58	-98	150	388	70	530	1010.28	32.22	3.36573	
1429812308	530807	19	-459	-1629	-63	-77	-122	389	53	515	1010.18	32.22	3.36573	
1429812308	630751	118	427	-2344	-13	48	193	389	64	508	1010.15	32.23	3.36573	
1429812308	730763	762	172	-2801	-111	48	-119	383	27	484	1010.15	32.23	3.36573	
1429812308	830746	-47	98	-2684	-138	-128	16	381	41	516	1010.27	32.23	3.36573	
1429812308	930807	-169	1023	-3242	2	173	-44	393	2	590	1010.22	32.22	3.36573	
1429812309	30770	-47	-205	-2471	-360	-43	-174	387	-12	492	1010.21	32.23	3.36573	
1429812309	130778	46	244	-2445	152	-373	220	392	-6	516	1010.2	32.23	3.36573	
1429812309	230807	-122	-95	-3096	-251	32	-58	383	-43	487	1010.27	32.23	3.36573	
1429812309	330801	-564	1125	-1462	-172	-27	56	384	46	510	1010.19	32.22	3.36573	
1429812309	430815	491	-357	-2461	284	-65	170	384	10	494	1010.29	32.21	3.30979	
1429812309	530815	123	255	-3018	-212	17	-220	379	-9	515	1010.27	32.2	3.30979	
1429812309	630814	-278	705	-765	25	51	201	389	2	548	1010.19	32.21	3.30979	
1429812309	730845	133	-732	-2380	113	-207	-97	381	52	508	1010.13	32.21	3.30979	
1429812309	830811	824	406	-2586	-177	186	69	382	34	516	1010.31	32.21	3.30979	
1429812309	930815	-964	313	-310	54	-160	133	382	31	527	1010.28	32.21	3.30979	
1429812310	30800	100	-518	-3124	135	104	8	392	3	566	1010.15	32.19	3.30979	
1429812310	130829	-390	379	-2760	-344	44	-124	395	31	575	1010.28	32.19	3.30979	
1429812310	230845	304	-823	-1805	256	-259	203	392	46	563	1010.29	32.2	3.30979	
1429812310	330837	380	-213	-3372	-172	203	-221	391	-3	490	1010.24	32.19	3.30979	
1429812310	430855	-1173	1474	-1432	-180	67	123	391	1	504	1010.18	32.19	3.28622	
1429812310	530811	-166	-367	-2165	288	-319	122	391	-2	586	1010.26	32.18	3.28622	
1429812310	630810	-125	316	-3200	-312	143	-223	388	-20	551	1010.24	32.19	3.28622	
1429812310	730849	-256	1233	-2132	-161	114	188	379	-30	492	1010.14	32.19	3.28622	
1429812310	830830	-126	-501	-2104	132	-325	23	386	6	547	1010.28	32.18	3.28622	
1429812310	930875	939	-319	-3599	10	176	-57	389	12	548	1010.22	32.18	3.28622	
1429812311	30863	-53	-251	-2612	-271	101	-143	389	18	528	1010.29	32.17	3.28622	
1429812311	130805	-800	414	-398	131	-240	289	387	-12	523	1010.2	32.17	3.28622	
1429812311	230770	1293	-1113	-2501	111	-47	-77	391	37	559	1010.21	32.16	3.28622	
1429812311	330972	120	-101	-2155	136	-116	69	387	18	520	1010.3	32.16	3.28622	
1429812311	430866	658	-387	-3100	-104	-48	1	385	48	508	1010.22	32.15	3.28971	
1429812311	530859	-38	395	-2517	23	-1	77	377	57	525	1010.29	32.16	3.28971	
1429812311	630944	512	-353	-2668	-78	-17	39	382	62	523	1010.31	32.17	3.28971	
1429812311	730999	-271	634	-2044	23	53	121	377	63	504	1010.18	32.15	3.28971	
1429812311	830819	757	-777	-2760	-24	44	-33	385	61	518	1010.26	32.16	3.28971	
1429812311	930977	-429	654	-1561	-45	-85	110	373	27	506	1010.22	32.14	3.28971	
1429812312	30806	-104	-401	-2738	-145	32	-123	367	29	495	1010.3	32.16	3.28971	
1429812312	130845	-140	71	-1925	-40	-67	140	375	65	551	1010.25	32.15	3.28971	
1429812312	230794	175	-56	-2242	-177	-125	-111	387	85	582	1010.21	32.15	3.28971	
1429812312	330919	-600	-776	-2072	53	-119	55	368	30	524	1010.24	32.15	3.28971	
1429812312	430893	-898	719	-1986	53	-13	77	367	36	519	1010.2	32.15	3.33209	
1429812312	530945	150	-732	-2413	-31	-115	-82	368	30	493	1010.23	32.13	3.33209	
1429812312	630808	72	399	-2318	11	-54	15	374	55	514	1010.23	32.15	3.33209	
1429812312	730787	-262	-52	-1822	55	-98	181	382	64	545	1010.21	32.14	3.33209	
1429812312	830825	-52	50	-2507	-83	-7	-6	371	26	494	1010.27	32.14	3.33209	
1429812312	931004	-16	-7	-1910	32	4	129	372	15	509	1010.18	32.14	3.33209	
1429812313	30749	-25	93	-2765	-40	14	-63	376	50	534	1010.17	32.13	3.33209	
1429812313	130926	-437	-425	-1865	36	-89	136	375	53	524	1010.23	32.13	3.33209	
1429812313	230744	330	296	-2046	-125	-54	-35	381	58	543	1010.33	32.13	3.33209	
1429812313	330766	-267	-500	-1897	-38	-124	15	367	25	501	1010.2	32.12	3.33209	
1429812313	431035	-103	19	-1963	15	-26	-8	379	45	544	1010.23	32.12	3.40316	
1429812313	530741	-138	-329	-1657	45	-104	-15	367	31	491	1010.2	32.13	3.40316	
1429812313	630748	580	-295	-2758	-156	84	-86	383	118	486	1010.22	32.13	3.40316	
1429812313	730760	150	596	-2930	0	-3	163	380	137	430	1010.2	32.13	3.40316	
1429812313	830745	88	-236	-2070	-85	10	-29	383	156	421	1010.18	32.12	3.40316	
1429812313	930844	42	448	-2326	-35	-87	65	384	167	412	1010.18	32.11	3.40316	
1429812314	30771	-80	171	-2018	-31	-14	22	386	166	409	1010.2	32.12	3.40316	
1429812314	130766	-32	79	-2022	-74	-65	18	385	166	409	1010.2	32.12	3.40316	
1429812314	230781	-109	-10	-2020	-50	-50	25	382	167	410	1010.23	32.12	3.40316	
1429812314	330815	41	-58	-2251	22	-17	43	382	164	410	1010.25	32.12	3.40316	
1429812314	430788	59	62	-2292	-50	-48	14	386	164	410	1010.36	32.13	3.32706	
1429812314	530924	-31	-149	-2038	-11	-72	33	383	164	408	1010.19	32.12	3.32706	
1429812314	630820	6	31	-2203	-48	-26	12	385	165	409	1010.24	32.11	3.32706	
1429812314	730857	20	-25	-2105	-11	-42	37	385	165	409	1010.16	32.1	3.32706	
1429812314	830801	89	-58	-2123	-46	-50	21	383	164	409	1010.21	32.11	3.32706	
1429812314	930895	86	55	-2253	-29	-3	35	381	164	410	1010.18	32.08	3.32706	
1429812315	30848	-71	-84	-2037	5	-47	25	384	164	408	1010.3	32.11	3.32706	
1429812315	130823	122	-39	-2285	-51	-48	-3	383	163	410	1010.32	32.1	3.32706	
1429812315	230809	1	-6	-2295	-45	4	24	384	164	409	1010.03	32.1	3.32706	
1429812315	330909	40	-1	-2115	-6	-28	35	383	164	409	1010.31	32.1	3.32706	
1429812315	430803	23	-53	-2178	-31	-53	23	385	164	411	1010.17	32.09	3.3316	
1429812315	530828	102	-47	-2206	-30	-49	30	385	165	410	1010.25	32.09	3.3316	
1429812315	630810	30	5	-2171	-16	-7	29	384	166	410	1010.16	32.09	3.3316	
1429812315	730838	-61	10	-2133	-8	-29	53	387	164	410	1010.15	32.08	3.3316	
1429812315	830849	-32	-25	-2159	-16	-50	28	384	165	408	1010.22	32.09	3.3316	
1429812315	930877	81	-66	-2126	-35	-56	11	385	162	409	1010.2	32.08	3.3316	
1429812316	30872	43	0	-2241	-19	-20	14	383	164	411	1010.18	32.08	3.3316	
1429812316	130761	-48	61	-2151	-19	-17	16	385	164	410	1010.22	32.09	3.3316	
1429812316	230767	-50	-48	-2116	-2	-29	28	385	164	410	1010.18	32.1	3.3316	
1429812316	330753	70	13	-2166	-46	-45	26	383	164	408	1010.22	32.09	3.3316	
1429812316	430775	-5	13	-2247	-45	-32	6	385	166	409	1010.28	32.08	3.2948	
1429812316	530995	-3	73	-2182	-15	-9	21	384	164	409	1010.23	32.08	3.2948	
1429812316	630800	27	6	-2115	-9	-24	21	383	165	409	1010.23	32.08	3.2948	
1429812316	730988	66	-35	-2111	-34	-69	20	385	165	409	1010.16	32.08	3.2948	
1429812316	830814	47	47	-2255	-48	-17	11	384	162	410	1010.33	32.09	3.2948	
1429812316	930946	-10	8	-2104	-13	-23	20	386	164	409	1010.19	32.06	3.2948	
1429812317	30830	56	-49	-2088	-26	-50	25	385	165	410	1010.21	32.07	3.2948	
1429812317	130822	45	-54	-2128	-17	-32	21	384	167	410	1010.25	32.08	3.2948	
1429812317	230802	32	-21	-2234	-42	-21	14	384	167	411	1010.02	32.07	3.2948	
1429812317	330873	5	49	-2242	-47	-1	38	384	165	409	1010.18	32.07	3.2948	
1429812317	430782	83	22	-2109	-35	-39	0	385	168	409	1010.22	32.08	3.36056	
1429812317	530944	47	27	-2164	-35	-15	24	385	166	409	1010.17	32.07	3.36056	
1429812317	630819	46	10	-2191	-41	-22	8	386	167	411	1010.14	32.07	3.36056	
1429812317	730814	67	-34	-2137	-23	-24	12	385	167	409	1010.18	32.07	3.36056	
1429812317	830803	87	-25	-2187	-23	-30	19	384	167	410	1010.24	32.07	3.36056	
1429812317	930770	42	-23	-2102	-19	-31	23	383	168	410	1010.19	32.05	3.36056	
1429812318	30863	45	-39	-2144	-11	-39	25	384	166	409	1010.29	32.06	3.36056	
1429812318	130838	10	-19	-2209	-37	-28	22	382	165	409	1010.26	32.06	3.36056	
1429812318	230780	-26	2	-2240	-65	-14	36	385	166	409	1010.27	32.05	3.36056	
1429812318	330781	-5	-22	-2208	18	-15	32	383	166	411	1010.28	32.06	3.36056	
1429812318	430773	-22	-30	-2240	2	5	16	384	166	409	1010.26	32.05	3.33596	
1429812318	530787	-6	19	-2260	-25	-35	-67	383	168	410	1010.21	32.06	3.33596	
1429812318	630763	42	10	-2187	-16	-49	-16	384	169	411	1010.27	32.05	3.33596	
1429812318	730802	81	-69	-2181	19	2	77	384	170	412	1010.23	32.05	3.33596	
1429812318	830771	76	-31	-2170	61	23	217	383	171	412	1010.23	32.05	3.33596	
1429812318	930761	77	-65	-2142	81	29	197	379	170	411	1010.26	32.04	3.33596	
1429812319	30771	36	21	-2203	14	-11	86	377	172	412	1010.31	32.05	3.33596	
1429812319	130796	85	-62	-2112	11	-23	-2	381	170	414	1010.3	32.05	3.33596	
1429812319	230794	85	-30	-2155	-17	-32	-44	378	172	412	1010.19	32.05	3.33596	
1429812319	330892	55	-26	-2156	-6	-65	-21	381	173	412	1010.26	32.05	3.33596	
1429812319	430795	14	51	-2136	-72	-31	-40	381	173	411	1010.19	32.05	3.27704	
1429812319	530808	9	-49	-2115	-40	-84	106	383	172	412	1010.22	32.04	3.27704	
1429812319	630826	17	-44	-2365	29	81	191	383	174	411	1010.25	32.05	3.27704	
1429812319	730800	35	-64	-2175	26	83	254	380	174	413	1010.26	32.04	3.27704	
1429812319	830814	44	-74	-2047	22	29	289	375	174	414	1010.26	32.04	3.27704	
1429812319	930815	-9	-71	-2256	-45	-5	250	376	171	414	1010.26	32.04	3.27704	
1429812320	30781	82	-94	-2257	-37	113	250	373	167	413	1010.24	32.04	3.27704	
1429812320	130824	96	-36	-2105	22	66	232	371	165	416	1010.17	32.04	3.27704	
1429812320	230820	157	-35	-2257	15	2	181	366	161	419	1010.2	32.04	3.27704	
1429812320	330848	165	-101	-2286	-46	34	-10	367	160	417	1010.29	32.05	3.27704	
1429812320	430809	160	-83	-2098	-74	-57	-205	365	161	421	1010.25	32.05	3.28602	
1429812320	530833	140	-28	-2122	-34	-114	-396	367	164	418	1010.2	32.04	3.28602	
1429812320	630806	174	-53	-2255	-129	-76	-418	370	169	418	1010.33	32.05	3.28602	
1429812320	730835	68	-36	-2184	-100	-37	-397	369	171	417	1010.25	32.05	3.28602	
1429812320	830832	100	-3	-2168	39	-37	-272	370	175	418	1010.3	32.04	3.28602	
1429812320	930849	80	-68	-2197	95	-17	-180	367	176	417	1010.33	32.04	3.28602	
1429812321	30855	49	-10	-2197	13	-115	-29	367	184	417	1010.26	32.05	3.28602	
1429812321	130814	-33	-33	-2188	107	-113	19	372	188	416	1010.28	32.05	3.28602	
1429812321	230765	15	-39	-2172	111	-176	41	373	190	413	1010.19	32.05	3.28602	
1429812321	330785	39	16	-2162	-171	-99	12	377	192	413	1010.29	32.05	3.28602	
1429812321	430767	73	-58	-2195	-154	-37	10	379	186	410	1010.15	32.05	3.28242	
1429812321	530984	18	-59	-2239	-52	41	69	380	184	410	1010.22	32.05	3.28242	
1429812321	630806	169	-85	-2309	-115	-65	-5	378	182	411	1010.21	32.05	3.28242	
1429812321	730998	83	11	-2162	-106	-67	13	380	178	412	1010.18	32.06	3.28242	
1429812321	830813	32	-66	-2156	-144	-169	21	384	175	411	1010.21	32.05	3.28242	
1429812321	930820	54	19	-2183	-36	-22	26	385	170	411	1010.21	32.05	3.28242	
1429812322	30793	-23	-13	-2132	-21	-27	20	384	171	409	1010.3	32.05	3.28242	
1429812322	130901	15	-44	-2207	-37	-21	21	384	170	411	1010.13	32.05	3.28242	
1429812322	230801	37	8	-2164	-24	-41	26	383	170	410	1010.33	32.05	3.28242	
1429812322	330766	69	37	-2176	-24	-29	24	385	170	410	1010.22	32.05	3.28242	
1429812322	430807	107	-17	-2215	-22	-27	0	383	168	410	1010.21	32.06	3.25574	
1429812322	530802	27	22	-2161	-23	-13	3	382	170	412	1010.27	32.05	3.25574	
1429812322	630814	26	-4	-2251	-19	-28	53	381	169	411	1010.3	32.05	3.25574	
1429812322	730781	20	56	-2257	-27	-29	26	383	168	409	1010.35	32.05	3.25574	
1429812322	830779	40	-51	-2150	-11	-27	40	383	170	409	1010.34	32.06	3.25574	
1429812322	930733	79	-23	-2229	-27	-34	26	383	170	411	1010.28	32.05	3.25574	
1429812323	30749	37	-6	-2209	-15	-29	15	382	168	411	1010.29	32.05	3.25574	
1429812323	130850	75	-55	-2125	-2	-35	17	381	167	412	1010.21	32.06	3.25574	
1429812323	230744	105	-34	-2243	-3	-22	28	381	168	413	1010.24	32.06	3.25574	
1429812323	330755	34	-32	-2168	-2	-28	25	383	166	410	1010.32	32.06	3.25574	
1429812323	430764	29	-23	-2200	-8	-36	8	381	170	411	1010.2	32.07	3.28962	
1429812323	530757	42	-14	-2195	2	-27	31	382	166	410	1010.27	32.07	3.28962	
1429812323	630745	58	-25	-2131	-6	-44	27	383	167	410	1010.23	32.07	3.28962	
1429812323	730751	39	-20	-2247	-15	-24	23	382	168	411	1010.16	32.06	3.28962	
1429812323	830745	27	-45	-2180	-16	-12	17	384	168	411	1010.24	32.07	3.28962	
1429812323	930747	28	-38	-2170	-13	-42	8	383	168	411	1010.21	32.06	3.28962	
1429812324	30763	18	-14	-2221	-24	-28	20	382	168	411	1010.3	32.08	3.28962	
1429812324	130789	24	-101	-2166	-2	-35	29	385	168	410	1010.23	32.07	3.28962	
1429812324	230764	70	-62	-2155	-20	-27	25	383	164	410	1010.33	32.07	3.28962	
1429812324	330770	26	-28	-2162	-10	-26	19	384	167	410	1010.27	32.07	3.28962	
1429812324	430798	67	-25	-2152	-21	-23	44	384	167	411	1010.25	32.08	3.25258	
1429812324	530801	135	-49	-2160	-14	-31	24	383	168	410	1010.25	32.08	3.25258	
1429812324	630807	74	-22	-2189	-25	-19	7	383	169	409	1010.15	32.07	3.25258	
1429812324	730793	91	21	-2199	-11	-22	35	383	168	410	1010.27	32.07	3.25258	
1429812324	830798	68	12	-2211	-30	-33	24	383	169	410	1010.25	32.08	3.25258	
1429812324	930799	31	-17	-2175	-27	-39	21	382	169	412	1010.18	32.08	3.25258	
1429812325	30791	62	-25	-2201	-24	-24	5	382	169	410	1010.2	32.08	3.25258	
1429812325	130824	-30	14	-2214	-14	-27	29	382	166	411	1010.23	32.08	3.25258	
1429812325	230818	-14	-19	-2218	-20	-25	24	382	167	410	1010.26	32.08	3.25258	
1429812325	330831	-44	-57	-2204	-8	-31	22	384	167	411	1010.26	32.08	3.25258	
1429812325	430804	30	-47	-2195	-19	-35	11	381	170	411	1010.19	32.08	3.30171	
1429812325	530816	50	50	-2212	-36	-21	33	382	170	412	1010.24	32.08	3.30171	
1429812325	630806	9	-37	-2192	-11	-14	15	382	171	412	1010.18	32.08	3.30171	
1429812325	730821	9	-26	-2099	-11	-21	24	383	167	410	1010.24	32.08	3.30171	
1429812325	830834	29	1	-2183	-42	-38	16	383	167	412	1010.28	32.08	3.30171	
1429812325	930839	16	36	-2218	-34	-22	21	383	168	410	1010.28	32.08	3.30171	
1429812326	30815	-38	-24	-2105	-2	-20	14	384	168	409	1010.3	32.09	3.30171	
1429812326	130826	-14	-68	-2091	-21	-38	20	383	168	410	1010.15	32.08	3.30171	
1429812326	230763	19	-21	-2148	-24	-59	15	382	170	411	1010.22	32.09	3.30171	
1429812326	330752	1	5	-2187	-36	-39	27	384	170	409	1010.2	32.09	3.30171	
1429812326	430800	-40	48	-2154	-21	-22	34	383	169	410	1010.22	32.08	3.37303	
1429812326	530820	-32	-60	-2117	-32	-54	38	384	169	411	1010.3	32.09	3.37303	
1429812326	630840	5	27	-2235	-36	-38	18	384	169	410	1010.1	32.09	3.37303	
1429812326	730808	13	-10	-2158	-21	-25	19	382	168	409	1010.24	32.1	3.37303	
1429812326	830820	51	-108	-2098	0	-37	20	383	168	411	1010.21	32.08	3.37303	
1429812326	930804	68	-20	-2186	-43	-67	27	384	169	411	1010.19	32.09	3.37303	
1429812327	30792	39	18	-2189	-36	-17	5	383	169	410	1010.16	32.09	3.37303	
1429812327	130807	29	-43	-2086	-16	-9	25	385	167	411	1010.28	32.1	3.37303	
1429812327	230835	2	-63	-2109	-20	-49	32	383	170	409	1010.27	32.1	3.37303	
1429812327	330787	-14	38	-2113	-44	-43	24	384	169	409	1010.23	32.09	3.37303	
1429812327	430780	-38	-12	-2187	-34	-24	15	385	169	410	1010.2	32.09	3.40981	
1429812327	530798	-73	52	-2136	-25	-44	43	383	169	410	1010.21	32.1	3.40981	
1429812327	630822	-50	-13	-2113	-27	-63	23	384	168	411	1010.22	32.1	3.40981	
1429812327	730816	2	71	-2198	-44	-34	26	384	169	411	1010.24	32.1	3.40981	
1429812327	830824	-11	42	-2159	-27	-21	19	384	169	411	1010.28	32.1	3.40981	
1429812327	930795	13	-7	-2032	-16	-49	18	382	168	410	1010.33	32.09	3.40981	
1429812328	30758	81	-68	-2185	-41	-55	10	384	169	410	1010.2	32.11	3.40981	
1429812328	130940	33	81	-2227	-37	-14	18	382	167	409	1010.15	32.11	3.40981	
1429812328	230947	-21	-9	-2145	-23	-29	27	383	168	409	1010.2	32.12	3.40981	
1429812328	330761	24	46	-2108	-26	-34	40	384	167	412	1010.18	32.1	3.40981	
1429812328	430792	36	-14	-2187	-29	-51	24	385	168	409	1010.25	32.12	3.51641	
1429812328	530795	74	63	-2189	-39	-22	19	385	167	410	1010.27	32.11	3.51641	
1429812328	630766	85	62	-2133	-19	-7	23	383	170	411	1010.21	32.11	3.51641	
1429812328	730755	51	11	-2102	-25	-37	10	385	170	410	1010.27	32.11	3.51641	
1429812328	830742	54	-7	-2138	-28	-48	7	384	168	411	1010.2	32.11	3.51641	
1429812328	930770	29	9	-2238	-35	-23	20	385	168	411	1010.22	32.12	3.51641	
1429812329	30768	71	-47	-2164	-4	-18	7	383	167	409	1010.28	32.12	3.51641	
1429812329	130796	80	-49	-2098	-15	-35	23	384	169	409	1010.28	32.12	3.51641	
1429812329	230768	167	-8	-2181	-34	-31	-3	382	169	411	1010.26	32.12	3.51641	
1429812329	330770	69	2	-2126	-12	-26	18	386	168	411	1010.23	32.12	3.51641	
1429812329	430794	-48	-30	-2124	-21	-37	12	385	170	409	1010.22	32.12	3.29184	
1429812329	530804	0	6	-2160	-37	-27	29	384	169	410	1010.29	32.12	3.29184	
1429812329	630819	2	-5	-2193	-16	-29	41	382	169	410	1010.2	32.12	3.29184	
1429812329	730846	-16	19	-2141	-30	-33	32	384	168	411	1010.12	32.12	3.29184	
1429812329	830786	-12	-51	-2192	-33	-23	12	383	170	412	1010.24	32.12	3.29184	
1429812329	930828	-2	-53	-2136	-14	-24	24	381	168	410	1010.33	32.12	3.29184	
1429812330	30805	7	-6	-2185	-27	-39	21	384	166	409	1010.27	32.12	3.29184	
1429812330	130813	47	29	-2096	-21	-40	39	385	168	410	1010.07	32.12	3.29184	
1429812330	230838	20	-54	-2164	-36	-28	-3	384	166	410	1010.21	32.12	3.29184	
1429812330	330828	52	42	-2174	-27	-21	15	384	169	411	1010.23	32.12	3.29184	
1429812330	430817	60	-46	-2105	-26	-40	12	384	168	410	1010.23	32.12	3.27606	
1429812330	530823	34	-7	-2167	-18	-39	28	384	168	409	1010.24	32.12	3.27606	
1429812330	630817	53	-67	-2223	-36	-15	8	384	170	409	1010.26	32.12	3.27606	
1429812330	730831	-14	14	-2171	-23	-49	31	385	170	410	1010.29	32.12	3.27606	
1429812330	830869	-36	32	-2197	-34	-39	21	384	168	410	1010.14	32.12	3.27606	
1429812330	930842	36	4	-2107	9	-72	38	382	153	431	1010.24	32.12	3.27606	
1429812331	30843	47	48	-2135	-30	-50	35	383	147	434	1010.23	32.12	3.27606	
1429812331	130833	-14	38	-2126	-45	-36	50	381	132	437	1010.16	32.13	3.27606	
1429812331	230812	-344	76	-1844	-21	-169	52	383	132	467	1010.2	32.13	3.27606	
1429812331	330790	634	19	-2699	-49	68	141	379	108	468	1010.19	32.13	3.27606	
1429812331	430837	461	64	-2771	87	146	113	385	100	493	1010.26	32.13	3.22032	
1429812331	530819	-593	383	-2248	-6	-267	23	372	48	460	1010.26	32.13	3.22032	
1429812331	630894	-856	898	-2415	-66	-275	389	406	128	600	1010.24	32.14	3.22032	
1429812331	730809	116	660	-1915	4	-102	17	371	48	490	1010.22	32.13	3.22032	
1429812331	830811	329	55	-2078	63	57	-80	365	19	504	1010.17	32.12	3.22032	
1429812331	930813	-1260	-198	-1837	-227	-140	254	373	24	531	1010.23	32.13	3.22032	
1429812332	30809	-162	775	-1933	80	-18	108	392	43	661	1010.19	32.14	3.22032	
1429812332	130810	592	-536	-1647	-2	-248	243	380	-6	647	1010.28	32.14	3.22032	
1429812332	230802	-907	903	-1224	117	37	38	389	-34	552	1010.22	32.14	3.22032	
1429812332	330818	-286	-69	-2141	305	276	-263	355	-108	612	1010.15	32.14	3.22032	
1429812332	430815	-2787	2101	-1976	-245	-518	83	363	-84	659	1010.31	32.14	3.29545	
1429812332	530797	3978	-2425	-2359	437	306	-143	389	-9	713	1010.25	32.14	3.29545	
1429812332	630802	-1678	623	-1683	-111	-279	490	405	-2	783	1010.25	32.14	3.29545	
1429812332	730821	-1984	1564	-1877	-171	-321	272	369	-31	783	1010.28	32.14	3.29545	
1429812332	830781	-2034	1746	-1591	-102	-309	245	346	-214	622	1010.21	32.14	3.29545	
1429812332	930798	-1261	932	-1698	-135	-113	259	392	-34	756	1010.22	32.14	3.29545	
1429812333	30749	-365	899	-2397	-198	138	349	391	-41	785	1010.14	32.14	3.29545	
1429812333	130934	1833	-1387	-3212	32	403	58	406	61	752	1010.08	32.14	3.29545	
1429812333	230771	1642	-1074	-2382	170	442	-135	374	-75	764	1010.13	32.13	3.29545	
1429812333	330758	-332	724	-1604	299	-244	-276	327	-308	544	1010.24	32.15	3.29545	
1429812333	430766	-1157	1439	-3159	-349	-511	-49	354	-199	735	1010.23	32.13	3.39562	
1429812333	530795	-2833	1031	-1412	158	-467	300	335	-267	575	1010.26	32.15	3.39562	
1429812333	630750	2441	-178	-3006	-274	-22	309	370	-109	689	1010.19	32.13	3.39562	
1429812333	730757	3186	-1288	-2795	180	639	48	340	-248	566	1010.11	32.14	3.39562	
1429812333	830772	-277	-605	-1261	232	219	-286	381	-106	729	1010.24	32.12	3.39562	
1429812333	930786	-1098	95	-1663	24	-260	-195	364	-74	752	1010.17	32.12	3.39562	
1429812334	30767	-2463	2305	-983	-203	-392	244	326	-195	686	1010.21	32.12	3.39562	
1429812334	130805	-1160	1222	-1877	-344	-326	321	349	-185	666	1010.29	32.12	3.39562	
1429812334	230801	487	377	-2752	-131	-5	222	347	-205	635	1010.09	32.12	3.39562	
1429812334	330766	1771	-691	-2788	-45	136	202	384	-49	753	1010.19	32.12	3.39562	
1429812334	430929	2840	-1329	-2992	-4	441	-90	375	-158	715	1010.19	32.12	3.27547	
1429812334	530812	-948	-949	-920	497	-68	-250	371	-122	743	1010.21	32.11	3.27547	
1429812334	630819	-11	1371	-2576	-39	-175	-166	345	-137	667	1010.22	32.1	3.27547	
1429812334	730838	-1557	1941	-1094	10	-159	92	375	-57	677	1010.28	32.1	3.27547	
1429812334	830815	-1322	526	-729	278	-54	-197	376	-57	622	1010.22	32.09	3.27547	
1429812334	930814	-226	-132	-2139	-448	-114	322	363	-23	488	1010.24	32.1	3.27547	
1429812335	30813	546	-187	-2194	69	20	-13	370	75	471	1010.22	32.09	3.27547	
1429812335	130838	-464	68	-1715	-84	-55	-69	376	116	443	1010.15	32.08	3.27547	
1429812335	230807	49	-354	-2048	-134	-2	-19	386	152	431	1010.24	32.08	3.27547	
1429812335	330834	-20	126	-2157	-26	-121	21	387	160	427	1010.23	32.07	3.27547	
1429812335	430805	38	-130	-2073	-17	-33	13	386	167	408	1010.24	32.07	3.29257	
1429812335	530818	-1	132	-2071	-81	-76	-6	378	147	423	1010.2	32.07	3.29257	
1429812335	630802	-4	100	-2021	-64	-64	0	376	145	419	1010.19	32.06	3.29257	
1429812335	730817	-30	-31	-2018	-39	-69	17	379	143	420	1010.18	32.06	3.29257	
1429812335	830829	60	-34	-2188	-12	-57	27	385	168	411	1010.21	32.06	3.29257	
1429812335	930839	-5	-47	-2048	4	7	23	385	167	412	1010.29	32.06	3.29257	
1429812336	30854	-55	94	-2257	2	-3	27	385	166	409	1010.2	32.05	3.29257	
1429812336	130887	84	-46	-2118	-35	-71	-7	376	145	425	1010.23	32.05	3.29257	
1429812336	230846	-35	93	-2197	-21	-9	42	376	149	424	1010.27	32.05	3.29257	
1429812336	330788	19	-14	-2116	2	-50	22	375	144	419	1010.24	32.04	3.29257	
1429812336	430800	46	41	-2282	-35	-27	23	384	163	408	1010.19	32.05	3.31207	
1429812336	530815	41	-51	-2095	-17	-40	20	385	165	410	1010.27	32.05	3.31207	
1429812336	630806	-25	87	-2249	-40	-13	46	384	165	409	1010.28	32.05	3.31207	
1429812336	730817	40	68	-2066	-21	-41	-37	376	147	427	1010.24	32.04	3.31207	
1429812336	830809	33	-21	-2261	-22	-47	10	377	145	423	1010.24	32.04	3.31207	
1429812336	930809	25	39	-2223	-23	7	62	388	165	412	1010.27	32.04	3.31207	
1429812337	30798	24	-71	-2109	5	-39	53	385	166	411	1010.18	32.05	3.31207	
1429812337	130807	111	-37	-2177	-34	-40	13	386	168	411	1010.27	32.04	3.31207	
1429812337	230799	11	65	-2265	-39	-14	16	378	142	419	1010.29	32.04	3.31207	
1429812337	330818	-5	-11	-2177	-22	-24	9	380	160	420	1010.25	32.03	3.31207	
1429812337	430813	51	47	-2169	-17	-32	14	380	158	419	1010.29	32.04	3.33322	
1429812337	530809	36	-20	-2209	-20	-15	34	390	181	408	1010.17	32.03	3.33322	
1429812337	630794	-14	0	-2128	-20	-42	21	385	177	407	1010.24	32.03	3.33322	
1429812337	730817	-26	73	-2142	-34	-39	27	386	180	408	1010.2	32.03	3.33322	
1429812337	830813	-60	15	-2184	-34	-42	33	380	155	419	1010.19	32.02	3.33322	
1429812337	930773	-56	-2	-2145	-14	-42	5	378	161	420	1010.19	32.02	3.33322	
1429812338	30805	20	32	-2173	-37	-25	8	378	157	418	1010.16	32.02	3.33322	
1429812338	130902	49	-34	-2189	-11	-27	24	385	178	406	1010.27	32.03	3.33322	
1429812338	230770	-22	4	-2120	-16	-34	67	387	176	407	1010.27	32.03	3.33322	
1429812338	330787	90	-108	-2176	-21	-22	62	388	181	415	1010.2	32.03	3.33322	
1429812338	430761	2	37	-2192	-33	-44	88	378	162	418	1010.17	32.03	3.36899	
1429812338	530790	27	-26	-2185	-35	-23	69	377	155	417	1010.17	32.03	3.36899	
1429812338	630807	20	1	-2158	-16	-37	39	377	157	420	1010.17	32.03	3.36899	
1429812338	730760	17	19	-2138	-20	-33	26	389	179	407	1010.16	32.02	3.36899	
1429812338	830744	31	-10	-2151	-33	-28	13	385	177	407	1010.25	32.02	3.36899	
1429812338	930762	34	-9	-2182	-14	-33	25	384	167	416	1010.23	32.02	3.36899	
1429812339	30764	31	-10	-2183	-24	-36	22	380	155	419	1010.26	32.02	3.36899	
1429812339	130793	24	-15	-2172	-23	-30	10	380	156	418	1010.16	32.02	3.36899	
1429812339	230775	29	-5	-2184	-22	-27	12	387	180	407	1010.19	32.02	3.36899	
1429812339	330780	12	0	-2149	-23	-31	34	387	181	406	1010.23	32.02	3.36899	
1429812339	430826	28	-7	-2177	-21	-35	12	386	180	406	1010.24	32.03	3.27995	
1429812339	530808	30	0	-2168	-21	-27	20	387	180	406	1010.19	32.02	3.27995	
1429812339	630818	20	3	-2180	-26	-32	29	387	180	406	1010.37	32.03	3.27995	
1429812339	730836	46	-11	-2166	-21	-26	40	386	180	407	1010.28	32.02	3.27995	
1429812339	830908	21	-17	-2159	-25	-33	21	386	180	408	1010.32	32.02	3.27995	
1429812339	930863	35	-2	-2176	-20	-38	18	386	179	408	1010.22	32.02	3.27995	
1429812340	30825	21	-12	-2178	-19	-38	28	388	179	407	1010.16	32.02	3.27995	
1429812340	130801	11	-5	-2171	-27	-31	17	388	179	407	1010.16	32.02	3.27995	
1429812340	230813	24	-13	-2162	-24	-36	12	389	180	406	1010.25	32.02	3.27995	
1429812340	330831	29	-16	-2157	-32	-38	14	387	179	406	1010.2	32.02	3.27995	
1429812340	430807	34	12	-2162	-18	-21	21	386	180	407	1010.31	32.02	3.29667	
1429812340	530819	44	-4	-2166	-22	-28	30	386	181	407	1010.22	32.02	3.29667	
1429812340	630811	25	8	-2193	-27	-23	30	386	180	408	1010.22	32.02	3.29667	
1429812340	730825	17	-10	-2166	-17	-36	15	386	179	407	1010.26	32.02	3.29667	
1429812340	830833	32	-5	-2148	-22	-39	16	387	179	407	1010.24	32.02	3.29667	
1429812340	930879	39	-20	-2193	-22	-43	44	387	180	406	1010.29	32.02	3.29667	
1429812341	30841	30	1	-2178	-29	-1	25	387	181	406	1010.26	32.02	3.29667	
1429812341	130858	26	7	-2174	-24	-47	18	387	179	407	1010.19	32.02	3.29667	
1429812341	230765	36	-50	-2105	-21	-56	23	388	182	406	1010.2	32.03	3.29667	
1429812341	330835	16	-18	-2187	-23	-30	23	386	182	406	1010.3	32.03	3.29667	
1429812341	430798	25	0	-2152	-27	-31	16	386	181	406	1010.24	32.03	3.31896	
1429812341	530818	22	-30	-2185	-28	-17	4	389	181	407	1010.23	32.02	3.31896	
1429812341	630842	13	-12	-2178	-27	-25	28	386	179	407	1010.26	32.02	3.31896	
1429812341	730819	18	-1	-2186	-20	-32	31	387	180	407	1010.24	32.03	3.31896	
1429812341	830814	24	-2	-2169	-24	-29	36	387	180	406	1010.2	32.03	3.31896	
1429812341	930829	22	-32	-2159	-20	-26	25	388	180	409	1010.2	32.03	3.31896	
1429812342	30797	26	-12	-2175	-13	-28	16	387	180	406	1010.2	32.03	3.31896	
1429812342	130815	46	2	-2176	-19	-28	18	388	180	408	1010.17	32.03	3.31896	
1429812342	230820	29	-7	-2171	-19	-33	32	387	181	409	1010.22	32.04	3.31896	
1429812342	330836	38	-17	-2164	-26	-37	25	387	181	408	1010.25	32.03	3.31896	
1429812342	430826	43	-15	-2170	-25	-35	21	387	180	407	1010.2	32.03	3.30978	
1429812342	530804	9	2	-2163	-23	-45	23	389	181	405	1010.27	32.03	3.30978	
1429812342	630836	24	-12	-2167	-20	-34	32	387	180	406	1010.23	32.02	3.30978	
1429812342	730853	26	-15	-2169	-25	-31	19	384	178	406	1010.28	32.03	3.30978	
1429812342	830769	13	-16	-2152	-29	-38	30	389	181	407	1010.16	32.02	3.30978	
1429812342	930792	71	-1	-2281	-30	-124	13	390	182	406	1010.16	32.02	3.30978	
1429812343	30801	11	-68	-2279	-59	-1	21	387	180	411	1010.16	32.02	3.30978	
1429812343	130955	6	-36	-2196	-26	-22	35	388	180	405	1010.14	32.03	3.30978	
1429812343	230805	24	-6	-2187	-18	-28	33	389	181	406	1010.18	32.03	3.30978	
1429812343	330809	31	5	-2154	-30	-33	29	388	180	406	1010.21	32.03	3.30978	
1429812343	430817	33	-63	-2162	-13	-20	15	388	180	408	1010.21	32.03	3.39624	
1429812343	530851	23	1	-2160	-25	-45	23	388	181	406	1010.2	32.03	3.39624	
1429812343	630851	17	-12	-2179	-19	-30	23	387	179	407	1010.29	32.04	3.39624	
1429812343	730805	36	-10	-2173	-19	-26	25	388	181	407	1010.26	32.04	3.39624	
1429812343	830796	21	-5	-2182	-25	-27	17	390	180	407	1010.21	32.03	3.39624	
1429812343	930816	27	-11	-2171	-24	-30	11	387	180	405	1010.19	32.04	3.39624	
1429812344	30804	29	-16	-2176	-22	-33	23	387	180	408	1010.05	32.03	3.39624	
1429812344	130782	-5	-18	-2165	-71	-89	-12	388	180	407	1010.29	32.04	3.39624	
1429812344	230780	32	20	-2156	-24	-24	5	387	180	407	1010.25	32.03	3.39624	
1429812344	330775	32	-8	-2172	-29	-30	18	386	179	408	1010.22	32.04	3.39624	
1429812344	430792	24	-9	-2181	-22	-28	26	387	179	407	1010.16	32.04	3.29908	
1429812344	530823	26	7	-2171	-25	-27	16	387	179	406	1010.22	32.04	3.29908	
1429812344	630818	25	-11	-2172	-18	-21	28	386	181	407	1010.25	32.05	3.29908	
1429812344	730839	27	-3	-2181	-31	-30	41	385	179	407	1010.2	32.04	3.29908	
1429812344	830799	27	4	-2181	-27	-21	41	387	180	407	1010.3	32.04	3.29908	
1429812344	930814	36	-13	-2180	-27	-44	43	385	180	408	1010.19	32.05	3.29908	
1429812345	30805	31	13	-2165	-23	-35	27	385	178	408	1010.18	32.05	3.29908	
1429812345	130824	18	-6	-2170	-24	-34	32	387	180	407	1010.28	32.05	3.29908	
1429812345	230859	22	-12	-2163	-16	-16	31	386	180	407	1010.24	32.04	3.29908	
1429812345	330830	21	8	-2184	-24	-29	21	386	179	408	1010.25	32.05	3.29908	
