time_s	time_us	ch_0	ch_1	ch_2	ch_3	ped_us	col_us	lon_us	lat_us	err_count
1429812253	454131	1408	992	1504	1512	0	0	0	0	0
1429812253	554155	1404	992	1508	1508	0	0	0	0	0
1429812253	654116	1404	996	1504	1512	0	0	0	0	0
1429812253	754123	1404	992	1508	1508	0	0	0	0	0
1429812253	854137	1408	988	1508	1508	0	0	0	0	0
1429812253	954135	1404	992	1508	1508	0	0	0	0	0
1429812254	54136	1404	992	1508	1508	0	0	0	0	0
1429812254	154128	1404	992	1508	1508	0	0	0	0	0
1429812254	254102	1404	992	1508	1508	0	0	0	0	0
1429812254	354117	1404	992	1508	1508	0	0	0	0	0
1429812254	454133	1404	992	1508	1508	0	0	0	0	0
1429812254	554140	1404	992	1504	1512	0	0	0	0	0
1429812254	654136	1404	992	1508	1508	0	0	0	0	0
1429812254	754137	1404	996	1504	1508	0	0	0	0	0
1429812254	854134	1404	996	1504	1508	0	0	0	0	0
1429812254	954135	1404	992	1508	1508	0	0	0	0	0
1429812255	54143	1404	996	1504	1512	0	0	0	0	0
1429812255	154135	1404	992	1508	1508	0	0	0	0	0
1429812255	254133	1404	996	1504	1512	0	0	0	0	0
1429812255	374151	1404	1004	1508	1512	0	0	0	0	0
1429812255	474137	1404	996	1504	1512	0	0	0	0	0
1429812255	574129	1404	996	1504	1512	0	0	0	0	0
1429812255	674148	1404	992	1508	1508	0	0	0	0	0
1429812255	774139	1404	992	1508	1508	0	0	0	0	0
1429812255	874142	1404	992	1508	1508	0	0	0	0	0
1429812255	974152	1404	992	1508	1508	0	0	0	0	0
1429812256	74138	1404	996	1504	1512	0	0	0	0	0
1429812256	174125	1404	1000	1500	1508	0	0	0	0	0
1429812256	274145	1404	996	1504	1512	0	0	0	0	0
1429812256	374148	1408	992	1508	1508	0	0	0	0	0
1429812256	474143	1408	992	1504	1512	0	0	0	0	0
1429812256	574163	1404	992	1508	1508	0	0	0	0	0
1429812256	674154	1404	996	1508	1508	0	0	0	0	0
1429812256	774164	1404	996	1504	1512	0	0	0	0	0
1429812256	874173	1404	996	1504	1508	0	0	0	0	0
1429812256	974190	1404	1000	1512	1500	0	0	0	0	0
1429812257	74177	1408	996	1504	1508	0	0	0	0	0
1429812257	174175	1404	996	1504	1512	0	0	0	0	0
1429812257	274178	1404	992	1504	1512	0	0	0	0	0
1429812257	374188	1404	992	1508	1508	0	0	0	0	0
1429812257	474188	1404	992	1508	1512	0	0	0	0	0
1429812257	574186	1404	992	1508	1508	0	0	0	0	0
1429812257	674193	1404	992	1508	1508	0	0	0	0	0
1429812257	774214	1404	992	1508	1508	0	0	0	0	0
1429812257	874192	1404	996	1504	1512	0	0	0	0	0
1429812257	974201	1404	992	1508	1508	0	0	0	0	0
1429812258	94277	1404	992	1508	1508	0	0	0	0	0
1429812258	194260	1408	992	1508	1508	0	0	0	0	0
1429812258	294133	1404	992	1508	1508	0	0	0	0	0
1429812258	394141	1404	992	1508	1508	0	0	0	0	0
1429812258	494141	1404	996	1504	1512	0	0	0	0	0
1429812258	594141	1404	992	1508	1508	0	0	0	0	0
1429812258	694122	1404	992	1508	1508	0	0	0	0	0
1429812258	794148	1404	996	1504	1512	0	0	0	0	0
1429812258	894143	1404	992	1508	1508	0	0	0	0	0
1429812258	994139	1400	996	1508	1508	0	0	0	0	0
1429812259	94142	1220	996	1504	1508	0	0	0	0	0
1429812259	194139	992	992	1508	1508	0	0	0	0	0
1429812259	294124	992	992	1508	1508	0	0	0	0	0
1429812259	394144	996	992	1504	1512	0	0	0	0	0
1429812259	494140	992	996	1504	1508	0	0	0	0	0
1429812259	594135	992	996	1504	1512	0	0	0	0	0
1429812259	694140	996	992	1508	1508	0	0	0	0	0
1429812259	794139	992	992	1508	1508	0	0	0	0	0
1429812259	894144	992	992	1508	1508	0	0	0	0	0
1429812259	994130	992	996	1504	1508	0	0	0	0	0
1429812260	94144	996	992	1508	1508	0	0	0	0	0
1429812260	194131	996	992	1508	1508	0	0	0	0	0
1429812260	294142	992	992	1508	1508	0	0	0	0	0
1429812260	394143	992	992	1508	1508	0	0	0	0	0
1429812260	494140	1032	992	1508	1508	0	0	0	0	0
1429812260	594126	1308	996	1504	1512	0	0	0	0	0
1429812260	694141	1404	996	1504	1512	0	0	0	0	0
1429812260	794146	1400	996	1504	1512	0	0	0	0	0
1429812260	894138	1404	992	1508	1512	0	0	0	0	0
1429812260	994143	1400	992	1508	1508	0	0	0	0	0
1429812261	94175	1400	992	1508	1508	0	0	0	0	0
1429812261	194125	1400	992	1508	1508	0	0	0	0	0
1429812261	294129	1564	996	1504	1512	0	0	0	0	0
1429812261	394138	1840	996	1504	1512	0	0	0	0	0
1429812261	494140	2012	992	1508	1508	0	0	0	0	0
1429812261	594150	2016	992	1508	1508	0	0	0	0	0
1429812261	694156	2032	976	1504	1512	0	0	0	0	0
1429812261	794170	2016	992	1504	1512	0	0	0	0	0
1429812261	894180	2012	996	1504	1512	0	0	0	0	0
1429812261	994198	2012	992	1508	1508	0	0	0	0	0
1429812262	94199	2016	992	1508	1508	0	0	0	0	0
1429812262	194188	2016	992	1508	1508	0	0	0	0	0
1429812262	294178	2016	992	1508	1508	0	0	0	0	0
1429812262	394182	2012	996	1504	1512	0	0	0	0	0
1429812262	494191	1712	1000	1504	1512	0	0	0	0	0
1429812262	594190	1428	1020	1504	1512	0	0	0	0	0
1429812262	694197	1408	1020	1508	1512	0	0	0	0	0
1429812262	794186	1408	1020	1508	1508	0	0	0	0	0
1429812262	894208	1408	1020	1508	1508	0	0	0	0	0
1429812262	994208	1408	1020	1504	1512	0	0	0	0	0
1429812263	94281	1408	1020	1504	1508	0	0	0	0	0
1429812263	194262	1408	1020	1504	1512	0	0	0	0	0
1429812263	294149	1408	1020	1504	1512	0	0	0	0	0
1429812263	394146	1408	1020	1508	1508	0	0	0	0	0
1429812263	494143	1408	1020	1504	1508	0	0	0	0	0
1429812263	594140	1408	1020	1508	1508	0	0	0	0	0
1429812263	694129	1408	1020	1504	1512	0	0	0	0	0
1429812263	794225	1408	1020	1508	1508	0	0	0	0	0
1429812263	894225	1408	1016	1508	1508	0	0	0	0	0
1429812263	994145	1404	1020	1504	1508	0	0	0	0	0
1429812264	94143	1404	1020	1508	1508	0	0	0	0	0
1429812264	194136	1408	1016	1508	1508	0	0	0	0	0
1429812264	314125	1408	1020	1508	1508	0	0	0	0	0
1429812264	414164	1404	1028	1512	1508	0	0	0	0	0
1429812264	514150	1408	1020	1508	1508	0	0	0	0	0
1429812264	614139	1408	1020	1508	1508	0	0	0	0	0
1429812264	714139	1408	1020	1508	1508	0	0	0	0	0
1429812264	814145	1404	1020	1508	1508	0	0	0	0	0
1429812264	914143	1408	1020	1508	1508	0	0	0	0	0
1429812265	34202	1408	1020	1512	1504	0	0	0	0	0
1429812265	134146	1408	1020	1504	1508	0	0	0	0	0
1429812265	234166	1408	1020	1504	1508	0	0	0	0	0
1429812265	334145	1404	1020	1508	1508	0	0	0	0	0
1429812265	434153	1408	1020	1504	1512	0	0	0	0	0
1429812265	534141	1408	1052	1508	1508	0	0	0	0	0
1429812265	634158	1408	1108	1504	1512	0	0	0	0	0
1429812265	734149	1408	1136	1504	1512	0	0	0	0	0
1429812265	834145	1408	1180	1504	1512	0	0	0	0	0
1429812265	934152	1404	1204	1508	1508	0	0	0	0	0
1429812266	54148	1408	1208	1508	1508	0	0	0	0	0
1429812266	174150	1408	1208	1508	1508	0	0	0	0	0
1429812266	274133	1408	1208	1504	1512	0	0	0	0	0
1429812266	374158	1408	1204	1508	1508	0	0	0	0	0
1429812266	474178	1404	1204	1508	1508	0	0	0	0	0
1429812266	574181	1408	1208	1508	1508	0	0	0	0	0
1429812266	674176	1408	1216	1504	1512	0	0	0	0	0
1429812266	774182	1408	1228	1504	1512	0	0	0	0	0
1429812266	874199	1404	1248	1508	1508	0	0	0	0	0
1429812266	974210	1408	1260	1504	1508	0	0	0	0	0
1429812267	74215	1408	1272	1504	1512	0	0	0	0	0
1429812267	174221	1408	1276	1508	1508	0	0	0	0	0
1429812267	274238	1408	1276	1508	1508	0	0	0	0	0
1429812267	374220	1404	1280	1504	1512	0	0	0	0	0
1429812267	474212	1408	1280	1504	1512	0	0	0	0	0
1429812267	574212	1404	1288	1504	1512	0	0	0	0	0
1429812267	674235	1404	1292	1508	1508	0	0	0	0	0
1429812267	774227	1404	1312	1504	1512	0	0	0	0	0
1429812267	874261	1408	1336	1508	1508	0	0	0	0	0
1429812267	974176	1404	1364	1508	1508	0	0	0	0	0
1429812268	74359	1404	1380	1508	1508	0	0	0	0	0
1429812268	174183	1404	1396	1508	1508	0	0	0	0	0
1429812268	274140	1408	1416	1508	1508	0	0	0	0	0
1429812268	374165	1408	1436	1508	1508	0	0	0	0	0
1429812268	474155	1408	1448	1508	1508	0	0	0	0	0
1429812268	574140	1404	1460	1504	1512	0	0	0	0	0
1429812268	674149	1408	1464	1508	1508	0	0	0	0	0
1429812268	774159	1408	1476	1508	1508	0	0	0	0	0
1429812268	874136	1408	1492	1508	1508	0	0	0	0	0
1429812268	974137	1404	1504	1508	1508	0	0	0	0	0
1429812269	74141	1408	1500	1508	1508	0	0	0	0	0
1429812269	174142	1408	1500	1508	1508	0	0	0	0	0
1429812269	274143	1404	1504	1504	1512	0	0	0	0	0
1429812269	374157	1408	1500	1504	1512	0	0	0	0	0
1429812269	474147	1408	1504	1504	1512	0	0	0	0	0
1429812269	574140	1404	1504	1504	1512	0	0	0	0	0
1429812269	674157	1404	1504	1508	1508	0	0	0	0	0
1429812269	774138	1408	1500	1508	1508	0	0	0	0	0
1429812269	874142	1408	1500	1508	1508	0	0	0	0	0
1429812269	974128	1408	1500	1508	1508	0	0	0	0	0
1429812270	74168	1408	1500	1508	1508	0	0	0	0	0
1429812270	174130	1408	1504	1504	1512	0	0	0	0	0
1429812270	274144	1408	1504	1504	1512	0	0	0	0	0
1429812270	374141	1408	1504	1504	1512	0	0	0	0	0
1429812270	474139	1408	1504	1504	1508	0	0	0	0	0
1429812270	574143	1408	1504	1504	1512	0	0	0	0	0
1429812270	674132	1408	1500	1508	1508	0	0	0	0	0
1429812270	774147	1404	1504	1504	1512	0	0	0	0	0
1429812270	874156	1408	1500	1508	1508	0	0	0	0	0
1429812270	974143	1408	1500	1508	1508	0	0	0	0	0
1429812271	74149	1408	1500	1508	1508	0	0	0	0	0
1429812271	174145	1408	1504	1504	1512	0	0	0	0	0
1429812271	274140	1408	1500	1508	1508	0	0	0	0	0
1429812271	374152	1408	1500	1508	1512	0	0	0	0	0
1429812271	474142	1408	1504	1504	1512	0	0	0	0	0
1429812271	574144	1408	1528	1508	1508	0	0	0	0	0
1429812271	674145	1404	1544	1504	1512	0	0	0	0	0
1429812271	774154	1404	1560	1504	1512	0	0	0	0	0
1429812271	874175	1404	1572	1504	1512	0	0	0	0	0
1429812271	974177	1404	1588	1504	1512	0	0	0	0	0
1429812272	74192	1408	1604	1504	1512	0	0	0	0	0
1429812272	174177	1408	1616	1504	1508	0	0	0	0	0
1429812272	274181	1408	1636	1508	1508	0	0	0	0	0
1429812272	374194	1408	1652	1504	1508	0	0	0	0	0
1429812272	474196	1404	1672	1508	1508	0	0	0	0	0
1429812272	574180	1404	1680	1508	1508	0	0	0	0	0
1429812272	674208	1404	1684	1508	1508	0	0	0	0	0
1429812272	774190	1408	1688	1508	1508	0	0	0	0	0
1429812272	874233	1408	1704	1508	1508	0	0	0	0	0
1429812272	974220	1408	1724	1508	1508	0	0	0	0	0
1429812273	74274	1408	1732	1504	1512	0	0	0	0	0
1429812273	174248	1408	1732	1504	1508	0	0	0	0	0
1429812273	274142	1408	1732	1508	1508	0	0	0	0	0
1429812273	374142	1408	1736	1504	1512	0	0	0	0	0
1429812273	474145	1408	1732	1508	1508	0	0	0	0	0
1429812273	574137	1408	1732	1508	1508	0	0	0	0	0
1429812273	674146	1408	1732	1508	1508	0	0	0	0	0
1429812273	774132	1408	1732	1504	1512	0	0	0	0	0
1429812273	874149	1408	1736	1504	1508	0	0	0	0	0
1429812273	974162	1408	1732	1504	1512	0	0	0	0	0
1429812274	74144	1408	1732	1504	1512	0	0	0	0	0
1429812274	174150	1408	1732	1508	1508	0	0	0	0	0
1429812274	274148	1408	1732	1508	1508	0	0	0	0	0
1429812274	374130	1408	1732	1508	1508	0	0	0	0	0
1429812274	474611	1404	1716	1508	1508	0	0	0	0	0
1429812274	574147	1412	1692	1504	1512	0	0	0	0	0
1429812274	674143	1404	1688	1504	1512	0	0	0	0	0
1429812274	774150	1404	1680	1504	1512	0	0	0	0	0
1429812274	874144	1404	1668	1504	1512	0	0	0	0	0
1429812274	974145	1404	1652	1504	1512	0	0	0	0	0
1429812275	74133	1404	1648	1504	1512	0	0	0	0	0
1429812275	174165	1404	1648	1508	1508	0	0	0	0	0
1429812275	274143	1404	1648	1504	1512	0	0	0	0	0
1429812275	374147	1404	1648	1508	1508	0	0	0	0	0
1429812275	474151	1404	1648	1508	1508	0	0	0	0	0
1429812275	574145	1404	1648	1508	1508	0	0	0	0	0
1429812275	674163	1404	1648	1504	1512	0	0	0	0	0
1429812275	774148	1404	1644	1508	1508	0	0	0	0	0
1429812275	874162	1404	1636	1508	1508	0	0	0	0	0
1429812275	974159	1404	1624	1508	1508	0	0	0	0	0
1429812276	74157	1404	1620	1504	1512	0	0	0	0	0
1429812276	174143	1404	1608	1508	1508	0	0	0	0	0
1429812276	274158	1404	1600	1508	1508	0	0	0	0	0
1429812276	374151	1404	1600	1504	1512	0	0	0	0	0
1429812276	474176	1404	1592	1508	1508	0	0	0	0	0
1429812276	574155	1404	1592	1504	1512	0	0	0	0	0
1429812276	674175	1404	1588	1508	1508	0	0	0	0	0
1429812276	774181	1404	1592	1504	1508	0	0	0	0	0
1429812276	874194	1404	1588	1508	1508	0	0	0	0	0
1429812276	974223	1404	1592	1508	1508	0	0	0	0	0
1429812277	74227	1404	1592	1508	1508	0	0	0	0	0
1429812277	174213	1404	1592	1504	1508	0	0	0	0	0
1429812277	274231	1404	1592	1504	1512	0	0	0	0	0
1429812277	374203	1404	1592	1504	1512	0	0	0	0	0
1429812277	474217	1404	1592	1504	1512	0	0	0	0	0
1429812277	574204	1408	1592	1504	1512	0	0	0	0	0
1429812277	674220	1408	1592	1504	1512	0	0	0	0	0
1429812277	774219	1404	1592	1508	1508	0	0	0	0	0
1429812277	874227	1404	1592	1504	1508	0	0	0	0	0
1429812277	974212	1408	1592	1504	1512	0	0	0	0	0
1429812278	74285	1404	1592	1508	1508	0	0	0	0	0
1429812278	174300	1408	1592	1504	1512	0	0	0	0	0
1429812278	274149	1404	1592	1504	1512	0	0	0	0	0
1429812278	374138	1404	1592	1508	1508	0	0	0	0	0
1429812278	474142	1408	1588	1508	1508	0	0	0	0	0
1429812278	574144	1404	1592	1504	1512	0	0	0	0	0
1429812278	674135	1408	1592	1504	1512	0	0	0	0	0
1429812278	774125	1404	1592	1508	1508	0	0	0	0	0
1429812278	874143	1404	1592	1508	1508	0	0	0	0	0
1429812278	974147	1404	1592	1508	1508	0	0	0	0	0
1429812279	74139	1404	1592	1508	1508	0	0	0	0	0
1429812279	174142	1404	1592	1504	1512	0	0	0	0	0
1429812279	274138	1404	1592	1504	1512	0	0	0	0	0
1429812279	374167	1404	1592	1508	1508	0	0	0	0	0
1429812279	474124	1404	1592	1508	1508	0	0	0	0	0
1429812279	574146	1408	1592	1504	1508	0	0	0	0	0
1429812279	674136	1404	1592	1508	1508	0	0	0	0	0
1429812279	774143	1408	1592	1504	1508	0	0	0	0	0
1429812279	874137	1404	1592	1508	1508	0	0	0	0	0
1429812279	974160	1408	1592	1504	1508	0	0	0	0	0
1429812280	74147	1404	1592	1508	1508	0	0	0	0	0
1429812280	174141	1404	1592	1508	1508	0	0	0	0	0
1429812280	274240	1404	1592	1508	1508	0	0	0	0	0
1429812280	374107	1404	1592	1508	1508	0	0	0	0	0
1429812280	474138	1404	1592	1508	1508	0	0	0	0	0
1429812280	574141	1404	1592	1504	1508	0	0	0	0	0
1429812280	674126	1404	1592	1504	1512	0	0	0	0	0
1429812280	774136	1404	1592	1508	1508	0	0	0	0	0
1429812280	874131	1392	1592	1508	1508	0	0	0	0	0
1429812280	974186	1408	1592	1504	1508	0	0	0	0	0
1429812281	74154	1404	1592	1508	1508	0	0	0	0	0
1429812281	174117	1404	1592	1504	1512	0	0	0	0	0
1429812281	274121	1408	1592	1504	1512	0	0	0	0	0
1429812281	374127	1404	1592	1508	1508	0	0	0	0	0
1429812281	474148	1404	1592	1504	1508	0	0	0	0	0
1429812281	574135	1408	1592	1504	1508	0	0	0	0	0
1429812281	674133	1404	1592	1504	1512	0	0	0	0	0
1429812281	774150	1404	1596	1504	1508	0	0	0	0	0
1429812281	874167	1404	1592	1504	1512	0	0	0	0	0
1429812281	974168	1404	1592	1504	1512	0	0	0	0	0
1429812282	74166	1404	1592	1508	1508	0	0	0	0	0
1429812282	174191	1408	1592	1508	1508	0	0	0	0	0
1429812282	274191	1408	1592	1504	1508	0	0	0	0	0
1429812282	374172	1404	1592	1504	1508	0	0	0	0	0
1429812282	474183	1404	1592	1508	1508	0	0	0	0	0
1429812282	574184	1404	1592	1508	1508	0	0	0	0	0
1429812282	674183	1404	1592	1508	1508	0	0	0	0	0
1429812282	774186	1404	1592	1508	1508	0	0	0	0	0
1429812282	874173	1404	1592	1504	1512	0	0	0	0	0
1429812282	974199	1404	1592	1508	1508	0	0	0	0	0
1429812283	74242	1404	1592	1508	1508	0	0	0	0	0
1429812283	174282	1404	1592	1504	1512	0	0	0	0	0
1429812283	274148	1404	1592	1508	1508	0	0	0	0	0
1429812283	374130	1404	1592	1508	1508	0	0	0	0	0
1429812283	474136	1404	1592	1508	1508	0	0	0	0	0
1429812283	574128	1404	1592	1508	1508	0	0	0	0	0
1429812283	674133	1404	1592	1508	1508	0	0	0	0	0
1429812283	774134	1404	1592	1504	1508	0	0	0	0	0
1429812283	874207	1404	1592	1504	1512	0	0	0	0	0
1429812283	974143	1404	1588	1508	1508	0	0	0	0	0
1429812284	74133	1408	1592	1504	1512	0	0	0	0	0
1429812284	174138	1408	1588	1504	1512	0	0	0	0	0
1429812284	274136	1404	1592	1504	1512	0	0	0	0	0
1429812284	374119	1404	1592	1508	1508	0	0	0	0	0
1429812284	474136	1404	1592	1508	1508	0	0	0	0	0
1429812284	574134	1404	1592	1508	1508	0	0	0	0	0
1429812284	674129	1408	1592	1504	1508	0	0	0	0	0
1429812284	774139	1404	1596	1504	1508	0	0	0	0	0
1429812284	874138	1404	1592	1504	1512	0	0	0	0	0
1429812284	974122	1408	1588	1508	1508	0	0	0	0	0
1429812285	74136	1404	1592	1504	1512	0	0	0	0	0
1429812285	174137	1408	1592	1504	1508	0	0	0	0	0
1429812285	274147	1408	1592	1504	1508	0	0	0	0	0
1429812285	374135	1404	1592	1508	1508	0	0	0	0	0
1429812285	474134	1404	1592	1504	1512	0	0	0	0	0
1429812285	574145	1404	1592	1504	1512	0	0	0	0	0
1429812285	674136	1404	1592	1508	1508	0	0	0	0	0
1429812285	774138	1408	1592	1504	1512	0	0	0	0	0
1429812285	874131	1404	1592	1508	1508	0	0	0	0	0
1429812285	974135	1408	1588	1508	1508	0	0	0	0	0
1429812286	74136	1404	1592	1508	1508	0	0	0	0	0
1429812286	174135	1404	1592	1504	1512	0	0	0	0	0
1429812286	274176	1404	1592	1504	1512	0	0	0	0	0
1429812286	374137	1404	1592	1508	1508	0	0	0	0	0
1429812286	474150	1400	1592	1508	1508	0	0	0	0	0
1429812286	574152	1404	1592	1504	1512	0	0	0	0	0
1429812286	674135	1408	1592	1504	1512	0	0	0	0	0
1429812286	774154	1408	1592	1504	1512	0	0	0	0	0
1429812286	874156	1404	1592	1504	1508	0	0	0	0	0
1429812286	974167	1404	1592	1508	1508	0	0	0	0	0
1429812287	74165	1408	1600	1512	1512	0	0	0	0	0
1429812287	174185	1404	1592	1508	1508	0	0	0	0	0
1429812287	274169	1404	1592	1508	1508	0	0	0	0	0
1429812287	374178	1404	1592	1508	1508	0	0	0	0	0
1429812287	474175	1404	1592	1512	1508	0	0	0	0	0
1429812287	574190	1408	1592	1528	1512	0	0	0	0	0
1429812287	674181	1404	1592	1540	1512	0	0	0	0	0
1429812287	774208	1404	1592	1548	1512	0	0	0	0	0
1429812287	874220	1408	1592	1572	1512	0	0	0	0	0
1429812287	974196	1408	1592	1588	1512	0	0	0	0	0
1429812288	74257	1408	1592	1604	1508	0	0	0	0	0
1429812288	174289	1408	1592	1632	1512	0	0	0	0	0
1429812288	274153	1404	1592	1648	1512	0	0	0	0	0
1429812288	374162	1404	1592	1672	1508	0	0	0	0	0
1429812288	474136	1404	1596	1696	1508	0	0	0	0	0
1429812288	574145	1404	1592	1736	1508	0	0	0	0	0
1429812288	674164	1404	1592	1768	1504	0	0	0	0	0
1429812288	774181	1404	1592	1792	1512	0	0	0	0	0
1429812288	874121	1404	1592	1812	1508	0	0	0	0	0
1429812288	974135	1408	1592	1812	1508	0	0	0	0	0
1429812289	74139	1408	1592	1812	1508	0	0	0	0	0
1429812289	174136	1408	1592	1812	1508	0	0	0	0	0
1429812289	274140	1404	1592	1812	1508	0	0	0	0	0
1429812289	374118	1404	1592	1812	1508	0	0	0	0	0
1429812289	474126	1408	1588	1816	1508	0	0	0	0	0
1429812289	574141	1408	1592	1812	1508	0	0	0	0	0
1429812289	674130	1404	1592	1812	1512	0	0	0	0	0
1429812289	774138	1412	1584	1816	1508	0	0	0	0	0
1429812289	874132	1404	1592	1812	1512	0	0	0	0	0
1429812289	974119	1404	1592	1812	1508	0	0	0	0	0
1429812290	74129	1408	1588	1748	1508	0	0	0	0	0
1429812290	174128	1408	1592	1692	1508	0	0	0	0	0
1429812290	274134	1404	1592	1636	1508	0	0	0	0	0
1429812290	374137	1404	1592	1600	1508	0	0	0	0	0
1429812290	474134	1408	1588	1564	1508	0	0	0	0	0
1429812290	574136	1404	1592	1528	1508	0	0	0	0	0
1429812290	674155	1404	1592	1504	1512	0	0	0	0	0
1429812290	774143	1404	1592	1504	1512	0	0	0	0	0
1429812290	874146	1404	1592	1508	1508	0	0	0	0	0
1429812290	974135	1408	1592	1504	1508	0	0	0	0	0
1429812291	74143	1408	1588	1508	1508	0	0	0	0	0
1429812291	174141	1408	1592	1504	1508	0	0	0	0	0
1429812291	274130	1404	1592	1508	1508	0	0	0	0	0
1429812291	374132	1408	1604	1508	1508	0	0	0	0	0
1429812291	474277	1404	1592	1508	1508	0	0	0	0	0
1429812291	574137	1408	1588	1508	1508	0	0	0	0	0
1429812291	674143	1404	1592	1508	1508	0	0	0	0	0
1429812291	774146	1404	1592	1508	1508	0	0	0	0	0
1429812291	874159	1408	1592	1504	1508	0	0	0	0	0
1429812291	974166	1408	1588	1508	1508	0	0	0	0	0
1429812292	74185	1404	1592	1508	1508	0	0	0	0	0
1429812292	174178	1404	1592	1508	1516	0	0	0	0	0
1429812292	274176	1408	1592	1508	1508	0	0	0	0	0
1429812292	374181	1404	1592	1508	1508	0	0	0	0	0
1429812292	474179	1404	1592	1508	1508	0	0	0	0	0
1429812292	574179	1404	1596	1504	1508	0	0	0	0	0
1429812292	674194	1404	1592	1508	1508	0	0	0	0	0
1429812292	774179	1404	1592	1504	1508	0	0	0	0	0
1429812292	874192	1404	1592	1508	1508	0	0	0	0	0
1429812292	974549	1404	1588	1508	1508	0	0	0	0	0
1429812293	74240	1404	1592	1508	1508	0	0	0	0	0
1429812293	174282	1408	1588	1504	1508	0	0	0	0	0
1429812293	274146	1408	1588	1508	1508	0	0	0	0	0
1429812293	374152	1404	1592	1504	1508	0	0	0	0	0
1429812293	474133	1404	1592	1504	1508	0	0	0	0	0
1429812293	574137	1404	1592	1504	1512	0	0	0	0	0
1429812293	674146	1404	1592	1504	1512	0	0	0	0	0
1429812293	774182	1404	1596	1500	1508	0	0	0	0	0
1429812293	874169	1408	1592	1504	1508	0	0	0	0	0
1429812293	974141	1408	1592	1488	1508	0	0	0	0	0
1429812294	74139	1404	1592	1468	1504	0	0	0	0	0
1429812294	174134	1408	1592	1440	1508	0	0	0	0	0
1429812294	274146	1404	1592	1416	1508	0	0	0	0	0
1429812294	374121	1404	1592	1396	1508	0	0	0	0	0
1429812294	474135	1404	1592	1360	1508	0	0	0	0	0
1429812294	574132	1408	1588	1332	1508	0	0	0	0	0
1429812294	674136	1404	1592	1292	1512	0	0	0	0	0
1429812294	774132	1404	1596	1244	1512	0	0	0	0	0
1429812294	874150	1404	1592	1212	1508	0	0	0	0	0
1429812294	974226	1408	1588	1204	1512	0	0	0	0	0
1429812295	74114	1408	1588	1204	1512	0	0	0	0	0
1429812295	174128	1404	1592	1200	1512	0	0	0	0	0
1429812295	274131	1404	1592	1200	1516	0	0	0	0	0
1429812295	374133	1408	1592	1200	1512	0	0	0	0	0
1429812295	474138	1404	1592	1200	1516	0	0	0	0	0
1429812295	574139	1404	1592	1200	1516	0	0	0	0	0
1429812295	674152	1408	1592	1200	1512	0	0	0	0	0
1429812295	774127	1404	1592	1200	1512	0	0	0	0	0
1429812295	874129	1408	1592	1204	1512	0	0	0	0	0
1429812295	974141	1404	1592	1200	1512	0	0	0	0	0
1429812296	74140	1408	1588	1200	1516	0	0	0	0	0
1429812296	174159	1404	1592	1200	1512	0	0	0	0	0
1429812296	274124	1404	1592	1200	1512	0	0	0	0	0
1429812296	374137	1404	1592	1200	1512	0	0	0	0	0
1429812296	474141	1404	1592	1200	1508	0	0	0	0	0
1429812296	574134	1404	1592	1200	1508	0	0	0	0	0
1429812296	674138	1408	1592	1200	1508	0	0	0	0	0
1429812296	774144	1408	1592	1200	1512	0	0	0	0	0
1429812296	874155	1404	1592	1200	1512	0	0	0	0	0
1429812296	974174	1408	1592	1200	1512	0	0	0	0	0
1429812297	74184	1404	1592	1200	1512	0	0	0	0	0
1429812297	174178	1404	1592	1196	1516	0	0	0	0	0
1429812297	274173	1404	1592	1200	1512	0	0	0	0	0
1429812297	374142	1404	1592	1200	1516	0	0	0	0	0
1429812297	474179	1404	1592	1200	1512	0	0	0	0	0
1429812297	574185	1404	1596	1196	1516	0	0	0	0	0
1429812297	674183	1404	1592	1200	1516	0	0	0	0	0
1429812297	774176	1408	1588	1256	1508	0	0	0	0	0
1429812297	874183	1404	1592	1340	1508	0	0	0	0	0
1429812297	974176	1408	1588	1428	1508	0	0	0	0	0
1429812298	74260	1404	1592	1468	1496	0	0	0	0	0
1429812298	174279	1408	1592	1488	1512	0	0	0	0	0
1429812298	274142	1404	1592	1508	1508	0	0	0	0	0
1429812298	374148	1404	1592	1508	1508	0	0	0	0	0
1429812298	474136	1404	1592	1508	1508	0	0	0	0	0
1429812298	574162	1404	1592	1508	1508	0	0	0	0	0
1429812298	674140	1404	1592	1508	1508	0	0	0	0	0
1429812298	774122	1408	1592	1504	1512	0	0	0	0	0
1429812298	874135	1404	1592	1508	1508	0	0	0	0	0
1429812298	974139	1404	1592	1508	1508	0	0	0	0	0
1429812299	74134	1404	1592	1508	1508	0	0	0	0	0
1429812299	174130	1404	1592	1504	1508	0	0	0	0	0
1429812299	274155	1408	1592	1504	1508	0	0	0	0	0
1429812299	374118	1408	1592	1504	1508	0	0	0	0	0
1429812299	474134	1404	1592	1504	1512	0	0	0	0	0
1429812299	574140	1404	1592	1508	1508	0	0	0	0	0
1429812299	674132	1408	1592	1504	1508	0	0	0	0	0
1429812299	774131	1408	1592	1504	1512	0	0	0	0	0
1429812299	874136	1408	1592	1504	1508	0	0	0	0	0
1429812299	974169	1408	1588	1508	1508	0	0	0	0	0
1429812300	74120	1404	1592	1504	1508	0	0	0	0	0
1429812300	174136	1404	1592	1508	1508	0	0	0	0	0
1429812300	274136	1408	1588	1508	1508	0	0	0	0	0
1429812300	374137	1408	1592	1504	1508	0	0	0	0	0
1429812300	474133	1408	1588	1508	1508	0	0	0	0	0
1429812300	574134	1404	1592	1508	1508	0	0	0	0	0
1429812300	674150	1404	1592	1508	1508	0	0	0	0	0
1429812300	774174	1404	1592	1504	1508	0	0	0	0	0
1429812300	874157	1404	1592	1504	1508	0	0	0	0	0
1429812300	974155	1404	1592	1508	1508	0	0	0	0	0
1429812301	74136	1408	1592	1504	1508	0	0	0	0	0
1429812301	174132	1408	1592	1504	1492	0	0	0	0	0
1429812301	274124	1404	1588	1508	1472	0	0	0	0	0
1429812301	374136	1404	1592	1504	1452	0	0	0	0	0
1429812301	474130	1404	1592	1508	1432	0	0	0	0	0
1429812301	574134	1408	1592	1504	1416	0	0	0	0	0
1429812301	674155	1408	1592	1504	1392	0	0	0	0	0
1429812301	774143	1404	1592	1504	1380	0	0	0	0	0
1429812301	874197	1404	1592	1508	1344	0	0	0	0	0
1429812301	974234	1404	1592	1504	1328	0	0	0	0	0
1429812302	74162	1408	1588	1508	1288	0	0	0	0	0
1429812302	174180	1404	1592	1504	1264	0	0	0	0	0
1429812302	274165	1404	1592	1504	1232	0	0	0	0	0
1429812302	374172	1404	1592	1504	1204	0	0	0	0	0
1429812302	474174	1404	1592	1504	1200	0	0	0	0	0
1429812302	574185	1404	1592	1508	1196	0	0	0	0	0
1429812302	674181	1404	1592	1508	1200	0	0	0	0	0
1429812302	774177	1404	1592	1504	1204	0	0	0	0	0
1429812302	874188	1404	1592	1504	1200	0	0	0	0	0
1429812302	974179	1404	1592	1504	1200	0	0	0	0	0
1429812303	74262	1408	1592	1504	1200	0	0	0	0	0
1429812303	174272	1404	1592	1504	1200	0	0	0	0	0
1429812303	274183	1404	1596	1504	1200	0	0	0	0	0
1429812303	374162	1404	1592	1504	1200	0	0	0	0	0
1429812303	474163	1404	1592	1504	1200	0	0	0	0	0
1429812303	574147	1408	1592	1500	1200	0	0	0	0	0
1429812303	674145	1404	1592	1500	1204	0	0	0	0	0
1429812303	774153	1404	1592	1504	1200	0	0	0	0	0
1429812303	874141	1404	1592	1504	1200	0	0	0	0	0
1429812303	974132	1408	1588	1508	1200	0	0	0	0	0
1429812304	74146	1404	1592	1504	1200	0	0	0	0	0
1429812304	174134	1408	1588	1504	1200	0	0	0	0	0
1429812304	274137	1404	1592	1504	1200	0	0	0	0	0
1429812304	374138	1404	1592	1504	1200	0	0	0	0	0
1429812304	474136	1404	1592	1504	1268	0	0	0	0	0
1429812304	574129	1404	1592	1508	1364	0	0	0	0	0
1429812304	674135	1400	1592	1500	1412	0	0	0	0	0
1429812304	774135	1408	1592	1504	1460	0	0	0	0	0
1429812304	874138	1404	1592	1504	1472	0	0	0	0	0
1429812304	974166	1400	1592	1508	1508	0	0	0	0	0
1429812305	74151	1408	1592	1504	1512	0	0	0	0	0
1429812305	174125	1404	1592	1508	1508	0	0	0	0	0
1429812305	274137	1404	1592	1508	1512	0	0	0	0	0
1429812305	374148	1404	1592	1508	1508	0	0	0	0	0
1429812305	474134	1404	1592	1504	1512	0	0	0	0	0
1429812305	574133	1408	1592	1504	1512	0	0	0	0	0
1429812305	674163	1404	1592	1504	1512	0	0	0	0	0
1429812305	774126	1408	1592	1504	1512	0	0	0	0	0
1429812305	874141	1404	1592	1504	1512	0	0	0	0	0
1429812305	974148	1404	1592	1508	1508	0	0	0	0	0
1429812306	74136	1404	1592	1508	1508	0	0	0	0	0
1429812306	174136	1404	1592	1504	1512	0	0	0	0	0
1429812306	274123	1404	1592	1508	1508	0	0	0	0	0
1429812306	374126	1408	1592	1504	1512	0	0	0	0	0
1429812306	474137	1404	1592	1504	1512	0	0	0	0	0
1429812306	574135	1404	1604	1492	1512	0	0	0	0	0
1429812306	674140	1404	1592	1508	1508	0	0	0	0	0
1429812306	774141	1404	1592	1504	1512	0	0	0	0	0
1429812306	874149	1404	1592	1508	1508	0	0	0	0	0
1429812306	974181	1408	1592	1504	1512	0	0	0	0	0
1429812307	74185	1404	1592	1508	1512	0	0	0	0	0
1429812307	174213	1404	1592	1508	1508	0	0	0	0	0
1429812307	274185	1404	1592	1508	1508	0	0	0	0	0
1429812307	374172	1404	1592	1504	1512	0	0	0	0	0
1429812307	474182	1408	1592	1504	1512	0	0	0	0	0
1429812307	574180	1408	1592	1504	1512	0	0	0	0	0
1429812307	674200	1404	1592	1508	1508	0	0	0	0	0
1429812307	774189	1404	1592	1508	1512	0	0	0	0	0
1429812307	874227	1404	1592	1508	1512	0	0	0	0	0
1429812307	974185	1404	1592	1508	1512	0	0	0	0	0
1429812308	74293	1404	1592	1508	1528	0	0	0	0	0
1429812308	174291	1404	1592	1508	1544	0	0	0	0	0
1429812308	274184	1404	1596	1504	1568	0	0	0	0	0
1429812308	374150	1404	1592	1508	1604	0	0	0	0	0
1429812308	474152	1404	1592	1508	1624	0	0	0	0	0
1429812308	574137	1404	1592	1508	1660	0	0	0	0	0
1429812308	674148	1404	1592	1504	1692	0	0	0	0	0
1429812308	774119	1408	1592	1504	1716	0	0	0	0	0
1429812308	874128	1404	1592	1508	1748	0	0	0	0	0
1429812308	974131	1404	1592	1508	1796	0	0	0	0	0
1429812309	74134	1404	1592	1508	1816	0	0	0	0	0
1429812309	174136	1408	1592	1504	1836	0	0	0	0	0
1429812309	274134	1404	1592	1504	1816	0	0	0	0	0
1429812309	374118	1404	1592	1504	1816	0	0	0	0	0
1429812309	474123	1404	1592	1504	1816	0	0	0	0	0
1429812309	574125	1408	1592	1508	1812	0	0	0	0	0
1429812309	674129	1404	1592	1504	1816	0	0	0	0	0
1429812309	774133	1404	1592	1508	1816	0	0	0	0	0
1429812309	874136	1404	1592	1504	1816	0	0	0	0	0
1429812309	974160	1408	1588	1508	1812	0	0	0	0	0
1429812310	74119	1404	1592	1504	1816	0	0	0	0	0
1429812310	174142	1404	1592	1508	1812	0	0	0	0	0
1429812310	274133	1404	1592	1508	1812	0	0	0	0	0
1429812310	374137	1408	1592	1504	1812	0	0	0	0	0
1429812310	474137	1404	1592	1504	1812	0	0	0	0	0
1429812310	574136	1420	1576	1504	1816	0	0	0	0	0
1429812310	674123	1404	1592	1504	1812	0	0	0	0	0
1429812310	774127	1404	1592	1504	1816	0	0	0	0	0
1429812310	874131	1404	1592	1504	1816	0	0	0	0	0
1429812310	974137	1404	1592	1508	1812	0	0	0	0	0
1429812311	74139	1404	1592	1508	1776	0	0	0	0	0
1429812311	174135	1404	1592	1504	1740	0	0	0	0	0
1429812311	274159	1404	1592	1508	1688	0	0	0	0	0
1429812311	374133	1408	1592	1504	1660	0	0	0	0	0
1429812311	474134	1404	1592	1508	1612	0	0	0	0	0
1429812311	574136	1404	1592	1508	1576	0	0	0	0	0
1429812311	674137	1404	1592	1504	1540	0	0	0	0	0
1429812311	774138	1404	1592	1504	1520	0	0	0	0	0
1429812311	874146	1404	1592	1504	1508	0	0	0	0	0
1429812311	974191	1408	1592	1504	1508	0	0	0	0	0
1429812312	74181	1404	1592	1508	1508	0	0	0	0	0
1429812312	174170	1404	1592	1508	1508	0	0	0	0	0
1429812312	274186	1408	1592	1508	1508	0	0	0	0	0
1429812312	374170	1404	1592	1504	1508	0	0	0	0	0
1429812312	474176	1408	1592	1504	1508	0	0	0	0	0
1429812312	574186	1404	1592	1504	1508	0	0	0	0	0
1429812312	674185	1404	1592	1504	1508	0	0	0	0	0
1429812312	774187	1404	1592	1508	1508	0	0	0	0	0
1429812312	874189	1404	1592	1504	1508	0	0	0	0	0
1429812312	974183	1408	1588	1508	1508	0	0	0	0	0
1429812313	74266	1404	1592	1508	1504	0	0	0	0	0
1429812313	174272	1404	1592	1504	1508	0	0	0	0	0
1429812313	274177	1404	1588	1508	1508	0	0	0	0	0
1429812313	374166	1404	1592	1504	1508	0	0	0	0	0
1429812313	474166	1404	1588	1504	1508	0	0	0	0	0
1429812313	574139	1404	1508	1504	1508	0	0	0	0	0
1429812313	674137	1404	1388	1504	1512	0	0	0	0	0
1429812313	774108	1404	1212	1504	1508	0	0	0	0	0
1429812313	874136	1404	1068	1508	1508	0	0	0	0	0
1429812313	974132	1408	992	1504	1508	0	0	0	0	0
1429812314	74135	1400	996	1504	1508	0	0	0	0	0
1429812314	174140	1404	992	1508	1508	0	0	0	0	0
1429812314	274143	1404	992	1504	1508	0	0	0	0	0
1429812314	374139	1404	996	1504	1508	0	0	0	0	0
1429812314	474124	1400	996	1504	1508	0	0	0	0	0
1429812314	574129	1404	992	1508	1508	0	0	0	0	0
1429812314	674133	1404	996	1504	1508	0	0	0	0	0
1429812314	774139	1404	992	1508	1508	0	0	0	0	0
1429812314	874159	1404	992	1508	1508	0	0	0	0	0
1429812314	974136	1404	992	1508	1508	0	0	0	0	0
1429812315	74150	1404	992	1508	1508	0	0	0	0	0
1429812315	174134	1404	992	1508	1508	0	0	0	0	0
1429812315	274134	1404	992	1508	1508	0	0	0	0	0
1429812315	374095	1404	992	1508	1508	0	0	0	0	0
1429812315	474138	1404	992	1508	1508	0	0	0	0	0
1429812315	574132	1404	992	1508	1508	0	0	0	0	0
1429812315	674146	1404	992	1508	1508	0	0	0	0	0
1429812315	774138	1404	992	1508	1508	0	0	0	0	0
1429812315	874128	1404	992	1504	1516	0	0	0	0	0
1429812315	974111	1404	996	1504	1508	0	0	0	0	0
1429812316	74139	1404	996	1508	1508	0	0	0	0	0
1429812316	174137	1404	992	1508	1508	0	0	0	0	0
1429812316	274182	1404	996	1504	1512	0	0	0	0	0
1429812316	374125	1404	996	1504	1508	0	0	0	0	0
1429812316	474126	1404	996	1504	1508	0	0	0	0	0
1429812316	574139	1404	992	1508	1508	0	0	0	0	0
1429812316	674135	1400	996	1504	1512	0	0	0	0	0
1429812316	774134	1404	992	1508	1508	0	0	0	0	0
1429812316	874154	1404	992	1508	1508	0	0	0	0	0
1429812316	974165	1404	992	1508	1508	0	0	0	0	0
1429812317	74153	1404	996	1504	1508	0	0	0	0	0
1429812317	174174	1404	992	1508	1508	0	0	0	0	0
1429812317	274179	1404	992	1508	1508	0	0	0	0	0
1429812317	374186	1404	992	1508	1508	0	0	0	0	0
1429812317	474169	1404	992	1508	1508	0	0	0	0	0
1429812317	574176	1404	992	1508	1508	0	0	0	0	0
1429812317	674177	1408	992	1504	1512	0	0	0	0	0
1429812317	774182	1400	996	1504	1512	0	0	0	0	0
1429812317	874175	1404	996	1504	1508	0	0	0	0	0
1429812317	974194	1404	992	1508	1508	0	0	0	0	0
1429812318	74251	1404	992	1508	1508	0	0	0	0	0
1429812318	174271	1404	992	1508	1508	0	0	0	0	0
1429812318	274233	1404	992	1508	1508	0	0	0	0	0
1429812318	374145	1404	992	1508	1508	0	0	0	0	0
1429812318	474130	1404	996	1504	1512	0	0	0	0	0
1429812318	574135	1404	992	1508	1508	0	0	0	0	0
1429812318	674130	1404	992	1508	1508	0	0	0	0	0
1429812318	774117	1404	996	1504	1508	0	0	0	0	0
1429812318	874125	1404	992	1508	1508	0	0	0	0	0
1429812318	974132	1404	992	1508	1508	0	0	0	0	0
1429812319	74132	1404	992	1508	1508	0	0	0	0	0
1429812319	174141	1404	992	1508	1508	0	0	0	0	0
1429812319	274133	1404	996	1504	1508	0	0	0	0	0
1429812319	374165	1404	992	1508	1508	0	0	0	0	0
1429812319	474120	1404	992	1508	1508	0	0	0	0	0
1429812319	574135	1404	996	1504	1508	0	0	0	0	0
1429812319	674130	1404	992	1508	1508	0	0	0	0	0
1429812319	774134	1404	996	1504	1508	0	0	0	0	0
1429812319	874159	1404	992	1504	1508	0	0	0	0	0
1429812319	974159	1404	992	1508	1508	0	0	0	0	0
1429812320	74123	1404	996	1504	1508	0	0	0	0	0
1429812320	174138	1404	992	1508	1508	0	0	0	0	0
1429812320	274137	1404	996	1504	1508	0	0	0	0	0
1429812320	374131	1404	992	1504	1512	0	0	0	0	0
1429812320	474142	1404	992	1508	1508	0	0	0	0	0
1429812320	574132	1404	992	1508	1508	0	0	0	0	0
1429812320	674142	1404	996	1504	1508	0	0	0	0	0
1429812320	774136	1404	992	1508	1508	0	0	0	0	0
1429812320	874131	1404	992	1508	1508	0	0	0	0	0
1429812320	974132	1404	992	1508	1508	0	0	0	0	0
1429812321	74139	1404	996	1504	1508	0	0	0	0	0
1429812321	174135	1404	992	1508	1508	0	0	0	0	0
1429812321	274139	1404	992	1508	1508	0	0	0	0	0
1429812321	374158	1404	992	1508	1508	0	0	0	0	0
1429812321	474123	1404	992	1504	1508	0	0	0	0	0
1429812321	574133	1404	992	1504	1512	0	0	0	0	0
1429812321	674138	1404	996	1504	1508	0	0	0	0	0
1429812321	774154	1404	996	1504	1512	0	0	0	0	0
1429812321	874149	1404	992	1508	1508	0	0	0	0	0
1429812321	974203	1404	996	1504	1508	0	0	0	0	0
1429812322	74172	1404	992	1508	1508	0	0	0	0	0
1429812322	174164	1404	996	1504	1508	0	0	0	0	0
1429812322	274181	1404	992	1508	1508	0	0	0	0	0
1429812322	374193	1404	996	1504	1508	0	0	0	0	0
1429812322	474174	1404	992	1508	1508	0	0	0	0	0
1429812322	574183	1404	996	1504	1508	0	0	0	0	0
1429812322	674178	1404	992	1508	1508	0	0	0	0	0
1429812322	774198	1404	992	1508	1508	0	0	0	0	0
1429812322	874183	1404	996	1504	1512	0	0	0	0	0
1429812322	974205	1404	992	1508	1508	0	0	0	0	0
1429812323	74252	1404	992	1508	1508	0	0	0	0	0
1429812323	174263	1404	992	1512	1504	0	0	0	0	0
1429812323	274121	1404	992	1508	1508	0	0	0	0	0
1429812323	374148	1404	992	1508	1508	0	0	0	0	0
1429812323	474131	1404	996	1504	1508	0	0	0	0	0
1429812323	574143	1404	992	1504	1512	0	0	0	0	0
1429812323	674086	1404	992	1508	1508	0	0	0	0	0
1429812323	774116	1404	992	1508	1508	0	0	0	0	0
1429812323	874128	1404	992	1508	1508	0	0	0	0	0
1429812323	974127	1404	992	1504	1512	0	0	0	0	0
1429812324	74144	1404	996	1504	1508	0	0	0	0	0
1429812324	174135	1404	996	1504	1512	0	0	0	0	0
1429812324	274136	1404	996	1504	1512	0	0	0	0	0
1429812324	374135	1404	992	1508	1508	0	0	0	0	0
1429812324	474125	1404	996	1504	1508	0	0	0	0	0
1429812324	574132	1404	992	1508	1508	0	0	0	0	0
1429812324	674141	1408	988	1508	1508	0	0	0	0	0
1429812324	774139	1404	992	1508	1508	0	0	0	0	0
1429812324	874136	1408	992	1504	1508	0	0	0	0	0
1429812324	974138	1404	992	1508	1508	0	0	0	0	0
1429812325	74120	1404	992	1508	1508	0	0	0	0	0
1429812325	174141	1404	996	1504	1508	0	0	0	0	0
1429812325	274132	1404	992	1508	1508	0	0	0	0	0
1429812325	374136	1404	992	1508	1508	0	0	0	0	0
1429812325	474156	1404	996	1504	1508	0	0	0	0	0
1429812325	574137	1404	996	1504	1508	0	0	0	0	0
1429812325	674146	1404	992	1508	1508	0	0	0	0	0
1429812325	774165	1404	992	1508	1508	0	0	0	0	0
1429812325	874148	1404	992	1508	1508	0	0	0	0	0
1429812325	974133	1400	992	1508	1508	0	0	0	0	0
1429812326	74137	1404	992	1508	1508	0	0	0	0	0
1429812326	174142	1404	992	1508	1504	0	0	0	0	0
1429812326	274143	1404	992	1508	1508	0	0	0	0	0
1429812326	374131	1404	992	1508	1508	0	0	0	0	0
1429812326	474139	1404	992	1508	1508	0	0	0	0	0
1429812326	574151	1404	992	1508	1508	0	0	0	0	0
1429812326	674139	1404	992	1508	1508	0	0	0	0	0
1429812326	774460	1404	992	1508	1508	0	0	0	0	0
1429812326	874148	1404	992	1508	1508	0	0	0	0	0
1429812326	974165	1404	992	1504	1512	0	0	0	0	0
1429812327	74172	1404	992	1508	1508	0	0	0	0	0
1429812327	174190	1404	992	1508	1508	0	0	0	0	0
1429812327	274182	1404	996	1504	1512	0	0	0	0	0
1429812327	374182	1404	992	1508	1508	0	0	0	0	0
1429812327	474196	1404	992	1508	1508	0	0	0	0	0
1429812327	574184	1404	996	1508	1508	0	0	0	0	0
1429812327	674177	1404	992	1508	1508	0	0	0	0	0
1429812327	774213	1404	992	1508	1508	0	0	0	0	0
1429812327	874225	1404	992	1508	1508	0	0	0	0	0
1429812327	974317	1404	992	1508	1508	0	0	0	0	0
1429812328	74245	1404	996	1504	1508	0	0	0	0	0
1429812328	174266	1408	992	1504	1508	0	0	0	0	0
1429812328	274164	1404	996	1504	1508	0	0	0	0	0
1429812328	374808	1404	996	1504	1508	0	0	0	0	0
1429812328	474169	1404	992	1508	1508	0	0	0	0	0
1429812328	574148	1404	992	1508	1508	0	0	0	0	0
1429812328	674137	1404	992	1508	1508	0	0	0	0	0
1429812328	774156	1404	996	1504	1508	0	0	0	0	0
1429812328	874122	1404	996	1508	1508	0	0	0	0	0
1429812328	974186	1404	996	1504	1508	0	0	0	0	0
1429812329	74130	1400	996	1504	1508	0	0	0	0	0
1429812329	174139	1404	992	1508	1508	0	0	0	0	0
1429812329	274140	1404	992	1508	1508	0	0	0	0	0
1429812329	374133	1400	996	1504	1512	0	0	0	0	0
1429812329	474129	1404	996	1504	1508	0	0	0	0	0
1429812329	574131	1404	992	1508	1508	0	0	0	0	0
1429812329	674130	1404	992	1508	1508	0	0	0	0	0
1429812329	774140	1404	992	1508	1508	0	0	0	0	0
1429812329	874135	1404	992	1508	1508	0	0	0	0	0
1429812329	974168	1404	992	1508	1508	0	0	0	0	0
1429812330	74164	1404	992	1504	1512	0	0	0	0	0
1429812330	174137	1404	992	1508	1508	0	0	0	0	0
1429812330	274135	1400	996	1504	1512	0	0	0	0	0
1429812330	374132	1404	992	1508	1508	0	0	0	0	0
1429812330	474136	1404	992	1508	1508	0	0	0	0	0
1429812330	574133	1404	1020	1508	1508	0	0	0	0	0
1429812330	674135	1404	1048	1508	1508	0	0	0	0	0
1429812330	774121	1404	1088	1508	1508	0	0	0	0	0
1429812330	874138	1400	1172	1508	1508	0	0	0	0	0
1429812330	974128	1400	1220	1508	1508	0	0	0	0	0
1429812331	74136	1400	1272	1508	1508	0	0	0	0	0
1429812331	174156	1404	1316	1508	1508	0	0	0	0	0
1429812331	274135	1404	1376	1508	1508	0	0	0	0	0
1429812331	374127	1404	1424	1508	1508	0	0	0	0	0
1429812331	474127	1404	1460	1508	1508	0	0	0	0	0
1429812331	574150	1404	1496	1504	1508	0	0	0	0	0
1429812331	674134	1404	1536	1504	1512	0	0	0	0	0
1429812331	774133	1404	1584	1508	1508	0	0	0	0	0
1429812331	874159	1404	1612	1508	1508	0	0	0	0	0
1429812331	974189	1404	1656	1504	1508	0	0	0	0	0
1429812332	74165	1404	1688	1508	1508	0	0	0	0	0
1429812332	174166	1404	1728	1508	1508	0	0	0	0	0
1429812332	274170	1404	1748	1508	1508	0	0	0	0	0
1429812332	374168	1404	1780	1504	1512	0	0	0	0	0
1429812332	474170	1404	1804	1508	1508	0	0	0	0	0
1429812332	574178	1404	1824	1508	1508	0	0	0	0	0
1429812332	674171	1404	1856	1508	1508	0	0	0	0	0
1429812332	774220	1404	1860	1504	1508	0	0	0	0	0
1429812332	874197	1404	1872	1508	1508	0	0	0	0	0
1429812332	974217	1404	1872	1508	1508	0	0	0	0	0
1429812333	94289	1404	1872	1504	1512	0	0	0	0	0
1429812333	194265	1408	1868	1508	1508	0	0	0	0	0
1429812333	294258	1404	1872	1508	1508	0	0	0	0	0
1429812333	394162	1404	1872	1504	1508	0	0	0	0	0
1429812333	494134	1404	1872	1504	1508	0	0	0	0	0
1429812333	594152	1404	1872	1508	1508	0	0	0	0	0
1429812333	694136	1408	1868	1508	1508	0	0	0	0	0
1429812333	794149	1408	1868	1508	1508	0	0	0	0	0
1429812333	894123	1404	1868	1508	1508	0	0	0	0	0
1429812333	994252	1408	1868	1508	1508	0	0	0	0	0
1429812334	94147	1404	1868	1508	1508	0	0	0	0	0
1429812334	194131	1408	1868	1508	1508	0	0	0	0	0
1429812334	294137	1404	1872	1508	1508	0	0	0	0	0
1429812334	394128	1408	1868	1508	1508	0	0	0	0	0
1429812334	494119	1408	1868	1508	1512	0	0	0	0	0
1429812334	594133	1404	1864	1504	1508	0	0	0	0	0
1429812334	694128	1404	1816	1508	1508	0	0	0	0	0
1429812334	794138	1404	1748	1508	1508	0	0	0	0	0
1429812334	894144	1404	1620	1508	1508	0	0	0	0	0
1429812334	994138	1404	1516	1504	1508	0	0	0	0	0
1429812335	94119	1404	1400	1504	1508	0	0	0	0	0
1429812335	194120	1404	1256	1508	1508	0	0	0	0	0
1429812335	294130	1400	1156	1504	1508	0	0	0	0	0
1429812335	394133	1400	1024	1508	1508	0	0	0	0	0
1429812335	494131	1404	996	1504	1508	0	0	0	0	0
1429812335	594136	1404	992	1508	1508	0	0	0	0	0
1429812335	694118	1404	992	1508	1508	0	0	0	0	0
1429812335	794123	1404	992	1504	1512	0	0	0	0	0
1429812335	894122	1404	992	1504	1512	0	0	0	0	0
1429812335	994257	1404	992	1504	1512	0	0	0	0	0
1429812336	94137	1400	996	1508	1508	0	0	0	0	0
1429812336	194133	1404	992	1508	1508	0	0	0	0	0
1429812336	294133	1400	996	1504	1508	0	0	0	0	0
1429812336	394117	1400	996	1504	1508	0	0	0	0	0
1429812336	494119	1404	992	1504	1508	0	0	0	0	0
1429812336	594157	1396	992	1508	1508	0	0	0	0	0
1429812336	694132	1148	996	1516	1512	0	0	0	0	0
1429812336	794131	992	992	1508	1508	0	0	0	0	0
1429812336	894146	992	992	1508	1508	0	0	0	0	0
1429812336	994177	996	1000	1504	1508	0	0	0	0	0
1429812337	94168	996	992	1504	1508	0	0	0	0	0
1429812337	194161	992	996	1504	1512	0	0	0	0	0
1429812337	294170	992	996	1504	1508	0	0	0	0	0
1429812337	394177	992	996	1504	1508	0	0	0	0	0
1429812337	494172	996	992	1508	1508	0	0	0	0	0
1429812337	594177	992	996	1504	1508	0	0	0	0	0
1429812337	694179	992	996	1504	1508	0	0	0	0	0
1429812337	794196	992	996	1504	1512	0	0	0	0	0
1429812337	894181	992	992	1508	1508	0	0	0	0	0
1429812337	994186	992	992	1508	1508	0	0	0	0	0
1429812338	114246	1008	996	1504	1508	0	0	0	0	0
1429812338	214155	1540	992	1508	1508	0	0	0	0	0
1429812338	314142	1420	996	1504	1508	0	0	0	0	0
1429812338	414149	1404	992	1508	1508	0	0	0	0	0
1429812338	514134	1400	996	1504	1508	0	0	0	0	0
1429812338	614136	1404	992	1508	1508	0	0	0	0	0
1429812338	714154	1404	992	1508	1508	0	0	0	0	0
1429812338	814115	1404	992	1508	1508	0	0	0	0	0
1429812338	914122	1404	992	1504	1512	0	0	0	0	0
1429812339	14119	1404	992	1508	1508	0	0	0	0	0
1429812339	114162	1400	996	1504	1508	0	0	0	0	0
1429812339	214135	1404	992	1508	1508	0	0	0	0	0
1429812339	314138	1404	992	1508	1508	0	0	0	0	0
1429812339	414136	1404	992	1508	1508	0	0	0	0	0
1429812339	514120	1404	992	1504	1508	0	0	0	0	0
1429812339	614129	1404	992	1508	1508	0	0	0	0	0
1429812339	714131	1404	992	1504	1508	0	0	0	0	0
1429812339	814129	1404	992	1508	1508	0	0	0	0	0
1429812339	914133	1404	996	1504	1508	0	0	0	0	0
1429812340	14130	1404	992	1508	1508	0	0	0	0	0
1429812340	114147	1404	992	1508	1508	0	0	0	0	0
1429812340	214131	1404	992	1508	1508	0	0	0	0	0
1429812340	314141	1404	996	1504	1508	0	0	0	0	0
1429812340	414131	1404	992	1508	1508	0	0	0	0	0
1429812340	514133	1404	992	1508	1508	0	0	0	0	0
1429812340	614140	1404	992	1504	1512	0	0	0	0	0
1429812340	714121	1404	992	1508	1508	0	0	0	0	0
1429812340	814118	1404	996	1504	1508	0	0	0	0	0
1429812340	914128	1404	992	1508	1508	0	0	0	0	0
1429812341	14144	1404	992	1508	1512	0	0	0	0	0
1429812341	114134	1404	992	1508	1508	0	0	0	0	0
1429812341	214133	1404	996	1504	1508	0	0	0	0	0
1429812341	314133	1404	992	1504	1512	0	0	0	0	0
1429812341	414121	1404	996	1504	1508	0	0	0	0	0
1429812341	514127	1404	996	1504	1512	0	0	0	0	0
1429812341	614144	1404	992	1508	1508	0	0	0	0	0
1429812341	714152	1404	992	1508	1508	0	0	0	0	0
1429812341	814139	1404	996	1504	1508	0	0	0	0	0
1429812341	914148	1404	992	1508	1508	0	0	0	0	0
1429812342	14161	1404	992	1508	1508	0	0	0	0	0
1429812342	114172	1404	992	1508	1508	0	0	0	0	0
1429812342	214167	1404	992	1508	1508	0	0	0	0	0
1429812342	314173	1408	992	1504	1508	0	0	0	0	0
1429812342	414169	1404	992	1504	1512	0	0	0	0	0
1429812342	514175	1404	992	1508	1508	0	0	0	0	0
1429812342	614180	1404	992	1508	1508	0	0	0	0	0
1429812342	714186	1404	996	1504	1508	0	0	0	0	0
1429812342	814182	1404	992	1508	1508	0	0	0	0	0
1429812342	914198	1404	992	1508	1508	0	0	0	0	0
1429812343	14197	1404	992	1508	1508	0	0	0	0	0
1429812343	134258	1404	992	1508	1508	0	0	0	0	0
1429812343	234224	1404	992	1508	1508	0	0	0	0	0
1429812343	334176	1404	996	1504	1512	0	0	0	0	0
1429812343	434143	1404	996	1508	1508	0	0	0	0	0
1429812343	534133	1404	992	1508	1508	0	0	0	0	0
1429812343	634133	1404	992	1508	1508	0	0	0	0	0
1429812343	734142	1404	992	1508	1508	0	0	0	0	0
1429812343	834154	1404	996	1504	1508	0	0	0	0	0
1429812343	934136	1404	992	1508	1508	0	0	0	0	0
1429812344	34132	1404	996	1504	1508	0	0	0	0	0
1429812344	134163	1404	992	1508	1508	0	0	0	0	0
1429812344	234150	1404	992	1504	1512	0	0	0	0	0
1429812344	334134	1404	992	1508	1508	0	0	0	0	0
1429812344	434130	1404	992	1508	1508	0	0	0	0	0
1429812344	534118	1404	996	1504	1508	0	0	0	0	0
1429812344	634138	1404	992	1508	1508	0	0	0	0	0
1429812344	734132	1404	992	1508	1508	0	0	0	0	0
1429812344	834130	1404	996	1504	1512	0	0	0	0	0
1429812344	954139	1404	992	1504	1512	0	0	0	0	0
1429812345	54137	1404	996	1504	1508	0	0	0	0	0
1429812345	154149	1404	992	1508	1508	0	0	0	0	0
1429812345	254135	1404	992	1508	1508	0	0	0	0	0
1429812345	354143	1404	996	1504	1508	0	0	0	0	0
